*** Beginning Cassandra simulation ***

Version Cassandra 1.0                                                                                                           

inputfile Si_meOH.inp                                                                                                             

name of run: pore10r

  Month      Day      Year
     08       28      2014
 
 Time:  13:44:07
 
machine: login1.cluster


Simulation type: GCMC                

 
 **** Copying Inputfile ****** 
 
 # Run_Name
 pore10r
 
 # Sim_Type
 GCMC
 
 # Nbr_Species
 2
 
 # VDW_Style
 LJ cut_tail 14.0
 
 # Charge_Style
 coul Ewald 14.0 0.000001
 
 # Intra_Scaling
 0.0 0.0 0.0 1.0
 0.0 0.0 0.0 1.0
 0.0 0.0 0.0 1.0
 0.0 0.0 0.0 1.0
 
 # Mixing_Rule
 LB
 
 # Seed_Info
 1219130951 1219130952
 
 # Rcutoff_Low
 0.5
 
 # Pair_Energy
 TRUE
 
 # Molecule_Files
 Si.mcf 1
 TraPPE_UA_meOH.mcf 500
 
 # Box_Info
 1
 CUBIC
 44.0 44.0 44.0
 
 # Temperature_Info
 298.0
 
 # Chemical_Potential_Info
 -1.0 -30.0
 
 # Zig_By_Omega_Info
 1.0 1.0
 
 # Move_Probability_Info
 
 # Prob_Translation
 0.1
 0.0 0.5
 
 # Prob_Insertion
 0.85
 insertion method
 none
 insertion method
 reservoir
 
 # Prob_Deletion
 0.05
 
 # Done_Probability_Info
 
 # Start_Type
 read_old
 box1.xyz
 
 # Run_Type
 Production   500
 
 # Average_Info
 1
 
 # Frequency_Info
 freq_type    none
 Nthermofreq  600
 Ncoordfreq   100
 MCsteps      5000
 # Done_Frequency_Info
 
 # Property_Info 1
 Energy_Total
 Nmols
 Volume
 
 # Fragment_Files
 frag_1_1.dat 1
 
 # CBMC_Info
 kappa_ins 12
 kappa_rot 12
 kappa_dih 0
 rcut_cbmc 6.5
 
 
 END
 
 **** Finished writing input file *******
 Number of species simulated:      2

 *** Simulation box data ***
number of simulation boxes     1
 
Box number      1       Box Shape:      Cubic 
Each Side Of :        44.0000     Angstrom
 
Cell basis vector lengths in A,     44.0000      44.0000      44.0000
Cosine of angles alpha, beta, gamma     0.0000       0.0000       0.0000
Distance between box faces    44.0000      44.0000      44.0000
Box volume, A^3         85184.0000
 
 *** Finished loading box information ***
 
   VDW style used is:   LJ             in box:  1
   VDW sum style is:   cut_tail       in box:  1
    rcut =    14.000   Angstrom
 VDW style properly input
 
   Charge style used is:   coul           in box:  1
    Charge sum style is   Ewald          in box:  1
    Ewald real space cutoff is  14.000 Angstroms.
  Ewald real space parameter is   0.265 inverse Angstroms
    Ewald reciprocal cutoff is  1.9736 inverse Angstroms
 Charge style properly input
 
 
 Pair interaction energy array storage enabled
 
Lorentz-Berthelot mixing rule specified
 
 Reading molecular connectivity information
 Species:            1
 Molecular connectivity file: 
 Si.mcf                                                                         
                                          
   1 atom(s) specified.
   0 bond(s) specified.
   0 angle(s) specified.
   0 dihedral(s) specified.
   0 improper(s) specified.
   0  fragment bonds specified.
 
 Reading molecular connectivity information
 Species:            2
 Molecular connectivity file: 
 TraPPE_UA_meOH.mcf                                                             
                                          
   3 atom(s) specified.
   2 bond(s) specified.
   1 angle(s) specified.
   0 dihedral(s) specified.
   1 fragments specified.
   0 improper(s) specified.
   0  fragment bonds specified.
 
Species  Nbr molecules
-------  -------------
     1              1
     2            500
 
L_Coul_CBMC not given for species    1
 Defaulting to true
 default  T
 
1st_Fragment_Ins_Style not specified for species    1
using default of "COM" for this species.
Species and atom number   1   1
 atom name:             Sip   
 element:               Si
 mass:                     28.0000
 charge:                    1.2800
 vdw type:              LJ                  
 Epsilon / kB in K:         0.0500
 Sigma in A:                2.5000
 
Total number of ring atoms in species     1    0
Total number of exo atoms in species      1    1
 Atom ids for ring atoms
 Atom ids for exo atoms           1
 *** Completed assigning atom info ***
 
 No bonds in species            1
 *** Completed assigning bond info ***
 
 No angles in species            1
 
Molecule    1  is defined to be linear
 
 *** Completed assigning angle info ***
 
 No dihedrals in species            1
 *** Completed assigning dihedral info ***
 
 No impropers in species            1
 *** Completed assigning improper info ***
 
L_Coul_CBMC not given for species    2
 Defaulting to true
 default  T
 
1st_Fragment_Ins_Style not specified for species    2
using default of "COM" for this species.
Species and atom number   2   1
 atom name:             Och   
 element:               O 
 mass:                     16.0000
 charge:                   -0.7000
 vdw type:              LJ                  
 Epsilon / kB in K:        93.0000
 Sigma in A:                3.0200
 
Species and atom number   2   2
 atom name:             CH3   
 element:               C 
 mass:                     15.0300
 charge:                    0.2650
 vdw type:              LJ                  
 Epsilon / kB in K:        98.0000
 Sigma in A:                3.7500
 
Species and atom number   2   3
 atom name:             H1    
 element:               H 
 mass:                      1.0080
 charge:                    0.4350
 vdw type:              LJ                  
 Epsilon / kB in K:         0.0000
 Sigma in A:                0.0000
 
Total number of ring atoms in species     2    0
Total number of exo atoms in species      2    3
 Atom ids for ring atoms
 Atom ids for exo atoms           1           2           3
 *** Completed assigning atom info ***
 
Species and bond number   2   1
 atom1:                   1
 atom2:                   2
 bond type:             fixed               
Bond fixed between atoms:      1      2 in species   2
Fixed bond length, in A:    1.4300
 
Species and bond number   2   2
 atom1:                   1
 atom2:                   3
 bond type:             fixed               
Bond fixed between atoms:      1      3 in species   2
Fixed bond length, in A:    0.9450
 
 *** Completed assigning bond info ***
 
Species and angle number  2   1
 atom1:                   2
 atom2:                   1
 atom3:                   3
 angle type:            harmonic            
 K_angle in K/rad^2:    27700.0000
 theta0 in degrees:       108.5000
 
 
Molecule    2  is NOT defined to be linear
 
 *** Completed assigning angle info ***
 
 No dihedrals in species            2
 *** Completed assigning dihedral info ***
 
 No impropers in species            2
 *** Completed assigning improper info ***
 
 
Total number of atoms in the fragment     1  is   3
Identity of these atoms are
           1           2           3
 
 ******* Finished loading fragment info ********
 
 ******* Generating anchor info ****************
 
 Number of anchors for fragment     1  is   1
Anchor id is:    1
 Fragment file for fragment 1 is
 frag_1_1.dat                                                                   
                                          
 Fragment type           1
 
 Maximum configurations stored           1
 
 
 Finished loading fragment coordinates from
 frag_1_1.dat                                                                   
                                          
 
 intramolecular scaling factors explicitly set
Intra molecule scaling factors for species             1
VDW 1-2 scaling factor         0.000
VDW 1-3 scaling factor         0.000
VDW 1-4 scaling factor         0.000
VDW 1-N scaling factor         1.000
Coulomb 1-2 scaling factor     0.000
Coulomb 1-3 scaling factor     0.000
Coulomb 1-4 scaling factor     0.000
Coulomb 1-N scaling factor     1.000
 
Intra molecule scaling factors for species             2
VDW 1-2 scaling factor         0.000
VDW 1-3 scaling factor         0.000
VDW 1-4 scaling factor         0.000
VDW 1-N scaling factor         1.000
Coulomb 1-2 scaling factor     0.000
Coulomb 1-3 scaling factor     0.000
Coulomb 1-4 scaling factor     0.000
Coulomb 1-N scaling factor     1.000
 
 
 *** Completed assigning intramolecular scaling factors ***
 
  There are 4 different atom types in the system 
     1  Sip   
     2  Och   
     3  CH3   
     4  H1    
 
 
species number and name:  1   Si.mcf                                                                                                                  
 Name      number
 ------    ------
Sip         1
 
species number and name:  2   TraPPE_UA_meOH.mcf                                                                                                      
 Name      number
 ------    ------
Och         2
CH3         3
H1          4
 
 
 *** Creating VDW interaction table ***
Mixing rule used is:    LB             
 
Atom 1     Atom 2  epsilon (amu A^2/ps^2)        sigma (A)
Sip        Sip         0.0416                        2.5000
Sip        Och         1.7929                        2.7600
Sip        CH3         1.8405                        3.1250
Sip        H1          0.0000                        0.0000
Och        Sip         1.7929                        2.7600
Och        Och        77.3246                        3.0200
Och        CH3        79.3760                        3.3850
Och        H1          0.0000                        0.0000
CH3        Sip         1.8405                        3.1250
CH3        Och        79.3760                        3.3850
CH3        CH3        81.4818                        3.7500
CH3        H1          0.0000                        0.0000
H1         Sip         0.0000                        0.0000
H1         Och         0.0000                        0.0000
H1         CH3         0.0000                        0.0000
H1         H1          0.0000                        0.0000
 
 *** Completed construction of VDW interaction table ***
 
 
 *** Creating exclusion table ***
 
     species   atom1      atom2  vdw scale q-q scale
         1         1         1     0.000     0.000
         2         1         1     0.000     0.000
         2         1         2     0.000     0.000
         2         1         3     0.000     0.000
         2         2         1     0.000     0.000
         2         2         2     0.000     0.000
         2         2         3     0.000     0.000
         2         3         1     0.000     0.000
         2         3         2     0.000     0.000
         2         3         3     0.000     0.000
 
 *** Completed construction of exclusion table ***
 
 
 ***** Reading seed info *********
 
 The starting seed s1 is:    153587801
 
 ****** Finished loading the seed ********
 
 **** Simulation temperature information ****
  Temperature assigned to box     1  is  298.000    K
 
 *** Finished loading information for temperature ****
 
 
 *********** Fugactiy Info ***************
 
Chemical Potential of sp  1 is    -0.100000000E+03in atomic units
de Broglie wavelength of species    1  in box      1   is
  0.1911228045   Angstrom
 
Chemical Potential of sp  2 is    -0.300000000E+04in atomic units
de Broglie wavelength of species    2  in box      1   is
  0.1786729577   Angstrom
 
 ******* Finished reading fugacity info ***********
 
 ********* Move Probability Info******
    Translation probability is   0.100000
 
Maximum displacement width for species   1 in box  1  is      0.00000
 
Maximum displacement width for species   2 in box  1  is      0.50000
 
 
Probability for insertion move is          0.8500
 No insertion/swap will be carried out for species    1
 
Insertion will be carried out for species   2
 using the reservoir sampling
 
Total number of exchangeable species is    1
 
 
Probability for deletion move is           0.0500
 ***** Finished reading the move probability info *****
Number of moves is :   3
 
 
Thermodynamic quantities will written at every        600 MC steps.
 
Coordinates will be written at every                  100 MC steps.
 
movie header file for box      1 is    pore10r_H.box1
movie_XYZ file for box         1 is    pore10r_box1.xyz
 
The simulation will be run for                         5000 MC steps.
 
 *** Finished reading output info ******* 
 
 *********** Average Information ***************
 
 Instantaneous values will be output
 
 *********** Ending Average Section ************
 
 **** Writing property output information *****
 
Total number of property files to be written is     1   for box 1
 Maximum number of properties per file is    5
 Writing the name of the property files and the corresponding property output
 
 Property file    1   is  pore10r.instnt_prp1.box1
 Properties output in these files are
 
 Energy_Total
 Nmols
 Nmols
 Volume
 !----------------
 
 ***** Finished writing property information ******
 
MC low cutoff distance is   0.500    Angstrom
 
 *** Computed bond participation information ***
 
 
 species, atom, local bond nbr, global bond nbr, atom bonded 
    2         1       1            1                 2
 species, atom, local bond nbr, global bond nbr, atom bonded 
    2         1       2            2                 3
 
 species, atom, local bond nbr, global bond nbr, atom bonded 
    2         2       1            1                 1
 
 species, atom, local bond nbr, global bond nbr, atom bonded 
    2         3       1            2                 1
 
 
 
 For species           2
  Number of atoms that can be displaced           2
             Atom ID     Reference Atom ID
                   2                     1
                   3                     1
 
 Number of atoms in question           1
 Total number of angles           0
 Angles for this atom
 
 Position of the atom in these dihedrals
 
 Number of atoms in question           1
 Total number of angles           1
 Angles for this atom
           1
 Position of the atom in these dihedrals
           2
 Number of atoms in question           2
 Total number of angles           1
 Angles for this atom
           1
 Position of the atom in these dihedrals
           1
 Number of atoms in question           3
 Total number of angles           1
 Angles for this atom
           1
 Position of the atom in these dihedrals
           3
 Number of atoms in question           1
 Total number of dihedrals           0
 Dihedral angles for this atom
 
 Position of the atom in angles
 
 Number of atoms in question           1
 Total number of dihedrals           0
 Dihedral angles for this atom
 
 Position of the atom in angles
 
 Number of atoms in question           2
 Total number of dihedrals           0
 Dihedral angles for this atom
 
 Position of the atom in angles
 
 Number of atoms in question           3
 Total number of dihedrals           0
 Dihedral angles for this atom
 
 Position of the atom in angles
 
 information about angle           1
 the atom that is moved is           2
 atoms that change their position due to this move
           2
 the atoms is moved is           3
 atoms that change their position due to this move
           3
 
 checking for dihedral_atoms_to_place
 
 ***** Reading Zig_By_Omega Info ***
 
 Zig / Omega for species            1  is   0.000000000000000E+000
 
 Zig / Omega for species            2  is    1.00000000000000     
 
 ***** reading CBMC info *********
 
 Writing out CBMC_Info
kappa for first bead insertion              12
kappa for rotational bias                   12
kappa for dihedral selection                 0
 
Smaller cutoff for CBMC for box          1        6.50
 ****** finished loading CBMC_Info ********
 
 ******Initial Coordinate Info **********
 
 Configurations will be read from old files
 
Starting configuration for box           1 is
 box1.xyz                                                                       
                                          
 
 *****Finished reading initial coordinate info *****
 
 ****** Reading Run_Type Information ******
 
 The input run type is Production
 Update frequency is          500
 
 ******* Finished reading run type information ******
starting type read_old                                                                                                                

 Configurations read successfully
 ******** Charge Neutrality Check *********#
Species            1    has charge                1.28000000
Species            2    has charge                0.00000000
Box                1    has charge                1.28000000
 
 #********Charge Neutrality Check*********#
 *****************************************
  Starting energy components for box   1
  Atomic units-Extensive
 *****************************************
 
Total system energy is                  -7279.765
Intra molecular energy is                   0.000
Bond energy is                              0.000
Bond angle energy is                        0.000
Dihedral angle energy is                    0.000
Improper angle energy is                    0.000
Intra nonbond vdw is                        0.000
Intra nonbond elec is                       0.000
Inter molecule vdw is                       0.000
Long range correction is                   -0.000
Inter molecule q is                         0.000
Reciprocal ewald is                     26817.028
Self ewald is                          -34096.793
Number of vectors is                         5829
 *******************************************
 
