------------------------------------------------------
Job is running on node n336
n336
------------------------------------------------------
PBS: qsub is running on login1.local
PBS: originating queue is default
PBS: executing queue is default
PBS: working directory is /panfs/pfs.acf.ku.edu/data/kgs32/cass1/forEd
PBS: execution mode is PBS_BATCH
PBS: job identifier is 6077116.fusion
PBS: job name is pore10r
PBS: node file is /var/spool/torque/aux//6077116.fusion
PBS: current home directory is /users/kgs32
PBS: PATH = /usr/lib64/qt-3.3/bin:/tools/cluster/6.2/intel/impi/4.1.0.024/intel64/bin:/tools/cluster/6.2/cp2k/2.5.1_intel/bin:/nfs/tools/cluster/6.2/intel/composer_xe_2013.1.117/bin/intel64:/nfs/tools/cluster/6.2/intel/composer_xe_2013.1.117/mpirt/bin/intel64:/nfs/tools/cluster/6.2/intel/composer_xe_2013.1.117/bin/intel64:/nfs/tools/cluster/6.2/intel/composer_xe_2013.1.117/bin/intel64_mic:/nfs/tools/cluster/6.2/intel/composer_xe_2013.1.117/debugger/gui/intel64:/tools/cluster/6.2/intel/advisor_xe_2013/bin64:/tools/cluster/6.2/intel/inspector_xe_2013/bin64:/tools/cluster/6.2/intel/itac/8.1.0.024/intel64/bin:/usr/local/bin:/bin:/usr/bin:/usr/local/sbin:/usr/sbin:/sbin
------------------------------------------------------
Starting Time is Thu Aug 28 10:04:55 CDT 2014
 Beginning Cassandra Simulation
 
 
 MC Step =           600
Nmol(1) =            1
Energy(1) =       -121383.275741153921
 
 MC Step =          1200
Nmol(1) =            1
Energy(1) =       -258530.452387373953
 
 MC Step =          1800
Nmol(1) =            1
Energy(1) =       -435210.964596603590
 
 MC Step =          2400
Nmol(1) =            1
Energy(1) =       -609392.800306226243
 
 MC Step =          3000
Nmol(1) =            1
Energy(1) =       -667039.835187136894
 
 MC Step =          3600
Nmol(1) =            1
Energy(1) =       -674886.625635986798
 
 MC Step =          4200
Nmol(1) =            1
Energy(1) =       -679439.081386417383
 
 MC Step =          4800
Nmol(1) =            1
Energy(1) =       -687651.745492134243
 
 Cassandra simulation complete
Ending Time is Thu Aug 28 10:05:14 CDT 2014
