Run info
********************************************************************************
version: Cassandra Development Version
inputfile: nvt.inp
name of run: nvt.out
date (mm/dd/yyyy): 06/15/2016
time: 14:09:14
machine: maginnfe.crc.nd.edu
********************************************************************************
 
Verbose log
********************************************************************************
Normal output to logfile
********************************************************************************
 
Simulation type
********************************************************************************
NVT_MC              
********************************************************************************
 
Copy input file
********************************************************************************
 
 # Run_Name
 nvt.out
 
 # Sim_Type
 nvt_mc
 
 # Nbr_Species
 1
 
 # VDW_Style
 lj cut_tail 14.
 
 # Seed_Info
 19619 763630450
 
 # Rcutoff_Low
 2.0
 
 # Molecule_Files
 dmh.mcf 100
 
 # Box_Info
 1
 cubic
 100.
 
 # Temperature_Info
 450.0
 
 # Move_Probability_Info
 
 # Prob_Translation
 100
 20.0
 
 # Prob_Rotation
 100
 180.0
 
 # Prob_Regrowth
 100
 1.0
 
 # Done_Probability_Info
 
 # Start_Type
 make_config 100
 
 # Run_Type
 equilibration 1000
 
 # Simulation_Length_Info
 units        sweeps
 prop_freq    10
 coord_freq   10
 run          100
 
 # Property_Info 1
 energy_total
 pressure
 
 # Fragment_Files
 species1/frag1/frag1.dat  1
 species1/frag2/frag2.dat  2
 species1/frag3/frag3.dat  3
 species1/frag4/frag4.dat  4
 
 # CBMC_Info
 kappa_ins 12
 kappa_dih 10
 rcut_cbmc 6.5
 
 END
********************************************************************************
 
Number of species
********************************************************************************
1
********************************************************************************
 
Box info
********************************************************************************
Number of simulation boxes     1
Box 1 is cubic               
 Each Side Of :      100.0000     Angstrom
 Cell basis vector lengths in A,    100.0000     100.0000     100.0000
 Cosine of angles alpha, beta, gamma     0.0000       0.0000       0.0000
 Distance between box faces   100.0000     100.0000     100.0000
 Box volume, A^3       1000000.0000
********************************************************************************
 
Pair style
********************************************************************************
VDW style used is:   LJ             in box:  1
 VDW sum style is:   cut_tail       in box:  1
 rcut =    14.000   Angstrom
Section "# Charge_Style" is missing from the input file
 By default, charge style for box 1 is NONE
Section "# Pair_Energy" is missing from the input file
 By default, pair interaction energy arrays will not be stored
Section "# Mixing_Rule" is missing from the input file
 By default, using Lorentz-Berthelot
********************************************************************************
 
Molecule info
********************************************************************************
 Reading molecular connectivity information
 Species:            1
 Molecular connectivity file: 
 dmh.mcf                                                                        
                                          
   8 atom(s) specified.
   7 bond(s) specified.
   9 angle(s) specified.
   5 dihedral(s) specified.
   0 improper(s) specified.
   4 fragment(s) specified.
   3 fragment bond(s) specified.
 
 Species  Max molecules
 -------  -------------
      1            100
 
 Species     1
 -------------------------------------------------------------------------------
 Atom parameters read
 Bond parameters read
 Angle parameters read
 Dihedral parameters read
 Improper parameters read
 Intra molecule scaling factors for species            1
  VDW 1-2 scaling factor       0.000
  VDW 1-3 scaling factor       0.000
  VDW 1-4 scaling factor       0.000
  VDW 1-N scaling factor       1.000
 Total number of atoms in fragment     1  is   5
 Total number of atoms in fragment     2  is   3
 Total number of atoms in fragment     3  is   3
 Total number of atoms in fragment     4  is   3
 Fragment info read
 Fragment file for fragment 1 is species1/frag1/frag1.dat
 Fragment file for fragment 2 is species1/frag2/frag2.dat
 Fragment file for fragment 3 is species1/frag3/frag3.dat
 Fragment file for fragment 4 is species1/frag4/frag4.dat
 -------------------------------------------------------------------------------
 
 Fragment coord info
 -------------------------------------------------------------------------------
 library_coords array successfully allocated
 Finished loading fragment coordinates from
 species1/frag1/frag1.dat
 species1/frag2/frag2.dat
 species1/frag3/frag3.dat
 species1/frag4/frag4.dat
 -------------------------------------------------------------------------------
********************************************************************************
 
Start type
********************************************************************************
Initial configuration for box 1 will be made
 Will insert     100  molecules of species   1
********************************************************************************
 
Seed info
********************************************************************************
The starting seeds are:        19619    763630450
********************************************************************************
 
Temperature
********************************************************************************
Temperature of box 1 is 450.000 K
********************************************************************************
 
Move probabilities
********************************************************************************
Probability for translation              100.000000
 Maximum displacement width for species  1 in box  1  is     20.00000
Probability for rotation                 100.000000
 The rotational width for the species    1 in box  1   is      3.1416 radians
Probability for regrowth                 100.000000
 Cumulative probability for regrowth of species     1  is   1.000000
Number of moves is :   3
 Move probabilities do not sum to 1.0
 Dividing each probability by   300.000000
********************************************************************************
 
CBMC info
********************************************************************************
Kappa for first fragment insertion          12
Kappa for dihedral selection                10
 Cutoff for CBMC for box 1 is         6.50
********************************************************************************
 
Simulation length info
********************************************************************************
Thermodynamic quantities will be written every         10 Sweeps    
Coordinates will be written every                      10 Sweeps    
 movie header file is                  nvt.out.H
 movie_XYZ file is                     nvt.out.xyz
The simulation will be run for                        100 Sweeps    
A sweep is defined as                                 300 steps
********************************************************************************
 
Average info
********************************************************************************
Section "# Average_Info" is missing from the input file
 By default, instantaneous values will be output
********************************************************************************
 
Property info
********************************************************************************
Total number of property files to be written is     1   for box 1
 Maximum number of properties per file is    2
 Writing the name of the property files and the corresponding property output
 Property file    1   is  nvt.out.prp
 Properties output in these files are
 Energy_Total
 Pressure
********************************************************************************
 
Minimum distance cutoff
********************************************************************************
MC low cutoff distance is   2.000    Angstrom
********************************************************************************
 
Run type
********************************************************************************
 The input run type is equilibration
 Update frequency is         1000
********************************************************************************
 
********************************************************************************
************************ Begin Cassandra simulation ****************************
********************************************************************************
 
Initial configuration
********************************************************************************
 Inserting          100 molecules of species            1
********************************************************************************
 
Compute total energy
********************************************************************************
 Starting energy components for box   1
  Atomic units-Extensive
 -----------------------------------------------------------
 Total system energy is                314343.279
 Intra molecular energy is             243651.576
 Bond energy is                             0.000
 Bond angle energy is                  144690.712
 Dihedral angle energy is               98960.864
 Improper angle energy is                   0.000
 Intra molecule vdw is                  75509.111
 Intra molecule q is                        0.000
 Inter molecule vdw is                  -4494.477
 Long range correction is                -322.931
 Inter molecule q is                        0.000
 -----------------------------------------------------------
 
********************************************************************************
 
Run simulation
********************************************************************************
      Step       Move   Mol Spc Box  Success  MaxWidth
      2951     rotate         1   1  0.91200   3.14159
      3113  translate         1   1  0.68700  14.00000
      5889     rotate         1   1  0.86200   3.14159
      6087  translate         1   1  0.62900  14.00000
      8939     rotate         1   1  0.83900   3.14159
      9190  translate         1   1  0.58900  14.00000
     11859     rotate         1   1  0.84100   3.14159
     12167  translate         1   1  0.58200  14.00000
     14785     rotate         1   1  0.85300   3.14159
     15215  translate         1   1  0.64500  14.00000
     17642     rotate         1   1  0.83200   3.14159
     18258  translate         1   1  0.63400  14.00000
     20502     rotate         1   1  0.86300   3.14159
     21144  translate         1   1  0.63400  14.00000
     23435     rotate         1   1  0.89900   3.14159
     24319  translate         1   1  0.68800  14.00000
     26511     rotate         1   1  0.89500   3.14159
     27191  translate         1   1  0.67900  14.00000
     29567     rotate         1   1  0.89400   3.14159
********************************************************************************
 
Report ending energy & then re-compute from scratch
********************************************************************************
 
 
 Ending energy components for box   1
  Atomic units-Extensive
 -----------------------------------------------------------
 Total system energy is                170530.316
 Intra molecular energy is             203551.789
 Bond energy is                             0.000
 Angle energy is                       120456.078
 Dihedral energy is                     83095.712
 Improper angle energy is                   0.000
 Intra molecule vdw is                 -20559.766
 Intra molecule q is                        0.000
 Inter molecule vdw is                 -12138.775
 Long range correction is                -322.931
 Inter molecule q is                        0.000
 -----------------------------------------------------------
 
 
 Energy components from total energy call for box   1
  Atomic units-Extensive
 -----------------------------------------------------------
 Total system energy is                170530.316
 Intra molecular energy is             203551.789
 Bond energy is                             0.000
 Angle energy is                       120456.078
 Dihedral energy is                     83095.712
 Improper angle energy is                   0.000
 Intra molecule vdw is                 -20559.766
 Intra molecule q is                        0.000
 Inter molecule vdw is                 -12138.775
 Long range correction is                -322.931
 Inter molecule q is                        0.000
 -----------------------------------------------------------
********************************************************************************
 
 
Writing information for box  1
********************************************************************************
 
   ---------------------------------------------------------
   Writing information for species  1
 
                Move      Trials     Success   % Success
           Translate        9957        6417       64.45
              Rotate       10148        8824       86.95
   ---------------------------------------------------------
 
********************************************************************************
 
Writing information about fragments
********************************************************************************
 
   ---------------------------------------------------------
   Writing information for species  1
     #_Frags_Regrown      Trials     Success   % Success
                   1        4462        4351       97.51
                   2        3255        2775       85.25
                   3        2178        1806       82.92
   ---------------------------------------------------------
********************************************************************************
 
 Writing information about subroutine times
********************************************************************************
 Translation time =            0.889452 secs.
 Rotation time =               0.966128 secs.
 Regrowth time =               7.992373 secs.
********************************************************************************
 
********************************************************************************
************************ Cassandra simulation complete *************************
********************************************************************************
 
 Program execution time
********************************************************************************
         0      Years
         0     Months
         0       Days
         0      Hours
         0    Minutes
        10    Seconds
       500         ms
********************************************************************************
