************** Beginning Cassandra simulation **************
Version Cassandra 1.0                                                                                                           

inputfile frag1.inp                                                                                                               

name of run: frag1

  Month      Day      Year
     09       10      2015
 
 Time:  19:24:21
 
machine: maginnfe.crc.nd.edu


Simulation type: NVT_MC_Fragment     

 
 **** Copying Inputfile ****** 
 # Run_Name
 frag1
 
 # Sim_Type
 NVT_MC_Fragment
 
 # Nbr_Species
 1
 
 # VDW_Style
 NONE
 
 # Rcutoff_Low
 0.0
 
 # Mixing_Rule
 LB
 
 # Charge_Style
 NONE
 
 # Intra_Scaling
 0.0 0.0 0.0 1.0
 
 # Molecule_Files
 ../fragments/frag_1_1.mcf 1
 
 # Box_Info
 1
 CUBIC
 20.0 20.0 20.0
 
 # Temperature_Info
 300.0
 
 # Seed_Info
 706111630 70611631
 
 # Move_Probability_Info
 # Prob_Translation
 1.0
 0.2 10.0
 1.0
 # Done_Probability_Info
 
 # Start_Type
 read_old
 ../fragments/frag_1_1.xyz 1
 
 # Run_Type
 Production 1000 10
 
 # Simulation_Length_Info
 Units  Steps
 Prop_Freq  10
 Coord_Freq   90
 MCsteps      1100000
 NequilSteps  100000
 # Done_Simulation_Length_Info
 
 # File_Info
 frag1.dat
 
 END
 
 **** Finished writing input file *******
 Number Of Species Simulated:      1

 *** Simulation box data ***
number of simulation boxes     1
 
Box number      1       Box Shape:      Cubic 
Each Side Of :        20.0000     Angstrom
 
Cell basis vector lengths in A,     20.0000      20.0000      20.0000
Cosine of angles alpha, beta, gamma     0.0000       0.0000       0.0000
Distance between box faces    20.0000      20.0000      20.0000
Box volume, A^3          8000.0000
 
 *** Finished loading box information ***
 
   VDW style used is:   NONE           in box:  1
 VDW style properly input
 
   Charge style used is:   NONE           in box:  1
 Charge style properly input
 
Lorentz-Berthelot mixing rule specified
 
 Pair interaction energy arrays will not be stored
 Energy calculations will be done in a standard way
 
 
 Reading molecular connectivity information
 Species:            1
 Molecular connectivity file: 
 ../fragments/frag_1_1.mcf                                                      
                                          
   3 atom(s) specified.
   2 bond(s) specified.
   1 angle(s) specified.
   0 dihedral(s) specified.
   0 improper(s) specified.
 
Species  Nbr molecules
-------  -------------
     1              1
 
L_Coul_CBMC not given for species    1
 Defaulting to true
 default  T
 
Species and atom number   1     1
 atom name:             CH4_  
 element:               CH
 mass:                     12.0110
 charge:                    0.0000
 vdw type:              NONE                
No VDW potential assigned to atom, species:      1      1
 
Species and atom number   1     2
 atom name:             CH4_  
 element:               CH
 mass:                     15.0110
 charge:                    0.0000
 vdw type:              NONE                
No VDW potential assigned to atom, species:      2      1
 
Species and atom number   1     3
 atom name:             CH4_  
 element:               CH
 mass:                     12.0110
 charge:                    0.0000
 vdw type:              NONE                
No VDW potential assigned to atom, species:      3      1
 
Total number of ring atoms in species     1    0
Total number of exo atoms in species      1    3
 Atom ids for ring atoms
 Atom ids for exo atoms           1           2           3
 *** Completed assigning atom info ***
 
Species and bond number   1   1
 atom1:                   1
 atom2:                   2
 bond type:             fixed               
Bond fixed between atoms:      1      2 in species   1
Fixed bond length, in A:    1.5400
 
Species and bond number   1   2
 atom1:                   1
 atom2:                   3
 bond type:             fixed               
Bond fixed between atoms:      1      3 in species   1
Fixed bond length, in A:    1.5400
 
 *** Completed assigning bond info ***
 
Species and angle number  1   1
 atom1:                   2
 atom2:                   1
 atom3:                   3
 angle type:            harmonic            
 K_angle in K/rad^2:    31250.0000
 theta0 in degrees:       114.0000
 
 
Molecule    1  is NOT defined to be linear
 
 *** Completed assigning angle info ***
 
 No dihedrals in species            1
 *** Completed assigning dihedral info ***
 
 No impropers in species            1
 *** Completed assigning improper info ***
 
 intramolecular scaling factors explicitly set
Intra molecule scaling factors for species             1
VDW 1-2 scaling factor         0.000
VDW 1-3 scaling factor         0.000
VDW 1-4 scaling factor         0.000
VDW 1-N scaling factor         0.000
Coulomb 1-2 scaling factor     0.000
Coulomb 1-3 scaling factor     0.000
Coulomb 1-4 scaling factor     0.000
Coulomb 1-N scaling factor     0.000
 
 
 *** Completed assigning intramolecular scaling factors ***
 
  There are 1 different atom types in the system 
     1  CH4_  
 
 
species number and name:  1   ../fragments/frag_1_1.mcf                                                                                               
 Name      number
 ------    ------
CH4_        1
CH4_        1
CH4_        1
 
 
 *** Creating VDW interaction table ***
Mixing rule used is:    LB             
 
 
 *** Completed construction of VDW interaction table ***
 
 
 *** Creating exclusion table ***
 
     species   atom1      atom2  vdw scale q-q scale
         1         1         1     0.000     0.000
         1         1         2     0.000     0.000
         1         1         3     0.000     0.000
         1         2         1     0.000     0.000
         1         2         2     0.000     0.000
         1         2         3     0.000     0.000
         1         3         1     0.000     0.000
         1         3         2     0.000     0.000
         1         3         3     0.000     0.000
 
 *** Completed construction of exclusion table ***
 
 
 ***** Reading seed info *********
 
 The starting seed s1 is:    153587801
 
 ****** Finished loading the seed ********
 
 **** Simulation temperature information ****
  Temperature assigned to box     1  is  300.000    K
 
 *** Finished loading information for temperature ****
 
 
 ********* Move Probability Info******
    Translation probability is   1.000000
 
 
 Maximum width in cosine of polar angle is  0.200000000000000     
 Maximum width (degrees) in azimuthal angle is   10.0000000000000     
 ***** Finished reading the move probability info *****
Number of moves is :   1
 
 
Thermodynamic quantities will written at every         10 MC steps.
 
Coordinates will be written at every                   90 MC steps.
 
movie header file for box    1 is      frag1.box1.H
movie_XYZ file for box       1 is      frag1.box1.xyz
 
The simulation will be run for                      1100000 MC steps.
 
Number of equilibrium steps    100000
 
 *** Finished Reading Simulation Length Info ******* 
     Configuration file for species    1   is
                          frag1.dat
 *** Computed bond participation information ***
 species, atom, local bond nbr, global bond nbr, atom bonded 
    1         1       1            1                 2
 species, atom, local bond nbr, global bond nbr, atom bonded 
    1         1       2            2                 3
 
 species, atom, local bond nbr, global bond nbr, atom bonded 
    1         2       1            1                 1
 
 species, atom, local bond nbr, global bond nbr, atom bonded 
    1         3       1            2                 1
 
 
 
 For species           1
  Number of atoms that can be displaced           2
             Atom ID     Reference Atom ID
                   2                     1
                   3                     1
 
 Number of atom in question           1
 Total number of angles           1
 Angles for this atom
           1
 Position of the atom in angles
           2
 Number of atom in question           2
 Total number of angles           1
 Angles for this atom
           1
 Position of the atom in angles
           1
 Number of atom in question           3
 Total number of angles           1
 Angles for this atom
           1
 Position of the atom in angles
           3
 Number of atom in question           1
 Total number of dihedrals           0
 Dihedral angles for this atom
 
 Position of the atom in dihedrals
 
 Number of atom in question           2
 Total number of dihedrals           0
 Dihedral angles for this atom
 
 Position of the atom in dihedrals
 
 Number of atom in question           3
 Total number of dihedrals           0
 Dihedral angles for this atom
 
 Position of the atom in dihedrals
 
 
 ******Initial Coordinate Info **********
 
 Configurations will be read from old files
 
Starting configuration for box           1 is
 ../fragments/frag_1_1.xyz                                                      
                                          
 
 *****Finished reading initial coordinate info *****
 
 ****** Reading Run_Type Information ******
 
 The input run type is Production
 Update frequency is         1000
 
 ******* Finished reading run type information ******
starting type read_old                                                                                                                

 Configurations read successfully
 ***************** Charge Neutrality Check *****************
 Species           1    has charge                0.00000000
 Box               1    has charge                0.00000000
 
 ***************** Charge Neutrality Check *****************
 ***********************************************************
   Starting energy components for box   1
  Atomic units-Extensive
 
 Total system energy is                 30100.474
 Intra molecular energy is              30100.474
 Bond energy is                             0.000
 Bond angle energy is                   30100.474
 Dihedral angle energy is                   0.000
 Improper angle energy is                   0.000
 Intra nonbond vdw is                       0.000
 Intra nonbond elec is                      0.000
 Inter molecule vdw is                      0.000
 Inter molecule q is                        0.000
 Reciprocal ewald is                        0.000
 Self ewald is                              0.000
 ***********************************************************
 
 Zig by omega will be printed. This is required in GCMC acceptance rule if fugac
 ity is used.
Z/Omega                     0.2555887898
******************** END OF SIMULATION ********************
 
 
 ***********************************************************
 Ending energy components for box   1
  Atomic units-Extensive
 -----------------------------------------------------------
 Total system energy is                 30100.474
 Intra molecular energy is              30100.474
 Bond energy is                             0.000
 Angle energy is                        30100.474
 Dihedral energy is                         0.000
 Improper angle energy is                   0.000
 Intra nonbond vdw is                       0.000
 Intra nonbond elec is                      0.000
 Inter molecule vdw is                      0.000
 Inter molecule q is                        0.000
 Reciprocal ewald is                        0.000
 Self ewald is                              0.000
 ***********************************************************
 
 
 ***********************************************************
 Energy components from total energy call for box   1
  Atomic units-Extensive
 -----------------------------------------------------------
 Total system energy is                    68.770
 Intra molecular energy is                 68.770
 Bond energy is                             0.000
 Angle energy is                           68.770
 Dihedral energy is                         0.000
 Improper angle energy is                   0.000
 Intra nonbond vdw is                       0.000
 Intra nonbond elec is                      0.000
 Inter molecule vdw is                      0.000
 Inter molecule q is                        0.000
 Reciprocal ewald is                        0.000
 Self ewald is                              0.000
 ***********************************************************
 
 
 Writing information for box  1
 ***********************************************************
 
 
 ***********************************************************
 Writing information for species  1
 
                Move      Trials     Success   % Success
 ***********************************************************
 
 
 Writing information about subroutine times
 
 ***********************************************************
 
 ***********************************************************
 
 
 Program execution time
         0      Years
         0     Months
         0       Days
         0      Hours
         0    Minutes
        27    Seconds
        91         ms
