Run info
********************************************************************************
version: Cassandra Development Version
inputfile: nvt.inp
name of run: nvt.out
date (mm/dd/yyyy): 06/15/2016
time: 14:01:26
machine: maginnfe.crc.nd.edu
********************************************************************************
 
Verbose log
********************************************************************************
Normal output to logfile
********************************************************************************
 
Simulation type
********************************************************************************
NVT_MC              
********************************************************************************
 
Copy input file
********************************************************************************
 
 # Run_Name
 nvt.out
 
 # Sim_Type
 nvt_mc
 
 # Nbr_Species
 1
 
 # VDW_Style
 lj cut_tail 7.0
 
 # Charge_Style
 coul ewald 7.0 0.000001
 
 # Seed_Info
 21498 489625
 
 # Rcutoff_Low
 0.85
 
 # Molecule_Files
 tip4p.mcf 100
 
 # Box_Info
 1
 cubic
 14.02
 
 # Temperature_Info
 300.0
 
 # Pressure_Info
 1.0
 
 # Move_Probability_Info
 
 # Prob_Translation
 90
 1.00
 
 # Prob_Rotation
 90
 38.0
 
 # Done_Probability_Info
 
 # Start_Type
 read_config 90 nvt.inp.xyz
 
 # Run_Type
 production   900
 
 
 # Average_Info
 1
 
 # Simulation_Length_Info
 units        sweeps
 prop_freq    10
 coord_freq   10
 run          100
 
 # Property_Info 1
 energy_total
 pressure
 
 # Fragment_Files
 species1/frag1/frag1.dat  1
 
 # CBMC_Info
 kappa_ins 12
 rcut_cbmc 6.5
 
 END
********************************************************************************
 
Number of species
********************************************************************************
1
********************************************************************************
 
Box info
********************************************************************************
Number of simulation boxes     1
Box 1 is cubic               
 Each Side Of :       14.0200     Angstrom
 Cell basis vector lengths in A,     14.0200      14.0200      14.0200
 Cosine of angles alpha, beta, gamma     0.0000       0.0000       0.0000
 Distance between box faces    14.0200      14.0200      14.0200
 Box volume, A^3          2755.7768
********************************************************************************
 
Pair style
********************************************************************************
VDW style used is:   LJ             in box:  1
 VDW sum style is:   cut_tail       in box:  1
 rcut =     7.000   Angstrom
Charge style in box 1 is coul
 Charge sum style is   ewald          in box:  1
 Ewald real space cutoff is   7.000 Angstroms.
 Ewald real space parameter is   0.531 inverse Angstroms
 Ewald reciprocal cutoff is  3.9473 inverse Angstroms
Section "# Pair_Energy" is missing from the input file
 By default, pair interaction energy arrays will not be stored
Section "# Mixing_Rule" is missing from the input file
 By default, using Lorentz-Berthelot
********************************************************************************
 
Molecule info
********************************************************************************
 Reading molecular connectivity information
 Species:            1
 Molecular connectivity file: 
 tip4p.mcf                                                                      
                                          
   4 atom(s) specified.
   3 bond(s) specified.
   3 angle(s) specified.
   0 dihedral(s) specified.
   0 improper(s) specified.
   1 fragment(s) specified.
   0 fragment bond(s) specified.
 
 Species  Max molecules
 -------  -------------
      1            100
 
 Species     1
 -------------------------------------------------------------------------------
 Atom parameters read
 Bond parameters read
 Angle parameters read
 Dihedral parameters read
 Improper parameters read
 Intra molecule scaling factors for species            1
  VDW 1-2 scaling factor       0.000
  VDW 1-3 scaling factor       0.000
  VDW 1-4 scaling factor       0.000
  VDW 1-N scaling factor       1.000
  Coulomb 1-2 scaling factor   0.000
  Coulomb 1-3 scaling factor   0.000
  Coulomb 1-4 scaling factor   0.000
  Coulomb 1-N scaling factor   1.000
 Total number of atoms in fragment     1  is   4
 Fragment info read
 Fragment file for fragment 1 is species1/frag1/frag1.dat
 -------------------------------------------------------------------------------
 
 Fragment coord info
 -------------------------------------------------------------------------------
 library_coords array successfully allocated
 Finished loading fragment coordinates from
 species1/frag1/frag1.dat
 -------------------------------------------------------------------------------
********************************************************************************
 
Start type
********************************************************************************
Initial configuration for box 1 will be read from file
 Will read      90  molecules of species   1
 Will read configuration from file nvt.inp.xyz
********************************************************************************
 
Seed info
********************************************************************************
The starting seeds are:        21498       489625
********************************************************************************
 
Temperature
********************************************************************************
Temperature of box 1 is 300.000 K
********************************************************************************
 
Move probabilities
********************************************************************************
Probability for translation               90.000000
 Maximum displacement width for species  1 in box  1  is      1.00000
Probability for rotation                  90.000000
 The rotational width for the species    1 in box  1   is      0.6632 radians
Number of moves is :   2
 Move probabilities do not sum to 1.0
 Dividing each probability by   180.000000
********************************************************************************
 
CBMC info
********************************************************************************
Section "# CBMC_Info" not required
********************************************************************************
 
Simulation length info
********************************************************************************
Thermodynamic quantities will be written every         10 Sweeps    
Coordinates will be written every                      10 Sweeps    
 movie header file is                  nvt.out.H
 movie_XYZ file is                     nvt.out.xyz
The simulation will be run for                        100 Sweeps    
A sweep is defined as                                 180 steps
********************************************************************************
 
Average info
********************************************************************************
Instantaneous values will be output
********************************************************************************
 
Property info
********************************************************************************
Total number of property files to be written is     1   for box 1
 Maximum number of properties per file is    2
 Writing the name of the property files and the corresponding property output
 Property file    1   is  nvt.out.prp
 Properties output in these files are
 Energy_Total
 Pressure
********************************************************************************
 
Minimum distance cutoff
********************************************************************************
MC low cutoff distance is   0.850    Angstrom
********************************************************************************
 
Run type
********************************************************************************
 The input run type is production
 Update frequency is          900
********************************************************************************
 
********************************************************************************
************************ Begin Cassandra simulation ****************************
********************************************************************************
 
Initial configuration
********************************************************************************
 Reading configuration for box           1
 Reading           90  molecules of species            1
 Configurations read successfully
********************************************************************************
 
Charge neutrality check
********************************************************************************
 Species 1 has charge:                  0.00000000
 
 Box     1 has charge:                  0.00000000
********************************************************************************
 
Compute total energy
********************************************************************************
 Starting energy components for box   1
  Atomic units-Extensive
 -----------------------------------------------------------
 Total system energy is               -396710.055
 Intra molecular energy is                  0.000
 Bond energy is                             0.000
 Bond angle energy is                       0.000
 Dihedral angle energy is                   0.000
 Improper angle energy is                   0.000
 Intra molecule vdw is                      0.000
 Intra molecule q is                        0.000
 Inter molecule vdw is                  65219.028
 Long range correction is               -5512.602
 Inter molecule q is                  6462771.249
 Number of vectors is                        1568
 Reciprocal ewald is                    38927.007
 Self ewald is                       -6958114.737
 -----------------------------------------------------------
 
********************************************************************************
 
Run simulation
********************************************************************************
      Step       Move   Mol Spc Box  Success  MaxWidth
      1781     rotate         1   1  0.33111
      1817  translate         1   1  0.01444
      3557  translate         1   1  0.01222
      3639     rotate         1   1  0.33611
      5340  translate         1   1  0.01037
      5466     rotate         1   1  0.34111
      7152  translate         1   1  0.00917
      7253     rotate         1   1  0.34250
      8970  translate         1   1  0.01000
      9040     rotate         1   1  0.34178
     10761  translate         1   1  0.01037
     10855     rotate         1   1  0.33926
     12593  translate         1   1  0.01143
     12603     rotate         1   1  0.34127
     14394     rotate         1   1  0.33931
     14413  translate         1   1  0.01181
     16169     rotate         1   1  0.33901
     16223  translate         1   1  0.01210
     17944     rotate         1   1  0.34011
********************************************************************************
 
Report ending energy & then re-compute from scratch
********************************************************************************
 
 
 Ending energy components for box   1
  Atomic units-Extensive
 -----------------------------------------------------------
 Total system energy is               -403553.013
 Intra molecular energy is                  0.000
 Bond energy is                             0.000
 Angle energy is                            0.000
 Dihedral energy is                         0.000
 Improper angle energy is                   0.000
 Intra molecule vdw is                      0.000
 Intra molecule q is                        0.000
 Inter molecule vdw is                  61028.967
 Long range correction is               -5512.602
 Inter molecule q is                  6461620.373
 Reciprocal ewald is                    37424.985
 Self ewald is                       -6958114.737
 -----------------------------------------------------------
 
 
 Energy components from total energy call for box   1
  Atomic units-Extensive
 -----------------------------------------------------------
 Total system energy is               -403553.013
 Intra molecular energy is                  0.000
 Bond energy is                             0.000
 Angle energy is                            0.000
 Dihedral energy is                         0.000
 Improper angle energy is                   0.000
 Intra molecule vdw is                      0.000
 Intra molecule q is                        0.000
 Inter molecule vdw is                  61028.967
 Long range correction is               -5512.602
 Inter molecule q is                  6461620.373
 Reciprocal ewald is                    37424.985
 Self ewald is                       -6958114.737
 -----------------------------------------------------------
********************************************************************************
 
 
Writing information for box  1
********************************************************************************
 
   ---------------------------------------------------------
   Writing information for species  1
 
                Move      Trials     Success   % Success
           Translate        8975         109        1.21
              Rotate        9025        3073       34.05
   ---------------------------------------------------------
 
********************************************************************************
 
 Writing information about subroutine times
********************************************************************************
 Translation time =            7.587254 secs.
 Rotation time =               7.768837 secs.
********************************************************************************
 
********************************************************************************
************************ Cassandra simulation complete *************************
********************************************************************************
 
 Program execution time
********************************************************************************
         0      Years
         0     Months
         0       Days
         0      Hours
         0    Minutes
        16    Seconds
       122         ms
********************************************************************************
