*** Beginning Cassandra simulation ***

Version Cassandra 1.0                                                                                                           

inputfile species1_mcf_gen.inp                                                                                                    

name of run: species1mcf_gen

  Month      Day      Year
     03       26      2015
 
 Time:  13:17:41
 
machine: maginnfe.crc.nd.edu


Simulation type: MCF_Gen             

 
 **** Copying Inputfile ****** 
 # Run_Name
 species1mcf_gen
 
 # Sim_Type
 MCF_Gen
 
 # Nbr_Species
 1
 
 # VDW_Style
 LJ cut_tail 12.0
 
 # Rcutoff_Low
 1.0
 
 # Mixing_Rule
 LB
 
 # Charge_Style
 coul Ewald 12.0 0.000001
 
 # Intra_Scaling
 0.0 0.0 0.0 1.0
 0.0 0.0 0.0 1.0
 
 # Molecule_Files
 ../../methane_UA_TraPPE.mcf 50
 
 # Box_Info
 1
 CUBIC
 10.0 10.0 10.0
 
 END
 
 **** Finished writing input file *******
 Number of species simulated:      1

 *** Simulation box data ***
number of simulation boxes     1
 
Box number      1       Box Shape:      Cubic 
Each Side Of :        10.0000     Angstrom
 
Cell basis vector lengths in A,     10.0000      10.0000      10.0000
Cosine of angles alpha, beta, gamma     0.0000       0.0000       0.0000
Distance between box faces    10.0000      10.0000      10.0000
Box volume, A^3          1000.0000
 
 *** Finished loading box information ***
 
   VDW style used is:   LJ             in box:  1
   VDW sum style is:   cut_tail       in box:  1
    rcut =    12.000   Angstrom
 VDW style properly input
 
   Charge style used is:   coul           in box:  1
    Charge sum style is   Ewald          in box:  1
    Ewald real space cutoff is  12.000 Angstroms.
  Ewald real space parameter is   0.310 inverse Angstroms
    Ewald reciprocal cutoff is  2.3026 inverse Angstroms
 Charge style properly input
 
Lorentz-Berthelot mixing rule specified
 
 Pair interaction energy arrays will not be stored
 Energy calculations will be done in a standard way
 
 
 Reading molecular connectivity information
 Species:            1
 Molecular connectivity file: 
 ../../methane_UA_TraPPE.mcf                                                    
                                          
   1 atom(s) specified.
   0 bond(s) specified.
   0 angle(s) specified.
   0 dihedral(s) specified.
   0 improper(s) specified.
   1 fragments specified.
   0  fragment bonds specified.
 
Species  Nbr molecules
-------  -------------
     1             50
 
L_Coul_CBMC not given for species    1
 Defaulting to true
 default  T
 
1st_Fragment_Ins_Style not specified for species    1
using default of "COM" for this species.
Species and atom number   1   1
 atom name:             CH4_UA
 element:               C 
 mass:                     16.0000
 charge:                    0.0000
 vdw type:              LJ                  
 Epsilon / kB in K:       148.0000
 Sigma in A:                3.7300
 
Total number of ring atoms in species     1    0
Total number of exo atoms in species      1    1
 Atom ids for ring atoms
 Atom ids for exo atoms           1
 *** Completed assigning atom info ***
 
 No bonds in species            1
 *** Completed assigning bond info ***
 
 No angles in species            1
 
Molecule    1  is defined to be linear
 
 *** Completed assigning angle info ***
 
 No dihedrals in species            1
 *** Completed assigning dihedral info ***
 
 No impropers in species            1
 *** Completed assigning improper info ***
 
 
Total number of atoms in the fragment     1  is   1
Identity of these atoms are
           1
 
 ******* Finished loading fragment info ********
 
 ******* Generating anchor info ****************
 
 Number of anchors for fragment     1  is   0
Anchor id is:
 *** Computed bond participation information ***
 
 
 
 Number of atoms in question           1
 Total number of angles           0
 Angles for this atom
 
 Position of the atom in these dihedrals
 
 Number of atoms in question           1
 Total number of dihedrals           0
 Dihedral angles for this atom
 
 Position of the atom in angles
 
