************** Beginning Cassandra simulation **************
Version Cassandra 1.0                                                                                                           

inputfile /scratch365/emarinri/Verbose_v1.1/Examples/GEMC/Isobutane/gemc_isobutane.inp                                            

name of run: gemc_isobutane

  Month      Day      Year
     09       18      2015
 
 Time:  13:59:54
 
machine: maginnfe.crc.nd.edu


Simulation type: GEMC                

 Verbosity output to logfile set to  F
 
 **** Copying Inputfile ****** 
 # Run_Name
 gemc_isobutane
 
 
 # Sim_Type
 GEMC
 
 
 # Nbr_Species
 1
 
 
 # VDW_Style
 LJ   cut_tail   14.00
 LJ   cut_tail   14.00
 
 # Charge_Style
 NONE
 NONE
 
 # Intra_Scaling
 0.0    0.0    0.0     1.0
 0.0    0.0    0.0     1.0
 
 # Mixing_Rule
 LB
 
 # Seed
 1216131145 1216131146
 
 # Rcutoff_Low
 1.0
 
 # Pair_Energy
 TRUE
 
 # Molecule_Files
 isobutane.mcf 400
 
 
 # Box_Info
 2
 CUBIC
 35.3700 35.3700 35.3700
 
 CUBIC
 100.8100 100.8100 100.8100
 
 
 # Temperature_Info
 304.00 304.00
 
 
 # Move_Probability_Info
 
 # Prob_Translation
 0.40
 0.15
 14.0
 
 # Prob_Rotation
 0.40
 30.0
 180.0
 
 # Prob_Volume
 0.005
 200.0
 200.0
 
 # Prob_Swap
 0.195
 insertion method
 reservoir
 
 # Done_Probability_Info
 
 
 # Start_Type
 read_old
 Init_Config/nvt_liq.xyz
 Init_Config/nvt_vap.xyz
 
 
 # Run_Type
 Equilibration 100 100
 
 
 
 # Average_Info
 1
 
 # Simulation_Length_Info
 Units       Steps
 Prop_Freq   100
 Coord_Freq  2200
 MCsteps     2200
 # Done_Simulation_Length_Info
 
 # Property_Info 1
 Energy_Total
 Density
 Nmols
 Volume
 
 # Property_Info 2
 Energy_Total
 Density
 Nmols
 Volume
 
 # Fragment_Files
 species1/frag1/frag1.dat  1
 
 # CBMC_Info
 kappa_ins 12
 kappa_rot 0
 kappa_dih 12
 rcut_cbmc 6.5  6.5
 
 END
 
 **** Finished writing input file *******
 Number of species simulated:      1

 *** Simulation box data ***
number of simulation boxes     2
 
Box number      1       Box Shape:      Cubic 
Each Side Of :        35.3700     Angstrom
 
Cell basis vector lengths in A,     35.3700      35.3700      35.3700
Cosine of angles alpha, beta, gamma     0.0000       0.0000       0.0000
Distance between box faces    35.3700      35.3700      35.3700
Box volume, A^3         44249.1752
 
Box number      2       Box Shape:      Cubic 
Each Side Of :       100.8100     Angstrom
 
Cell basis vector lengths in A,    100.8100     100.8100     100.8100
Cosine of angles alpha, beta, gamma     0.0000       0.0000       0.0000
Distance between box faces   100.8100     100.8100     100.8100
Box volume, A^3       1024497.3614
 
 *** Finished loading box information ***
 
   VDW style used is:   LJ             in box:  1
   VDW sum style is:   cut_tail       in box:  1
    rcut =    14.000   Angstrom
 
   VDW style used is:   LJ             in box:  2
   VDW sum style is:   cut_tail       in box:  2
    rcut =    14.000   Angstrom
 
   Charge style used is:   NONE           in box:  1
 Charge style properly input
 
   Charge style used is:   NONE           in box:  2
 Charge style properly input
 
 
 Pair interaction energy array storage enabled
 
Lorentz-Berthelot mixing rule specified
 
 Reading molecular connectivity information
 Species:            1
 Molecular connectivity file: 
 isobutane.mcf                                                                  
                                          
   4 atom(s) specified.
   3 bond(s) specified.
   3 angle(s) specified.
   0 dihedral(s) specified.
   0 improper(s) specified.
   1 fragments specified.
   0  fragment bonds specified.
 
Species  Nbr molecules
-------  -------------
     1            400
 
L_Coul_CBMC not given for species    1
 Defaulting to  T
 
1st_Fragment_Ins_Style not specified for species    1
using default of "COM" for this species.
 *** Completed assigning atom info ***
 
 *** Completed assigning bond info ***
 
 
 *** Completed assigning angle info ***
 
 *** Completed assigning dihedral info ***
 
 *** Completed assigning improper info ***
 
 
Total number of atoms in the fragment     1  is   4
 
 ******* Finished loading fragment info ********
 
 Fragment file for fragment 1 is
 species1/frag1/frag1.dat                                                       
                                          
 
 library_coords array successfully allocated
 
 
 Finished loading fragment coordinates from
 species1/frag1/frag1.dat                                                       
                                          
 
 intramolecular scaling factors explicitly set
Intra molecule scaling factors for species             1
VDW 1-2 scaling factor         0.000
VDW 1-3 scaling factor         0.000
VDW 1-4 scaling factor         0.000
VDW 1-N scaling factor         1.000
Coulomb 1-2 scaling factor     0.000
Coulomb 1-3 scaling factor     0.000
Coulomb 1-4 scaling factor     0.000
Coulomb 1-N scaling factor     0.000
 
 
 *** Completed assigning intramolecular scaling factors ***
 
 
 ***** Reading seed info *********
 
 The starting seed s1 is:    153587801
 
 ****** Finished loading the seed ********
 
 **** Simulation temperature information ****
  Temperature assigned to box     1  is  304.000    K
 
  Temperature assigned to box     2  is  304.000    K
 
 *** Finished loading information for temperature ****
 
 
 ********* Move Probability Info******
    Translation probability is   0.400000
 
Maximum displacement width for species   1 in box  1  is      0.15000
 
Maximum displacement width for species   1 in box  2  is     14.00000
 
       Rotation probability is   0.400000
 
The rotational width for the species     1 in box  1   is      0.5236 radians
 
The rotational width for the species     1 in box  2   is      3.1416 radians
 
 
         Probability for volume move is    0.005000
 
 Maximum volume displacement for box in GEMC_NVT simulation is
   200.000
 
 Volume moves will be performed in actual volumes
 
        Probability for particle swap is   0.195000
 
Insertion will be carried out for species   1
 using the reservoir sampling
 
Total number of exchangeable species is    1
 
 
 Probabilties of swap for individual boxes not specified
 Defaulting to uniform probabilities
 
 ******** Box pair selection probabilities *********
 
  1    1    0.000000
  1    2    1.000000
  2    1    1.000000
  2    2    1.000000
 ***** Finished reading the move probability info *****
Number of moves is :   4
 
 
 ***** reading CBMC info *********
 
 Writing out CBMC_Info
kappa for first bead insertion              12
kappa for rotational bias                    0
kappa for dihedral selection                12
 
Smaller cutoff for CBMC for box          1        6.50
Smaller cutoff for CBMC for box          2        6.50
 ****** finished loading CBMC_Info ********
 
Thermodynamic quantities will written at every        100 MC steps.
 
Coordinates will be written at every                 2200 MC steps.
 
movie header file for box    1 is      gemc_isobutane.box1.H
movie_XYZ file for box       1 is      gemc_isobutane.box1.xyz
movie header file for box    2 is      gemc_isobutane.box2.H
movie_XYZ file for box       2 is      gemc_isobutane.box2.xyz
 
The simulation will be run for                         2200 MC steps.
 
 *** Finished Reading Simulation Length Info ******* 
 
 *********** Average Information ***************
 
 Instantaneous values will be output
 
 *********** Ending Average Section ************
 
 **** Writing property output information *****
 
Total number of property files to be written is     1   for box 1
 Maximum number of properties per file is    5
 Writing the name of the property files and the corresponding property output
 
 Property file    1   is  gemc_isobutane.box1.prp1
 Properties output in these files are
 
 Energy_Total
 Density
 Nmols
 Volume
 
 ***** Finished writing property information ******
 
 **** Writing property output information *****
 
Total number of property files to be written is     1   for box 2
 Maximum number of properties per file is    5
 Writing the name of the property files and the corresponding property output
 
 Property file    1   is  gemc_isobutane.box2.prp1
 Properties output in these files are
 
 Energy_Total
 Density
 Nmols
 Volume
 
 ***** Finished writing property information ******
 
 *********** Average Information ***************
 
 Instantaneous values will be output
 
 *********** Ending Average Section ************
 
MC low cutoff distance is   1.000    Angstrom
 
 
 ******Initial Coordinate Info **********
 
 Configurations will be read from old files
 
Starting configuration for box           1 is
 Init_Config/nvt_liq.xyz                                                        
                                          
 
Starting configuration for box           2 is
 Init_Config/nvt_vap.xyz                                                        
                                          
 
 *****Finished reading initial coordinate info *****
 
 ****** Reading Run_Type Information ******
 
 The input run type is Equilibration
 Update frequency is          100
 
 Update frequency for adjusting maximum volume displacement is
         100
 
 ******* Finished reading run type information ******
starting type read_old                                                                                                                

 Configurations read successfully
 ***************** Charge Neutrality Check *****************
 Species           1    has charge                0.00000000
 Box               1    has charge                0.00000000
 
 Box               2    has charge                0.00000000
 
 ***************** Charge Neutrality Check *****************
 ***********************************************************
   Starting energy components for box   1
  Atomic units-Extensive
 
 Total system energy is                 52010.527
 Intra molecular energy is             429353.642
 Bond energy is                             0.000
 Bond angle energy is                  429353.642
 Dihedral angle energy is                   0.000
 Improper angle energy is                   0.000
 Intra nonbond vdw is                       0.000
 Intra nonbond elec is                      0.000
 Inter molecule vdw is                -365412.689
 Long range correction is              -11930.426
 Inter molecule q is                        0.000
 Reciprocal ewald is                        0.000
 Self ewald is                              0.000
 ***********************************************************
 
 ***********************************************************
   Starting energy components for box   2
  Atomic units-Extensive
 
 Total system energy is                 50559.711
 Intra molecular energy is              60797.367
 Bond energy is                             0.000
 Bond angle energy is                   60797.367
 Dihedral angle energy is                   0.000
 Improper angle energy is                   0.000
 Intra nonbond vdw is                       0.000
 Intra nonbond elec is                      0.000
 Inter molecule vdw is                 -10008.639
 Long range correction is                -229.017
 Inter molecule q is                        0.000
 Reciprocal ewald is                        0.000
 Self ewald is                              0.000
 ***********************************************************
 
 
Success ratio, rotation of species   1 in box 1 :  0.72000
Maximum width, rotation of species   1 in box 1 :  0.54978
 
Success ratio, translation of species   1 in box 1 :  0.81000
Maximum width, translation of species   1 in box 1 :  0.24300
 
Success ratio, translation of species   1 in box 2 :  0.67000
Maximum width, translation of species   1 in box 2 : 14.00000
 
Success ratio, rotation of species   1 in box 2 :  0.97000
Maximum width, rotation of species   1 in box 2 :  3.14159
 
Success ratio, translation of species   1 in box 1 :  0.75000
Maximum width, translation of species   1 in box 1 :  0.36450
 
Success ratio, rotation of species   1 in box 1 :  0.67000
Maximum width, rotation of species   1 in box 1 :  0.57727
 
Success ratio, translation of species   1 in box 2 :  0.63000
Maximum width, translation of species   1 in box 2 : 14.00000
 
Success ratio, rotation of species   1 in box 1 :  0.64000
Maximum width, rotation of species   1 in box 1 :  0.60613
 
Success ratio, translation of species   1 in box 1 :  0.59000
Maximum width, translation of species   1 in box 1 :  0.43011
 
Success ratio, rotation of species   1 in box 2 :  0.95000
Maximum width, rotation of species   1 in box 2 :  3.14159
 
Success ratio, rotation of species   1 in box 1 :  0.57000
Maximum width, rotation of species   1 in box 1 :  0.63644
 
Success ratio, translation of species   1 in box 1 :  0.55000
Maximum width, translation of species   1 in box 1 :  0.47312
 
Success ratio, translation of species   1 in box 2 :  0.69000
Maximum width, translation of species   1 in box 2 : 14.00000
 
Success ratio, rotation of species   1 in box 2 :  0.94000
Maximum width, rotation of species   1 in box 2 :  3.14159
 
Success ratio, rotation of species   1 in box 1 :  0.58000
Maximum width, rotation of species   1 in box 1 :  0.66826
 
Success ratio, translation of species   1 in box 1 :  0.42000
Maximum width, translation of species   1 in box 1 :  0.39742
******************** END OF SIMULATION ********************
 
 
 ***********************************************************
 Ending energy components for box   1
  Atomic units-Extensive
 -----------------------------------------------------------
 Total system energy is                 46060.060
 Intra molecular energy is             428557.912
 Bond energy is                             0.000
 Angle energy is                       428557.912
 Dihedral energy is                         0.000
 Improper angle energy is                   0.000
 Intra nonbond vdw is                       0.000
 Intra nonbond elec is                      0.000
 Inter molecule vdw is                -370065.018
 Long range correction is              -12432.834
 Inter molecule q is                        0.000
 Reciprocal ewald is                        0.000
 Self ewald is                              0.000
 ***********************************************************
 
 
 ***********************************************************
 Energy components from total energy call for box   1
  Atomic units-Extensive
 -----------------------------------------------------------
 Total system energy is                 46060.060
 Intra molecular energy is             428557.912
 Bond energy is                             0.000
 Angle energy is                       428557.912
 Dihedral energy is                         0.000
 Improper angle energy is                   0.000
 Intra nonbond vdw is                       0.000
 Intra nonbond elec is                      0.000
 Inter molecule vdw is                -370065.018
 Long range correction is              -12432.834
 Inter molecule q is                        0.000
 Reciprocal ewald is                        0.000
 Self ewald is                              0.000
 ***********************************************************
******************** END OF SIMULATION ********************
 
 
 ***********************************************************
 Ending energy components for box   2
  Atomic units-Extensive
 -----------------------------------------------------------
 Total system energy is                 48970.131
 Intra molecular energy is              58585.977
 Bond energy is                             0.000
 Angle energy is                        58585.977
 Dihedral energy is                         0.000
 Improper angle energy is                   0.000
 Intra nonbond vdw is                       0.000
 Intra nonbond elec is                      0.000
 Inter molecule vdw is                  -9400.919
 Long range correction is                -214.927
 Inter molecule q is                        0.000
 Reciprocal ewald is                        0.000
 Self ewald is                              0.000
 ***********************************************************
 
 
 ***********************************************************
 Energy components from total energy call for box   2
  Atomic units-Extensive
 -----------------------------------------------------------
 Total system energy is                 48970.131
 Intra molecular energy is              58585.977
 Bond energy is                             0.000
 Angle energy is                        58585.977
 Dihedral energy is                         0.000
 Improper angle energy is                   0.000
 Intra nonbond vdw is                       0.000
 Intra nonbond elec is                      0.000
 Inter molecule vdw is                  -9400.919
 Long range correction is                -214.927
 Inter molecule q is                        0.000
 Reciprocal ewald is                        0.000
 Self ewald is                              0.000
 ***********************************************************
 
 
 Writing information for box  1
 ***********************************************************
 
                Move      Trials     Success
              Volume          12           9
 
 ***********************************************************
 Writing information for species  1
 
                Move      Trials     Success   % Success
           Translate         520         321       61.73
              Rotate         533         340       63.79
           Insertion         244           7        2.87
            Deletion         209           2        0.96
 ***********************************************************
 
 Writing information for box  2
 ***********************************************************
 
                Move      Trials     Success
              Volume          12           9
 
 ***********************************************************
 Writing information for species  1
 
                Move      Trials     Success   % Success
           Translate         341         228       66.86
              Rotate         341         327       95.89
           Insertion         209           2        0.96
            Deletion         244           7        2.87
 ***********************************************************
 
 Writing information about fragments
 
 ***********************************************************
 Writing information for species  1
         # Fragments      Trials     Success   % Success
 ***********************************************************
 
 Writing information about subroutine times
 
 ***********************************************************
 
 Translation time =            0.192969 secs.
 Rotation time =               0.180976 secs.
 Volume change time =          0.549914 secs.
 Swap time =                   0.413940 secs.
 ***********************************************************
 
 
 Program execution time
         0      Years
         0     Months
         0       Days
         0      Hours
         0    Minutes
         3    Seconds
       684         ms
