************** Beginning Cassandra simulation **************
Version Cassandra 1.0                                                                                                           

inputfile methane.inp                                                                                                             

name of run: methane

  Month      Day      Year
     09       10      2015
 
 Time:  15:57:28
 
machine: maginnfe.crc.nd.edu


Simulation type: GCMC                

 
 **** Copying Inputfile ****** 
 
 # Run_Name
 methane
 
 # Sim_Type
 GCMC
 
 # Nbr_Species
 1
 
 # VDW_Style
 LJ cut_tail 14.0
 
 # Charge_Style
 NONE
 
 # Intra_Scaling
 0.0 0.0 0.0 1.0
 0.0 0.0 0.0 1.0
 
 # Mixing_Rule
 LB
 
 # Seed_Info
 1219130951 1219130952
 
 # Rcutoff_Low
 1.0
 
 # Pair_Energy
 TRUE
 
 # Molecule_Files
 methane_UA_TraPPE.mcf 500
 
 # Box_Info
 1
 CUBIC
 100.0  100.0  100.0
 
 # Temperature_Info
 300.0
 
 # Chemical_Potential_Info
 -35.0
 
 # Move_Probability_Info
 
 # Prob_Translation
 0.4
 10.0
 
 # Prob_Insertion
 0.3
 insertion method
 reservoir
 
 # Prob_Deletion
 0.3
 
 # Done_Probability_Info
 
 # Start_Type
 make_config
 100
 
 # Run_Type
 Equilibration   550
 
 # Average_Info
 1
 
 # Simulation_Length_Info
 Units      Steps
 Prop_Freq    400
 Coord_Freq   4000
 MCsteps      4000
 # Done_Simulation_Length_Info
 
 # Property_Info 1
 Energy_Total
 Nmols
 Volume
 
 
 # Fragment_Files
 species1/frag1/frag1.dat 1
 
 # CBMC_Info
 kappa_ins 12
 kappa_rot 12
 kappa_dih 12
 rcut_cbmc 6.5
 
 
 END
 
 **** Finished writing input file *******
 Number of species simulated:      1

 *** Simulation box data ***
number of simulation boxes     1
 
Box number      1       Box Shape:      Cubic 
Each Side Of :       100.0000     Angstrom
 
Cell basis vector lengths in A,    100.0000     100.0000     100.0000
Cosine of angles alpha, beta, gamma     0.0000       0.0000       0.0000
Distance between box faces   100.0000     100.0000     100.0000
Box volume, A^3       1000000.0000
 
 *** Finished loading box information ***
 
   VDW style used is:   LJ             in box:  1
   VDW sum style is:   cut_tail       in box:  1
    rcut =    14.000   Angstrom
 VDW style properly input
 
   Charge style used is:   NONE           in box:  1
 Charge style properly input
 
 
 Pair interaction energy array storage enabled
 
Lorentz-Berthelot mixing rule specified
 
 Reading molecular connectivity information
 Species:            1
 Molecular connectivity file: 
 methane_UA_TraPPE.mcf                                                          
                                          
   1 atom(s) specified.
   0 bond(s) specified.
   0 angle(s) specified.
   0 dihedral(s) specified.
   0 improper(s) specified.
   1 fragments specified.
   0  fragment bonds specified.
 
Species  Nbr molecules
-------  -------------
     1            500
 
L_Coul_CBMC not given for species    1
 Defaulting to true
 default  T
 
1st_Fragment_Ins_Style not specified for species    1
using default of "COM" for this species.
Species and atom number   1     1
 atom name:             CH4_UA
 element:               C 
 mass:                     16.0000
 charge:                    0.0000
 vdw type:              LJ                  
 Epsilon / kB in K:       148.0000
 Sigma in A:                3.7300
 
Total number of ring atoms in species     1    0
Total number of exo atoms in species      1    1
 Atom ids for ring atoms
 Atom ids for exo atoms           1
 *** Completed assigning atom info ***
 
 No bonds in species            1
 *** Completed assigning bond info ***
 
 No angles in species            1
 
Molecule    1  is defined to be linear
 
 *** Completed assigning angle info ***
 
 No dihedrals in species            1
 *** Completed assigning dihedral info ***
 
 No impropers in species            1
 *** Completed assigning improper info ***
 
 
Total number of atoms in the fragment     1  is   1
Identity of these atoms are
           1
 
 ******* Finished loading fragment info ********
 
 ******* Generating anchor info ****************
 
 Number of anchors for fragment     1  is   0
Anchor id is:
 Fragment file for fragment 1 is
 species1/frag1/frag1.dat                                                       
                                          
 Fragment type           1
 
 library_coords array successfully allocated
 
 
 Finished loading fragment coordinates from
 species1/frag1/frag1.dat                                                       
                                          
 
 intramolecular scaling factors explicitly set
Intra molecule scaling factors for species             1
VDW 1-2 scaling factor         0.000
VDW 1-3 scaling factor         0.000
VDW 1-4 scaling factor         0.000
VDW 1-N scaling factor         1.000
Coulomb 1-2 scaling factor     0.000
Coulomb 1-3 scaling factor     0.000
Coulomb 1-4 scaling factor     0.000
Coulomb 1-N scaling factor     0.000
 
 
 *** Completed assigning intramolecular scaling factors ***
 
  There are 1 different atom types in the system 
     1  CH4_UA
 
 
species number and name:  1   methane_UA_TraPPE.mcf                                                                                                   
 Name      number
 ------    ------
CH4_UA      1
 
 
 *** Creating VDW interaction table ***
Mixing rule used is:    LB             
 
Atom 1     Atom 2  epsilon (amu A^2/ps^2)        sigma (A)
CH4_UA     CH4_UA    123.0542                        3.7300
 
 *** Completed construction of VDW interaction table ***
 
 
 *** Creating exclusion table ***
 
     species   atom1      atom2  vdw scale q-q scale
         1         1         1     0.000     0.000
 
 *** Completed construction of exclusion table ***
 
 
 ***** Reading seed info *********
 
 The starting seed s1 is:    153587801
 
 ****** Finished loading the seed ********
 
 **** Simulation temperature information ****
  Temperature assigned to box     1  is  300.000    K
 
 *** Finished loading information for temperature ****
 
 
 ********* Move Probability Info******
    Translation probability is   0.400000
 
Maximum displacement width for species   1 in box  1  is     10.00000
 
 
Probability for insertion move is          0.3000
 
Insertion will be carried out for species   1
 using the reservoir sampling
 
Total number of exchangeable species is    1
 
 
Probability for deletion move is           0.3000
 ***** Finished reading the move probability info *****
Number of moves is :   3
 
 
 *********** Fugactiy Info ***************
 
Chemical Potential of sp  1 is    -0.350000000E+04in atomic units
de Broglie wavelength of species    1  in box      1   is
  0.2519875236   Angstrom
 
 ******* Finished reading fugacity info ***********
 
Thermodynamic quantities will written at every        400 MC steps.
 
Coordinates will be written at every                 4000 MC steps.
 
movie header file for box    1 is      methane.box1.H
movie_XYZ file for box       1 is      methane.box1.xyz
 
The simulation will be run for                         4000 MC steps.
 
 *** Finished Reading Simulation Length Info ******* 
 
 *********** Average Information ***************
 
 Instantaneous values will be output
 
 *********** Ending Average Section ************
 
 **** Writing property output information *****
 
Total number of property files to be written is     1   for box 1
 Maximum number of properties per file is    3
 Writing the name of the property files and the corresponding property output
 
 Property file    1   is  methane.box1.prp1
 Properties output in these files are
 
 Energy_Total
 Nmols
 Volume
 
 ***** Finished writing property information ******
 
MC low cutoff distance is   1.000    Angstrom
 
 *** Computed bond participation information ***
 
 
 
 Number of atom in question           1
 Total number of angles           0
 Angles for this atom
 
 Position of the atom in angles
 
 Number of atom in question           1
 Total number of dihedrals           0
 Dihedral angles for this atom
 
 Position of the atom in dihedrals
 
 
 checking for dihedral_atoms_to_place
 
 ***** reading CBMC info *********
 
 Writing out CBMC_Info
kappa for first bead insertion              12
kappa for rotational bias                   12
kappa for dihedral selection                12
 
Smaller cutoff for CBMC for box          1        6.50
 ****** finished loading CBMC_Info ********
 
 ******Initial Coordinate Info **********
 
 Initial configuration will be generated
  Starting number of molecules of species   1   in box   1  is     100
 
Total number of molecules of species   1   present initially is     100
 
 *****Finished reading initial coordinate info *****
 
 ****** Reading Run_Type Information ******
 
 The input run type is Equilibration
 Update frequency is          550
 
 ******* Finished reading run type information ******
starting type make_config                                                                                                             

 ***************** Charge Neutrality Check *****************
 Species           1    has charge                0.00000000
 Box               1    has charge                0.00000000
 
 ***************** Charge Neutrality Check *****************
 ***********************************************************
   Starting energy components for box   1
  Atomic units-Extensive
 
 Total system energy is                  -614.981
 Intra molecular energy is                  0.000
 Bond energy is                             0.000
 Bond angle energy is                       0.000
 Dihedral angle energy is                   0.000
 Improper angle energy is                   0.000
 Intra nonbond vdw is                       0.000
 Intra nonbond elec is                      0.000
 Inter molecule vdw is                   -604.864
 Long range correction is                 -10.117
 Inter molecule q is                        0.000
 Reciprocal ewald is                        0.000
 Self ewald is                              0.000
 ***********************************************************
 
 
Success ratio, translation of species   1 in box 1 :  0.98727
Maximum width, translation of species   1 in box 1 : 14.00000
 
Success ratio, translation of species   1 in box 1 :  0.99818
Maximum width, translation of species   1 in box 1 : 14.00000
******************** END OF SIMULATION ********************
 
 
 ***********************************************************
 Ending energy components for box   1
  Atomic units-Extensive
 -----------------------------------------------------------
 Total system energy is                    -0.009
 Intra molecular energy is                  0.000
 Bond energy is                             0.000
 Angle energy is                            0.000
 Dihedral energy is                         0.000
 Improper angle energy is                   0.000
 Intra nonbond vdw is                       0.000
 Intra nonbond elec is                      0.000
 Inter molecule vdw is                     -0.000
 Long range correction is                  -0.009
 Inter molecule q is                        0.000
 Reciprocal ewald is                        0.000
 Self ewald is                              0.000
 ***********************************************************
 
 
 ***********************************************************
 Energy components from total energy call for box   1
  Atomic units-Extensive
 -----------------------------------------------------------
 Total system energy is                    -0.009
 Intra molecular energy is                  0.000
 Bond energy is                             0.000
 Angle energy is                            0.000
 Dihedral energy is                         0.000
 Improper angle energy is                   0.000
 Intra nonbond vdw is                       0.000
 Intra nonbond elec is                      0.000
 Inter molecule vdw is                      0.000
 Long range correction is                  -0.009
 Inter molecule q is                        0.000
 Reciprocal ewald is                        0.000
 Self ewald is                              0.000
 ***********************************************************
 
 
 Writing information for box  1
 ***********************************************************
 
 
 ***********************************************************
 Writing information for species  1
 
                Move      Trials     Success   % Success
           Translate        1596        1586       99.37
           Insertion        1211         891       73.58
            Deletion        1172         988       84.30
 ***********************************************************
 
 Writing information about fragments
 
 ***********************************************************
 Writing information for species  1
         # Fragments      Trials     Success   % Success
 ***********************************************************
 
 Writing information about subroutine times
 
 ***********************************************************
 
 Translation time =            0.165981 secs.
 Insertion time =              0.693881 secs.
 Deletion time =               0.611917 secs.
 ***********************************************************
 
 
 Program execution time
         0      Years
         0     Months
         0       Days
         0      Hours
         0    Minutes
         2    Seconds
       138         ms
