********************************************************************************
                ______                                __                        
               / ____/___ _______________ _____  ____/ /________ _              
              / /   / __ `/ ___/ ___/ __ `/ __ \/ __  / ___/ __ `/              
             / /___/ /_/ (__  |__  ) /_/ / / / / /_/ / /  / /_/ /               
             \____/\__,_/____/____/\__,_/_/ /_/\__,_/_/   \__,_/                
                                                                                
********************************************************************************
**********************************Log File**************************************
********************************************************************************

Run info
********************************************************************************
version: Cassandra Development Version
inputfile: /Users/matthewhowenstine/Cassandra/Examples/GCMC/Methane/methane.inp
name of run: methane.out
date (mm/dd/yyyy): 03/03/2018
time: 20:40:04
machine: Matthews-MacBook-Pro.local
********************************************************************************

Verbose log
********************************************************************************
Normal output to logfile
********************************************************************************

Simulation type
********************************************************************************
GCMC                
********************************************************************************

Copy input file
********************************************************************************
                                                                                
# Run_Name                                                                      
methane.out                                                                     
                                                                                
# Sim_Type                                                                      
gcmc                                                                            
                                                                                
# Nbr_Species                                                                   
1                                                                               
                                                                                
# VDW_Style                                                                     
lj cut_tail 14.0                                                                
                                                                                
# Seed_Info                                                                     
1219130951 1219130952                                                           
                                                                                
# Rcutoff_Low                                                                   
1.0                                                                             
                                                                                
# Pair_Energy                                                                   
true                                                                            
                                                                                
# Molecule_Files                                                                
CH4.mcf 500                                                                     
                                                                                
# Box_Info                                                                      
1                                                                               
cubic                                                                           
100.0                                                                           
                                                                                
# Temperature_Info                                                              
300.0                                                                           
                                                                                
# Chemical_Potential_Info                                                       
-35.0                                                                           
                                                                                
# Move_Probability_Info                                                         
                                                                                
# Prob_Translation                                                              
0.4                                                                             
10.0                                                                            
                                                                                
# Prob_Insertion                                                                
0.3                                                                             
cbmc                                                                            
                                                                                
# Prob_Deletion                                                                 
0.3                                                                             
                                                                                
# Done_Probability_Info                                                         
                                                                                
# Start_Type                                                                    
make_config 100                                                                 
                                                                                
# Run_Type                                                                      
equilibration   550                                                             
                                                                                
# Simulation_Length_Info                                                        
units      steps                                                                
prop_freq    400                                                                
coord_freq   4000                                                               
run          4000                                                               
                                                                                
# Property_Info 1                                                               
energy_total                                                                    
nmols                                                                           
volume                                                                          
                                                                                
# Fragment_Files                                                                
species1/frag1/frag1.dat  1                                                     
                                                                                
# CBMC_Info                                                                     
kappa_ins 12                                                                    
rcut_cbmc 6.5                                                                   
                                                                                
END                                                                             
********************************************************************************

Number of species
********************************************************************************
1
********************************************************************************

Box info
********************************************************************************
Number of simulation boxes     1
Box 1 is CUBIC               
 Each Side Of :      100.0000     Angstrom
 Cell basis vector lengths in A,    100.0000     100.0000     100.0000
 Cosine of angles alpha, beta, gamma     0.0000       0.0000       0.0000
 Distance between box faces   100.0000     100.0000     100.0000
 Box volume, A^3       1000000.0000
********************************************************************************

Pair style
********************************************************************************
VDW style used is:   LJ             in box:  1
 VDW sum style is:   cut_tail       in box:  1
 rcut =    14.000 Angstrom
Section "# Charge_Style" is missing from the input file
 By default, charge style for box 1 is NONE
Pair interaction energy array storage enabled
Section "# Mixing_Rule" is missing from the input file
 By default, using Lorentz-Berthelot
********************************************************************************

Molecule info
********************************************************************************
 Reading molecular connectivity information
 Species:            1
 Molecular connectivity file: CH4.mcf                                                                                                                 
   1 atom(s) specified.
   0 bond(s) specified.
   0 angle(s) specified.
   0 dihedral(s) specified.
   0 improper(s) specified.
   1 fragment(s) specified.
   0 fragment bond(s) specified.

 Species  Max molecules
 -------  -------------
      1            500

 Species     1
 -------------------------------------------------------------------------------
 Atom parameters read
 Bond parameters read
 Angle parameters read
 Dihedral parameters read
 Improper parameters read
 Intra molecule scaling factors for species            1
  VDW 1-2 scaling factor       0.000
  VDW 1-3 scaling factor       0.000
  VDW 1-4 scaling factor       0.000
  VDW 1-N scaling factor       1.000
 Total number of atoms in fragment     1  is   1
 Fragment info read
 Fragment file for fragment 1 is species1/frag1/frag1.dat
 -------------------------------------------------------------------------------

 Fragment coord info
 -------------------------------------------------------------------------------
 library_coords array successfully allocated
 Finished loading fragment coordinates from
 species1/frag1/frag1.dat
 -------------------------------------------------------------------------------
********************************************************************************

Start type
********************************************************************************
Initial configuration for box 1 will be made
 Will insert     100  molecules of species   1
********************************************************************************

Seed info
********************************************************************************
The starting seeds are:   1219130951   1219130952
********************************************************************************

Temperature
********************************************************************************
Temperature of box 1 is 300.000 K
********************************************************************************

Move probabilities
********************************************************************************
Probability for translation                0.400000
 Maximum displacement width for species  1 in box  1  is     10.00000
Probability for insertion                  0.300000
 Species 1 will be inserted using CBMC
 Number of insertable species is    1
Probability for deletion                   0.300000
Number of moves is :   3
********************************************************************************

Chemical potential
********************************************************************************
Species     1
 Chemical potential (internal units):    -3500.000000000
 de Broglie wavelength (Angstroms):          0.251657440
********************************************************************************

Simulation length info
********************************************************************************
Thermodynamic quantities will be computed every       400 Steps     
Coordinates will be written every                    4000 Steps     
 movie header file is                  methane.out.H
 movie_XYZ file is                     methane.out.xyz
The simulation will be run for                       4000 Steps     
Instantaneous values will be written every            400 Steps     
********************************************************************************

Property info
********************************************************************************
Total number of property files to be written is     1   for box 1
 Maximum number of properties per file is    3
 Writing the name of the property files and the corresponding property output
 Property file    1   is  methane.out.prp
 Properties output in these files are
 Energy_Total
 Nmols
 Volume
********************************************************************************

Minimum distance cutoff
********************************************************************************
MC low cutoff distance is   1.000    Angstrom
********************************************************************************

CBMC info
********************************************************************************
Kappa for first fragment insertion          12
 Cutoff for CBMC for box 1 is         6.50
********************************************************************************

Run type
********************************************************************************
 The input run type is equilibration
 Update frequency is          550
********************************************************************************

********************************************************************************
************************ Begin Cassandra simulation ****************************
********************************************************************************

Initial configuration
********************************************************************************
 Inserting          100 molecules of species            1
********************************************************************************

Compute total energy
********************************************************************************

 Energy components for box 1     kJ/mol-Extensive
 ---------------------------------------------------------------------
 Total system energy                       -3.780
 Intra molecular energy                     0.000
   Bond energy                              0.000
   Bond angle energy                        0.000
   Dihedral angle energy                    0.000
   Improper angle energy                    0.000
   Intra molecule vdw                       0.000
   Intra molecule q                         0.000
 Inter molecular energy                    -3.780
   Inter molecule vdw                      -3.679
   Long range correction                   -0.101
   Inter molecule q                         0.000
 ---------------------------------------------------------------------

********************************************************************************

Run simulation
********************************************************************************
      Step       Move   Mol Spc Box  Success  MaxWidth
      1375  translate         1   1  0.98000  14.00000
      2680  translate         1   1  0.99273  14.00000
      3979  translate         1   1  0.98545  14.00000
********************************************************************************

Energy of final configuration
********************************************************************************

 Energy components for box 1     kJ/mol-Extensive       Relative_Error
 ---------------------------------------------------------------------
 Total system energy                       -0.291           -0.234E-13
 Intra molecular energy                     0.000            0.000E+00
   Bond energy                              0.000            0.000E+00
   Bond angle energy                        0.000            0.000E+00
   Dihedral angle energy                    0.000            0.000E+00
   Improper angle energy                    0.000            0.000E+00
   Intra molecule vdw                       0.000            0.000E+00
   Intra molecule q                         0.000            0.000E+00
 Inter molecular energy                    -0.291           -0.234E-13
   Inter molecule vdw                      -0.265           -0.101E-13
   Long range correction                   -0.026           -0.000E+00
   Inter molecule q                         0.000            0.000E+00
 ---------------------------------------------------------------------

********************************************************************************


Writing information for box  1
********************************************************************************

   ---------------------------------------------------------
   Writing information for species  1

                Move      Trials     Success   % Success
           Translate        1661        1638       98.62
              Insert        1175        1076       91.57
              Delete        1164        1125       96.65
   ---------------------------------------------------------

********************************************************************************

 Writing information about subroutine times
********************************************************************************
 Translation time =            0.016542 secs.
 Insertion time =              0.082013 secs.
 Deletion time =               0.076194 secs.
********************************************************************************

********************************************************************************
************************ Cassandra simulation complete *************************
********************************************************************************

 Program execution time
********************************************************************************
         0      Years
         0     Months
         0       Days
         0      Hours
         0    Minutes
         0    Seconds
       194         ms
********************************************************************************
