*** Beginning Cassandra simulation ***

Version Cassandra 1.0                                                                                                           

inputfile gemc.inp                                                                                                                

name of run: gemc

  Month      Day      Year
     12       16      2013
 
 Time:  11:30:55
 
machine: maginnfe.crc.nd.edu


Simulation type GEMC                

 
 **** Copying Inputfile ****** 
 
 # Run_Name
 gemc
 
 # Sim_Type
 GEMC
 
 # Nbr_Species
 1
 
 # VDW_Style
 LJ   cut_tail   14.00
 LJ   cut_tail   14.00
 
 # Rcutoff_Low
 1.0
 
 # Mixing_Rule
 LB
 
 # Charge_Style
 NONE
 NONE
 
 # Intra_Scaling
 0.0    0.0    0.0    1.0
 0.0   0.0    0.0     1.0
 
 # Molecule_Files
 dimethylhexane_UA_Trappe.mcf 300
 
 # Box_Info
 2
 CUBIC
 38.7600 38.7600 38.7600
 
 CUBIC
 194.06 194.06 194.06
 
 # Temperature_Info
 354.00 354.00
 
 # Move_Probability_Info
 
 # Prob_Translation
 0.30
 0.36
 14.0
 
 # Prob_Rotation
 0.30
 30.0
 180.0
 
 # Prob_Regrowth
 0.30
 1.0
 
 # Prob_Volume
 0.005
 200.0
 200.0
 
 # Prob_Swap
 0.095
 insertion method
 reservoir
 
 # Done_Probability_Info
 
 # Bond_Prob_Cutoff
 1.0E-10
 
 # Start_Type
 read_old
 Init_Config/nvt_liq.xyz
 Init_Config/nvt_vap.xyz
 
 # Run_Type
 Production 5000 100
 
 # Frequency_Info
 freq_type   none
 Nthermofreq 250
 Ncoordfreq  5000
 MCsteps     5000
 # Done_Frequency_Info
 
 # Seed
 1216131116 1216131117
 
 # Average_Info
 1
 
 # Property_Info 1
 Energy_Total
 Density
 Nmols
 Volume
 
 # Property_Info 2
 Energy_Total
 Density
 Nmols
 Volume
 
 # CBMC_Info
 kappa_ins 12
 kappa_rot 0
 kappa_dih 12
 rcut_cbmc 6.5  6.5
 
 # Pair_Energy
 TRUE
 
 # Fragment_Files
 species1/frag1/frag1.dat  1
 species1/frag2/frag2.dat  2
 species1/frag3/frag3.dat  3
 species1/frag4/frag4.dat  4
 
 
 END
 
 **** Finished writing input file *******
 Number of species simulated:      1

 *** Simulation box data ***
number of simulation boxes     2
 
Box number      1       Box Shape:      Cubic 
Each Side Of :        38.7600     Angstrom
 
Cell basis vector lengths in A,     38.7600      38.7600      38.7600
Cosine of angles alpha, beta, gamma     0.0000       0.0000       0.0000
Distance between box faces    38.7600      38.7600      38.7600
Box volume, A^3         58230.6054
Box number      2       Box Shape:      Cubic 
Each Side Of :       194.0600     Angstrom
 
Cell basis vector lengths in A,    194.0600     194.0600     194.0600
Cosine of angles alpha, beta, gamma     0.0000       0.0000       0.0000
Distance between box faces   194.0600     194.0600     194.0600
Box volume, A^3       7308160.5754
 *** Finished loading box information ***
 
   VWD style used is:   LJ             in box:  1
   VDW sum style is:   cut_tail       in box:  1
    rcut =    14.000   Angstrom
 VDW style properly input
 
   VWD style used is:   LJ             in box:  2
   VDW sum style is:   cut_tail       in box:  2
    rcut =    14.000   Angstrom
 VDW style properly input
 
   Charge style used is:   NONE           in box:  1
 Charge style properly input
 
   Charge style used is:   NONE           in box:  2
 Charge style properly input
 
 
 Pair interaction energy array storage enabled
 
Lorentz-Berthelot mixing rule specified
 
 Reading molecular connectivity information
 Species:            1
 Molecular connectivity file: 
 dimethylhexane_UA_Trappe.mcf                                                   
                                          
   8 atom(s) specified.
   7 bond(s) specified.
   9 angle(s) specified.
   5 dihedral(s) specified.
   0 improper(s) specified.
   4 fragments specified.
   3  fragment bonds specified.
 
Species  Nbr molecules
-------  -------------
     1            300
 
L_Coul_CBMC not given for species    1
 Defaulting to true
 default  T
 
Species type given for species    1  SORBATE             
Insertion style given for species    1  COM                 
Species and atom number   1   1
 atom name:             UA_CH3
 element:               C 
 mass:                     15.0000
 charge:                    0.0000
 vdw type:              LJ                  
 Epsilon / kB in K:        98.0000
 Sigma in A:                3.7500
 
Species and atom number   1   2
 atom name:             UA_C  
 element:               C 
 mass:                     12.0000
 charge:                    0.0000
 vdw type:              LJ                  
 Epsilon / kB in K:         0.5000
 Sigma in A:                6.4000
 
Species and atom number   1   3
 atom name:             UA_CH2
 element:               C 
 mass:                     14.0000
 charge:                    0.0000
 vdw type:              LJ                  
 Epsilon / kB in K:        46.0000
 Sigma in A:                3.9500
 
Species and atom number   1   4
 atom name:             UA_CH2
 element:               C 
 mass:                     14.0000
 charge:                    0.0000
 vdw type:              LJ                  
 Epsilon / kB in K:        46.0000
 Sigma in A:                3.9500
 
Species and atom number   1   5
 atom name:             UA_CH2
 element:               C 
 mass:                     14.0000
 charge:                    0.0000
 vdw type:              LJ                  
 Epsilon / kB in K:        46.0000
 Sigma in A:                3.9500
 
Species and atom number   1   6
 atom name:             UA_CH3
 element:               C 
 mass:                     15.0000
 charge:                    0.0000
 vdw type:              LJ                  
 Epsilon / kB in K:        98.0000
 Sigma in A:                3.7500
 
Species and atom number   1   7
 atom name:             UA_CH3
 element:               C 
 mass:                     15.0000
 charge:                    0.0000
 vdw type:              LJ                  
 Epsilon / kB in K:        98.0000
 Sigma in A:                3.7500
 
Species and atom number   1   8
 atom name:             UA_CH3
 element:               C 
 mass:                     15.0000
 charge:                    0.0000
 vdw type:              LJ                  
 Epsilon / kB in K:        98.0000
 Sigma in A:                3.7500
 
Total number of ring atoms in species     1    0
Total number of exo atoms in species      1    8
 Atom ids for ring atoms
 Atom ids for exo atoms           1           2           3           4
           5           6           7           8
 *** Completed assigning atom info ***
 
Species and bond number   1   1
 atom1:                   1
 atom2:                   2
 bond type:             fixed               
Bond fixed between atoms:      1      2in species   1
Fixed bond length, in A:    1.5400
 
Species and bond number   1   2
 atom1:                   2
 atom2:                   8
 bond type:             fixed               
Bond fixed between atoms:      2      8in species   1
Fixed bond length, in A:    1.5400
 
Species and bond number   1   3
 atom1:                   2
 atom2:                   7
 bond type:             fixed               
Bond fixed between atoms:      2      7in species   1
Fixed bond length, in A:    1.5400
 
Species and bond number   1   4
 atom1:                   2
 atom2:                   3
 bond type:             fixed               
Bond fixed between atoms:      2      3in species   1
Fixed bond length, in A:    1.5400
 
Species and bond number   1   5
 atom1:                   4
 atom2:                   3
 bond type:             fixed               
Bond fixed between atoms:      4      3in species   1
Fixed bond length, in A:    1.5400
 
Species and bond number   1   6
 atom1:                   4
 atom2:                   5
 bond type:             fixed               
Bond fixed between atoms:      4      5in species   1
Fixed bond length, in A:    1.5400
 
Species and bond number   1   7
 atom1:                   5
 atom2:                   6
 bond type:             fixed               
Bond fixed between atoms:      5      6in species   1
Fixed bond length, in A:    1.5400
 
 *** Completed assigning bond info ***
 
Species and angle number  1   1
 atom1:                   1
 atom2:                   2
 atom3:                   8
 angle type:            harmonic            
 K_angle in K/rad^2:    31250.0000
 theta0 in degrees:       109.4700
 
Species and angle number  1   2
 atom1:                   1
 atom2:                   2
 atom3:                   7
 angle type:            harmonic            
 K_angle in K/rad^2:    31250.0000
 theta0 in degrees:       109.4700
 
Species and angle number  1   3
 atom1:                   1
 atom2:                   2
 atom3:                   3
 angle type:            harmonic            
 K_angle in K/rad^2:    31250.0000
 theta0 in degrees:       109.4700
 
Species and angle number  1   4
 atom1:                   3
 atom2:                   2
 atom3:                   7
 angle type:            harmonic            
 K_angle in K/rad^2:    31250.0000
 theta0 in degrees:       109.4700
 
Species and angle number  1   5
 atom1:                   3
 atom2:                   2
 atom3:                   8
 angle type:            harmonic            
 K_angle in K/rad^2:    31250.0000
 theta0 in degrees:       109.4700
 
Species and angle number  1   6
 atom1:                   8
 atom2:                   2
 atom3:                   7
 angle type:            harmonic            
 K_angle in K/rad^2:    31250.0000
 theta0 in degrees:       109.4700
 
Species and angle number  1   7
 atom1:                   2
 atom2:                   3
 atom3:                   4
 angle type:            harmonic            
 K_angle in K/rad^2:    31250.0000
 theta0 in degrees:       114.0000
 
Species and angle number  1   8
 atom1:                   3
 atom2:                   4
 atom3:                   5
 angle type:            harmonic            
 K_angle in K/rad^2:    31250.0000
 theta0 in degrees:       114.0000
 
Species and angle number  1   9
 atom1:                   4
 atom2:                   5
 atom3:                   6
 angle type:            harmonic            
 K_angle in K/rad^2:    31250.0000
 theta0 in degrees:       114.0000
 
 
Molecule    1  is NOT defined to be linear
 
 *** Completed assigning angle info ***
 
Species and dihedral num  1   1
 atom1:                   1
 atom2:                   2
 atom3:                   3
 atom4:                   4
 dihedral type:         OPLS                
 a0, kJ/mol:                0.0000
 a1, kJ/mol:                0.0000
 a2, kJ/mol:                0.0000
 a3, kJ/mol:                3.8350
 
Species and dihedral num  1   2
 atom1:                   7
 atom2:                   2
 atom3:                   3
 atom4:                   4
 dihedral type:         OPLS                
 a0, kJ/mol:                0.0000
 a1, kJ/mol:                0.0000
 a2, kJ/mol:                0.0000
 a3, kJ/mol:                3.8350
 
Species and dihedral num  1   3
 atom1:                   8
 atom2:                   2
 atom3:                   3
 atom4:                   4
 dihedral type:         OPLS                
 a0, kJ/mol:                0.0000
 a1, kJ/mol:                0.0000
 a2, kJ/mol:                0.0000
 a3, kJ/mol:                3.8350
 
Species and dihedral num  1   4
 atom1:                   2
 atom2:                   3
 atom3:                   4
 atom4:                   5
 dihedral type:         OPLS                
 a0, kJ/mol:                0.0000
 a1, kJ/mol:                2.7850
 a2, kJ/mol:               -0.5670
 a3, kJ/mol:                6.5790
 
Species and dihedral num  1   5
 atom1:                   3
 atom2:                   4
 atom3:                   5
 atom4:                   6
 dihedral type:         OPLS                
 a0, kJ/mol:                0.0000
 a1, kJ/mol:                2.7850
 a2, kJ/mol:               -0.5670
 a3, kJ/mol:                6.5790
 
 *** Completed assigning dihedral info ***
 
 No impropers in species            1
 *** Completed assigning improper info ***
 
 
 Total number of atoms in the fragment            1  is            5
 Identity of these atoms are           2           3           8           1
           7
 
 Total number of atoms in the fragment            2  is            3
 Identity of these atoms are           3           2           4
 
 Total number of atoms in the fragment            3  is            3
 Identity of these atoms are           4           3           5
 
 Total number of atoms in the fragment            4  is            3
 Identity of these atoms are           5           4           6
 
 ******* Finished loading fragment info ********
 
 ******* Generating anchor info ****************
 
 Number of anchors for fragment            1   is           1
 Anchor ids are           2
 
 Number of anchors for fragment            2   is           1
 Anchor ids are           3
 
 Number of anchors for fragment            3   is           1
 Anchor ids are           4
 
 Number of anchors for fragment            4   is           1
 Anchor ids are           5
 Fragment file for fragment 1 is
 species1/frag1/frag1.dat                                                       
                                          
 Fragment type           1
 Fragment file for fragment 2 is
 species1/frag2/frag2.dat                                                       
                                          
 Fragment type           2
 Fragment file for fragment 3 is
 species1/frag3/frag3.dat                                                       
                                          
 Fragment type           3
 Fragment file for fragment 4 is
 species1/frag4/frag4.dat                                                       
                                          
 Fragment type           4
Species and fragment bond number                   1   1
 fragment1:               1
 fragment2:               2
Species and fragment bond number                   1   2
 fragment1:               2
 fragment2:               3
Species and fragment bond number                   1   3
 fragment1:               3
 fragment2:               4
 
 Number of connections of fragment           1  is           1
 These fragments are            2
 
 Number of connections of fragment           2  is           2
 These fragments are            1           3
 
 Number of connections of fragment           3  is           2
 These fragments are            2           4
 
 Number of connections of fragment           4  is           1
 These fragments are            3
 
 Maximum configurations stored      100000
 
 
 Finished loading fragment coordinates from
 species1/frag1/frag1.dat                                                       
                                          
 
 
 Finished loading fragment coordinates from
 species1/frag2/frag2.dat                                                       
                                          
 
 
 Finished loading fragment coordinates from
 species1/frag3/frag3.dat                                                       
                                          
 
 
 Finished loading fragment coordinates from
 species1/frag4/frag4.dat                                                       
                                          
 
 
 Insertable species:           1
 
 intramolecular scaling factors explicitly set
Intra molecule scaling factors for species             1
VDW 1-2 scaling factor         0.000
VDW 1-3 scaling factor         0.000
VDW 1-4 scaling factor         0.000
VDW 1-N scaling factor         1.000
Coulomb 1-2 scaling factor     0.000
Coulomb 1-3 scaling factor     0.000
Coulomb 1-4 scaling factor     0.000
Coulomb 1-N scaling factor     0.000
 
 
 *** Completed assigning intramolecular scaling factors ***
 
  There are 3 different atom types in the system 
     1  UA_CH3
     2  UA_C  
     3  UA_CH2
 
 
species number and name:  1   dimethylhexane_UA_Trappe.mcf                                                                                            
 Name      number
 ------    ------
UA_CH3      1
UA_C        2
UA_CH2      3
UA_CH2      3
UA_CH2      3
UA_CH3      1
UA_CH3      1
UA_CH3      1
 
 
 *** Creating VDW interaction table ***
Mixing rule used is:    LB             
 
Atom 1     Atom 2  epsilon (amu A^2/ps^2)        sigma (A)
UA_CH3     UA_CH3     81.4818                        3.7500
UA_CH3     UA_C        5.8201                        5.0750
UA_CH3     UA_CH2     55.8247                        3.8500
UA_C       UA_CH3      5.8201                        5.0750
UA_C       UA_C        0.4157                        6.4000
UA_C       UA_CH2      3.9875                        5.1750
UA_CH2     UA_CH3     55.8247                        3.8500
UA_CH2     UA_C        3.9875                        5.1750
UA_CH2     UA_CH2     38.2466                        3.9500
 
 *** Completed construction of VDW interaction table ***
 
 
 *** Creating exclusion table ***
 
     species   atom1      atom2  vdw scale q-q scale
         1         1         1     0.000     0.000
         1         1         2     0.000     0.000
         1         1         3     0.000     0.000
         1         1         4     0.000     0.000
         1         1         5     1.000     0.000
         1         1         6     1.000     0.000
         1         1         7     0.000     0.000
         1         1         8     0.000     0.000
         1         2         1     0.000     0.000
         1         2         2     0.000     0.000
         1         2         3     0.000     0.000
         1         2         4     0.000     0.000
         1         2         5     0.000     0.000
         1         2         6     1.000     0.000
         1         2         7     0.000     0.000
         1         2         8     0.000     0.000
         1         3         1     0.000     0.000
         1         3         2     0.000     0.000
         1         3         3     0.000     0.000
         1         3         4     0.000     0.000
         1         3         5     0.000     0.000
         1         3         6     0.000     0.000
         1         3         7     0.000     0.000
         1         3         8     0.000     0.000
         1         4         1     0.000     0.000
         1         4         2     0.000     0.000
         1         4         3     0.000     0.000
         1         4         4     0.000     0.000
         1         4         5     0.000     0.000
         1         4         6     0.000     0.000
         1         4         7     0.000     0.000
         1         4         8     0.000     0.000
         1         5         1     1.000     0.000
         1         5         2     0.000     0.000
         1         5         3     0.000     0.000
         1         5         4     0.000     0.000
         1         5         5     0.000     0.000
         1         5         6     0.000     0.000
         1         5         7     1.000     0.000
         1         5         8     1.000     0.000
         1         6         1     1.000     0.000
         1         6         2     1.000     0.000
         1         6         3     0.000     0.000
         1         6         4     0.000     0.000
         1         6         5     0.000     0.000
         1         6         6     0.000     0.000
         1         6         7     1.000     0.000
         1         6         8     1.000     0.000
         1         7         1     0.000     0.000
         1         7         2     0.000     0.000
         1         7         3     0.000     0.000
         1         7         4     0.000     0.000
         1         7         5     1.000     0.000
         1         7         6     1.000     0.000
         1         7         7     0.000     0.000
         1         7         8     0.000     0.000
         1         8         1     0.000     0.000
         1         8         2     0.000     0.000
         1         8         3     0.000     0.000
         1         8         4     0.000     0.000
         1         8         5     1.000     0.000
         1         8         6     1.000     0.000
         1         8         7     0.000     0.000
         1         8         8     0.000     0.000
 
 *** Completed construction of exclusion table ***
 
 
 ***** Reading seed info *********
 
The starting seed s1 is         153587801
 
 ****** Finished loading the seed ********
 
 **** Simulation temperature information ****
 Temperature assigned to box           1 is   354.000000000000       K
 
 Temperature assigned to box           2 is   354.000000000000       K
 
 *** Finished loading information for temperature ****
 
 
 *********Move Probability Info******
Translation probability is                 0.3000
 
Maximum displacement width for species   1in box   1  is       0.3600
 
Maximum displacement width for species   1in box   2  is      14.0000
 
Rotation probability is                    0.3000
 
The rotational width for the species     1in box   1   is      0.5236 radians
 
The rotational width for the species     1in box   2   is      3.1416 radians
 
 
  Probability for regrowth is  0.300000000000000     
 
 Cumulative probability for regrowth of species            1 is 
   1.00000000000000     
 
Probability for volume move is             0.0050
 
 Maximum volume displacement for box in GEMC_NVT simulation is
   200.000000000000     
 
 Volume moves will be performed in actual volumes
 
Probability for particle swap is           0.0950
 
Insertion will be carried out for species   1
 using the reservoir sampling
 
 Probabilties of swap for individual boxes not specified
 Defaulating to uniform probabilities
 
 ******** Box pair selection probabilities *********
 
  1    1    0.000000
  1    2    1.000000
  2    1    1.000000
  2    2    1.000000
 ***** Finished reading the move probability info *****
 Number of moves is :           5
 
 
 ***** reading CBMC info *********
 
 Writing out CBMC_Info
kappa for first bead insertion              12
kappa for rotational bias                    0
kappa for dihedral selection                12
 
Smaller cutoff for CBMC for box          1        6.50
Smaller cutoff for CBMC for box          2        6.50
 ****** finished loading CBMC_Info ********
 
Thermodynamic quantities will written at every        250 MC steps.
 
Coordinates will be written at every                 5000 MC steps.
movie header file for box      1 is              gemc_H.box1
movie_XYZ file for box         1 is              gemc_box1.xyz
movie header file for box      2 is              gemc_H.box2
movie_XYZ file for box         2 is              gemc_box2.xyz
 
The simulation will be run for                         5000 MC steps.
 
 *** Finished reading output info ******* 
 
 *********** Average Information ***************
 
 Instantaneous values will be output
 
 *********** Ending Average Section ************
 
 **** Writing property output information *****
 
 Total number of property files to be written is  for box            1
           1
 Maximumu number of properties per file is            4
 Writing the name of the property files and the corresponding property output
 
 Property file            1  is gemc.instnt_prp1.box1
 Properties output in these files are
 
 Energy_Total
 Density
 Nmols
 Volume
 
 ***** Finished writing property information ******
 
 **** Writing property output information *****
 
 Total number of property files to be written is  for box            2
           1
 Maximumu number of properties per file is            4
 Writing the name of the property files and the corresponding property output
 
 Property file            1  is gemc.instnt_prp1.box2
 Properties output in these files are
 
 Energy_Total
 Density
 Nmols
 Volume
 
 ***** Finished writing property information ******
 
 *********** Average Information ***************
 
 Instantaneous values will be output
 
 *********** Ending Average Section ************
 
 MC cutoff distance is    1.00000000000000       A
 *** Computed bond participation information ***
 species, atom, local bond nbr, global bond nbr, atom bonded            1
           1           1           1           2
 
 species, atom, local bond nbr, global bond nbr, atom bonded            1
           2           1           1           1
 species, atom, local bond nbr, global bond nbr, atom bonded            1
           2           2           2           8
 species, atom, local bond nbr, global bond nbr, atom bonded            1
           2           3           3           7
 species, atom, local bond nbr, global bond nbr, atom bonded            1
           2           4           4           3
 
 species, atom, local bond nbr, global bond nbr, atom bonded            1
           3           1           4           2
 species, atom, local bond nbr, global bond nbr, atom bonded            1
           3           2           5           4
 
 species, atom, local bond nbr, global bond nbr, atom bonded            1
           4           1           5           3
 species, atom, local bond nbr, global bond nbr, atom bonded            1
           4           2           6           5
 
 species, atom, local bond nbr, global bond nbr, atom bonded            1
           5           1           6           4
 species, atom, local bond nbr, global bond nbr, atom bonded            1
           5           2           7           6
 
 species, atom, local bond nbr, global bond nbr, atom bonded            1
           6           1           7           5
 
 species, atom, local bond nbr, global bond nbr, atom bonded            1
           7           1           3           2
 
 species, atom, local bond nbr, global bond nbr, atom bonded            1
           8           1           2           2
 
 
 
 For species           1
  Number of atoms that can be displaced           4
             Atom ID     Reference Atom ID
                   1                     2
                   6                     5
                   7                     2
                   8                     2
 
 Number of atoms in question           1
 Total number of angles           3
 Angles for this atom
           1           2           3
 Position of the atom in these dihedrals
           1           1           1
 Number of atoms in question           2
 Total number of angles           7
 Angles for this atom
           1           2           3           4           5           6
           7
 Position of the atom in these dihedrals
           2           2           2           2           2           2
           1
 Number of atoms in question           3
 Total number of angles           5
 Angles for this atom
           3           4           5           7           8
 Position of the atom in these dihedrals
           3           1           1           2           1
 Number of atoms in question           4
 Total number of angles           3
 Angles for this atom
           7           8           9
 Position of the atom in these dihedrals
           3           2           1
 Number of atoms in question           5
 Total number of angles           2
 Angles for this atom
           8           9
 Position of the atom in these dihedrals
           3           2
 Number of atoms in question           6
 Total number of angles           1
 Angles for this atom
           9
 Position of the atom in these dihedrals
           3
 Number of atoms in question           7
 Total number of angles           3
 Angles for this atom
           2           4           6
 Position of the atom in these dihedrals
           3           3           3
 Number of atoms in question           8
 Total number of angles           3
 Angles for this atom
           1           5           6
 Position of the atom in these dihedrals
           3           3           1
 Number of atoms in question           1
 Total number of dihedrals           1
 Dihedral angles for this atom
           1
 Position of the atom in angles
           1
 Number of atoms in question           2
 Total number of dihedrals           4
 Dihedral angles for this atom
           1           2           3           4
 Position of the atom in angles
           2           2           2           1
 Number of atoms in question           3
 Total number of dihedrals           5
 Dihedral angles for this atom
           1           2           3           4           5
 Position of the atom in angles
           3           3           3           2           1
 Number of atoms in question           4
 Total number of dihedrals           5
 Dihedral angles for this atom
           1           2           3           4           5
 Position of the atom in angles
           4           4           4           3           2
 Number of atoms in question           5
 Total number of dihedrals           2
 Dihedral angles for this atom
           4           5
 Position of the atom in angles
           4           3
 Number of atoms in question           6
 Total number of dihedrals           1
 Dihedral angles for this atom
           5
 Position of the atom in angles
           4
 Number of atoms in question           7
 Total number of dihedrals           1
 Dihedral angles for this atom
           2
 Position of the atom in angles
           1
 Number of atoms in question           8
 Total number of dihedrals           1
 Dihedral angles for this atom
           3
 Position of the atom in angles
           1
 information about angle           1
 the atom that is moved is           1
 atoms that change their position due to this move
           1
 the atoms is moved is           8
 atoms that change their position due to this move
           8
 information about angle           2
 the atom that is moved is           1
 atoms that change their position due to this move
           1
 the atoms is moved is           7
 atoms that change their position due to this move
           7
 information about angle           3
 the atom that is moved is           1
 atoms that change their position due to this move
           1
 the atoms is moved is           3
 atoms that change their position due to this move
           3           4           5           6
 information about angle           4
 the atom that is moved is           3
 atoms that change their position due to this move
           3           4           5           6
 the atoms is moved is           7
 atoms that change their position due to this move
           7
 information about angle           5
 the atom that is moved is           3
 atoms that change their position due to this move
           3           4           5           6
 the atoms is moved is           8
 atoms that change their position due to this move
           8
 information about angle           6
 the atom that is moved is           8
 atoms that change their position due to this move
           8
 the atoms is moved is           7
 atoms that change their position due to this move
           7
 information about angle           7
 the atom that is moved is           2
 atoms that change their position due to this move
           2           1           8           7
 the atoms is moved is           4
 atoms that change their position due to this move
           4           5           6
 information about angle           8
 the atom that is moved is           3
 atoms that change their position due to this move
           3           2           1           8           7
 the atoms is moved is           5
 atoms that change their position due to this move
           5           6
 information about angle           9
 the atom that is moved is           4
 atoms that change their position due to this move
           4           3           2           1           8           7
 the atoms is moved is           6
 atoms that change their position due to this move
           6
 
 checking for dihedral_atoms_to_place
 angle, atom1, atom2, atom3, atom4
           1           1           2           3           4
 
 natoms to place if atom 1 moves and the moving atom numbers
           3           1           8           7           0           0
           0           0           0
 natoms to place if atom 4 moves and the moving atom numbers
           3           4           5           6           0           0
           0           0           0
 
 angle, atom1, atom2, atom3, atom4
           2           7           2           3           4
 
 natoms to place if atom 1 moves and the moving atom numbers
           3           7           1           8           0           0
           0           0           0
 natoms to place if atom 4 moves and the moving atom numbers
           3           4           5           6           0           0
           0           0           0
 
 angle, atom1, atom2, atom3, atom4
           3           8           2           3           4
 
 natoms to place if atom 1 moves and the moving atom numbers
           3           8           1           7           0           0
           0           0           0
 natoms to place if atom 4 moves and the moving atom numbers
           3           4           5           6           0           0
           0           0           0
 
 angle, atom1, atom2, atom3, atom4
           4           2           3           4           5
 
 natoms to place if atom 1 moves and the moving atom numbers
           4           2           1           8           7           0
           0           0           0
 natoms to place if atom 4 moves and the moving atom numbers
           2           5           6           0           0           0
           0           0           0
 
 angle, atom1, atom2, atom3, atom4
           5           3           4           5           6
 
 natoms to place if atom 1 moves and the moving atom numbers
           5           3           2           1           8           7
           0           0           0
 natoms to place if atom 4 moves and the moving atom numbers
           1           6           0           0           0           0
           0           0           0
 
 
 ******Initial Coordinate Info **********
 
 Configurations will be read from old files
 
Starting configuration for box           1 is
 Init_Config/nvt_liq.xyz                                                        
                                          
 
Starting configuration for box           2 is
 Init_Config/nvt_vap.xyz                                                        
                                          
 
 *****Finished reading initial coordinate info *****
 
 ****** Reading Run_Type Infomraiton ******
 
 The input run type is Production
 Update frequency is         5000
 
 Update frequency for adjusting maximum volume displacement is
         100
 
 ******* Finished reading run type information ******
starting type read_old                                                                                                                

 Configurations read successfully
 #********Charge Neutrality Check*********#
Species            1    has charge                0.0000
Box                1    has charge                0.00000000
Box                2    has charge                0.00000000
 #********Charge Neutrality Check*********#
 *****************************************
  Starting energy components for box           1
 *****************************************
Total system energy is                 165195.637
Intra molecular energy is              656672.469
Bond energy is                              0.000
Bond angle energy is                   228531.704
Dihedral angle energy is               428140.764
Improper angle energy is                    0.000
Intra nonbond vdw is                    81946.958
Intra nonbond elec is                       0.000
Inter molecule vdw is                 -551240.860
Long range correction is               -22182.929
Inter molecule q is                         0.000
Reciprocal ewald is                         0.000
Self ewald is                               0.000
 *******************************************
 *****************************************
  Starting energy components for box           2
 *****************************************
Total system energy is                 313867.436
Intra molecular energy is              285910.449
Bond energy is                              0.000
Bond angle energy is                   123253.506
Dihedral angle energy is               162656.943
Improper angle energy is                    0.000
Intra nonbond vdw is                    29414.978
Intra nonbond elec is                       0.000
Inter molecule vdw is                   -1413.804
Long range correction is                  -44.188
Inter molecule q is                         0.000
Reciprocal ewald is                         0.000
Self ewald is                               0.000
 *******************************************
 *********** Ending simulation *****************
 
 
 ***** Insertion efficienty *****************
 Total number of insertions for species           1 is         244
 Successful insertions           1
 
 Total number of insertions for species           1 is         227
 Successful insertions          10
 
 ***** Deletion efficienty *****************
 Total number of deletions for species           1 is         227
 Successful deletions          10
 
 Total number of deletions for species           1 is         244
 Successful deletions           1
 
 ********************************************************
 *            Energy of box1*
 ********************************************************
Total system energy is                -114298.656
Intra molecular energy is              430786.303
Bond energy is                              0.000
Bond angle energy is                   230341.803
Dihedral angle energy is               200444.500
Intra nonbond vdw is                   -24971.770
Intra nonbond elec is                       0.000
Inter molecule vdw is                 -499895.070
Long range correction is               -20218.119
Inter molecule q is                         0.000
Reciprocal ewald is                         0.000
Self ewald is                               0.000
 **************************************************
 
 
 ************* Components of energy from total energy call*******
Total system energy is                -114298.656
Intra molecular energy is              430786.303
Bond energy is                              0.000
Bond angle energy is                   230341.803
Dihedral angle energy is               200444.500
Intra nonbond vdw is                   -24971.770
Intra nonbond elec is                       0.000
Inter molecule vdw is                 -499895.070
Long range correction is               -20218.119
Inter molecule q is                         0.000
Reciprocal ewald is                         0.000
Self ewald is                               0.000
 **************************************************
 
 ********************************************************
 *            Energy of box2*
 ********************************************************
Total system energy is                 193791.810
Intra molecular energy is              219504.102
Bond energy is                              0.000
Bond angle energy is                   137787.169
Dihedral angle energy is                81716.933
Intra nonbond vdw is                   -23260.672
Intra nonbond elec is                       0.000
Inter molecule vdw is                   -2399.121
Long range correction is                  -52.500
Inter molecule q is                         0.000
Reciprocal ewald is                         0.000
Self ewald is                               0.000
 **************************************************
 
 
 ************* Components of energy from total energy call*******
Total system energy is                 193791.810
Intra molecular energy is              219504.102
Bond energy is                              0.000
Bond angle energy is                   137787.169
Dihedral angle energy is                81716.933
Intra nonbond vdw is                   -23260.672
Intra nonbond elec is                       0.000
Inter molecule vdw is                   -2399.121
Long range correction is                  -52.500
Inter molecule q is                         0.000
Reciprocal ewald is                         0.000
Self ewald is                               0.000
 **************************************************
 
 
 
  Writing information for box           1
  *********************************************
 
                Move      Trials     Success
              Volume          17          16
 
  ******************************************
  Writing information for species           1
 
                Move      Trials     Success   % Success
           Translate         951         443       46.58
              Rotate         980         424       43.27
               Angle           0           0         NaN
            Dihedral           0           0         NaN
           Insertion         244           1        0.41
            Deletion         227          10        4.41
   Atom Displacement           0           0         NaN
 **************************************
  Writing information for box           2
  *********************************************
 
                Move      Trials     Success
              Volume          17          16
 
  ******************************************
  Writing information for species           1
 
                Move      Trials     Success   % Success
           Translate         580         524       90.34
              Rotate         487         467       95.89
               Angle           0           0         NaN
            Dihedral           0           0         NaN
           Insertion         227          10        4.41
            Deletion         244           1        0.41
   Atom Displacement           0           0         NaN
 **************************************
 Writing information about fragments
 
 *************************************
 Writing information for species           1
  Fragment      Trials     Success
         1         495         441
         2         491         326
         3         528         273
         4           0           0
 *********************************
 *********** Ending simulation *****************
 
 
 
 Writing information about subroutine times
 
 ******************************************
 
 Translation time =            0.806887secs.
 Rotation time =               0.860854secs.
 Volume change time =          1.427785secs.
 Swap time =                   1.234806secs.
 Regrowth time =               4.617310secs.
 ********************************************
 
 
 Program execution time
         0      Years
         0     Months
         0       Days
         0      Hours
         0    Minutes
        14    Seconds
       518         ms
