************** Beginning Cassandra simulation **************
Version Cassandra 1.0                                                                                                           

inputfile nvt.inp                                                                                                                 

name of run: nvt.out

  Month      Day      Year
     09       09      2015
 
 Time:  10:12:13
 
machine: cannon


Simulation type: NVT_MC              

 
 **** Copying Inputfile ****** 
 
 # Run_Name
 nvt.out
 
 # Sim_Type
 NVT_MC
 
 # Nbr_Species
 1
 
 # VDW_Style
 LJ cut_tail 14.0
 
 # Charge_Style
 coul Ewald 14.0 0.000001
 
 # Intra_Scaling
 0.0 0.0 0.0 1.0
 0.0 0.0 0.0 1.0
 
 # Mixing_Rule
 LB
 
 # Seed_Info
 151 9352
 
 # Rcutoff_Low
 2.0
 
 # Molecule_Files
 dme.mcf 300
 
 # Box_Info
 1
 CUBIC
 33.65404426
 
 # Temperature_Info
 329.0
 
 # Move_Probability_Info
 
 # Prob_Translation
 0.333333
 1.00
 
 # Prob_Rotation
 0.333333
 38.0
 
 # Prob_Regrowth
 0.333334
 1.0
 
 # Done_Probability_Info
 
 # Start_Type
 read_old
 nvt.inp.xyz
 
 # Run_Type
 Production   6667  100
 
 # Average_Info
 1
 
 # Simulation_Length_Info
 Units        Steps
 Prop_Freq    3000
 Coord_Freq   3000
 MCsteps      30000
 # Done_Simulation_Length_Info
 
 # Property_Info 1
 Energy_Total
 Pressure
 Volume
 Density
 
 # Fragment_Files
 species1/frag1/frag1.dat  1
 
 # CBMC_Info
 kappa_ins 12
 kappa_rot 0
 kappa_dih 10
 rcut_cbmc 6.5
 
 END
 
 **** Finished writing input file *******
 Number of species simulated:      1

 *** Simulation box data ***
number of simulation boxes     1
 
Box number      1       Box Shape:      Cubic 
Each Side Of :        33.6540     Angstrom
 
Cell basis vector lengths in A,     33.6540      33.6540      33.6540
Cosine of angles alpha, beta, gamma     0.0000       0.0000       0.0000
Distance between box faces    33.6540      33.6540      33.6540
Box volume, A^3         38116.3920
 
 *** Finished loading box information ***
 
   VDW style used is:   LJ             in box:  1
   VDW sum style is:   cut_tail       in box:  1
    rcut =    14.000   Angstrom
 VDW style properly input
 
   Charge style used is:   coul           in box:  1
    Charge sum style is   Ewald          in box:  1
    Ewald real space cutoff is  14.000 Angstroms.
  Ewald real space parameter is   0.265 inverse Angstroms
    Ewald reciprocal cutoff is  1.9736 inverse Angstroms
 Charge style properly input
 
Lorentz-Berthelot mixing rule specified
 
 Pair interaction energy arrays will not be stored
 Energy calculations will be done in a standard way
 
 
 Reading molecular connectivity information
 Species:            1
 Molecular connectivity file: 
 dme.mcf                                                                        
                                          
   3 atom(s) specified.
   2 bond(s) specified.
   1 angle(s) specified.
   0 dihedral(s) specified.
   0 improper(s) specified.
   1 fragments specified.
   0  fragment bonds specified.
 
Species  Nbr molecules
-------  -------------
     1            300
 
L_Coul_CBMC not given for species    1
 Defaulting to true
 default  T
 
1st_Fragment_Ins_Style not specified for species    1
using default of "COM" for this species.
Species and atom number   1   1
 atom name:             CH3_s1
 element:               C3
 mass:                     15.0340
 charge:                    0.2500
 vdw type:              LJ                  
 Epsilon / kB in K:        98.0000
 Sigma in A:                3.7500
 
Species and atom number   1   2
 atom name:             O_s1  
 element:               O 
 mass:                     15.9990
 charge:                   -0.5000
 vdw type:              LJ                  
 Epsilon / kB in K:        55.0000
 Sigma in A:                2.8000
 
Species and atom number   1   3
 atom name:             CH3_s1
 element:               C3
 mass:                     15.0340
 charge:                    0.2500
 vdw type:              LJ                  
 Epsilon / kB in K:        98.0000
 Sigma in A:                3.7500
 
Total number of ring atoms in species     1    0
Total number of exo atoms in species      1    3
 Atom ids for ring atoms
 Atom ids for exo atoms           1           2           3
 *** Completed assigning atom info ***
 
Species and bond number   1   1
 atom1:                   1
 atom2:                   2
 bond type:             fixed               
Bond fixed between atoms:      1      2 in species   1
Fixed bond length, in A:    1.4100
 
Species and bond number   1   2
 atom1:                   2
 atom2:                   3
 bond type:             fixed               
Bond fixed between atoms:      2      3 in species   1
Fixed bond length, in A:    1.4100
 
 *** Completed assigning bond info ***
 
Species and angle number  1   1
 atom1:                   1
 atom2:                   2
 atom3:                   3
 angle type:            harmonic            
 K_angle in K/rad^2:    30200.0000
 theta0 in degrees:       112.0000
 
 
Molecule    1  is NOT defined to be linear
 
 *** Completed assigning angle info ***
 
 No dihedrals in species            1
 *** Completed assigning dihedral info ***
 
 No impropers in species            1
 *** Completed assigning improper info ***
 
 
Total number of atoms in the fragment     1  is   3
Identity of these atoms are
           2           1           3
 
 ******* Finished loading fragment info ********
 
 ******* Generating anchor info ****************
 
 Number of anchors for fragment     1  is   1
Anchor id is:    2
 Fragment file for fragment 1 is
 species1/frag1/frag1.dat                                                       
                                          
 Fragment type           1
 
 Maximum configurations stored      100000
 
 
 Finished loading fragment coordinates from
 species1/frag1/frag1.dat                                                       
                                          
 
 intramolecular scaling factors explicitly set
Intra molecule scaling factors for species             1
VDW 1-2 scaling factor         0.000
VDW 1-3 scaling factor         0.000
VDW 1-4 scaling factor         0.000
VDW 1-N scaling factor         1.000
Coulomb 1-2 scaling factor     0.000
Coulomb 1-3 scaling factor     0.000
Coulomb 1-4 scaling factor     0.000
Coulomb 1-N scaling factor     1.000
 
 
 *** Completed assigning intramolecular scaling factors ***
 
  There are 2 different atom types in the system 
     1  CH3_s1
     2  O_s1  
 
 
species number and name:  1   dme.mcf                                                                                                                 
 Name      number
 ------    ------
CH3_s1      1
O_s1        2
CH3_s1      1
 
 
 *** Creating VDW interaction table ***
Mixing rule used is:    LB             
 
Atom 1     Atom 2  epsilon (amu A^2/ps^2)        sigma (A)
CH3_s1     CH3_s1     81.4818                        3.7500
CH3_s1     O_s1       61.0420                        3.2750
O_s1       CH3_s1     61.0420                        3.2750
O_s1       O_s1       45.7296                        2.8000
 
 *** Completed construction of VDW interaction table ***
 
 
 *** Creating exclusion table ***
 
     species   atom1      atom2  vdw scale q-q scale
         1         1         1     0.000     0.000
         1         1         2     0.000     0.000
         1         1         3     0.000     0.000
         1         2         1     0.000     0.000
         1         2         2     0.000     0.000
         1         2         3     0.000     0.000
         1         3         1     0.000     0.000
         1         3         2     0.000     0.000
         1         3         3     0.000     0.000
 
 *** Completed construction of exclusion table ***
 
 
 ***** Reading seed info *********
 
 The starting seed s1 is:    153587801
 
 ****** Finished loading the seed ********
 
 **** Simulation temperature information ****
  Temperature assigned to box     1  is  329.000    K
 
 *** Finished loading information for temperature ****
 
 
 ********* Move Probability Info******
    Translation probability is   0.333333
 
Maximum displacement width for species   1 in box  1  is      1.00000
 
       Rotation probability is   0.333333
 
The rotational width for the species     1 in box  1   is      0.6632 radians
 
 
   Probability for regrowth is   0.333334
 
   Cumulative probability for regrowth of species     1  is   1.000000
 ***** Finished reading the move probability info *****
Number of moves is :   3
 
 
 ***** reading CBMC info *********
 
 Writing out CBMC_Info
kappa for first bead insertion              12
kappa for rotational bias                    0
kappa for dihedral selection                10
 
Smaller cutoff for CBMC for box          1        6.50
 ****** finished loading CBMC_Info ********
 
Thermodynamic quantities will written at every       3000 MC steps.
 
Coordinates will be written at every                 3000 MC steps.
 
movie header file for box    1 is      nvt.out.box1.H
movie_XYZ file for box       1 is      nvt.out.box1.xyz
 
The simulation will be run for                        30000 MC steps.
 
 *** Finished Reading Simulation Length Info ******* 
 
 *********** Average Information ***************
 
 Instantaneous values will be output
 
 *********** Ending Average Section ************
 
 **** Writing property output information *****
 
Total number of property files to be written is     1   for box 1
 Maximum number of properties per file is    5
 Writing the name of the property files and the corresponding property output
 
 Property file    1   is  nvt.out.box1.prp1
 Properties output in these files are
 
 Energy_Total
 Pressure
 Volume
 Density
 
 ***** Finished writing property information ******
 
MC low cutoff distance is   2.000    Angstrom
 
 *** Computed bond participation information ***
 species, atom, local bond nbr, global bond nbr, atom bonded 
    1         1       1            1                 2
 
 species, atom, local bond nbr, global bond nbr, atom bonded 
    1         2       1            1                 1
 species, atom, local bond nbr, global bond nbr, atom bonded 
    1         2       2            2                 3
 
 species, atom, local bond nbr, global bond nbr, atom bonded 
    1         3       1            2                 2
 
 
 
 For species           1
  Number of atoms that can be displaced           2
             Atom ID     Reference Atom ID
                   1                     2
                   3                     2
 
 Number of atom in question           1
 Total number of angles           1
 Angles for this atom
           1
 Position of the atom in angles
           1
 Number of atom in question           2
 Total number of angles           1
 Angles for this atom
           1
 Position of the atom in angles
           2
 Number of atom in question           3
 Total number of angles           1
 Angles for this atom
           1
 Position of the atom in angles
           3
 Number of atom in question           1
 Total number of dihedrals           0
 Dihedral angles for this atom
 
 Position of the atom in dihedrals
 
 Number of atom in question           2
 Total number of dihedrals           0
 Dihedral angles for this atom
 
 Position of the atom in dihedrals
 
 Number of atom in question           3
 Total number of dihedrals           0
 Dihedral angles for this atom
 
 Position of the atom in dihedrals
 
 information about angle           1
 the atom that is moved is           1
 atoms that change their position due to this move
           1
 the atoms is moved is           3
 atoms that change their position due to this move
           3
 
 checking for dihedral_atoms_to_place
 
 ******Initial Coordinate Info **********
 
 Configurations will be read from old files
 
Starting configuration for box           1 is
 nvt.inp.xyz                                                                    
                                          
 
 *****Finished reading initial coordinate info *****
 
 ****** Reading Run_Type Information ******
 
 The input run type is Production
 Update frequency is         6667
 
 ******* Finished reading run type information ******
starting type read_old                                                                                                                

 Configurations read successfully
 ***************** Charge Neutrality Check *****************
 Species           1    has charge                0.00000000
 Box               1    has charge                0.00000000
 
 ***************** Charge Neutrality Check *****************
 ***********************************************************
   Starting energy components for box   1
  Atomic units-Extensive
 
 Total system energy is               -410961.742
 Intra molecular energy is              44964.930
 Bond energy is                             0.000
 Bond angle energy is                   44964.930
 Dihedral angle energy is                   0.000
 Improper angle energy is                   0.000
 Intra nonbond vdw is                       0.000
 Intra nonbond elec is                2290185.665
 Inter molecule vdw is                -347362.727
 Long range correction is               -8863.660
 Inter molecule q is                   -70374.710
 Reciprocal ewald is                    21729.701
 Self ewald is                       -2341240.942
 Number of vectors is                        2646
 ***********************************************************
 
 
Success ratio, translation of species   1 in box 1 :  0.20039
 
Success ratio, rotation of species   1 in box 1 :  0.61512
******************** END OF SIMULATION ********************
 
 
 ***********************************************************
 Ending energy components for box   1
  Atomic units-Extensive
 -----------------------------------------------------------
 Total system energy is               -401979.460
 Intra molecular energy is              44398.667
 Bond energy is                             0.000
 Angle energy is                        44398.667
 Dihedral energy is                         0.000
 Improper angle energy is                   0.000
 Intra nonbond vdw is                       0.000
 Intra nonbond elec is                2290322.949
 Inter molecule vdw is                -338107.187
 Long range correction is               -8863.660
 Inter molecule q is                   -72113.155
 Reciprocal ewald is                    23623.867
 Self ewald is                       -2341240.942
 ***********************************************************
 
 
 ***********************************************************
 Energy components from total energy call for box   1
  Atomic units-Extensive
 -----------------------------------------------------------
 Total system energy is               -401979.460
 Intra molecular energy is              44398.667
 Bond energy is                             0.000
 Angle energy is                        44398.667
 Dihedral energy is                         0.000
 Improper angle energy is                   0.000
 Intra nonbond vdw is                       0.000
 Intra nonbond elec is                2290322.949
 Inter molecule vdw is                -338107.187
 Long range correction is               -8863.660
 Inter molecule q is                   -72113.155
 Reciprocal ewald is                    23623.867
 Self ewald is                       -2341240.942
 ***********************************************************
 
 
 Writing information for box  1
 ***********************************************************
 
 
 ***********************************************************
 Writing information for species  1
 
                Move      Trials     Success   % Success
           Translate       10138        2036       20.08
              Rotate       10046        6179       61.51
 ***********************************************************
 
 Writing information about fragments
 
 ***********************************************************
 Writing information for species  1
         # Fragments      Trials     Success   % Success
                   1        9816        1016       10.35
 ***********************************************************
 
 Writing information about subroutine times
 
 ***********************************************************
 
 Translation time =           43.882751 secs.
 Rotation time =              42.810654 secs.
 Regrowth time =              42.994702 secs.
 ***********************************************************
 
 
 Program execution time
         0      Years
         0     Months
         0       Days
         0      Hours
         2    Minutes
        19    Seconds
       596         ms
