************** Beginning Cassandra simulation **************
Version Cassandra Development Version                                                                                           

inputfile nvt.inp                                                                                                                 

name of run: nvt.out

  Month      Day      Year
     05       12      2016
 
 Time:  21:49:09
 
machine: maginnfe.crc.nd.edu


Simulation type: NVT_MC              

 Verbosity output to logfile set to  F
 
 **** Copying Inputfile ****** 
 
 # Run_Name
 nvt.out
 
 # Sim_Type
 NVT_MC
 
 # Nbr_Species
 1
 
 # VDW_Style
 LJ cut_tail 7.0
 
 # Charge_Style
 coul Ewald 7.0 0.000001
 
 # Intra_Scaling
 0.0 0.0 0.0 1.0
 0.0 0.0 0.0 1.0
 
 # Mixing_Rule
 LB
 
 # Seed_Info
 21498 489625
 
 # Rcutoff_Low
 0.85
 
 # Molecule_Files
 spc.mcf 90
 
 # Box_Info
 1
 CUBIC
 14.02
 
 # Temperature_Info
 300.0
 
 # Pressure_Info
 1.0
 
 # Move_Probability_Info
 
 # Prob_Translation
 90
 1.00
 
 # Prob_Rotation
 90
 38.0
 
 # Done_Probability_Info
 
 # Start_Type
 checkpoint nvt.inp.chk
 
 # Run_Type
 Production   900
 
 
 # Average_Info
 1
 
 # Simulation_Length_Info
 Units        Sweeps
 Prop_Freq    10
 Coord_Freq   10
 MCsteps      100
 # Done_Simulation_Length_Info
 
 # Property_Info 1
 Energy_Total
 Pressure
 
 # Fragment_Files
 species1/frag1/frag1.dat  1
 
 # CBMC_Info
 kappa_ins 12
 kappa_rot 0
 kappa_dih 10
 rcut_cbmc 6.5
 
 END
 
 **** Finished writing input file *******
 Number of species simulated:      1

 *** Simulation box data ***
number of simulation boxes     1
 
Box number      1       Box Shape:      Cubic 
Each Side Of :        14.0200     Angstrom
 
Cell basis vector lengths in A,     14.0200      14.0200      14.0200
Cosine of angles alpha, beta, gamma     0.0000       0.0000       0.0000
Distance between box faces    14.0200      14.0200      14.0200
Box volume, A^3          2755.7768
 
 *** Finished loading box information ***
 
   VDW style used is:   LJ             in box:  1
   VDW sum style is:   cut_tail       in box:  1
    rcut =     7.000   Angstrom
 
   Charge style used is:   coul           in box:  1
    Charge sum style is   Ewald          in box:  1
    Ewald real space cutoff is   7.000 Angstroms.
  Ewald real space parameter is   0.531 inverse Angstroms
    Ewald reciprocal cutoff is  3.9473 inverse Angstroms
 Charge style properly input
 
Lorentz-Berthelot mixing rule specified
 
 Pair interaction energy arrays will not be stored
 Energy calculations will be done in a standard way
 
 
 Reading molecular connectivity information
 Species:            1
 Molecular connectivity file: 
 spc.mcf                                                                        
                                          
   3 atom(s) specified.
   2 bond(s) specified.
   1 angle(s) specified.
   0 dihedral(s) specified.
   0 improper(s) specified.
   1 fragments specified.
   0  fragment bonds specified.
 
Species  Nbr molecules
-------  -------------
     1             90
 
L_Coul_CBMC not given for species    1
 Defaulting to  T
 
1st_Fragment_Ins_Style not specified for species    1
using default of "COM" for this species.
 *** Completed assigning atom info ***
 
 *** Completed assigning bond info ***
 
 
 *** Completed assigning angle info ***
 
 *** Completed assigning dihedral info ***
 
 *** Completed assigning improper info ***
 
 
Total number of atoms in the fragment     1  is   3
 
 ******* Finished loading fragment info ********
 
 Fragment file for fragment 1 is
 species1/frag1/frag1.dat                                                       
                                          
 
 library_coords array successfully allocated
 
 
 Finished loading fragment coordinates from
 species1/frag1/frag1.dat                                                       
                                          
 
 intramolecular scaling factors explicitly set
Intra molecule scaling factors for species             1
VDW 1-2 scaling factor         0.000
VDW 1-3 scaling factor         0.000
VDW 1-4 scaling factor         0.000
VDW 1-N scaling factor         1.000
Coulomb 1-2 scaling factor     0.000
Coulomb 1-3 scaling factor     0.000
Coulomb 1-4 scaling factor     0.000
Coulomb 1-N scaling factor     1.000
 
 
 *** Completed assigning intramolecular scaling factors ***
 
 
 ********** Start Type Info **********
 
 Starting configuration will be read from checkpoint file
 nvt.inp.chk                                                                    
                                          
 
 *****Finished reading initial coordinate info *****
 
 Seed will be read from a checkpoint file
 
 **** Simulation temperature information ****
  Temperature assigned to box     1  is  300.000    K
 
 *** Finished loading information for temperature ****
 
 
 ********* Move Probability Info******
    Translation probability is     90.000000
 
Maximum displacement width for species   1 in box  1  is      1.00000
 
       Rotation probability is     90.000000
 
The rotational width for the species     1 in box  1   is      0.6632 radians
 
 ***** Finished reading the move probability info *****
Number of moves is :   2
 
 Move probabilities do not sum to 1.0
Dividing each probability by   180.000000
 
 ***** reading CBMC info *********
 
 Writing out CBMC_Info
kappa for first bead insertion              12
Orientational bias not supported.            0tations is set to 
kappa for dihedral selection                10
 
Smaller cutoff for CBMC for box          1        6.50
 ****** finished loading CBMC_Info ********
 
Thermodynamic quantities will written every          1800 MC steps.
 
Coordinates will be written every                    1800 MC steps.
 
movie header file for box    1 is      nvt.out.box1.H
movie_XYZ file for box       1 is      nvt.out.box1.xyz
 
The simulation will be run for                        18000 MC steps.
 
 *** Finished Reading Simulation Length Info ******* 
 
 *********** Average Information ***************
 
 Instantaneous values will be output
 
 *********** Ending Average Section ************
 
 **** Writing property output information *****
 
Total number of property files to be written is     1   for box 1
 Maximum number of properties per file is    3
 Writing the name of the property files and the corresponding property output
 
 Property file    1   is  nvt.out.box1.prp1
 Properties output in these files are
 
 Energy_Total
 Pressure
 
 ***** Finished writing property information ******
 
MC low cutoff distance is   0.850    Angstrom
 
 
 ****** Reading Run_Type Information ******
 
 The input run type is Production
 Update frequency is          900
 
 ******* Finished reading run type information ******
 Move info read successfully
 Number of mc steps read successfully
 Box info read successfully
 Seed info read successfully
 Number of molecules read successfully
 Configuration read successfully
 ***************** Charge Neutrality Check *****************
 Species           1    has charge                0.00000000
 
 Box               1    has charge                0.00000000
 ***************** Charge Neutrality Check *****************
 ***********************************************************
   Starting energy components for box   1
  Atomic units-Extensive
 -----------------------------------------------------------
 Total system energy is               -363093.720
 Intra molecular energy is                  0.000
 Bond energy is                             0.000
 Bond angle energy is                       0.000
 Dihedral angle energy is                   0.000
 Improper angle energy is                   0.000
 Intra molecule vdw is                      0.000
 Intra molecule q is                        0.000
 Inter molecule vdw is                  66660.664
 Long range correction is               -4687.393
 Inter molecule q is                  3321988.633
 Reciprocal ewald is                    31145.359
 Self ewald is                       -3778200.983
 Number of vectors is                        1568
 ***********************************************************
 
 
Success ratio, rotation of species   1 in box 1 :  0.38368
 
Success ratio, translation of species   1 in box 1 :  0.02094
 
Success ratio, rotation of species   1 in box 1 :  0.38371
 
Success ratio, translation of species   1 in box 1 :  0.02085
 
Success ratio, rotation of species   1 in box 1 :  0.38345
 
Success ratio, translation of species   1 in box 1 :  0.02082
 
Success ratio, rotation of species   1 in box 1 :  0.38317
 
Success ratio, translation of species   1 in box 1 :  0.02081
 
Success ratio, rotation of species   1 in box 1 :  0.38311
 
Success ratio, translation of species   1 in box 1 :  0.02081
 
Success ratio, rotation of species   1 in box 1 :  0.38269
 
Success ratio, translation of species   1 in box 1 :  0.02071
 
Success ratio, rotation of species   1 in box 1 :  0.38248
 
Success ratio, translation of species   1 in box 1 :  0.02063
 
Success ratio, rotation of species   1 in box 1 :  0.38239
 
Success ratio, translation of species   1 in box 1 :  0.02055
 
Success ratio, rotation of species   1 in box 1 :  0.38222
 
Success ratio, translation of species   1 in box 1 :  0.02049
 
Success ratio, rotation of species   1 in box 1 :  0.38191
 
Success ratio, translation of species   1 in box 1 :  0.02041
******************** END OF SIMULATION ********************
 
 
 ***********************************************************
 Ending energy components for box   1
  Atomic units-Extensive
 -----------------------------------------------------------
 Total system energy is               -370996.202
 Intra molecular energy is                  0.000
 Bond energy is                             0.000
 Angle energy is                            0.000
 Dihedral energy is                         0.000
 Improper angle energy is                   0.000
 Intra molecule vdw is                      0.000
 Intra molecule q is                        0.000
 Inter molecule vdw is                  74090.672
 Long range correction is               -4687.393
 Inter molecule q is                  3308912.813
 Reciprocal ewald is                    28888.689
 Self ewald is                       -3778200.983
 ***********************************************************
 
 
 ***********************************************************
 Energy components from total energy call for box   1
  Atomic units-Extensive
 -----------------------------------------------------------
 Total system energy is               -370996.202
 Intra molecular energy is                  0.000
 Bond energy is                             0.000
 Angle energy is                            0.000
 Dihedral energy is                         0.000
 Improper angle energy is                   0.000
 Intra molecule vdw is                      0.000
 Intra molecule q is                        0.000
 Inter molecule vdw is                  74090.672
 Long range correction is               -4687.393
 Inter molecule q is                  3308912.813
 Reciprocal ewald is                    28888.689
 Self ewald is                       -3778200.983
 ***********************************************************
 
 
 Writing information for box  1
 ***********************************************************
 
   ---------------------------------------------------------
   Writing information for species  1
 
                Move      Trials     Success   % Success
           Translate       99406        2028        2.04
              Rotate       98594       37639       38.18
   ---------------------------------------------------------
 
 ***********************************************************
 
 Writing information about subroutine times
 
 ***********************************************************
 
 Translation time =            6.489160 secs.
 Rotation time =               6.641703 secs.
 ***********************************************************
 
 
 Program execution time
         0      Years
         0     Months
         0       Days
         0      Hours
         0    Minutes
        14    Seconds
       289         ms
