Run info
********************************************************************************
version: Cassandra Development Version
inputfile: /afs/crc.nd.edu/user/e/emarinri/Git/Cassandra/Examples/GEMC/Cyclohexane/gemc_cyclohexane.inp
name of run: gemc_cyclohexane.out
date (mm/dd/yyyy): 06/22/2016
time: 17:58:23
machine: maginnfe.crc.nd.edu
********************************************************************************

Verbose log
********************************************************************************
Normal output to logfile
********************************************************************************

Simulation type
********************************************************************************
GEMC                
********************************************************************************

Copy input file
********************************************************************************
 
 # Run_Name
 gemc_cyclohexane.out
 
 # Sim_Type
 gemc
 
 # Nbr_Species
 1
 
 # VDW_Style
 lj   cut_tail   14.00
 lj   cut_tail   30.00
 
 # Rcutoff_Low
 1.0
 
 # Molecule_Files
 cyclohexane.mcf 300
 
 # Box_Info
 2
 cubic
 38.0
 
 cubic
 81.81
 
 # Temperature_Info
 403.0
 403.0
 
 # Move_Probability_Info
 
 # Prob_Translation
 0.30
 0.50
 14.0
 
 # Prob_Rotation
 0.30
 30.0
 180.0
 
 # Prob_Regrowth
 0.30
 1.0
 
 # Prob_Volume
 0.005
 200.0
 
 # Prob_Swap
 0.095
 cbmc
 
 # Done_Probability_Info
 
 # Start_Type
 make_config 250
 make_config 50
 
 # Run_Type
 equilibration 100 100
 
 
 # Simulation_Length_Info
 units       steps
 prop_freq   100
 coord_freq  2200
 run         2200
 
 # Seed
 1216131725 1216131726
 
 # Property_Info 1
 Energy_Total
 Density
 Nmols
 Volume
 Pressure
 
 # Property_Info 2
 Energy_Total
 Density
 Nmols
 Volume
 Pressure
 
 # CBMC_Info
 kappa_ins 12
 rcut_cbmc 6.5  6.5
 
 # Pair_Energy
 TRUE
 
 # Fragment_Files
 species1/frag1/frag1.dat  1
 
 END
********************************************************************************

Number of species
********************************************************************************
1
********************************************************************************

Box info
********************************************************************************
Number of simulation boxes     2
Box 1 is cubic               
 Each Side Of :       38.0000     Angstrom
 Cell basis vector lengths in A,     38.0000      38.0000      38.0000
 Cosine of angles alpha, beta, gamma     0.0000       0.0000       0.0000
 Distance between box faces    38.0000      38.0000      38.0000
 Box volume, A^3         54872.0000
Box 2 is cubic               
 Each Side Of :       81.8100     Angstrom
 Cell basis vector lengths in A,     81.8100      81.8100      81.8100
 Cosine of angles alpha, beta, gamma     0.0000       0.0000       0.0000
 Distance between box faces    81.8100      81.8100      81.8100
 Box volume, A^3        547544.1937
********************************************************************************

Pair style
********************************************************************************
VDW style used is:   LJ             in box:  1
 VDW sum style is:   cut_tail       in box:  1
 rcut =    14.000   Angstrom
VDW style used is:   LJ             in box:  2
 VDW sum style is:   cut_tail       in box:  2
 rcut =    30.000   Angstrom
Section "# Charge_Style" is missing from the input file
 By default, charge style for box 1 is NONE
 By default, charge style for box 2 is NONE
Pair interaction energy array storage enabled
Section "# Mixing_Rule" is missing from the input file
 By default, using Lorentz-Berthelot
********************************************************************************

Molecule info
********************************************************************************
 Reading molecular connectivity information
 Species:            1
 Molecular connectivity file: cyclohexane.mcf                                                                                                         
   6 atom(s) specified.
   6 bond(s) specified.
   6 angle(s) specified.
   6 dihedral(s) specified.
   1 fragment(s) specified.
   0 improper(s) specified.
   1 fragment(s) specified.
   0 fragment bond(s) specified.

 Species  Max molecules
 -------  -------------
      1            300

 Species     1
 -------------------------------------------------------------------------------
 Atom parameters read
 Bond parameters read
 Angle parameters read
 Dihedral parameters read
 Improper parameters read
 Intra molecule scaling factors for species            1
  VDW 1-2 scaling factor       0.000
  VDW 1-3 scaling factor       0.000
  VDW 1-4 scaling factor       0.000
  VDW 1-N scaling factor       1.000
 Total number of atoms in fragment     1  is   6
 Fragment info read
 Fragment file for fragment 1 is species1/frag1/frag1.dat
 -------------------------------------------------------------------------------

 Fragment coord info
 -------------------------------------------------------------------------------
 library_coords array successfully allocated
 Finished loading fragment coordinates from
 species1/frag1/frag1.dat
 -------------------------------------------------------------------------------
********************************************************************************

Nonbond tables
********************************************************************************
 ********************************************************************************

Start type
********************************************************************************
Initial configuration for box 1 will be made
 Will insert     250  molecules of species   1
Initial configuration for box 2 will be made
 Will insert      50  molecules of species   1
********************************************************************************

Seed info
********************************************************************************
The starting seeds are:   1216131725   1216131726
********************************************************************************

Temperature
********************************************************************************
Temperature of box 1 is 403.000 K
Temperature of box 2 is 403.000 K
********************************************************************************

Move probabilities
********************************************************************************
Probability for translation                0.300000
 Maximum displacement width for species  1 in box  1  is      0.50000
 Maximum displacement width for species  1 in box  2  is     14.00000
Probability for rotation                   0.300000
 The rotational width for the species    1 in box  1   is      0.5236 radians
 The rotational width for the species    1 in box  2   is      3.1416 radians
Probability for regrowth                   0.300000
 Cumulative probability for regrowth of species     1  is   1.000000
Probability for volume move                0.005000
 Maximum volume displacement is    200.000
 Volume moves will be performed in actual volumes
Probability for particle swap              0.095000
 Species 1 will be inserted using CBMC
 Number of insertable species is    1
  By default, box_out will be selected according to its mole fraction
  By default, box_in will be selected with uniform probability
  By default, species will be selected according to its mole fraction in box_out
Number of moves is :   5
********************************************************************************

CBMC info
********************************************************************************
Kappa for first fragment insertion          12
 Cutoff for CBMC for box 1 is         6.50
 Cutoff for CBMC for box 2 is         6.50
********************************************************************************

Simulation length info
********************************************************************************
Thermodynamic quantities will be computed every       100 Steps     
Coordinates will be written every                    2200 Steps     
 movie header file for box   1 is      gemc_cyclohexane.out.box1.H
 movie_XYZ file for box      1 is      gemc_cyclohexane.out.box1.xyz
 movie header file for box   2 is      gemc_cyclohexane.out.box2.H
 movie_XYZ file for box      2 is      gemc_cyclohexane.out.box2.xyz
The simulation will be run for                       2200 Steps     
Instantaneous values will be written every            100 Steps     
********************************************************************************

Property info
********************************************************************************
Total number of property files to be written is     1   for box 1
 Maximum number of properties per file is    5
 Writing the name of the property files and the corresponding property output
 Property file    1   is  gemc_cyclohexane.out.box1.prp
 Properties output in these files are
 Energy_Total
 Density
 Nmols
 Volume
 Pressure
Total number of property files to be written is     1   for box 2
 Maximum number of properties per file is    5
 Writing the name of the property files and the corresponding property output
 Property file    1   is  gemc_cyclohexane.out.box2.prp
 Properties output in these files are
 Energy_Total
 Density
 Nmols
 Volume
 Pressure
********************************************************************************

Minimum distance cutoff
********************************************************************************
MC low cutoff distance is   1.000    Angstrom
********************************************************************************

Run type
********************************************************************************
 The input run type is equilibration
 Update frequency is          100
 Update frequency for adjusting maximum volume displacement is
         100
********************************************************************************

********************************************************************************
************************ Begin Cassandra simulation ****************************
********************************************************************************

Initial configuration
********************************************************************************
 Inserting          250 molecules of species            1
 Inserting           50 molecules of species            1
********************************************************************************

Compute total energy
********************************************************************************
 Starting energy components for box   1
  Atomic units-Extensive
 -----------------------------------------------------------
 Total system energy is              24331412.504
 Intra molecular energy is           24252713.589
 Bond energy is                             0.000
 Bond angle energy is                  453065.078
 Dihedral angle energy is            23799648.511
 Improper angle energy is                   0.000
 Intra molecule vdw is                      0.000
 Intra molecule q is                        0.000
 Inter molecule vdw is                  98222.162
 Long range correction is              -19523.247
 Inter molecule q is                        0.000
 -----------------------------------------------------------

 Starting energy components for box   2
  Atomic units-Extensive
 -----------------------------------------------------------
 Total system energy is               4846273.471
 Intra molecular energy is            4848170.225
 Bond energy is                             0.000
 Bond angle energy is                   93660.217
 Dihedral angle energy is             4754510.008
 Improper angle energy is                   0.000
 Intra molecule vdw is                      0.000
 Intra molecule q is                        0.000
 Inter molecule vdw is                  -1888.799
 Long range correction is                  -7.955
 Inter molecule q is                        0.000
 -----------------------------------------------------------

********************************************************************************

Run simulation
********************************************************************************
      Step       Move   Mol Spc Box  Success  MaxWidth
       426  translate         1   1  0.48000   0.48000
       458     rotate         1   1  0.59000   0.54978
       891  translate         1   1  0.40000   0.38400
       964     rotate         1   1  0.60000   0.57727
      1035  translate         1   2  0.65000  18.20000
      1062     rotate         1   2  0.91000   3.14159
      1414  translate         1   1  0.59000   0.45312
      1551     rotate         1   1  0.72000   0.60613
      1741     rotate         1   2  0.92000   3.14159
      1804  translate         1   2  0.46000  16.74400
      2137     rotate         1   1  0.79000   0.63644
      2162  translate         1   1  0.68000   0.61624
********************************************************************************

Report ending energy & then re-compute from scratch
********************************************************************************


 Ending energy components for box   1
  Atomic units-Extensive
 -----------------------------------------------------------
 Total system energy is              13507251.039
 Intra molecular energy is           13653948.419
 Bond energy is                             0.000
 Angle energy is                       281554.274
 Dihedral energy is                  13372394.146
 Improper angle energy is                   0.000
 Intra molecule vdw is                      0.000
 Intra molecule q is                        0.000
 Inter molecule vdw is                -140518.917
 Long range correction is               -6178.464
 Inter molecule q is                        0.000
 -----------------------------------------------------------


 Energy components from total energy call for box   1
  Atomic units-Extensive
 -----------------------------------------------------------
 Total system energy is              13507251.039
 Intra molecular energy is           13653948.419
 Bond energy is                             0.000
 Angle energy is                       281554.274
 Dihedral energy is                  13372394.146
 Improper angle energy is                   0.000
 Intra molecule vdw is                      0.000
 Intra molecule q is                        0.000
 Inter molecule vdw is                -140518.917
 Long range correction is               -6178.464
 Inter molecule q is                        0.000
 -----------------------------------------------------------


 Ending energy components for box   2
  Atomic units-Extensive
 -----------------------------------------------------------
 Total system energy is              15354194.355
 Intra molecular energy is           15380438.444
 Bond energy is                             0.000
 Angle energy is                       303498.374
 Dihedral energy is                  15076940.070
 Improper angle energy is                   0.000
 Intra molecule vdw is                      0.000
 Intra molecule q is                        0.000
 Inter molecule vdw is                 -26163.605
 Long range correction is                 -80.484
 Inter molecule q is                        0.000
 -----------------------------------------------------------


 Energy components from total energy call for box   2
  Atomic units-Extensive
 -----------------------------------------------------------
 Total system energy is              15354194.355
 Intra molecular energy is           15380438.444
 Bond energy is                             0.000
 Angle energy is                       303498.374
 Dihedral energy is                  15076940.070
 Improper angle energy is                   0.000
 Intra molecule vdw is                      0.000
 Intra molecule q is                        0.000
 Inter molecule vdw is                 -26163.605
 Long range correction is                 -80.484
 Inter molecule q is                        0.000
 -----------------------------------------------------------
********************************************************************************


Writing information for box  1
********************************************************************************
                Move      Trials     Success   % Success
              Volume           6           3       50.00

   ---------------------------------------------------------
   Writing information for species  1

                Move      Trials     Success   % Success
           Translate         407         220       54.05
              Rotate         411         279       67.88
              Insert          64          36       56.25
              Delete         156         145       92.95
   ---------------------------------------------------------

********************************************************************************
Writing information for box  2
********************************************************************************
                Move      Trials     Success   % Success
              Volume           6           3       50.00

   ---------------------------------------------------------
   Writing information for species  1

                Move      Trials     Success   % Success
           Translate         282         162       57.45
              Rotate         254         229       90.16
              Insert         156         145       92.95
              Delete          64          36       56.25
   ---------------------------------------------------------

********************************************************************************

Writing information about fragments
********************************************************************************

   ---------------------------------------------------------
   Writing information for species  1
     #_Frags_Regrown      Trials     Success   % Success
                   1         620         247       39.84
   ---------------------------------------------------------
********************************************************************************

 Writing information about subroutine times
********************************************************************************
 Translation time =            0.484921 secs.
 Rotation time =               0.477932 secs.
 Volume change time =          0.730889 secs.
 Swap time =                   0.589919 secs.
 Regrowth time =               0.496918 secs.
********************************************************************************

********************************************************************************
************************ Cassandra simulation complete *************************
********************************************************************************

 Program execution time
********************************************************************************
         0      Years
         0     Months
         0       Days
         0      Hours
         0    Minutes
        11    Seconds
       846         ms
********************************************************************************
