************** Beginning Cassandra simulation **************
Version Cassandra 1.1                                                                                                           

inputfile /scratch365/emarinri/Verbose_v1.1/Examples_Sep28/GEMC/Methane/gemc_methane.inp                                          

name of run: gemc_methane

  Month      Day      Year
     09       30      2015
 
 Time:  17:29:16
 
machine: maginnfe.crc.nd.edu


Simulation type: GEMC                

 Verbosity output to logfile set to  F
 
 **** Copying Inputfile ****** 
 # Run_Name
 gemc_methane
 
 # Sim_Type
 GEMC
 
 # Nbr_Species
 1
 
 # VDW_Style
 LJ   cut_tail   14.00
 LJ   cut_tail   14.00
 
 # Rcutoff_Low
 0.0
 
 # Mixing_Rule
 LB
 
 # Charge_Style
 NONE
 NONE
 
 # Intra_Scaling
 0.0    0.0    0.0    1.0
 0.0    0.0    0.0    1.0
 
 # Molecule_Files
 methane.mcf 500
 
 # Box_Info
 2
 CUBIC
 33.00
 
 CUBIC
 37.50
 
 # Temperature_Info
 175.0 175.0
 
 # Move_Probability_Info
 
 # Prob_Translation
 0.85
 0.15
 1.0
 
 # Prob_Volume
 0.03
 200.0
 
 # Prob_Swap
 0.12
 insertion method
 reservoir
 
 # Done_Probability_Info
 
 # Start_Type
 make_config
 400 100
 
 # Run_Type
 Equilibration 100 100
 
 # Simulation_Length_Info
 Units       Steps
 Prop_Freq   100
 Coord_Freq  2200
 MCsteps     2200
 # Done_Simulation_Length_Info
 
 # Seed
 1211131639 1211131640
 
 # Property_Info 1
 Density
 Nmols
 Volume
 Pressure
 
 # Property_Info 2
 Density
 Nmols
 Volume
 Pressure
 
 
 # Fragment_Files
 species1/frag1/frag1.dat  1
 
 # CBMC_Info
 kappa_ins 12
 kappa_rot  0
 kappa_dih 12
 rcut_cbmc 6.5 6.5
 
 # Average_Info
 1
 
 # Pair_Energy
 TRUE
 
 END
 
 **** Finished writing input file *******
 Number of species simulated:      1

 *** Simulation box data ***
number of simulation boxes     2
 
Box number      1       Box Shape:      Cubic 
Each Side Of :        33.0000     Angstrom
 
Cell basis vector lengths in A,     33.0000      33.0000      33.0000
Cosine of angles alpha, beta, gamma     0.0000       0.0000       0.0000
Distance between box faces    33.0000      33.0000      33.0000
Box volume, A^3         35937.0000
 
Box number      2       Box Shape:      Cubic 
Each Side Of :        37.5000     Angstrom
 
Cell basis vector lengths in A,     37.5000      37.5000      37.5000
Cosine of angles alpha, beta, gamma     0.0000       0.0000       0.0000
Distance between box faces    37.5000      37.5000      37.5000
Box volume, A^3         52734.3750
 
 *** Finished loading box information ***
 
   VDW style used is:   LJ             in box:  1
   VDW sum style is:   cut_tail       in box:  1
    rcut =    14.000   Angstrom
 
   VDW style used is:   LJ             in box:  2
   VDW sum style is:   cut_tail       in box:  2
    rcut =    14.000   Angstrom
 
   Charge style used is:   NONE           in box:  1
 Charge style properly input
 
   Charge style used is:   NONE           in box:  2
 Charge style properly input
 
 
 Pair interaction energy array storage enabled
 
Lorentz-Berthelot mixing rule specified
 
 Reading molecular connectivity information
 Species:            1
 Molecular connectivity file: 
 methane.mcf                                                                    
                                          
   1 atom(s) specified.
   0 bond(s) specified.
   0 angle(s) specified.
   0 dihedral(s) specified.
   0 improper(s) specified.
   1 fragments specified.
   0  fragment bonds specified.
 
Species  Nbr molecules
-------  -------------
     1            500
 
L_Coul_CBMC not given for species    1
 Defaulting to  T
 
1st_Fragment_Ins_Style not specified for species    1
using default of "COM" for this species.
 *** Completed assigning atom info ***
 
 *** Completed assigning bond info ***
 
 
 *** Completed assigning angle info ***
 
 *** Completed assigning dihedral info ***
 
 *** Completed assigning improper info ***
 
 
Total number of atoms in the fragment     1  is   1
 
 ******* Finished loading fragment info ********
 
 Fragment file for fragment 1 is
 species1/frag1/frag1.dat                                                       
                                          
 
 library_coords array successfully allocated
 
 
 Finished loading fragment coordinates from
 species1/frag1/frag1.dat                                                       
                                          
 
 intramolecular scaling factors explicitly set
Intra molecule scaling factors for species             1
VDW 1-2 scaling factor         0.000
VDW 1-3 scaling factor         0.000
VDW 1-4 scaling factor         0.000
VDW 1-N scaling factor         1.000
Coulomb 1-2 scaling factor     0.000
Coulomb 1-3 scaling factor     0.000
Coulomb 1-4 scaling factor     0.000
Coulomb 1-N scaling factor     0.000
 
 
 *** Completed assigning intramolecular scaling factors ***
 
 
 ***** Reading seed info *********
 
 The starting seed s1 is:    153587801
 
 ****** Finished loading the seed ********
 
 **** Simulation temperature information ****
  Temperature assigned to box     1  is  175.000    K
 
  Temperature assigned to box     2  is  175.000    K
 
 *** Finished loading information for temperature ****
 
 
 ********* Move Probability Info******
    Translation probability is   0.850000
 
Maximum displacement width for species   1 in box  1  is      0.15000
 
Maximum displacement width for species   1 in box  2  is      1.00000
 
 
         Probability for volume move is    0.030000
 
 Maximum volume displacement for box in GEMC_NVT simulation is
   200.000
 
 Volume moves will be performed in actual volumes
 
        Probability for particle swap is   0.120000
 
Insertion will be carried out for species   1
 using the reservoir sampling
 
Total number of exchangeable species is    1
 
 
 Probabilties of swap for individual boxes not specified
 Defaulting to uniform probabilities
 ***** Finished reading the move probability info *****
Number of moves is :   3
 
 
 ***** reading CBMC info *********
 
 Writing out CBMC_Info
kappa for first bead insertion              12
Orientational bias not supported.            0tations is set to 
kappa for dihedral selection                12
 
Smaller cutoff for CBMC for box          1        6.50
Smaller cutoff for CBMC for box          2        6.50
 ****** finished loading CBMC_Info ********
 
Thermodynamic quantities will written at every        100 MC steps.
 
Coordinates will be written at every                 2200 MC steps.
 
movie header file for box    1 is      gemc_methane.box1.H
movie_XYZ file for box       1 is      gemc_methane.box1.xyz
movie header file for box    2 is      gemc_methane.box2.H
movie_XYZ file for box       2 is      gemc_methane.box2.xyz
 
The simulation will be run for                         2200 MC steps.
 
 *** Finished Reading Simulation Length Info ******* 
 
 *********** Average Information ***************
 
 Instantaneous values will be output
 
 *********** Ending Average Section ************
 
 **** Writing property output information *****
 
Total number of property files to be written is     1   for box 1
 Maximum number of properties per file is    5
 Writing the name of the property files and the corresponding property output
 
 Property file    1   is  gemc_methane.box1.prp1
 Properties output in these files are
 
 Density
 Nmols
 Volume
 Pressure
 
 ***** Finished writing property information ******
 
 **** Writing property output information *****
 
Total number of property files to be written is     1   for box 2
 Maximum number of properties per file is    5
 Writing the name of the property files and the corresponding property output
 
 Property file    1   is  gemc_methane.box2.prp1
 Properties output in these files are
 
 Density
 Nmols
 Volume
 Pressure
 
 ***** Finished writing property information ******
 
 *********** Average Information ***************
 
 Instantaneous values will be output
 
 *********** Ending Average Section ************
 
MC low cutoff distance is   0.000    Angstrom
 
 
 ******Initial Coordinate Info **********
 
 Initial configuration will be generated
  Starting number of molecules of species   1   in box   1  is     400
  Starting number of molecules of species   1   in box   2  is     100
 
Total number of molecules of species   1   present initially is     500
 
 *****Finished reading initial coordinate info *****
 
 ****** Reading Run_Type Information ******
 
 The input run type is Equilibration
 Update frequency is          100
 
 Update frequency for adjusting maximum volume displacement is
         100
 
 ******* Finished reading run type information ******
starting type make_config                                                                                                             

 ***************** Charge Neutrality Check *****************
 Species           1    has charge                0.00000000
 Box               1    has charge                0.00000000
 
 Box               2    has charge                0.00000000
 
 ***************** Charge Neutrality Check *****************
 ***********************************************************
   Starting energy components for box   1
  Atomic units-Extensive
 
 Total system energy is                -82574.704
 Intra molecular energy is                  0.000
 Bond energy is                             0.000
 Bond angle energy is                       0.000
 Dihedral angle energy is                   0.000
 Improper angle energy is                   0.000
 Intra nonbond vdw is                       0.000
 Intra nonbond elec is                      0.000
 Inter molecule vdw is                 -78070.580
 Long range correction is               -4504.123
 Inter molecule q is                        0.000
 Reciprocal ewald is                        0.000
 Self ewald is                              0.000
 ***********************************************************
 
 ***********************************************************
   Starting energy components for box   2
  Atomic units-Extensive
 
 Total system energy is                 -9178.136
 Intra molecular energy is                  0.000
 Bond energy is                             0.000
 Bond angle energy is                       0.000
 Dihedral angle energy is                   0.000
 Improper angle energy is                   0.000
 Intra nonbond vdw is                       0.000
 Intra nonbond elec is                      0.000
 Inter molecule vdw is                  -8986.297
 Long range correction is                -191.840
 Inter molecule q is                        0.000
 Reciprocal ewald is                        0.000
 Self ewald is                              0.000
 ***********************************************************
 
 
Success ratio, translation of species   1 in box 1 :  0.76000
Maximum width, translation of species   1 in box 1 :  0.22800
 
Success ratio, translation of species   1 in box 1 :  0.69000
Maximum width, translation of species   1 in box 1 :  0.31464
 
Success ratio, translation of species   1 in box 1 :  0.67000
Maximum width, translation of species   1 in box 1 :  0.42162
 
Success ratio, translation of species   1 in box 2 :  0.77000
Maximum width, translation of species   1 in box 2 :  1.54000
 
Success ratio, translation of species   1 in box 1 :  0.69000
Maximum width, translation of species   1 in box 1 :  0.58183
 
Success ratio, translation of species   1 in box 1 :  0.47000
Maximum width, translation of species   1 in box 1 :  0.54692
 
Success ratio, translation of species   1 in box 1 :  0.53000
Maximum width, translation of species   1 in box 1 :  0.57974
 
Success ratio, translation of species   1 in box 1 :  0.42000
Maximum width, translation of species   1 in box 1 :  0.48698
 
Success ratio, translation of species   1 in box 2 :  0.63000
Maximum width, translation of species   1 in box 2 :  1.94040
 
Success ratio, translation of species   1 in box 1 :  0.62000
Maximum width, translation of species   1 in box 1 :  0.60385
 
Success ratio, translation of species   1 in box 1 :  0.62000
Maximum width, translation of species   1 in box 1 :  0.74878
 
Success ratio, translation of species   1 in box 1 :  0.54000
Maximum width, translation of species   1 in box 1 :  0.80868
 
Success ratio, translation of species   1 in box 2 :  0.69000
Maximum width, translation of species   1 in box 2 :  2.67775
 
Success ratio, translation of species   1 in box 1 :  0.54000
Maximum width, translation of species   1 in box 1 :  0.87338
 
Success ratio, translation of species   1 in box 1 :  0.37000
Maximum width, translation of species   1 in box 1 :  0.64630
 
Success ratio, translation of species   1 in box 1 :  0.59000
Maximum width, translation of species   1 in box 1 :  0.76263
 
Success ratio, translation of species   1 in box 2 :  0.56000
Maximum width, translation of species   1 in box 2 :  2.99908
 
Success ratio, translation of species   1 in box 1 :  0.54000
Maximum width, translation of species   1 in box 1 :  0.82364
******************** END OF SIMULATION ********************
 
 
 ***********************************************************
 Ending energy components for box   1
  Atomic units-Extensive
 -----------------------------------------------------------
 Total system energy is               -147343.555
 Intra molecular energy is                  0.000
 Bond energy is                             0.000
 Angle energy is                            0.000
 Dihedral energy is                         0.000
 Improper angle energy is                   0.000
 Intra nonbond vdw is                       0.000
 Intra nonbond elec is                      0.000
 Inter molecule vdw is                -143696.859
 Long range correction is               -3646.696
 Inter molecule q is                        0.000
 Reciprocal ewald is                        0.000
 Self ewald is                              0.000
 ***********************************************************
 
 
 ***********************************************************
 Energy components from total energy call for box   1
  Atomic units-Extensive
 -----------------------------------------------------------
 Total system energy is               -147343.555
 Intra molecular energy is                  0.000
 Bond energy is                             0.000
 Angle energy is                            0.000
 Dihedral energy is                         0.000
 Improper angle energy is                   0.000
 Intra nonbond vdw is                       0.000
 Intra nonbond elec is                      0.000
 Inter molecule vdw is                -143696.859
 Long range correction is               -3646.696
 Inter molecule q is                        0.000
 Reciprocal ewald is                        0.000
 Self ewald is                              0.000
 ***********************************************************
******************** END OF SIMULATION ********************
 
 
 ***********************************************************
 Ending energy components for box   2
  Atomic units-Extensive
 -----------------------------------------------------------
 Total system energy is                -15866.789
 Intra molecular energy is                  0.000
 Bond energy is                             0.000
 Angle energy is                            0.000
 Dihedral energy is                         0.000
 Improper angle energy is                   0.000
 Intra nonbond vdw is                       0.000
 Intra nonbond elec is                      0.000
 Inter molecule vdw is                 -15533.341
 Long range correction is                -333.448
 Inter molecule q is                        0.000
 Reciprocal ewald is                        0.000
 Self ewald is                              0.000
 ***********************************************************
 
 
 ***********************************************************
 Energy components from total energy call for box   2
  Atomic units-Extensive
 -----------------------------------------------------------
 Total system energy is                -15866.789
 Intra molecular energy is                  0.000
 Bond energy is                             0.000
 Angle energy is                            0.000
 Dihedral energy is                         0.000
 Improper angle energy is                   0.000
 Intra nonbond vdw is                       0.000
 Intra nonbond elec is                      0.000
 Inter molecule vdw is                 -15533.341
 Long range correction is                -333.448
 Inter molecule q is                        0.000
 Reciprocal ewald is                        0.000
 Self ewald is                              0.000
 ***********************************************************
 
 
 Writing information for box  1
 ***********************************************************
 
                Move      Trials     Success
              Volume          71          44
 
 ***********************************************************
 Writing information for species  1
 
                Move      Trials     Success   % Success
           Translate        1421         815       57.35
           Insertion         126          43       34.13
            Deletion         154          72       46.75
 ***********************************************************
 
 Writing information for box  2
 ***********************************************************
 
                Move      Trials     Success
              Volume          71          44
 
 ***********************************************************
 Writing information for species  1
 
                Move      Trials     Success   % Success
           Translate         428         276       64.49
           Insertion         154          72       46.75
            Deletion         126          43       34.13
 ***********************************************************
 
 Writing information about fragments
 
 ***********************************************************
 Writing information for species  1
         # Fragments      Trials     Success   % Success
 ***********************************************************
 
 Writing information about subroutine times
 
 ***********************************************************
 
 Translation time =            0.183971 secs.
 Volume change time =          1.959704 secs.
 Swap time =                   0.253961 secs.
 ***********************************************************
 
 
 Program execution time
         0      Years
         0     Months
         0       Days
         0      Hours
         0    Minutes
         3    Seconds
       464         ms
