Run info
********************************************************************************
version: Cassandra Development Version
inputfile: gemc_methane.inp
name of run: gemc_methane.out
date (mm/dd/yyyy): 05/23/2016
time: 22:28:22
machine: maginnfe.crc.nd.edu
********************************************************************************
 
Simulation type
********************************************************************************
GEMC                
********************************************************************************
 
Verbose log file
********************************************************************************
Verbose output to logfile: F
********************************************************************************
 
Copy input file
********************************************************************************
 # Run_Name
 gemc_methane.out
 
 # Sim_Type
 GEMC
 
 # Nbr_Species
 1
 
 # VDW_Style
 LJ   cut_tail   14.00
 LJ   cut_tail   14.00
 
 # Rcutoff_Low
 0.0
 
 # Mixing_Rule
 LB
 
 # Charge_Style
 NONE
 NONE
 
 # Intra_Scaling
 0.0    0.0    0.0    1.0
 0.0    0.0    0.0    1.0
 
 # Molecule_Files
 methane.mcf 500
 
 # Box_Info
 2
 CUBIC
 33.00
 
 CUBIC
 37.50
 
 # Temperature_Info
 175.0 175.0
 
 # Move_Probability_Info
 
 # Prob_Translation
 0.85
 0.15
 1.0
 
 # Prob_Volume
 0.03
 200.0
 
 # Prob_Swap
 0.12
 cbmc
 
 # Done_Probability_Info
 
 # Start_Type
 make_config 400
 make_config 100
 
 # Run_Type
 Equilibration 100 100
 
 # Simulation_Length_Info
 Units       Steps
 Prop_Freq   100
 Coord_Freq  2200
 Run         2200
 
 # Seed
 1211131639 1211131640
 
 # Property_Info 1
 Density
 Nmols
 Volume
 Pressure
 
 # Property_Info 2
 Density
 Nmols
 Volume
 Pressure
 
 
 # Fragment_Files
 species1/frag1/frag1.dat  1
 
 # CBMC_Info
 kappa_ins 12
 kappa_rot  0
 kappa_dih 12
 rcut_cbmc 6.5 6.5
 
 # Average_Info
 1
 
 # Pair_Energy
 TRUE
 
 END
********************************************************************************
 
Number of species
********************************************************************************
    1
********************************************************************************
 
Box info
********************************************************************************
number of simulation boxes     2
Box number      1       Box Shape:      Cubic 
Each Side Of :        33.0000     Angstrom
Cell basis vector lengths in A,     33.0000      33.0000      33.0000
Cosine of angles alpha, beta, gamma     0.0000       0.0000       0.0000
Distance between box faces    33.0000      33.0000      33.0000
Box volume, A^3         35937.0000
Box number      2       Box Shape:      Cubic 
Each Side Of :        37.5000     Angstrom
Cell basis vector lengths in A,     37.5000      37.5000      37.5000
Cosine of angles alpha, beta, gamma     0.0000       0.0000       0.0000
Distance between box faces    37.5000      37.5000      37.5000
Box volume, A^3         52734.3750
********************************************************************************
 
Pair style
********************************************************************************
 VDW style used is:   LJ             in box:  1
 LJ VDW sum style is:   cut_tail       in box:  1
 rcut =    14.000   Angstrom
 VDW style used is:   LJ             in box:  2
 LJ VDW sum style is:   cut_tail       in box:  2
 rcut =    14.000   Angstrom
 Charge style used is:   NONE           in box:  1
 Charge style properly input
 Charge style used is:   NONE           in box:  2
 Charge style properly input
 Pair interaction energy array storage enabled
 Lorentz-Berthelot mixing rule specified
********************************************************************************
 
Molecule info
********************************************************************************
 Reading molecular connectivity information
 Species:            1
 Molecular connectivity file: 
 methane.mcf                                                                    
                                          
   1 atom(s) specified.
   0 bond(s) specified.
   0 angle(s) specified.
   0 dihedral(s) specified.
   0 improper(s) specified.
   1 fragment(s) specified.
   0 fragment bond(s) specified.
 
 Species  Max molecules
 -------  -------------
      1            500
 
 Species     1
 -------------------------------------------------------------------------------
 L_Coul_CBMC not given, using default T
 1st_Fragment_Ins_Style not specified, using default "COM"
 Atom parameters read
 Bond parameters read
 Angle parameters read
 Dihedral parameters read
 Improper parameters read
 Total number of atoms in fragment     1  is   1
 Fragment info read
 Fragment file for fragment 1 is species1/frag1/frag1.dat
 -------------------------------------------------------------------------------
 
 Fragment coord info
 -------------------------------------------------------------------------------
 library_coords array successfully allocated
 Finished loading fragment coordinates from
 species1/frag1/frag1.dat
 -------------------------------------------------------------------------------
********************************************************************************
 
Intramolecular nonbonded scaling
********************************************************************************
intramolecular scaling factors explicitly set
Intra molecule scaling factors for species             1
 VDW 1-2 scaling factor        0.000
 VDW 1-3 scaling factor        0.000
 VDW 1-4 scaling factor        0.000
 VDW 1-N scaling factor        1.000
********************************************************************************
 
Start type
********************************************************************************
 Initial configuration for box 1 will be made
 Will insert     400  molecules of species   1
 Initial configuration for box 2 will be made
 Will insert     100  molecules of species   1
********************************************************************************
 
Seed info
********************************************************************************
  The starting seeds are:   1211131639   1211131640
********************************************************************************
 
Temperature
********************************************************************************
  Temperature assigned to box     1  is  175.000    K
  Temperature assigned to box     2  is  175.000    K
********************************************************************************
 
Move probabilities
********************************************************************************
Probability for translation                0.850000
 Maximum displacement width for species  1 in box  1  is      0.15000
 Maximum displacement width for species  1 in box  2  is      1.00000
Probability for volume move                0.030000
 Maximum volume displacement is    200.000
 Volume moves will be performed in actual volumes
Probability for particle swap              0.120000
 Species 1 will be inserted using CBMC
 Number of insertable species is    1
 Probabilties of swap for individual boxes not specified
 Defaulting to uniform probabilities
Number of moves is :   3
********************************************************************************
 
CBMC info
********************************************************************************
kappa for first bead insertion              12
Orientational bias not supported. Kappa for rotations is set to            0
kappa for dihedral selection                12
Smaller cutoff for CBMC for box          1        6.50
Smaller cutoff for CBMC for box          2        6.50
********************************************************************************
 
Simulation length info
********************************************************************************
Thermodynamic quantities will be written every        100 Steps     
Coordinates will be written every                    2200 Steps     
 movie header file for box   1 is      gemc_methane.out.box1.H
 movie_XYZ file for box      1 is      gemc_methane.out.box1.xyz
 movie header file for box   2 is      gemc_methane.out.box2.H
 movie_XYZ file for box      2 is      gemc_methane.out.box2.xyz
The simulation will be run for                       2200 Steps     
********************************************************************************
 
Property info
********************************************************************************
Total number of property files to be written is     1   for box 1
 Maximum number of properties per file is    5
 Writing the name of the property files and the corresponding property output
 Property file    1   is  gemc_methane.out.box1.prp1
 Properties output in these files are
 Density
 Nmols
 Volume
 Pressure
Total number of property files to be written is     1   for box 2
 Maximum number of properties per file is    5
 Writing the name of the property files and the corresponding property output
 Property file    1   is  gemc_methane.out.box2.prp1
 Properties output in these files are
 Density
 Nmols
 Volume
 Pressure
********************************************************************************
 
Average info
********************************************************************************
 Instantaneous values will be output
********************************************************************************
 
Minimum distance cutoff
********************************************************************************
MC low cutoff distance is   0.000    Angstrom
********************************************************************************
 
Run type
********************************************************************************
 The input run type is Equilibration
 Update frequency is          100
 Update frequency for adjusting maximum volume displacement is
         100
********************************************************************************
 
********************************************************************************
************************ Begin Cassandra simulation ****************************
********************************************************************************
 
Initial configuration
********************************************************************************
 Inserting          400 molecules of species            1
 Inserting          100 molecules of species            1
********************************************************************************
 
Charge neutrality check
********************************************************************************
 Species           1    has charge                0.00000000
 
 Box               1    has charge                0.00000000
 Box               2    has charge                0.00000000
********************************************************************************
 
Compute total energy
********************************************************************************
 Starting energy components for box   1
  Atomic units-Extensive
 -----------------------------------------------------------
 Total system energy is                -82574.704
 Intra molecular energy is                  0.000
 Bond energy is                             0.000
 Bond angle energy is                       0.000
 Dihedral angle energy is                   0.000
 Improper angle energy is                   0.000
 Intra molecule vdw is                      0.000
 Intra molecule q is                        0.000
 Inter molecule vdw is                 -78070.580
 Long range correction is               -4504.123
 Inter molecule q is                        0.000
 -----------------------------------------------------------
 
 Starting energy components for box   2
  Atomic units-Extensive
 -----------------------------------------------------------
 Total system energy is                 -9178.136
 Intra molecular energy is                  0.000
 Bond energy is                             0.000
 Bond angle energy is                       0.000
 Dihedral angle energy is                   0.000
 Improper angle energy is                   0.000
 Intra molecule vdw is                      0.000
 Intra molecule q is                        0.000
 Inter molecule vdw is                  -8986.297
 Long range correction is                -191.840
 Inter molecule q is                        0.000
 -----------------------------------------------------------
 
********************************************************************************
 
Run simulation
********************************************************************************
      Step       Move   Mol Spc Box  Success  MaxWidth
       135  translate         1   1  0.75000   0.22500
       278  translate         1   1  0.77000   0.34650
       427  translate         1   1  0.62000   0.42966
       565  translate         1   1  0.53000   0.45544
       607  translate         1   2  0.78000   1.56000
       716  translate         1   1  0.62000   0.56475
       875  translate         1   1  0.54000   0.60992
      1033  translate         1   1  0.49000   0.59773
      1154  translate         1   2  0.64000   1.99680
      1186  translate         1   1  0.63000   0.75314
      1325  translate         1   1  0.51000   0.76820
      1478  translate         1   1  0.59000   0.90647
      1634  translate         1   1  0.45000   0.81583
      1662  translate         1   2  0.61000   2.43610
      1796  translate         1   1  0.50000   0.81583
      1947  translate         1   1  0.45000   0.73424
      2107  translate         1   2  0.59000   2.87459
      2110  translate         1   1  0.50000   0.73424
********************************************************************************
 
Report ending energy & then re-compute from scratch
********************************************************************************
 
 
 Ending energy components for box   1
  Atomic units-Extensive
 -----------------------------------------------------------
 Total system energy is               -161083.947
 Intra molecular energy is                  0.000
 Bond energy is                             0.000
 Angle energy is                            0.000
 Dihedral energy is                         0.000
 Improper angle energy is                   0.000
 Intra molecule vdw is                      0.000
 Intra molecule q is                        0.000
 Inter molecule vdw is                -157102.582
 Long range correction is               -3981.365
 Inter molecule q is                        0.000
 -----------------------------------------------------------
 
 
 Energy components from total energy call for box   1
  Atomic units-Extensive
 -----------------------------------------------------------
 Total system energy is               -161083.947
 Intra molecular energy is                  0.000
 Bond energy is                             0.000
 Angle energy is                            0.000
 Dihedral energy is                         0.000
 Improper angle energy is                   0.000
 Intra molecule vdw is                      0.000
 Intra molecule q is                        0.000
 Inter molecule vdw is                -157102.582
 Long range correction is               -3981.365
 Inter molecule q is                        0.000
 -----------------------------------------------------------
 
 
 Ending energy components for box   2
  Atomic units-Extensive
 -----------------------------------------------------------
 Total system energy is                -11327.534
 Intra molecular energy is                  0.000
 Bond energy is                             0.000
 Angle energy is                            0.000
 Dihedral energy is                         0.000
 Improper angle energy is                   0.000
 Intra molecule vdw is                      0.000
 Intra molecule q is                        0.000
 Inter molecule vdw is                 -11075.837
 Long range correction is                -251.697
 Inter molecule q is                        0.000
 -----------------------------------------------------------
 
 
 Energy components from total energy call for box   2
  Atomic units-Extensive
 -----------------------------------------------------------
 Total system energy is                -11327.534
 Intra molecular energy is                  0.000
 Bond energy is                             0.000
 Angle energy is                            0.000
 Dihedral energy is                         0.000
 Improper angle energy is                   0.000
 Intra molecule vdw is                      0.000
 Intra molecule q is                        0.000
 Inter molecule vdw is                 -11075.837
 Long range correction is                -251.697
 Inter molecule q is                        0.000
 -----------------------------------------------------------
********************************************************************************
 
 
Writing information for box  1
********************************************************************************
                Move      Trials     Success   % Success
              Volume          62          38       61.29
 
   ---------------------------------------------------------
   Writing information for species  1
 
                Move      Trials     Success   % Success
           Translate        1464         818       55.87
              Insert         129          38       29.46
              Delete         127          50       39.37
   ---------------------------------------------------------
 
********************************************************************************
Writing information for box  2
********************************************************************************
                Move      Trials     Success   % Success
              Volume          62          38       61.29
 
   ---------------------------------------------------------
   Writing information for species  1
 
                Move      Trials     Success   % Success
           Translate         418         272       65.07
              Insert         127          50       39.37
              Delete         129          38       29.46
   ---------------------------------------------------------
 
********************************************************************************
 
 Writing information about subroutine times
********************************************************************************
 Translation time =            0.175372 secs.
 Volume change time =          1.771202 secs.
 Swap time =                   0.216090 secs.
********************************************************************************
 
********************************************************************************
************************ Cassandra simulation complete *************************
********************************************************************************
 
 Program execution time
********************************************************************************
         0      Years
         0     Months
         0       Days
         0      Hours
         0    Minutes
         2    Seconds
       901         ms
********************************************************************************
