*** Beginning Cassandra simulation ***

Version Cassandra 1.0                                                                                                           

inputfile methane.inp                                                                                                             

name of run: methane

  Month      Day      Year
     12       16      2013
 
 Time:  11:07:55
 
machine: maginnfe.crc.nd.edu


Simulation type GEMC                

 
 **** Copying Inputfile ****** 
 
 # Run_Name
 methane
 
 # Sim_Type
 GEMC
 
 # Nbr_Species
 1
 
 # VDW_Style
 LJ   cut_tail   14.00
 LJ   cut_tail   14.00
 
 # Rcutoff_Low
 0.0
 
 # Mixing_Rule
 LB
 
 # Charge_Style
 NONE
 NONE
 
 # Intra_Scaling
 0.0    0.0    0.0    1.0
 0.0   0.0    0.0     1.0
 
 # Molecule_Files
 methane_UA_TraPPE.mcf 500
 
 # Box_Info
 2
 CUBIC
 33.0536 33.0536 33.0536
 
 CUBIC
 39.2908 39.2908 39.2908
 
 # Temperature_Info
 175.0 175.0
 
 # Move_Probability_Info
 
 # Prob_Translation
 0.988
 0.15
 1.0_DP
 
 # Prob_Volume
 0.002
 200.0
 
 # Prob_Swap
 0.01
 insertion method
 reservoir
 
 # Done_Probability_Info
 
 # Bond_Prob_Cutoff
 1.0E-10
 
 # Start_Type
 read_old
 Init_Config/readold.box1
 Init_Config/readold.box2
 
 # Run_Type
 Production 5000 100
 
 # Frequency_Info
 freq_type   none
 Nthermofreq 1000
 Ncoordfreq  10000
 MCsteps     10000
 # Done_Frequency_Info
 
 # Seed
 1211131639 1211131640
 
 # Property_Info 1
 Density
 Nmols
 Volume
 
 # Property_Info 2
 Density
 Nmols
 Volume
 
 # Fragment_Files
 species1/frag1/frag1.dat  1
 
 # CBMC_Info
 kappa_ins 12
 kappa_rot  0
 kappa_dih 12
 rcut_cbmc 6.5 6.5
 
 # Average_Info
 1
 
 # Pair_Energy
 TRUE
 
 END
 
 **** Finished writing input file *******
 Number of species simulated:      1

 *** Simulation box data ***
number of simulation boxes     2
 
Box number      1       Box Shape:      Cubic 
Each Side Of :        33.0536     Angstrom
 
Cell basis vector lengths in A,     33.0536      33.0536      33.0536
Cosine of angles alpha, beta, gamma     0.0000       0.0000       0.0000
Distance between box faces    33.0536      33.0536      33.0536
Box volume, A^3         36112.3958
Box number      2       Box Shape:      Cubic 
Each Side Of :        39.2908     Angstrom
 
Cell basis vector lengths in A,     39.2908      39.2908      39.2908
Cosine of angles alpha, beta, gamma     0.0000       0.0000       0.0000
Distance between box faces    39.2908      39.2908      39.2908
Box volume, A^3         60655.8391
 *** Finished loading box information ***
 
   VWD style used is:   LJ             in box:  1
   VDW sum style is:   cut_tail       in box:  1
    rcut =    14.000   Angstrom
 VDW style properly input
 
   VWD style used is:   LJ             in box:  2
   VDW sum style is:   cut_tail       in box:  2
    rcut =    14.000   Angstrom
 VDW style properly input
 
   Charge style used is:   NONE           in box:  1
 Charge style properly input
 
   Charge style used is:   NONE           in box:  2
 Charge style properly input
 
 
 Pair interaction energy array storage enabled
 
Lorentz-Berthelot mixing rule specified
 
 Reading molecular connectivity information
 Species:            1
 Molecular connectivity file: 
 methane_UA_TraPPE.mcf                                                          
                                          
   1 atom(s) specified.
   0 bond(s) specified.
   0 angle(s) specified.
   0 dihedral(s) specified.
   0 improper(s) specified.
   1 fragments specified.
   0  fragment bonds specified.
 
Species  Nbr molecules
-------  -------------
     1            500
 
L_Coul_CBMC not given for species    1
 Defaulting to true
 default  T
 
Species type given for species    1  SORBATE             
Insertion style given for species    1  COM                 
Species and atom number   1   1
 atom name:             CH4_UA
 element:               C 
 mass:                     16.0000
 charge:                    0.0000
 vdw type:              LJ                  
 Epsilon / kB in K:       148.0000
 Sigma in A:                3.7300
 
Total number of ring atoms in species     1    0
Total number of exo atoms in species      1    1
 Atom ids for ring atoms
 Atom ids for exo atoms           1
 *** Completed assigning atom info ***
 
 No bonds in species            1
 *** Completed assigning bond info ***
 
 No angles in species            1
 
Molecule    1  is defined to be linear
 
 *** Completed assigning angle info ***
 
 No dihedrals in species            1
 *** Completed assigning dihedral info ***
 
 No impropers in species            1
 *** Completed assigning improper info ***
 
 
 Total number of atoms in the fragment            1  is            1
 Identity of these atoms are           1
 
 ******* Finished loading fragment info ********
 
 ******* Generating anchor info ****************
 
 Number of anchors for fragment            1   is           1
 Anchor ids are           1
 Fragment file for fragment 1 is
 species1/frag1/frag1.dat                                                       
                                          
 Fragment type           1
 
 Maximum configurations stored      100000
 
 
 Finished loading fragment coordinates from
 species1/frag1/frag1.dat                                                       
                                          
 
 
 Insertable species:           1
 
 intramolecular scaling factors explicitly set
Intra molecule scaling factors for species             1
VDW 1-2 scaling factor         0.000
VDW 1-3 scaling factor         0.000
VDW 1-4 scaling factor         0.000
VDW 1-N scaling factor         1.000
Coulomb 1-2 scaling factor     0.000
Coulomb 1-3 scaling factor     0.000
Coulomb 1-4 scaling factor     0.000
Coulomb 1-N scaling factor     0.000
 
 
 *** Completed assigning intramolecular scaling factors ***
 
  There are 1 different atom types in the system 
     1  CH4_UA
 
 
species number and name:  1   methane_UA_TraPPE.mcf                                                                                                   
 Name      number
 ------    ------
CH4_UA      1
 
 
 *** Creating VDW interaction table ***
Mixing rule used is:    LB             
 
Atom 1     Atom 2  epsilon (amu A^2/ps^2)        sigma (A)
CH4_UA     CH4_UA    123.0542                        3.7300
 
 *** Completed construction of VDW interaction table ***
 
 
 *** Creating exclusion table ***
 
     species   atom1      atom2  vdw scale q-q scale
         1         1         1     0.000     0.000
 
 *** Completed construction of exclusion table ***
 
 
 ***** Reading seed info *********
 
The starting seed s1 is         153587801
 
 ****** Finished loading the seed ********
 
 **** Simulation temperature information ****
 Temperature assigned to box           1 is   175.000000000000       K
 
 Temperature assigned to box           2 is   175.000000000000       K
 
 *** Finished loading information for temperature ****
 
 
 *********Move Probability Info******
Translation probability is                 0.9880
 
Maximum displacement width for species   1in box   1  is       0.1500
 
Maximum displacement width for species   1in box   2  is   **********
 
 
Probability for volume move is             0.0020
 
 Maximum volume displacement for box in GEMC_NVT simulation is
   200.000000000000     
 
 Volume moves will be performed in actual volumes
 
Probability for particle swap is           0.0100
 
Insertion will be carried out for species   1
 using the reservoir sampling
 
 Probabilties of swap for individual boxes not specified
 Defaulating to uniform probabilities
 
 ******** Box pair selection probabilities *********
 
  1    1    0.000000
  1    2    1.000000
  2    1    1.000000
  2    2    1.000000
 ***** Finished reading the move probability info *****
 Number of moves is :           3
 
 
 ***** reading CBMC info *********
 
 Writing out CBMC_Info
kappa for first bead insertion              12
kappa for rotational bias                    0
kappa for dihedral selection                12
 
Smaller cutoff for CBMC for box          1        6.50
Smaller cutoff for CBMC for box          2        6.50
 ****** finished loading CBMC_Info ********
 
Thermodynamic quantities will written at every       1000 MC steps.
 
Coordinates will be written at every                10000 MC steps.
movie header file for box      1 is              methane_H.box1
movie_XYZ file for box         1 is              methane_box1.xyz
movie header file for box      2 is              methane_H.box2
movie_XYZ file for box         2 is              methane_box2.xyz
 
The simulation will be run for                        10000 MC steps.
 
 *** Finished reading output info ******* 
 
 *********** Average Information ***************
 
 Instantaneous values will be output
 
 *********** Ending Average Section ************
 
 **** Writing property output information *****
 
 Total number of property files to be written is  for box            1
           1
 Maximumu number of properties per file is            3
 Writing the name of the property files and the corresponding property output
 
 Property file            1  is methane.instnt_prp1.box1
 Properties output in these files are
 
 Density
 Nmols
 Volume
 
 ***** Finished writing property information ******
 
 **** Writing property output information *****
 
 Total number of property files to be written is  for box            2
           1
 Maximumu number of properties per file is            3
 Writing the name of the property files and the corresponding property output
 
 Property file            1  is methane.instnt_prp1.box2
 Properties output in these files are
 
 Density
 Nmols
 Volume
 
 ***** Finished writing property information ******
 
 *********** Average Information ***************
 
 Instantaneous values will be output
 
 *********** Ending Average Section ************
 
 MC cutoff distance is   0.000000000000000E+000  A
 *** Computed bond participation information ***
 
 
 
 Number of atoms in question           1
 Total number of angles           0
 Angles for this atom
 
 Position of the atom in these dihedrals
 
 Number of atoms in question           1
 Total number of dihedrals           0
 Dihedral angles for this atom
 
 Position of the atom in angles
 
 
 checking for dihedral_atoms_to_place
 
 ******Initial Coordinate Info **********
 
 Configurations will be read from old files
 
Starting configuration for box           1 is
 Init_Config/readold.box1                                                       
                                          
 
Starting configuration for box           2 is
 Init_Config/readold.box2                                                       
                                          
 
 *****Finished reading initial coordinate info *****
 
 ****** Reading Run_Type Infomraiton ******
 
 The input run type is Production
 Update frequency is         5000
 
 Update frequency for adjusting maximum volume displacement is
         100
 
 ******* Finished reading run type information ******
starting type read_old                                                                                                                

 Configurations read successfully
 #********Charge Neutrality Check*********#
Species            1    has charge                0.0000
Box                1    has charge                0.00000000
Box                2    has charge                0.00000000
 #********Charge Neutrality Check*********#
 *****************************************
  Starting energy components for box           1
 *****************************************
Total system energy is                 -45016.804
Intra molecular energy is                   0.000
Bond energy is                              0.000
Bond angle energy is                        0.000
Dihedral angle energy is                    0.000
Improper angle energy is                    0.000
Intra nonbond vdw is                        0.000
Intra nonbond elec is                       0.000
Inter molecule vdw is                  -41386.184
Long range correction is                -3630.620
Inter molecule q is                         0.000
Reciprocal ewald is                         0.000
Self ewald is                               0.000
 *******************************************
 *****************************************
  Starting energy components for box           2
 *****************************************
Total system energy is                 159701.444
Intra molecular energy is                   0.000
Bond energy is                              0.000
Bond angle energy is                        0.000
Dihedral angle energy is                    0.000
Improper angle energy is                    0.000
Intra nonbond vdw is                        0.000
Intra nonbond elec is                       0.000
Inter molecule vdw is                  159945.635
Long range correction is                 -244.191
Inter molecule q is                         0.000
Reciprocal ewald is                         0.000
Self ewald is                               0.000
 *******************************************
 
Translation ratio for species     1  for box 1  is:    0.84820
 *********** Ending simulation *****************
 
 
 ***** Insertion efficienty *****************
 Total number of insertions for species           1 is          44
 Successful insertions          18
 
 Total number of insertions for species           1 is          49
 Successful insertions          16
 
 ***** Deletion efficienty *****************
 Total number of deletions for species           1 is          49
 Successful deletions          16
 
 Total number of deletions for species           1 is          44
 Successful deletions          18
 
 ********************************************************
 *            Energy of box1*
 ********************************************************
Total system energy is                -159476.663
Intra molecular energy is                   0.000
Bond energy is                              0.000
Bond angle energy is                        0.000
Dihedral angle energy is                    0.000
Intra nonbond vdw is                        0.000
Intra nonbond elec is                       0.000
Inter molecule vdw is                 -155773.100
Long range correction is                -3703.563
Inter molecule q is                         0.000
Reciprocal ewald is                         0.000
Self ewald is                               0.000
 **************************************************
 
 
 ************* Components of energy from total energy call*******
Total system energy is                -159476.663
Intra molecular energy is                   0.000
Bond energy is                              0.000
Bond angle energy is                        0.000
Dihedral angle energy is                    0.000
Intra nonbond vdw is                        0.000
Intra nonbond elec is                       0.000
Inter molecule vdw is                 -155773.100
Long range correction is                -3703.563
Inter molecule q is                         0.000
Reciprocal ewald is                         0.000
Self ewald is                               0.000
 **************************************************
 
 ********************************************************
 *            Energy of box2*
 ********************************************************
Total system energy is                   -234.958
Intra molecular energy is                   0.000
Bond energy is                              0.000
Bond angle energy is                        0.000
Dihedral angle energy is                    0.000
Intra nonbond vdw is                        0.000
Intra nonbond elec is                       0.000
Inter molecule vdw is                       0.000
Long range correction is                 -234.958
Inter molecule q is                         0.000
Reciprocal ewald is                         0.000
Self ewald is                               0.000
 **************************************************
 
 
 ************* Components of energy from total energy call*******
Total system energy is                   -234.958
Intra molecular energy is                   0.000
Bond energy is                              0.000
Bond angle energy is                        0.000
Dihedral angle energy is                    0.000
Intra nonbond vdw is                        0.000
Intra nonbond elec is                       0.000
Inter molecule vdw is                       0.000
Long range correction is                 -234.958
Inter molecule q is                         0.000
Reciprocal ewald is                         0.000
Self ewald is                               0.000
 **************************************************
 
 
 
  Writing information for box           1
  *********************************************
 
                Move      Trials     Success
              Volume          20          17
 
  ******************************************
  Writing information for species           1
 
                Move      Trials     Success   % Success
           Translate        7381        6303       85.39
              Rotate           0           0         NaN
               Angle           0           0         NaN
            Dihedral           0           0         NaN
           Insertion          44          18       40.91
            Deletion          49          16       32.65
   Atom Displacement           0           0         NaN
 **************************************
  Writing information for box           2
  *********************************************
 
                Move      Trials     Success
              Volume          20          17
 
  ******************************************
  Writing information for species           1
 
                Move      Trials     Success   % Success
           Translate        2506        2326       92.82
              Rotate           0           0         NaN
               Angle           0           0         NaN
            Dihedral           0           0         NaN
           Insertion          49          16       32.65
            Deletion          44          18       40.91
   Atom Displacement           0           0         NaN
 **************************************
 Writing information about fragments
 
 *************************************
 Writing information for species           1
  Fragment      Trials     Success
         1           0           0
 *********************************
 *********** Ending simulation *****************
 
 
 
 Writing information about subroutine times
 
 ******************************************
 
 Translation time =            0.829868secs.
 Volume change time =          0.485928secs.
 Swap time =                   0.086991secs.
 ********************************************
 
 
 Program execution time
         0      Years
         0     Months
         0       Days
         0      Hours
         0    Minutes
         2    Seconds
        38         ms
