Run info
********************************************************************************
version: Cassandra Development Version
inputfile: methane_butane.inp
name of run: methane_butane.out
date (mm/dd/yyyy): 06/22/2016
time: 22:29:07
machine: maginnfe.crc.nd.edu
********************************************************************************

Verbose log
********************************************************************************
Normal output to logfile
********************************************************************************

Simulation type
********************************************************************************
GCMC                
********************************************************************************

Copy input file
********************************************************************************
 
 # Run_Name
 methane_butane.out
 
 # Sim_Type
 gcmc
 
 # Nbr_Species
 2
 
 # VDW_Style
 lj cut_tail 13.0
 
 # Seed_Info
 45879702104 5976323210
 
 # Rcutoff_Low
 1.0
 
 # Pair_Energy
 true
 
 # Molecule_Files
 CH4.mcf 300
 C4H10.mcf 300
 
 # Box_Info
 1
 cubic
 100.0
 
 # Temperature_Info
 300.0
 
 # Chemical_Potential_Info
 -35.41  -37.0
 
 # Move_Probability_Info
 
 # Prob_Translation
 0.2
 2.0  2.0
 
 # Prob_Rotation
 0.2
 0.0  180.0
 
 # Prob_Regrowth
 0.2
 0.0 1.0
 
 # Prob_Insertion
 0.20
 cbmc cbmc
 
 # Prob_Deletion
 0.20
 
 # Done_Probability_Info
 
 # Start_Type
 make_config 10 90
 
 # Run_Type
 equilibration   600
 
 # Simulation_Length_Info
 units      steps
 prop_freq    500
 coord_freq   25000
 run          50000
 
 # Property_Info 1
 energy_total
 nmols
 pressure
 mass_density
 
 # Fragment_Files
 species1/frag1/frag1.dat  1
 species2/frag1/frag1.dat  2
 species2/frag2/frag2.dat  3
 
 # CBMC_Info
 kappa_ins 12
 kappa_dih 10
 rcut_cbmc 6.5
 
 END
********************************************************************************

Number of species
********************************************************************************
2
********************************************************************************

Box info
********************************************************************************
Number of simulation boxes     1
Box 1 is cubic               
 Each Side Of :      100.0000     Angstrom
 Cell basis vector lengths in A,    100.0000     100.0000     100.0000
 Cosine of angles alpha, beta, gamma     0.0000       0.0000       0.0000
 Distance between box faces   100.0000     100.0000     100.0000
 Box volume, A^3       1000000.0000
********************************************************************************

Pair style
********************************************************************************
VDW style used is:   LJ             in box:  1
 VDW sum style is:   cut_tail       in box:  1
 rcut =    13.000   Angstrom
Section "# Charge_Style" is missing from the input file
 By default, charge style for box 1 is NONE
Pair interaction energy array storage enabled
Section "# Mixing_Rule" is missing from the input file
 By default, using Lorentz-Berthelot
********************************************************************************

Molecule info
********************************************************************************
 Reading molecular connectivity information
 Species:            1
 Molecular connectivity file: CH4.mcf                                                                                                                 
   1 atom(s) specified.
   0 bond(s) specified.
   0 angle(s) specified.
   0 dihedral(s) specified.
   0 improper(s) specified.
   1 fragment(s) specified.
   0 fragment bond(s) specified.
 Reading molecular connectivity information
 Species:            2
 Molecular connectivity file: C4H10.mcf                                                                                                               
   4 atom(s) specified.
   3 bond(s) specified.
   2 angle(s) specified.
   1 dihedral(s) specified.
   0 improper(s) specified.
   2 fragment(s) specified.
   1 fragment bond(s) specified.

 Species  Max molecules
 -------  -------------
      1            300
      2            300

 Species     1
 -------------------------------------------------------------------------------
 Atom parameters read
 Bond parameters read
 Angle parameters read
 Dihedral parameters read
 Improper parameters read
 Intra molecule scaling factors for species            1
  VDW 1-2 scaling factor       0.000
  VDW 1-3 scaling factor       0.000
  VDW 1-4 scaling factor       0.000
  VDW 1-N scaling factor       1.000
 Total number of atoms in fragment     1  is   1
 Fragment info read
 Fragment file for fragment 1 is species1/frag1/frag1.dat
 -------------------------------------------------------------------------------

 Species     2
 -------------------------------------------------------------------------------
 Atom parameters read
 Bond parameters read
 Angle parameters read
 Dihedral parameters read
 Improper parameters read
 Intra molecule scaling factors for species            2
  VDW 1-2 scaling factor       0.000
  VDW 1-3 scaling factor       0.000
  VDW 1-4 scaling factor       0.000
  VDW 1-N scaling factor       1.000
 Total number of atoms in fragment     1  is   3
 Total number of atoms in fragment     2  is   3
 Fragment info read
 Fragment file for fragment 2 is species2/frag1/frag1.dat
 Fragment file for fragment 3 is species2/frag2/frag2.dat
 -------------------------------------------------------------------------------

 Fragment coord info
 -------------------------------------------------------------------------------
 library_coords array successfully allocated
 Finished loading fragment coordinates from
 species1/frag1/frag1.dat
 Finished loading fragment coordinates from
 species2/frag1/frag1.dat
 species2/frag2/frag2.dat
 -------------------------------------------------------------------------------
********************************************************************************

Nonbond tables
********************************************************************************
 ********************************************************************************

Start type
********************************************************************************
Initial configuration for box 1 will be made
 Will insert      10  molecules of species   1
 Will insert      90  molecules of species   2
********************************************************************************

Seed info
********************************************************************************
The starting seeds are:  -1364938152   1681355914
********************************************************************************

Temperature
********************************************************************************
Temperature of box 1 is 300.000 K
********************************************************************************

Move probabilities
********************************************************************************
Probability for translation                0.200000
 Maximum displacement width for species  1 in box  1  is      2.00000
 Maximum displacement width for species  2 in box  1  is      2.00000
Probability for rotation                   0.200000
 The rotational width for the species    1 in box  1   is      0.0000 radians
 The rotational width for the species    2 in box  1   is      3.1416 radians
Probability for regrowth                   0.200000
 Cumulative probability for regrowth of species     1  is   0.000000
 Cumulative probability for regrowth of species     2  is   1.000000
Probability for insertion                  0.200000
 Species 1 will be inserted using CBMC
 Species 2 will be inserted using CBMC
 Number of insertable species is    2
Probability for deletion                   0.200000
Number of moves is :   5
********************************************************************************

Chemical potential
********************************************************************************
Species     1
 Chemical potential (internal units):    -3541.000000000
 de Broglie wavelength (Angstroms):          0.251657440
Species     2
 Chemical potential (internal units):    -3700.000000000
 de Broglie wavelength (Angstroms):          0.132211355
********************************************************************************

Simulation length info
********************************************************************************
Thermodynamic quantities will be computed every       500 Steps     
Coordinates will be written every                   25000 Steps     
 movie header file is                  methane_butane.out.H
 movie_XYZ file is                     methane_butane.out.xyz
The simulation will be run for                      50000 Steps     
Instantaneous values will be written every            500 Steps     
********************************************************************************

Property info
********************************************************************************
Total number of property files to be written is     1   for box 1
 Maximum number of properties per file is    5
 Writing the name of the property files and the corresponding property output
 Property file    1   is  methane_butane.out.prp
 Properties output in these files are
 Energy_Total
 Nmols_1
 Nmols_2
 Pressure
 Mass_Density
********************************************************************************

Minimum distance cutoff
********************************************************************************
MC low cutoff distance is   1.000    Angstrom
********************************************************************************

CBMC info
********************************************************************************
Kappa for first fragment insertion          12
Kappa for dihedral selection                10
 Cutoff for CBMC for box 1 is         6.50
********************************************************************************

Run type
********************************************************************************
 The input run type is equilibration
 Update frequency is          600
********************************************************************************

********************************************************************************
************************ Begin Cassandra simulation ****************************
********************************************************************************

Initial configuration
********************************************************************************
 Inserting           10 molecules of species            1
 Inserting           90 molecules of species            2
********************************************************************************

Compute total energy
********************************************************************************
 Starting energy components for box   1
  Atomic units-Extensive
 -----------------------------------------------------------
 Total system energy is                 37281.933
 Intra molecular energy is              39481.756
 Bond energy is                             0.000
 Bond angle energy is                   20302.206
 Dihedral angle energy is               19179.550
 Improper angle energy is                   0.000
 Intra molecule vdw is                      0.000
 Intra molecule q is                        0.000
 Inter molecule vdw is                  -2102.073
 Long range correction is                 -97.750
 Inter molecule q is                        0.000
 -----------------------------------------------------------

********************************************************************************

Run simulation
********************************************************************************
      Step       Move   Mol Spc Box  Success  MaxWidth
      2907     rotate         2   1  0.98000   3.14159
      5723  translate         2   1  0.95000   3.80000
      5784     rotate         2   1  0.95333   3.14159
      6886  translate         1   1  0.96500   3.86000
      8630     rotate         2   1  0.95333   3.14159
     11434     rotate         2   1  0.98000   3.14159
     11543  translate         2   1  0.88333   6.71333
     13585  translate         1   1  0.94167   7.26967
     14312     rotate         2   1  0.96833   3.14159
     17510     rotate         2   1  0.95500   3.14159
     17833  translate         2   1  0.88833  11.92736
     19522  translate         1   1  0.93833  13.00000
     20532     rotate         2   1  0.95667   3.14159
     23506  translate         2   1  0.85333  13.00000
     23521     rotate         2   1  0.94333   3.14159
     26097  translate         1   1  0.94167  13.00000
     26488     rotate         2   1  0.97167   3.14159
     29214  translate         2   1  0.88833  13.00000
     29457     rotate         2   1  0.97333   3.14159
     32321  translate         1   1  0.95500  13.00000
     32736     rotate         2   1  0.96333   3.14159
     34688  translate         2   1  0.86667  13.00000
     35754     rotate         2   1  0.98167   3.14159
     38714     rotate         2   1  0.94333   3.14159
     38842  translate         1   1  0.92500  13.00000
     40462  translate         2   1  0.85500  13.00000
     41820     rotate         2   1  0.97000   3.14159
     44722  translate         1   1  0.93167  13.00000
     45058     rotate         2   1  0.94167   3.14159
     46823  translate         2   1  0.86500  13.00000
     48048     rotate         2   1  0.97667   3.14159
********************************************************************************

Report ending energy & then re-compute from scratch
********************************************************************************


 Ending energy components for box   1
  Atomic units-Extensive
 -----------------------------------------------------------
 Total system energy is                 19819.921
 Intra molecular energy is              22208.336
 Bond energy is                             0.000
 Angle energy is                         9534.895
 Dihedral energy is                     12673.441
 Improper angle energy is                   0.000
 Intra molecule vdw is                      0.000
 Intra molecule q is                        0.000
 Inter molecule vdw is                  -2333.790
 Long range correction is                 -54.625
 Inter molecule q is                        0.000
 -----------------------------------------------------------


 Energy components from total energy call for box   1
  Atomic units-Extensive
 -----------------------------------------------------------
 Total system energy is                 19819.921
 Intra molecular energy is              22208.336
 Bond energy is                             0.000
 Angle energy is                         9534.895
 Dihedral energy is                     12673.441
 Improper angle energy is                   0.000
 Intra molecule vdw is                      0.000
 Intra molecule q is                        0.000
 Inter molecule vdw is                  -2333.790
 Long range correction is                 -54.625
 Inter molecule q is                        0.000
 -----------------------------------------------------------
********************************************************************************


Writing information for box  1
********************************************************************************

   ---------------------------------------------------------
   Writing information for species  1

                Move      Trials     Success   % Success
           Translate        4705        4430       94.16
              Insert        4978        4691       94.23
              Delete        5064        4651       91.84
   ---------------------------------------------------------


   ---------------------------------------------------------
   Writing information for species  2

                Move      Trials     Success   % Success
           Translate        5142        4530       88.10
              Rotate        9985        9620       96.34
              Insert        4968        4424       89.05
              Delete        5034        4461       88.62
   ---------------------------------------------------------

********************************************************************************

Writing information about fragments
********************************************************************************

   ---------------------------------------------------------
   Writing information for species  2
     #_Frags_Regrown      Trials     Success   % Success
                   1       10124        9474       93.58
   ---------------------------------------------------------
********************************************************************************

 Writing information about subroutine times
********************************************************************************
 Translation time =            0.476947 secs.
 Rotation time =               0.505923 secs.
 Insertion time =              4.929232 secs.
 Deletion time =               4.656297 secs.
 Regrowth time =               6.436023 secs.
********************************************************************************

********************************************************************************
************************ Cassandra simulation complete *************************
********************************************************************************

 Program execution time
********************************************************************************
         0      Years
         0     Months
         0       Days
         0      Hours
         0    Minutes
        21    Seconds
       736         ms
********************************************************************************
