Run info
********************************************************************************
version: Cassandra Development Version
inputfile: methane_Si.inp
name of run: methane_Si.out
date (mm/dd/yyyy): 05/19/2016
time: 14:23:21
machine: maginnfe.crc.nd.edu
********************************************************************************
 
Simulation type
********************************************************************************
GCMC                
********************************************************************************
 
Verbose log file
********************************************************************************
Verbose output to logfile: F
********************************************************************************
 
Copy input file
********************************************************************************
 
 # Run_Name
 methane_Si.out
 
 # Sim_Type
 GCMC
 
 # Nbr_Species
 2
 
 # VDW_Style
 LJ cut_tail 13.0
 
 # Charge_Style
 NONE
 
 # Intra_Scaling
 0.0  0.0  0.0  0.0
 0.0  0.0  0.0  0.0
 0.0  0.0  0.0  0.0
 0.0  0.0  0.0  0.0
 
 # Mixing_Rule
 LB
 
 # Seed_Info
 86722316473 59009854321
 
 # Rcutoff_Low
 1.0
 
 # Pair_Energy
 TRUE
 
 # Molecule_Files
 Si27ucEM.mcf 1
 CH4.mcf 500
 
 # Box_Info
 1
 ORTHOGONAL
 60.21  59.76 40.26
 
 # Temperature_Info
 300.0
 
 # Chemical_Potential_Info
 -40.0
 
 # Move_Probability_Info
 
 # Prob_Translation
 0.4
 0.0  2.0
 
 # Prob_Insertion
 0.3
 none cbmc
 
 # Prob_Deletion
 0.3
 
 # Done_Probability_Info
 
 # Start_Type
 add_to_config 1 0 Si27ucEM.xyz 0 30
 
 # Run_Type
 Equilibration   600
 
 # Average_Info
 1
 
 # Simulation_Length_Info
 Units        Steps
 Prop_Freq    400
 Coord_Freq   4000
 Run          4000
 
 # Property_Info 1
 Energy_Total
 Nmols
 
 # Fragment_Files
 species2/frag1/frag1.dat  1
 
 # CBMC_Info
 kappa_ins 12
 kappa_rot  0
 kappa_dih 12
 rcut_cbmc 6.5
 
 
 END
********************************************************************************
 
Number of species
********************************************************************************
    2
********************************************************************************
 
Box info
********************************************************************************
number of simulation boxes     1
Box number      1       Box Shape:      Orthorhombic 
X dimension :         60.2100     Angstrom
Y dimension :         59.7600     Angstrom
Z dimension :         40.2600     Angstrom
Cell basis vector lengths in A,     60.2100      59.7600      40.2600
Cosine of angles alpha, beta, gamma     0.0000       0.0000       0.0000
Distance between box faces    60.2100      59.7600      40.2600
Box volume, A^3        144861.5029
********************************************************************************
 
Pair style
********************************************************************************
 VDW style used is:   LJ             in box:  1
 LJ VDW sum style is:   cut_tail       in box:  1
 rcut =    13.000   Angstrom
 Charge style used is:   NONE           in box:  1
 Charge style properly input
 Pair interaction energy array storage enabled
 Lorentz-Berthelot mixing rule specified
********************************************************************************
 
Molecule info
********************************************************************************
 Reading molecular connectivity information
 Species:            1
 Molecular connectivity file: 
 Si27ucEM.mcf                                                                   
                                          
   7776 atom(s) specified.
   0 bond(s) specified.
   0 angle(s) specified.
   0 dihedral(s) specified.
   0 improper(s) specified.
   0 fragment(s) specified.
   0 fragment bond(s) specified.
 Reading molecular connectivity information
 Species:            2
 Molecular connectivity file: 
 CH4.mcf                                                                        
                                          
   1 atom(s) specified.
   0 bond(s) specified.
   0 angle(s) specified.
   0 dihedral(s) specified.
   0 improper(s) specified.
   1 fragment(s) specified.
   0 fragment bond(s) specified.
 
 Species  Max molecules
 -------  -------------
      1              1
      2            500
 
 Species     1
 -------------------------------------------------------------------------------
 L_Coul_CBMC not given, using default T
 1st_Fragment_Ins_Style not specified, using default "COM"
 Atom parameters read
 Bond parameters read
 Angle parameters read
 Dihedral parameters read
 Improper parameters read
 -------------------------------------------------------------------------------
 
 Species     2
 -------------------------------------------------------------------------------
 L_Coul_CBMC not given, using default T
 1st_Fragment_Ins_Style not specified, using default "COM"
 Atom parameters read
 Bond parameters read
 Angle parameters read
 Dihedral parameters read
 Improper parameters read
 Total number of atoms in fragment     1  is   1
 Fragment info read
 Fragment file for fragment 1 is species2/frag1/frag1.dat
 -------------------------------------------------------------------------------
 
 Fragment coord info
 -------------------------------------------------------------------------------
 library_coords array successfully allocated
 Finished loading fragment coordinates from
 species2/frag1/frag1.dat
 -------------------------------------------------------------------------------
********************************************************************************
 
Intramolecular nonbonded scaling
********************************************************************************
intramolecular scaling factors explicitly set
Intra molecule scaling factors for species             1
 VDW 1-2 scaling factor        0.000
 VDW 1-3 scaling factor        0.000
 VDW 1-4 scaling factor        0.000
 VDW 1-N scaling factor        0.000
 Coulomb 1-2 scaling factor    0.000
 Coulomb 1-3 scaling factor    0.000
 Coulomb 1-4 scaling factor    0.000
 Coulomb 1-N scaling factor    0.000
Intra molecule scaling factors for species             2
 VDW 1-2 scaling factor        0.000
 VDW 1-3 scaling factor        0.000
 VDW 1-4 scaling factor        0.000
 VDW 1-N scaling factor        0.000
 Coulomb 1-2 scaling factor    0.000
 Coulomb 1-3 scaling factor    0.000
 Coulomb 1-4 scaling factor    0.000
 Coulomb 1-N scaling factor    0.000
********************************************************************************
 
Start type
********************************************************************************
 Initial configuration for box 1 will add molecules to configuration read from f
 ile
 Will read       1  molecules of species   1
 Will read       0  molecules of species   2
 Will read configuration from file Si27ucEM.xyz                                                                                                            
 Will insert       0  molecules of species   1
 Will insert      30  molecules of species   2
********************************************************************************
 
Seed info
********************************************************************************
  The starting seeds are:    822970553  -1119687823
********************************************************************************
 
Temperature
********************************************************************************
  Temperature assigned to box     1  is  300.000    K
********************************************************************************
 
Move probabilities
********************************************************************************
 Translation probability is      0.400000
 Maximum displacement width for species  1 in box  1  is      0.00000
 Maximum displacement width for species  2 in box  1  is      2.00000
 Probability for insertion move is         0.3000
 Species 1 will not be inserted
 Species 2 will be inserted using CBMC
         Number of insertable species is    1
 Probability for deletion move is          0.3000
 Number of moves is :   3
********************************************************************************
 
Chemical potential
********************************************************************************
Chemical Potential of sp  1 is     0.000000000E+00in atomic units
de Broglie wavelength of species    1  in box      1   is
  0.0025541460   Angstrom
Chemical Potential of sp  2 is    -0.400000000E+04in atomic units
de Broglie wavelength of species    2  in box      1   is
  0.2519875236   Angstrom
********************************************************************************
 
Simulation length info
********************************************************************************
Thermodynamic quantities will be written every        400 Steps     
Coordinates will be written every                    4000 Steps     
movie header file is                   methane_Si.out.H
movie_XYZ file is                      methane_Si.out.xyz
The simulation will be run for                         4000 Steps     
********************************************************************************
 
Average info
********************************************************************************
 Instantaneous values will be output
********************************************************************************
 
Property info
********************************************************************************
Total number of property files to be written is     1   for box 1
 Maximum number of properties per file is    4
 Writing the name of the property files and the corresponding property output
 Property file    1   is  methane_Si.out.prp1
 Properties output in these files are
 Energy_Total
 Nmols
 Nmols
********************************************************************************
 
Minimum distance cutoff
********************************************************************************
MC low cutoff distance is   1.000    Angstrom
********************************************************************************
 
CBMC info
********************************************************************************
kappa for first bead insertion              12
Orientational bias not supported. Kappa for rotations is set to            0
kappa for dihedral selection                12
Smaller cutoff for CBMC for box          1        6.50
********************************************************************************
 
Run type
********************************************************************************
 The input run type is Equilibration
 Update frequency is          600
********************************************************************************
 
********************************************************************************
************************ Begin Cassandra simulation ****************************
********************************************************************************
 
Initial configuration
********************************************************************************
 
 Reading configuration for box           1
 Reading            1  molecules of species            1
 Reading            0  molecules of species            2
 Configurations read successfully
 Inserting           30 molecules of species            2
********************************************************************************
 
Charge neutrality check
********************************************************************************
 Species           1    has charge                0.00000000
 Species           2    has charge                0.00000000
 
 Box               1    has charge                0.00000000
********************************************************************************
 
Compute total energy
********************************************************************************
 Starting energy components for box   1
  Atomic units-Extensive
 -----------------------------------------------------------
 Total system energy is                -44237.761
 Intra molecular energy is                  0.000
 Bond energy is                             0.000
 Bond angle energy is                       0.000
 Dihedral angle energy is                   0.000
 Improper angle energy is                   0.000
 Intra molecule vdw is                      0.000
 Intra molecule q is                        0.000
 Inter molecule vdw is                 -15984.828
 Long range correction is              -28252.933
 Inter molecule q is                        0.000
 -----------------------------------------------------------
 
********************************************************************************
 
Run simulation
********************************************************************************
      Step       Move   Mol Spc Box  Success  MaxWidth
      1444  translate         2   1  0.20500   0.82000
      3042  translate         2   1  0.57167   0.93753
********************************************************************************
 
Report ending energy & then re-compute from scratch
********************************************************************************
 
 
 Ending energy components for box   1
  Atomic units-Extensive
 -----------------------------------------------------------
 Total system energy is                -81939.505
 Intra molecular energy is                  0.000
 Bond energy is                             0.000
 Angle energy is                            0.000
 Dihedral energy is                         0.000
 Improper angle energy is                   0.000
 Intra molecule vdw is                      0.000
 Intra molecule q is                        0.000
 Inter molecule vdw is                 -53550.966
 Long range correction is              -28388.539
 Inter molecule q is                        0.000
 -----------------------------------------------------------
 
 
 Energy components from total energy call for box   1
  Atomic units-Extensive
 -----------------------------------------------------------
 Total system energy is                -81939.505
 Intra molecular energy is                  0.000
 Bond energy is                             0.000
 Angle energy is                            0.000
 Dihedral energy is                         0.000
 Improper angle energy is                   0.000
 Intra molecule vdw is                      0.000
 Intra molecule q is                        0.000
 Inter molecule vdw is                 -53550.966
 Long range correction is              -28388.539
 Inter molecule q is                        0.000
 -----------------------------------------------------------
********************************************************************************
 
 
Writing information for box  1
********************************************************************************
 
   ---------------------------------------------------------
   Writing information for species  1
 
                Move      Trials     Success   % Success
   ---------------------------------------------------------
 
 
   ---------------------------------------------------------
   Writing information for species  2
 
                Move      Trials     Success   % Success
           Translate        1582         666       42.10
              Insert        1223         580       47.42
              Delete        1195         576       48.20
   ---------------------------------------------------------
 
********************************************************************************
 
 Writing information about subroutine times
********************************************************************************
 Translation time =            3.148484 secs.
 Insertion time =             15.105725 secs.
 Deletion time =              14.015885 secs.
********************************************************************************
 
********************************************************************************
************************ Cassandra simulation complete *************************
********************************************************************************
 
 Program execution time
********************************************************************************
         0      Years
         0     Months
         0       Days
         0      Hours
         0    Minutes
        41    Seconds
       343         ms
********************************************************************************
