Run info
********************************************************************************
version: Cassandra Development Version
inputfile: nvt.inp
name of run: nvt.out
date (mm/dd/yyyy): 05/18/2016
time: 17:18:21
machine: maginnfe.crc.nd.edu
********************************************************************************
 
Simulation type
********************************************************************************
NVT_MC              
********************************************************************************
 
Verbose log file
********************************************************************************
Verbose output to logfile: F
********************************************************************************
 
Copy input file
********************************************************************************
 
 # Run_Name
 nvt.out
 
 # Sim_Type
 NVT_MC
 
 # Nbr_Species
 1
 
 # VDW_Style
 LJ cut_tail 14.0
 
 # Charge_Style
 coul Ewald 50.0 0.000001
 
 # Intra_Scaling
 0.0 0.0 0.0 1.0
 0.0 0.0 0.0 1.0
 
 # Mixing_Rule
 LB
 
 # Seed_Info
 62704503 80297575
 
 # Rcutoff_Low
 0.85
 
 # Molecule_Files
 tip5p.mcf 90
 
 # Box_Info
 1
 CUBIC
 180.
 
 # Temperature_Info
 500.0
 
 # Pressure_Info
 1.0
 
 # Move_Probability_Info
 
 # Prob_Translation
 90
 40.00
 
 # Prob_Rotation
 90
 180.0
 
 # Done_Probability_Info
 
 # Start_Type
 make_config 90
 
 # Run_Type
 Production   30000  100
 
 # Average_Info
 1
 
 # Simulation_Length_Info
 Units        Sweeps
 Prop_Freq    10
 Coord_Freq   10
 Run          100
 # Done_Simulation_Length_Info
 
 # Property_Info 1
 Energy_Total
 Pressure
 
 # Fragment_Files
 species1/frag1/frag1.dat  1
 
 # CBMC_Info
 kappa_ins 12
 kappa_rot 0
 kappa_dih 10
 rcut_cbmc 6.5
 
 END
********************************************************************************
 
Number of species
********************************************************************************
    1
********************************************************************************
 
Box info
********************************************************************************
number of simulation boxes     1
Box number      1       Box Shape:      Cubic 
Each Side Of :       180.0000     Angstrom
Cell basis vector lengths in A,    180.0000     180.0000     180.0000
Cosine of angles alpha, beta, gamma     0.0000       0.0000       0.0000
Distance between box faces   180.0000     180.0000     180.0000
Box volume, A^3       5832000.0000
********************************************************************************
 
Pair style
********************************************************************************
 VDW style used is:   LJ             in box:  1
 LJ VDW sum style is:   cut_tail       in box:  1
 rcut =    14.000   Angstrom
 Charge style used is:   coul           in box:  1
 Charge sum style is   Ewald          in box:  1
 Ewald real space cutoff is  50.000 Angstroms.
 Ewald real space parameter is   0.074 inverse Angstroms
 Ewald reciprocal cutoff is  0.5526 inverse Angstroms
 Charge style properly input
 Lorentz-Berthelot mixing rule specified
 Pair interaction energy arrays will not be stored
********************************************************************************
 
Molecule info
********************************************************************************
 Reading molecular connectivity information
 Species:            1
 Molecular connectivity file: 
 tip5p.mcf                                                                      
                                          
   5 atom(s) specified.
   4 bond(s) specified.
   6 angle(s) specified.
   0 dihedral(s) specified.
   0 improper(s) specified.
   1 fragments specified.
   0  fragment bonds specified.
 
 Species  Nbr molecules
 -------  -------------
      1             90
 
 Species     1
 -------------------------------------------------------------------------------
 L_Coul_CBMC not given, using default T
 1st_Fragment_Ins_Style not specified, using default "COM"
 Atom parameters read
 Bond parameters read
 Angle parameters read
 Dihedral parameters read
 Improper parameters read
 Total number of atoms in fragment     1  is   5
 Fragment info read
 Fragment file for fragment 1 is species1/frag1/frag1.dat
 -------------------------------------------------------------------------------
 
 Fragment coord info
 -------------------------------------------------------------------------------
 library_coords array successfully allocated
 Finished loading fragment coordinates from
 species1/frag1/frag1.dat
 -------------------------------------------------------------------------------
********************************************************************************
 
Intramolecular nonbonded scaling
********************************************************************************
intramolecular scaling factors explicitly set
Intra molecule scaling factors for species             1
 VDW 1-2 scaling factor        0.000
 VDW 1-3 scaling factor        0.000
 VDW 1-4 scaling factor        0.000
 VDW 1-N scaling factor        1.000
 Coulomb 1-2 scaling factor    0.000
 Coulomb 1-3 scaling factor    0.000
 Coulomb 1-4 scaling factor    0.000
 Coulomb 1-N scaling factor    1.000
********************************************************************************
 
Start type
********************************************************************************
 Initial configuration for box 1 will be made
 Will insert      90  molecules of species   1
********************************************************************************
 
Seed info
********************************************************************************
  The starting seeds are:     62704503     80297575
********************************************************************************
 
Temperature
********************************************************************************
  Temperature assigned to box     1  is  500.000    K
********************************************************************************
 
Move probabilities
********************************************************************************
 Translation probability is     90.000000
 Maximum displacement width for species  1 in box  1  is     40.00000
 Rotation probability is     90.000000
 The rotational width for the species    1 in box  1   is      3.1416 radians
 Number of moves is :   2
 Move probabilities do not sum to 1.0
 Dividing each probability by   180.000000
********************************************************************************
 
CBMC info
********************************************************************************
kappa for first bead insertion              12
Orientational bias not supported. Kappa for rotations is set to            0
kappa for dihedral selection                10
Smaller cutoff for CBMC for box          1        6.50
********************************************************************************
 
Simulation length info
********************************************************************************
Thermodynamic quantities will be written every         10 Sweeps    
Coordinates will be written every                      10 Sweeps    
movie header file is                   nvt.out.H
movie_XYZ file is                      nvt.out.xyz
The simulation will be run for                          100 Sweeps    
********************************************************************************
 
Average info
********************************************************************************
 Instantaneous values will be output
********************************************************************************
 
Property info
********************************************************************************
Total number of property files to be written is     1   for box 1
 Maximum number of properties per file is    3
 Writing the name of the property files and the corresponding property output
 Property file    1   is  nvt.out.prp1
 Properties output in these files are
 Energy_Total
 Pressure
********************************************************************************
 
Minimum distance cutoff
********************************************************************************
MC low cutoff distance is   0.850    Angstrom
********************************************************************************
 
Run type
********************************************************************************
 The input run type is Production
 Update frequency is        30000
********************************************************************************
 
********************************************************************************
************************ Begin Cassandra simulation ****************************
********************************************************************************
 
Initial configuration
********************************************************************************
 Inserting           90 molecules of species            1
********************************************************************************
 
Charge neutrality check
********************************************************************************
 Species           1    has charge                0.00000000
 
 Box               1    has charge                0.00000000
********************************************************************************
 
Compute total energy
********************************************************************************
 Starting energy components for box   1
  Atomic units-Extensive
 -----------------------------------------------------------
 Total system energy is                   473.336
 Intra molecular energy is                  0.000
 Bond energy is                             0.000
 Bond angle energy is                       0.000
 Dihedral angle energy is                   0.000
 Improper angle energy is                   0.000
 Intra molecule vdw is                      0.000
 Intra molecule q is                        0.000
 Inter molecule vdw is                    -18.636
 Long range correction is                  -0.262
 Inter molecule q is                   121892.377
 Number of vectors is                        8727
 Reciprocal ewald is                      439.383
 Self ewald is                        -121839.527
 -----------------------------------------------------------
 
********************************************************************************
 
Run simulation
********************************************************************************
      Step            Move Spc Box  Success  MaxWidth
********************************************************************************
 
Report ending energy & then re-compute from scratch
********************************************************************************
 
 
 Ending energy components for box   1
  Atomic units-Extensive
 -----------------------------------------------------------
 Total system energy is                  -998.833
 Intra molecular energy is                  0.000
 Bond energy is                             0.000
 Angle energy is                            0.000
 Dihedral energy is                         0.000
 Improper angle energy is                   0.000
 Intra molecule vdw is                      0.000
 Intra molecule q is                        0.000
 Inter molecule vdw is                    -49.813
 Long range correction is                  -0.262
 Inter molecule q is                   120436.369
 Reciprocal ewald is                      454.400
 Self ewald is                        -121839.527
 -----------------------------------------------------------
 
 
 Energy components from total energy call for box   1
  Atomic units-Extensive
 -----------------------------------------------------------
 Total system energy is                  -998.833
 Intra molecular energy is                  0.000
 Bond energy is                             0.000
 Angle energy is                            0.000
 Dihedral energy is                         0.000
 Improper angle energy is                   0.000
 Intra molecule vdw is                      0.000
 Intra molecule q is                        0.000
 Inter molecule vdw is                    -49.813
 Long range correction is                  -0.262
 Inter molecule q is                   120436.369
 Reciprocal ewald is                      454.400
 Self ewald is                        -121839.527
 -----------------------------------------------------------
********************************************************************************
 
 
Writing information for box  1
********************************************************************************
 
   ---------------------------------------------------------
   Writing information for species  1
 
                Move      Trials     Success   % Success
           Translate        8980        8663       96.47
              Rotate        9020        8818       97.76
   ---------------------------------------------------------
 
********************************************************************************
 
 Writing information about subroutine times
********************************************************************************
 Translation time =           26.454829 secs.
 Rotation time =              26.609330 secs.
********************************************************************************
 
********************************************************************************
************************ Cassandra simulation complete *************************
********************************************************************************
 
 Program execution time
********************************************************************************
         0      Years
         0     Months
         0       Days
         0      Hours
         0    Minutes
        56    Seconds
       256         ms
********************************************************************************
