************** Beginning Cassandra simulation **************
Version Cassandra 1.0                                                                                                           

inputfile /scratch365/emarinri/Verbose_v1.1/Examples/NVT/diethylether/nvt.inp                                                     

name of run: nvt.out

  Month      Day      Year
     09       18      2015
 
 Time:  14:04:55
 
machine: maginnfe.crc.nd.edu


Simulation type: NVT_MC              

 Verbosity output to logfile set to  F
 
 **** Copying Inputfile ****** 
 
 # Run_Name
 nvt.out
 
 # Sim_Type
 NVT_MC
 
 # Nbr_Species
 1
 
 # VDW_Style
 LJ cut_tail 14.0
 
 # Charge_Style
 coul Ewald 14.0 0.000001
 
 # Intra_Scaling
 0.0 0.0 0.0 1.0
 0.0 0.0 0.0 1.0
 
 # Mixing_Rule
 LB
 
 # Seed_Info
 55001389 1764321284
 
 # Rcutoff_Low
 2.0
 
 # Molecule_Files
 dee.mcf 220
 
 # Box_Info
 1
 CUBIC
 34.66583687
 
 # Temperature_Info
 343.0
 
 # Move_Probability_Info
 
 # Prob_Translation
 0.333333
 0.50
 
 # Prob_Rotation
 0.333333
 30.0
 
 # Prob_Regrowth
 0.333334
 1.0
 
 # Done_Probability_Info
 
 # Start_Type
 make_config
 220
 
 # Run_Type
 Equilibration   22000 100
 
 
 # Average_Info
 1
 
 # Simulation_Length_Info
 Units        Steps
 Prop_Freq    2200
 Coord_Freq   2200
 MCsteps      22000
 # Done_Simulation_Length_Info
 
 # Property_Info 1
 Energy_Total
 Pressure
 Volume
 Density
 
 # Fragment_Files
 species1/frag1/frag1.dat  1
 species1/frag2/frag2.dat  2
 species1/frag3/frag3.dat  3
 
 # CBMC_Info
 kappa_ins 12
 kappa_rot 0
 kappa_dih 10
 rcut_cbmc 6.5
 
 END
 
 **** Finished writing input file *******
 Number of species simulated:      1

 *** Simulation box data ***
number of simulation boxes     1
 
Box number      1       Box Shape:      Cubic 
Each Side Of :        34.6658     Angstrom
 
Cell basis vector lengths in A,     34.6658      34.6658      34.6658
Cosine of angles alpha, beta, gamma     0.0000       0.0000       0.0000
Distance between box faces    34.6658      34.6658      34.6658
Box volume, A^3         41658.6380
 
 *** Finished loading box information ***
 
   VDW style used is:   LJ             in box:  1
   VDW sum style is:   cut_tail       in box:  1
    rcut =    14.000   Angstrom
 
   Charge style used is:   coul           in box:  1
    Charge sum style is   Ewald          in box:  1
    Ewald real space cutoff is  14.000 Angstroms.
  Ewald real space parameter is   0.265 inverse Angstroms
    Ewald reciprocal cutoff is  1.9736 inverse Angstroms
 Charge style properly input
 
Lorentz-Berthelot mixing rule specified
 
 Pair interaction energy arrays will not be stored
 Energy calculations will be done in a standard way
 
 
 Reading molecular connectivity information
 Species:            1
 Molecular connectivity file: 
 dee.mcf                                                                        
                                          
   5 atom(s) specified.
   4 bond(s) specified.
   3 angle(s) specified.
   2 dihedral(s) specified.
   0 improper(s) specified.
   3 fragments specified.
   2  fragment bonds specified.
 
Species  Nbr molecules
-------  -------------
     1            220
 
L_Coul_CBMC not given for species    1
 Defaulting to  T
 
1st_Fragment_Ins_Style not specified for species    1
using default of "COM" for this species.
 *** Completed assigning atom info ***
 
 *** Completed assigning bond info ***
 
 
 *** Completed assigning angle info ***
 
 *** Completed assigning dihedral info ***
 
 *** Completed assigning improper info ***
 
 
Total number of atoms in the fragment     1  is   3
 
Total number of atoms in the fragment     2  is   3
 
Total number of atoms in the fragment     3  is   3
 
 ******* Finished loading fragment info ********
 
 Fragment file for fragment 1 is
 species1/frag1/frag1.dat                                                       
                                          
 Fragment file for fragment 2 is
 species1/frag2/frag2.dat                                                       
                                          
 Fragment file for fragment 3 is
 species1/frag3/frag3.dat                                                       
                                          
 
 library_coords array successfully allocated
 
 
 Finished loading fragment coordinates from
 species1/frag1/frag1.dat                                                       
                                          
 
 
 Finished loading fragment coordinates from
 species1/frag2/frag2.dat                                                       
                                          
 
 
 Finished loading fragment coordinates from
 species1/frag3/frag3.dat                                                       
                                          
 
 intramolecular scaling factors explicitly set
Intra molecule scaling factors for species             1
VDW 1-2 scaling factor         0.000
VDW 1-3 scaling factor         0.000
VDW 1-4 scaling factor         0.000
VDW 1-N scaling factor         1.000
Coulomb 1-2 scaling factor     0.000
Coulomb 1-3 scaling factor     0.000
Coulomb 1-4 scaling factor     0.000
Coulomb 1-N scaling factor     1.000
 
 
 *** Completed assigning intramolecular scaling factors ***
 
 
 ***** Reading seed info *********
 
 The starting seed s1 is:    153587801
 
 ****** Finished loading the seed ********
 
 **** Simulation temperature information ****
  Temperature assigned to box     1  is  343.000    K
 
 *** Finished loading information for temperature ****
 
 
 ********* Move Probability Info******
    Translation probability is   0.333333
 
Maximum displacement width for species   1 in box  1  is      0.50000
 
       Rotation probability is   0.333333
 
The rotational width for the species     1 in box  1   is      0.5236 radians
 
 
   Probability for regrowth is   0.333334
 
   Cumulative probability for regrowth of species     1  is   1.000000
 ***** Finished reading the move probability info *****
Number of moves is :   3
 
 
 ***** reading CBMC info *********
 
 Writing out CBMC_Info
kappa for first bead insertion              12
kappa for rotational bias                    0
kappa for dihedral selection                10
 
Smaller cutoff for CBMC for box          1        6.50
 ****** finished loading CBMC_Info ********
 
Thermodynamic quantities will written at every       2200 MC steps.
 
Coordinates will be written at every                 2200 MC steps.
 
movie header file for box    1 is      nvt.out.box1.H
movie_XYZ file for box       1 is      nvt.out.box1.xyz
 
The simulation will be run for                        22000 MC steps.
 
 *** Finished Reading Simulation Length Info ******* 
 
 *********** Average Information ***************
 
 Instantaneous values will be output
 
 *********** Ending Average Section ************
 
 **** Writing property output information *****
 
Total number of property files to be written is     1   for box 1
 Maximum number of properties per file is    5
 Writing the name of the property files and the corresponding property output
 
 Property file    1   is  nvt.out.box1.prp1
 Properties output in these files are
 
 Energy_Total
 Pressure
 Volume
 Density
 
 ***** Finished writing property information ******
 
MC low cutoff distance is   2.000    Angstrom
 
 
 ******Initial Coordinate Info **********
 
 Initial configuration will be generated
  Starting number of molecules of species   1   in box   1  is     220
 
Total number of molecules of species   1   present initially is     220
 
 *****Finished reading initial coordinate info *****
 
 ****** Reading Run_Type Information ******
 
 The input run type is Equilibration
 Update frequency is        22000
 
 ******* Finished reading run type information ******
starting type make_config                                                                                                             

 ***************** Charge Neutrality Check *****************
 Species           1    has charge                0.00000000
 Box               1    has charge                0.00000000
 
 ***************** Charge Neutrality Check *****************
 ***********************************************************
   Starting energy components for box   1
  Atomic units-Extensive
 
 Total system energy is                411766.497
 Intra molecular energy is             313910.333
 Bond energy is                             0.000
 Bond angle energy is                   98036.992
 Dihedral angle energy is              215873.341
 Improper angle energy is                   0.000
 Intra nonbond vdw is                   25624.012
 Intra nonbond elec is                1680062.006
 Inter molecule vdw is                  93230.711
 Long range correction is              -12457.200
 Inter molecule q is                    -9733.917
 Reciprocal ewald is                    38040.576
 Self ewald is                       -1716910.024
 Number of vectors is                        2910
 ***********************************************************
 
******************** END OF SIMULATION ********************
 
 
 ***********************************************************
 Ending energy components for box   1
  Atomic units-Extensive
 -----------------------------------------------------------
 Total system energy is               -246828.849
 Intra molecular energy is             221850.223
 Bond energy is                             0.000
 Angle energy is                        90019.101
 Dihedral energy is                    131831.122
 Improper angle energy is                   0.000
 Intra nonbond vdw is                  -13724.285
 Intra nonbond elec is                1679740.493
 Inter molecule vdw is                -400971.314
 Long range correction is              -12457.200
 Inter molecule q is                   -27440.693
 Reciprocal ewald is                    23083.951
 Self ewald is                       -1716910.024
 ***********************************************************
 
 
 ***********************************************************
 Energy components from total energy call for box   1
  Atomic units-Extensive
 -----------------------------------------------------------
 Total system energy is               -246828.849
 Intra molecular energy is             221850.223
 Bond energy is                             0.000
 Angle energy is                        90019.101
 Dihedral energy is                    131831.122
 Improper angle energy is                   0.000
 Intra nonbond vdw is                  -13724.285
 Intra nonbond elec is                1679740.493
 Inter molecule vdw is                -400971.314
 Long range correction is              -12457.200
 Inter molecule q is                   -27440.693
 Reciprocal ewald is                    23083.951
 Self ewald is                       -1716910.024
 ***********************************************************
 
 
 Writing information for box  1
 ***********************************************************
 
 
 ***********************************************************
 Writing information for species  1
 
                Move      Trials     Success   % Success
           Translate        7353        2787       37.90
              Rotate        7415        3509       47.32
 ***********************************************************
 
 Writing information about fragments
 
 ***********************************************************
 Writing information for species  1
         # Fragments      Trials     Success   % Success
                   1        3653        3091       84.62
                   2        3579        2320       64.82
 ***********************************************************
 
 Writing information about subroutine times
 
 ***********************************************************
 
 Translation time =            9.432554 secs.
 Rotation time =               9.760503 secs.
 Regrowth time =              14.537814 secs.
 ***********************************************************
 
 
 Program execution time
         0      Years
         0     Months
         0       Days
         0      Hours
         0    Minutes
        42    Seconds
        96         ms
