Run info
********************************************************************************
version: Cassandra Development Version
inputfile: frag4.inp
name of run: frag4
date (mm/dd/yyyy): 05/24/2016
time: 00:40:29
machine: maginnfe.crc.nd.edu
********************************************************************************

Simulation type
********************************************************************************
NVT_MC_Fragment     
********************************************************************************

Verbose log file
********************************************************************************
Verbose output to logfile: F
********************************************************************************

Copy input file
********************************************************************************
 # Run_Name
 frag4
 
 # Sim_Type
 NVT_MC_Fragment
 
 # Nbr_Species
 1
 
 # VDW_Style
 NONE
 
 # Rcutoff_Low
 0.0
 
 # Mixing_Rule
 LB
 
 # Charge_Style
 NONE
 
 # Intra_Scaling
 0.0 0.0 0.0 1.0
 
 # Molecule_Files
 ../fragments/frag_4_1.mcf 1
 
 # Box_Info
 1
 CUBIC
 20.0 20.0 20.0
 
 # Temperature_Info
 354.0
 
 # Seed_Info
 706111630 70611631
 
 # Move_Probability_Info
 # Prob_Translation
 1.0
 0.2 10.0
 1.0
 # Done_Probability_Info
 
 # Start_Type
 read_config 1 ../fragments/frag_4_1.xyz 1
 
 # Run_Type
 Production 1000 10
 
 # Simulation_Length_Info
 Units  Steps
 Prop_Freq  10
 Coord_Freq   90
 Run          1100
 NequilSteps  100
 
 # File_Info
 frag4.dat
 
 END
********************************************************************************

Number of species
********************************************************************************
    1
********************************************************************************

Box info
********************************************************************************
number of simulation boxes     1
Box number      1       Box Shape:      Cubic 
Each Side Of :        20.0000     Angstrom
Cell basis vector lengths in A,     20.0000      20.0000      20.0000
Cosine of angles alpha, beta, gamma     0.0000       0.0000       0.0000
Distance between box faces    20.0000      20.0000      20.0000
Box volume, A^3          8000.0000
********************************************************************************

Pair style
********************************************************************************
 VDW style used is:   NONE           in box:  1
 Charge style used is:   NONE           in box:  1
 Charge style properly input
 Lorentz-Berthelot mixing rule specified
 Pair interaction energy arrays will not be stored
********************************************************************************

Molecule info
********************************************************************************
 Reading molecular connectivity information
 Species:            1
 Molecular connectivity file: ../fragments/frag_4_1.mcf                                                                                               
   3 atom(s) specified.
   2 bond(s) specified.
   1 angle(s) specified.
   0 dihedral(s) specified.
   0 improper(s) specified.

 Species  Max molecules
 -------  -------------
      1              1

 Species     1
 -------------------------------------------------------------------------------
 L_Coul_CBMC not given, using default T
 Atom parameters read
 Bond parameters read
 Angle parameters read
 Dihedral parameters read
 Improper parameters read
 -------------------------------------------------------------------------------
********************************************************************************

Intramolecular nonbonded scaling
********************************************************************************
intramolecular scaling factors explicitly set
Intra molecule scaling factors for species             1
 VDW 1-2 scaling factor        0.000
 VDW 1-3 scaling factor        0.000
 VDW 1-4 scaling factor        0.000
 VDW 1-N scaling factor        0.000
********************************************************************************

Start type
********************************************************************************
 Initial configuration for box 1 will be read from file
 Will read       1  molecules of species   1
 Will read configuration from file ../fragments/frag_4_1.xyz
********************************************************************************

Seed info
********************************************************************************
  The starting seeds are:    706111630     70611631
********************************************************************************

Temperature
********************************************************************************
  Temperature assigned to box     1  is  354.000    K
********************************************************************************

Move probabilities
********************************************************************************
Probability for translation                1.000000
 Maximum width in cosine of polar angle is  0.20000000000000001     
 Maximum width (degrees) in azimuthal angle is   10.000000000000000     
Number of moves is :   1
********************************************************************************

Simulation length info
********************************************************************************
Thermodynamic quantities will be written every         10 Steps     
Coordinates will be written every                      90 Steps     
 movie header file is                  frag4.H
 movie_XYZ file is                     frag4.xyz
The simulation will be run for                       1100 Steps     
Number of equilibrium steps       100
********************************************************************************

File info
********************************************************************************
     Configuration file for species    1   is
                          frag4.dat
********************************************************************************

Run type
********************************************************************************
 The input run type is Production
 Update frequency is         1000
********************************************************************************

********************************************************************************
************************ Begin Cassandra simulation ****************************
********************************************************************************

Initial configuration
********************************************************************************

 Reading configuration for box           1
 Reading            1  molecules of species            1
 Configurations read successfully
********************************************************************************

Charge neutrality check
********************************************************************************
 Species           1    has charge                0.00000000

 Box               1    has charge                0.00000000
********************************************************************************

Compute total energy
********************************************************************************
 Starting energy components for box   1
  Atomic units-Extensive
 -----------------------------------------------------------
 Total system energy is                  4994.073
 Intra molecular energy is               4994.073
 Bond energy is                             0.000
 Bond angle energy is                    4994.073
 Dihedral angle energy is                   0.000
 Improper angle energy is                   0.000
 Intra molecule vdw is                      0.000
 Intra molecule q is                        0.000
 Inter molecule vdw is                      0.000
 Inter molecule q is                        0.000
 -----------------------------------------------------------

********************************************************************************

Run simulation
********************************************************************************
      Step       Move   Mol Spc Box  Success  MaxWidth
********************************************************************************

Report ending energy & then re-compute from scratch
********************************************************************************


 Ending energy components for box   1
  Atomic units-Extensive
 -----------------------------------------------------------
 Total system energy is                    60.981
 Intra molecular energy is                 60.981
 Bond energy is                             0.000
 Angle energy is                           60.981
 Dihedral energy is                         0.000
 Improper angle energy is                   0.000
 Intra molecule vdw is                      0.000
 Intra molecule q is                        0.000
 Inter molecule vdw is                      0.000
 Inter molecule q is                        0.000
 -----------------------------------------------------------


 Energy components from total energy call for box   1
  Atomic units-Extensive
 -----------------------------------------------------------
 Total system energy is                    60.981
 Intra molecular energy is                 60.981
 Bond energy is                             0.000
 Angle energy is                           60.981
 Dihedral energy is                         0.000
 Improper angle energy is                   0.000
 Intra molecule vdw is                      0.000
 Intra molecule q is                        0.000
 Inter molecule vdw is                      0.000
 Inter molecule q is                        0.000
 -----------------------------------------------------------
********************************************************************************


Writing information for box  1
********************************************************************************

   ---------------------------------------------------------
   Writing information for species  1

                Move      Trials     Success   % Success
   Atom Displacement        1100         586       53.27
   ---------------------------------------------------------

********************************************************************************

 Writing information about subroutine times
********************************************************************************
********************************************************************************

********************************************************************************
************************ Cassandra simulation complete *************************
********************************************************************************

 Program execution time
********************************************************************************
         0      Years
         0     Months
         0       Days
         0      Hours
         0    Minutes
         0    Seconds
        15         ms
********************************************************************************
