************** Beginning Cassandra simulation **************
Version Cassandra 1.0                                                                                                           

inputfile nitrogen.inp                                                                                                            

name of run: nitrogen

  Month      Day      Year
     09       10      2015
 
 Time:  16:17:39
 
machine: maginnfe.crc.nd.edu


Simulation type: GCMC                

 
 **** Copying Inputfile ****** 
 
 # Run_Name
 nitrogen
 
 # Sim_Type
 GCMC
 
 # Nbr_Species
 1
 
 # VDW_Style
 LJ cut_tail 50.0
 
 # Charge_Style
 coul Ewald 50.0 1E-5
 
 # Intra_Scaling
 0.0  0.0  0.0  1.0
 0.0  0.0  0.0  1.0
 
 # Mixing_Rule
 LB
 
 # Seed_Info
 5735292573 42175410622
 
 
 # Rcutoff_Low
 1.0
 
 # Pair_Energy
 TRUE
 
 # Molecule_Files
 N23S.mcf 1000
 
 # Box_Info
 1
 CUBIC
 150.0  150.0 150.0
 
 # Temperature_Info
 77.0
 
 # Chemical_Potential_Info
 -7.0
 
 
 # Move_Probability_Info
 
 # Prob_Translation
 0.25
 10.0
 
 # Prob_Rotation
 0.25
 180.0
 
 
 # Prob_Insertion
 0.25
 insertion method
 reservoir
 
 # Prob_Deletion
 0.25
 
 # Done_Probability_Info
 
 # Start_Type
 make_config
 50
 
 
 # Run_Type
 Equilibration   600
 
 # Average_Info
 1
 
 # Simulation_Length_Info
 Units      Steps
 Prop_Freq    400
 Coord_Freq   4000
 MCsteps      4000
 # Done_Simulation_Length_Info
 
 # Property_Info 1
 Energy_Total
 Nmols
 Density
 Pressure
 
 # Fragment_Files
 species1/frag1/frag1.dat 1
 
 # CBMC_Info
 kappa_ins 12
 kappa_rot 12
 kappa_dih 12
 rcut_cbmc 6.5
 
 
 END
 
 **** Finished writing input file *******
 Number of species simulated:      1

 *** Simulation box data ***
number of simulation boxes     1
 
Box number      1       Box Shape:      Cubic 
Each Side Of :       150.0000     Angstrom
 
Cell basis vector lengths in A,    150.0000     150.0000     150.0000
Cosine of angles alpha, beta, gamma     0.0000       0.0000       0.0000
Distance between box faces   150.0000     150.0000     150.0000
Box volume, A^3       3375000.0000
 
 *** Finished loading box information ***
 
   VDW style used is:   LJ             in box:  1
   VDW sum style is:   cut_tail       in box:  1
    rcut =    50.000   Angstrom
 VDW style properly input
 
   Charge style used is:   coul           in box:  1
    Charge sum style is   Ewald          in box:  1
    Ewald real space cutoff is  50.000 Angstroms.
  Ewald real space parameter is   0.068 inverse Angstroms
    Ewald reciprocal cutoff is  0.4605 inverse Angstroms
 Charge style properly input
 
 
 Pair interaction energy array storage enabled
 
Lorentz-Berthelot mixing rule specified
 
 Reading molecular connectivity information
 Species:            1
 Molecular connectivity file: 
 N23S.mcf                                                                       
                                          
   3 atom(s) specified.
   2 bond(s) specified.
   1 angle(s) specified.
   0 dihedral(s) specified.
   0 improper(s) specified.
   1 fragments specified.
   0  fragment bonds specified.
 
Species  Nbr molecules
-------  -------------
     1           1000
 
L_Coul_CBMC not given for species    1
 Defaulting to true
 default  T
 
1st_Fragment_Ins_Style not specified for species    1
using default of "COM" for this species.
Species and atom number   1     1
 atom name:             N_s1  
 element:               N 
 mass:                     14.0070
 charge:                   -0.4050
 vdw type:              LJ                  
 Epsilon / kB in K:        36.4000
 Sigma in A:                3.3200
 
Species and atom number   1     2
 atom name:             D_s1  
 element:               D 
 mass:                      0.0000
 charge:                    0.8100
 vdw type:              LJ                  
 Epsilon / kB in K:         0.0000
 Sigma in A:                0.0000
 
Species and atom number   1     3
 atom name:             N_s1  
 element:               N 
 mass:                     14.0070
 charge:                   -0.4050
 vdw type:              LJ                  
 Epsilon / kB in K:        36.4000
 Sigma in A:                3.3200
 
Total number of ring atoms in species     1    0
Total number of exo atoms in species      1    3
 Atom ids for ring atoms
 Atom ids for exo atoms           1           2           3
 *** Completed assigning atom info ***
 
Species and bond number   1   1
 atom1:                   1
 atom2:                   2
 bond type:             fixed               
Bond fixed between atoms:      1      2 in species   1
Fixed bond length, in A:    0.5500
 
Species and bond number   1   2
 atom1:                   2
 atom2:                   3
 bond type:             fixed               
Bond fixed between atoms:      2      3 in species   1
Fixed bond length, in A:    0.5500
 
 *** Completed assigning bond info ***
 
Species and angle number  1   1
 atom1:                   1
 atom2:                   2
 atom3:                   3
 angle type:            fixed               
Angle fixed between atoms:      1      2      3in species   1
 fixed bond angle in deg  180.0000
 
 
Molecule    1  is defined to be linear
 
 *** Completed assigning angle info ***
 
 No dihedrals in species            1
 *** Completed assigning dihedral info ***
 
 No impropers in species            1
 *** Completed assigning improper info ***
 
 
Total number of atoms in the fragment     1  is   3
Identity of these atoms are
           2           1           3
 
 ******* Finished loading fragment info ********
 
 ******* Generating anchor info ****************
 
 Number of anchors for fragment     1  is   1
Anchor id is:    2
 Fragment file for fragment 1 is
 species1/frag1/frag1.dat                                                       
                                          
 Fragment type           1
 
 library_coords array successfully allocated
 
 
 Finished loading fragment coordinates from
 species1/frag1/frag1.dat                                                       
                                          
 
 intramolecular scaling factors explicitly set
Intra molecule scaling factors for species             1
VDW 1-2 scaling factor         0.000
VDW 1-3 scaling factor         0.000
VDW 1-4 scaling factor         0.000
VDW 1-N scaling factor         1.000
Coulomb 1-2 scaling factor     0.000
Coulomb 1-3 scaling factor     0.000
Coulomb 1-4 scaling factor     0.000
Coulomb 1-N scaling factor     1.000
 
 
 *** Completed assigning intramolecular scaling factors ***
 
  There are 2 different atom types in the system 
     1  N_s1  
     2  D_s1  
 
 
species number and name:  1   N23S.mcf                                                                                                                
 Name      number
 ------    ------
N_s1        1
D_s1        2
N_s1        1
 
 
 *** Creating VDW interaction table ***
Mixing rule used is:    LB             
 
Atom 1     Atom 2  epsilon (amu A^2/ps^2)        sigma (A)
N_s1       N_s1       30.2647                        3.3200
N_s1       D_s1        0.0000                        0.0000
D_s1       N_s1        0.0000                        0.0000
D_s1       D_s1        0.0000                        0.0000
 
 *** Completed construction of VDW interaction table ***
 
 
 *** Creating exclusion table ***
 
     species   atom1      atom2  vdw scale q-q scale
         1         1         1     0.000     0.000
         1         1         2     0.000     0.000
         1         1         3     0.000     0.000
         1         2         1     0.000     0.000
         1         2         2     0.000     0.000
         1         2         3     0.000     0.000
         1         3         1     0.000     0.000
         1         3         2     0.000     0.000
         1         3         3     0.000     0.000
 
 *** Completed construction of exclusion table ***
 
 
 ***** Reading seed info *********
 
 The starting seed s1 is:    153587801
 
 ****** Finished loading the seed ********
 
 **** Simulation temperature information ****
  Temperature assigned to box     1  is   77.000    K
 
 *** Finished loading information for temperature ****
 
 
 ********* Move Probability Info******
    Translation probability is   0.250000
 
Maximum displacement width for species   1 in box  1  is     10.00000
 
       Rotation probability is   0.250000
 
The rotational width for the species     1 in box  1   is      3.1416 radians
 
 
Probability for insertion move is          0.2500
 
Insertion will be carried out for species   1
 using the reservoir sampling
 
Total number of exchangeable species is    1
 
 
Probability for deletion move is           0.2500
 ***** Finished reading the move probability info *****
Number of moves is :   4
 
 
 *********** Fugactiy Info ***************
 
Chemical Potential of sp  1 is    -0.700000000E+03in atomic units
de Broglie wavelength of species    1  in box      1   is
  0.3758951588   Angstrom
 
 ******* Finished reading fugacity info ***********
 
Thermodynamic quantities will written at every        400 MC steps.
 
Coordinates will be written at every                 4000 MC steps.
 
movie header file for box    1 is      nitrogen.box1.H
movie_XYZ file for box       1 is      nitrogen.box1.xyz
 
The simulation will be run for                         4000 MC steps.
 
 *** Finished Reading Simulation Length Info ******* 
 
 *********** Average Information ***************
 
 Instantaneous values will be output
 
 *********** Ending Average Section ************
 
 **** Writing property output information *****
 
Total number of property files to be written is     1   for box 1
 Maximum number of properties per file is    5
 Writing the name of the property files and the corresponding property output
 
 Property file    1   is  nitrogen.box1.prp1
 Properties output in these files are
 
 Energy_Total
 Nmols
 Density
 Pressure
 
 ***** Finished writing property information ******
 
MC low cutoff distance is   1.000    Angstrom
 
 *** Computed bond participation information ***
 species, atom, local bond nbr, global bond nbr, atom bonded 
    1         1       1            1                 2
 
 species, atom, local bond nbr, global bond nbr, atom bonded 
    1         2       1            1                 1
 species, atom, local bond nbr, global bond nbr, atom bonded 
    1         2       2            2                 3
 
 species, atom, local bond nbr, global bond nbr, atom bonded 
    1         3       1            2                 2
 
 
 
 For species           1
  Number of atoms that can be displaced           2
             Atom ID     Reference Atom ID
                   1                     2
                   3                     2
 
 Number of atom in question           1
 Total number of angles           1
 Angles for this atom
           1
 Position of the atom in angles
           1
 Number of atom in question           2
 Total number of angles           1
 Angles for this atom
           1
 Position of the atom in angles
           2
 Number of atom in question           3
 Total number of angles           1
 Angles for this atom
           1
 Position of the atom in angles
           3
 Number of atom in question           1
 Total number of dihedrals           0
 Dihedral angles for this atom
 
 Position of the atom in dihedrals
 
 Number of atom in question           2
 Total number of dihedrals           0
 Dihedral angles for this atom
 
 Position of the atom in dihedrals
 
 Number of atom in question           3
 Total number of dihedrals           0
 Dihedral angles for this atom
 
 Position of the atom in dihedrals
 
 information about angle           1
 the atom that is moved is           1
 atoms that change their position due to this move
           1
 the atoms is moved is           3
 atoms that change their position due to this move
           3
 
 checking for dihedral_atoms_to_place
 
 ***** reading CBMC info *********
 
 Writing out CBMC_Info
kappa for first bead insertion              12
kappa for rotational bias                   12
kappa for dihedral selection                12
 
Smaller cutoff for CBMC for box          1        6.50
 ****** finished loading CBMC_Info ********
 
 ******Initial Coordinate Info **********
 
 Initial configuration will be generated
  Starting number of molecules of species   1   in box   1  is      50
 
Total number of molecules of species   1   present initially is      50
 
 *****Finished reading initial coordinate info *****
 
 ****** Reading Run_Type Information ******
 
 The input run type is Equilibration
 Update frequency is          600
 
 ******* Finished reading run type information ******
starting type make_config                                                                                                             

 ***************** Charge Neutrality Check *****************
 Species           1    has charge                0.00000000
 Box               1    has charge                0.00000000
 
 ***************** Charge Neutrality Check *****************
 ***********************************************************
   Starting energy components for box   1
  Atomic units-Extensive
 
 Total system energy is                   -74.384
 Intra molecular energy is                  0.000
 Bond energy is                             0.000
 Bond angle energy is                       0.000
 Dihedral angle energy is                   0.000
 Improper angle energy is                   0.000
 Intra nonbond vdw is                       0.000
 Intra nonbond elec is                 261754.195
 Inter molecule vdw is                    -89.821
 Long range correction is                  -0.008
 Inter molecule q is                       14.415
 Reciprocal ewald is                        0.215
 Self ewald is                        -261753.380
 Number of vectors is                        2934
 ***********************************************************
 
 
Success ratio, rotation of species   1 in box 1 :  0.99667
Maximum width, rotation of species   1 in box 1 :  3.14159
 
Success ratio, translation of species   1 in box 1 :  0.98167
Maximum width, translation of species   1 in box 1 : 19.63333
******************** END OF SIMULATION ********************
 
 
 ***********************************************************
 Ending energy components for box   1
  Atomic units-Extensive
 -----------------------------------------------------------
 Total system energy is                   -84.921
 Intra molecular energy is                  0.000
 Bond energy is                             0.000
 Angle energy is                            0.000
 Dihedral energy is                         0.000
 Improper angle energy is                   0.000
 Intra nonbond vdw is                       0.000
 Intra nonbond elec is                 581094.313
 Inter molecule vdw is                   -118.482
 Long range correction is                  -0.040
 Inter molecule q is                       31.348
 Reciprocal ewald is                        0.441
 Self ewald is                        -581092.503
 ***********************************************************
 
 
 ***********************************************************
 Energy components from total energy call for box   1
  Atomic units-Extensive
 -----------------------------------------------------------
 Total system energy is                   -84.921
 Intra molecular energy is                  0.000
 Bond energy is                             0.000
 Angle energy is                            0.000
 Dihedral energy is                         0.000
 Improper angle energy is                   0.000
 Intra nonbond vdw is                       0.000
 Intra nonbond elec is                 581094.313
 Inter molecule vdw is                   -118.482
 Long range correction is                  -0.040
 Inter molecule q is                       31.348
 Reciprocal ewald is                        0.441
 Self ewald is                        -581092.503
 ***********************************************************
 
 
 Writing information for box  1
 ***********************************************************
 
 
 ***********************************************************
 Writing information for species  1
 
                Move      Trials     Success   % Success
           Translate         974         958       98.36
              Rotate        1034        1031       99.71
           Insertion         993         891       89.73
            Deletion         999         830       83.08
 ***********************************************************
 
 Writing information about fragments
 
 ***********************************************************
 Writing information for species  1
         # Fragments      Trials     Success   % Success
 ***********************************************************
 
 Writing information about subroutine times
 
 ***********************************************************
 
 Translation time =            7.425868 secs.
 Rotation time =               8.028786 secs.
 Insertion time =             11.652216 secs.
 Deletion time =               4.933259 secs.
 ***********************************************************
 
 
 Program execution time
         0      Years
         0     Months
         0       Days
         0      Hours
         0    Minutes
        42    Seconds
       669         ms
