Run info
********************************************************************************
version: Cassandra Development Version
inputfile: nitrogen.inp
name of run: nitrogen.out
date (mm/dd/yyyy): 05/19/2016
time: 04:27:06
machine: maginnfe.crc.nd.edu
********************************************************************************
 
Simulation type
********************************************************************************
GCMC                
********************************************************************************
 
Verbose log file
********************************************************************************
Verbose output to logfile: F
********************************************************************************
 
Copy input file
********************************************************************************
 
 # Run_Name
 nitrogen.out
 
 # Sim_Type
 GCMC
 
 # Nbr_Species
 1
 
 # VDW_Style
 LJ cut_tail 50.0
 
 # Charge_Style
 coul Ewald 50.0 1E-5
 
 # Intra_Scaling
 0.0  0.0  0.0  1.0
 0.0  0.0  0.0  1.0
 
 # Mixing_Rule
 LB
 
 # Seed_Info
 5735292573 42175410622
 
 
 # Rcutoff_Low
 1.0
 
 # Pair_Energy
 TRUE
 
 # Molecule_Files
 N23S.mcf 1000
 
 # Box_Info
 1
 CUBIC
 200.0  200.0 200.0
 
 # Temperature_Info
 77.0
 
 # Chemical_Potential_Info
 -7.0
 
 
 # Move_Probability_Info
 
 # Prob_Translation
 0.25
 10.0
 
 # Prob_Rotation
 0.25
 180.0
 
 # Prob_Insertion
 0.25
 cbmc
 
 # Prob_Deletion
 0.25
 
 # Done_Probability_Info
 
 # Start_Type
 make_config 50
 
 # Run_Type
 Equilibration   600
 
 # Average_Info
 1
 
 # Simulation_Length_Info
 Units      Steps
 Prop_Freq    400
 Coord_Freq   4000
 Run          4000
 
 # Property_Info 1
 Energy_Total
 Nmols
 Density
 Pressure
 
 # Fragment_Files
 species1/frag1/frag1.dat  1
 
 # CBMC_Info
 kappa_ins 12
 kappa_rot  0
 kappa_dih 10
 rcut_cbmc 6.5
 
 
 END
********************************************************************************
 
Number of species
********************************************************************************
    1
********************************************************************************
 
Box info
********************************************************************************
number of simulation boxes     1
Box number      1       Box Shape:      Cubic 
Each Side Of :       200.0000     Angstrom
Cell basis vector lengths in A,    200.0000     200.0000     200.0000
Cosine of angles alpha, beta, gamma     0.0000       0.0000       0.0000
Distance between box faces   200.0000     200.0000     200.0000
Box volume, A^3       8000000.0000
********************************************************************************
 
Pair style
********************************************************************************
 VDW style used is:   LJ             in box:  1
 LJ VDW sum style is:   cut_tail       in box:  1
 rcut =    50.000   Angstrom
 Charge style used is:   coul           in box:  1
 Charge sum style is   Ewald          in box:  1
 Ewald real space cutoff is  50.000 Angstroms.
 Ewald real space parameter is   0.068 inverse Angstroms
 Ewald reciprocal cutoff is  0.4605 inverse Angstroms
 Charge style properly input
 Pair interaction energy array storage enabled
 Lorentz-Berthelot mixing rule specified
********************************************************************************
 
Molecule info
********************************************************************************
 Reading molecular connectivity information
 Species:            1
 Molecular connectivity file: 
 N23S.mcf                                                                       
                                          
   3 atom(s) specified.
   2 bond(s) specified.
   1 angle(s) specified.
   0 dihedral(s) specified.
   0 improper(s) specified.
   1 fragment(s) specified.
   0 fragment bond(s) specified.
 
 Species  Max molecules
 -------  -------------
      1           1000
 
 Species     1
 -------------------------------------------------------------------------------
 L_Coul_CBMC not given, using default T
 1st_Fragment_Ins_Style not specified, using default "COM"
 Atom parameters read
 Bond parameters read
 Angle parameters read
 Dihedral parameters read
 Improper parameters read
 Total number of atoms in fragment     1  is   3
 Fragment info read
 Fragment file for fragment 1 is species1/frag1/frag1.dat
 -------------------------------------------------------------------------------
 
 Fragment coord info
 -------------------------------------------------------------------------------
 library_coords array successfully allocated
 Finished loading fragment coordinates from
 species1/frag1/frag1.dat
 -------------------------------------------------------------------------------
********************************************************************************
 
Intramolecular nonbonded scaling
********************************************************************************
intramolecular scaling factors explicitly set
Intra molecule scaling factors for species             1
 VDW 1-2 scaling factor        0.000
 VDW 1-3 scaling factor        0.000
 VDW 1-4 scaling factor        0.000
 VDW 1-N scaling factor        1.000
 Coulomb 1-2 scaling factor    0.000
 Coulomb 1-3 scaling factor    0.000
 Coulomb 1-4 scaling factor    0.000
 Coulomb 1-N scaling factor    1.000
********************************************************************************
 
Start type
********************************************************************************
 Initial configuration for box 1 will be made
 Will insert      50  molecules of species   1
********************************************************************************
 
Seed info
********************************************************************************
  The starting seeds are:   1440325277   -774262338
********************************************************************************
 
Temperature
********************************************************************************
  Temperature assigned to box     1  is   77.000    K
********************************************************************************
 
Move probabilities
********************************************************************************
 Translation probability is      0.250000
 Maximum displacement width for species  1 in box  1  is     10.00000
 Rotation probability is      0.250000
 The rotational width for the species    1 in box  1   is      3.1416 radians
 Probability for insertion move is         0.2500
 Species 1 will be inserted using CBMC
         Number of insertable species is    1
 Probability for deletion move is          0.2500
 Number of moves is :   4
********************************************************************************
 
Chemical potential
********************************************************************************
Chemical Potential of sp  1 is    -0.700000000E+03in atomic units
de Broglie wavelength of species    1  in box      1   is
  0.3758951588   Angstrom
********************************************************************************
 
Simulation length info
********************************************************************************
Thermodynamic quantities will be written every        400 Steps     
Coordinates will be written every                    4000 Steps     
movie header file is                   nitrogen.out.H
movie_XYZ file is                      nitrogen.out.xyz
The simulation will be run for                         4000 Steps     
********************************************************************************
 
Average info
********************************************************************************
 Instantaneous values will be output
********************************************************************************
 
Property info
********************************************************************************
Total number of property files to be written is     1   for box 1
 Maximum number of properties per file is    5
 Writing the name of the property files and the corresponding property output
 Property file    1   is  nitrogen.out.prp1
 Properties output in these files are
 Energy_Total
 Nmols
 Density
 Pressure
********************************************************************************
 
Minimum distance cutoff
********************************************************************************
MC low cutoff distance is   1.000    Angstrom
********************************************************************************
 
CBMC info
********************************************************************************
kappa for first bead insertion              12
Orientational bias not supported. Kappa for rotations is set to            0
kappa for dihedral selection                10
Smaller cutoff for CBMC for box          1        6.50
********************************************************************************
 
Run type
********************************************************************************
 The input run type is Equilibration
 Update frequency is          600
********************************************************************************
 
********************************************************************************
************************ Begin Cassandra simulation ****************************
********************************************************************************
 
Initial configuration
********************************************************************************
 Inserting           50 molecules of species            1
********************************************************************************
 
Charge neutrality check
********************************************************************************
 Species           1    has charge               -1.62000000
 
 Box               1    has charge              -81.00000000
********************************************************************************
 
Compute total energy
********************************************************************************
 Starting energy components for box   1
  Atomic units-Extensive
 -----------------------------------------------------------
 Total system energy is                -53666.732
 Intra molecular energy is                  0.000
 Bond energy is                             0.000
 Bond angle energy is                       0.000
 Dihedral angle energy is                   0.000
 Improper angle energy is                   0.000
 Intra molecule vdw is                      0.000
 Intra molecule q is                        0.000
 Inter molecule vdw is                     -2.400
 Long range correction is                  -0.003
 Inter molecule q is                  -408249.234
 Number of vectors is                        6938
 Reciprocal ewald is                   616338.284
 Self ewald is                        -261753.380
 -----------------------------------------------------------
 
********************************************************************************
 
Run simulation
********************************************************************************
      Step       Move   Mol Spc Box  Success  MaxWidth
      2304  translate         1   1  0.34667   6.93333
      2448     rotate         1   1  0.98500   3.14159
********************************************************************************
 
Report ending energy & then re-compute from scratch
********************************************************************************
 
 
 Ending energy components for box   1
  Atomic units-Extensive
 -----------------------------------------------------------
 Total system energy is              -4299640.717
 Intra molecular energy is                  0.000
 Bond energy is                             0.000
 Angle energy is                            0.000
 Dihedral energy is                         0.000
 Improper angle energy is                   0.000
 Intra molecule vdw is                      0.000
 Intra molecule q is                        0.000
 Inter molecule vdw is                     -9.612
 Long range correction is                  -0.259
 Inter molecule q is                 -3148101.114
 Reciprocal ewald is                  1136194.805
 Self ewald is                       -2287724.537
 -----------------------------------------------------------
 
 
 Energy components from total energy call for box   1
  Atomic units-Extensive
 -----------------------------------------------------------
 Total system energy is              -4299640.717
 Intra molecular energy is                  0.000
 Bond energy is                             0.000
 Angle energy is                            0.000
 Dihedral energy is                         0.000
 Improper angle energy is                   0.000
 Intra molecule vdw is                      0.000
 Intra molecule q is                        0.000
 Inter molecule vdw is                     -9.612
 Long range correction is                  -0.259
 Inter molecule q is                 -3148101.114
 Reciprocal ewald is                  1136194.805
 Self ewald is                       -2287724.537
 -----------------------------------------------------------
********************************************************************************
 
 
Writing information for box  1
********************************************************************************
 
   ---------------------------------------------------------
   Writing information for species  1
 
                Move      Trials     Success   % Success
           Translate        1021         366       35.85
              Rotate        1026        1000       97.47
              Insert         998         422       42.28
              Delete         955          35        3.66
   ---------------------------------------------------------
 
********************************************************************************
 
 Writing information about subroutine times
********************************************************************************
 Translation time =            1.969701 secs.
 Rotation time =               1.974709 secs.
 Insertion time =              2.600597 secs.
 Deletion time =               0.483925 secs.
********************************************************************************
 
********************************************************************************
************************ Cassandra simulation complete *************************
********************************************************************************
 
 Program execution time
********************************************************************************
         0      Years
         0     Months
         0       Days
         0      Hours
         0    Minutes
        11    Seconds
       478         ms
********************************************************************************
