************** Beginning Cassandra simulation **************
Version Cassandra Development Version                                                                                           

inputfile npt.inp                                                                                                                 

name of run: npt.out

  Month      Day      Year
     05       13      2016
 
 Time:  00:44:16
 
machine: maginnfe.crc.nd.edu


Simulation type: NPT_MC              

 Verbosity output to logfile set to  F
 
 **** Copying Inputfile ****** 
 
 # Run_Name
 npt.out
 
 # Sim_Type
 NPT_MC
 
 # Nbr_Species
 1
 
 # VDW_Style
 LJ cut_tail 6.0
 
 # Charge_Style
 coul Ewald 6.0 0.000001
 
 # Intra_Scaling
 0.0 0.0 0.0 1.0
 0.0 0.0 0.0 1.0
 
 # Mixing_Rule
 LB
 
 # Seed_Info
 21498 489625
 
 # Rcutoff_Low
 0.85
 
 # Molecule_Files
 spce.mcf 90
 
 # Box_Info
 1
 CUBIC
 14.1248913303732
 
 # Temperature_Info
 300.0
 
 # Pressure_Info
 1.0
 
 # Move_Probability_Info
 
 # Prob_Translation
 90
 1.00
 
 # Prob_Rotation
 90
 38.0
 
 # Prob_Volume
 1
 200.
 
 # Done_Probability_Info
 
 # Start_Type
 read_config 90 npt.inp.xyz
 
 # Run_Type
 Production   900  10
 
 
 # Average_Info
 1
 
 # Simulation_Length_Info
 Units        Sweeps
 Prop_Freq    10
 Coord_Freq   10
 MCsteps      100
 # Done_Simulation_Length_Info
 
 # Property_Info 1
 Energy_Total
 Pressure
 Volume
 Density
 
 # Fragment_Files
 species1/frag1/frag1.dat  1
 
 # CBMC_Info
 kappa_ins 12
 kappa_rot 0
 kappa_dih 10
 rcut_cbmc 6.5
 
 END
 
 **** Finished writing input file *******
 Number of species simulated:      1

 *** Simulation box data ***
number of simulation boxes     1
 
Box number      1       Box Shape:      Cubic 
Each Side Of :        14.1249     Angstrom
 
Cell basis vector lengths in A,     14.1249      14.1249      14.1249
Cosine of angles alpha, beta, gamma     0.0000       0.0000       0.0000
Distance between box faces    14.1249      14.1249      14.1249
Box volume, A^3          2818.0932
 
 *** Finished loading box information ***
 
   VDW style used is:   LJ             in box:  1
   VDW sum style is:   cut_tail       in box:  1
    rcut =     6.000   Angstrom
 
   Charge style used is:   coul           in box:  1
    Charge sum style is   Ewald          in box:  1
    Ewald real space cutoff is   6.000 Angstroms.
  Ewald real space parameter is   0.619 inverse Angstroms
    Ewald reciprocal cutoff is  4.6052 inverse Angstroms
 Charge style properly input
 
Lorentz-Berthelot mixing rule specified
 
 Pair interaction energy arrays will not be stored
 Energy calculations will be done in a standard way
 
 
 Reading molecular connectivity information
 Species:            1
 Molecular connectivity file: 
 spce.mcf                                                                       
                                          
   3 atom(s) specified.
   2 bond(s) specified.
   1 angle(s) specified.
   0 dihedral(s) specified.
   1 fragments specified.
   0 improper(s) specified.
   0  fragment bonds specified.
 
Species  Nbr molecules
-------  -------------
     1             90
 
L_Coul_CBMC not given for species    1
 Defaulting to  T
 
1st_Fragment_Ins_Style not specified for species    1
using default of "COM" for this species.
 *** Completed assigning atom info ***
 
 *** Completed assigning bond info ***
 
 
 *** Completed assigning angle info ***
 
 *** Completed assigning dihedral info ***
 
 *** Completed assigning improper info ***
 
 
Total number of atoms in the fragment     1  is   3
 
 ******* Finished loading fragment info ********
 
 Fragment file for fragment 1 is
 species1/frag1/frag1.dat                                                       
                                          
 
 library_coords array successfully allocated
 
 
 Finished loading fragment coordinates from
 species1/frag1/frag1.dat                                                       
                                          
 
 intramolecular scaling factors explicitly set
Intra molecule scaling factors for species             1
VDW 1-2 scaling factor         0.000
VDW 1-3 scaling factor         0.000
VDW 1-4 scaling factor         0.000
VDW 1-N scaling factor         1.000
Coulomb 1-2 scaling factor     0.000
Coulomb 1-3 scaling factor     0.000
Coulomb 1-4 scaling factor     0.000
Coulomb 1-N scaling factor     1.000
 
 
 *** Completed assigning intramolecular scaling factors ***
 
 
 ********** Start Type Info **********
 
 Initial configuration for box 1 will be read from file
 Will read      90  molecules of species   1
 Will read configuration from file npt.inp.xyz                                                                                                             
 
 *****Finished reading initial coordinate info *****
 
 ***** Reading seed info *********
 
 The starting seed s1 is:    153587801
 
 ****** Finished loading the seed ********
 
 **** Simulation temperature information ****
  Temperature assigned to box     1  is  300.000    K
 
 *** Finished loading information for temperature ****
 
 
 ************* Reading pressure Info ***********
 
 Pressure of box           1  is   6.022137376997844E-003  amu / (A ps^2). 
 
 ********* Finished reading pressure info ********
 
 ********* Move Probability Info******
    Translation probability is     90.000000
 
Maximum displacement width for species   1 in box  1  is      1.00000
 
       Rotation probability is     90.000000
 
The rotational width for the species     1 in box  1   is      0.6632 radians
 
 
         Probability for volume move is       1.000000
 
 Writing maximum volume displacement elements for box           1
 
                 200.000   A^3
 
 Volume moves will be performed in actual volumes
 ***** Finished reading the move probability info *****
Number of moves is :   3
 
 Move probabilities do not sum to 1.0
Dividing each probability by   181.000000
 
 ***** reading CBMC info *********
 
 Writing out CBMC_Info
kappa for first bead insertion              12
Orientational bias not supported.            0tations is set to 
kappa for dihedral selection                10
 
Smaller cutoff for CBMC for box          1        6.50
 ****** finished loading CBMC_Info ********
 
Thermodynamic quantities will written every          1810 MC steps.
 
Coordinates will be written every                    1810 MC steps.
 
movie header file for box    1 is      npt.out.box1.H
movie_XYZ file for box       1 is      npt.out.box1.xyz
 
The simulation will be run for                        18100 MC steps.
 
 *** Finished Reading Simulation Length Info ******* 
 
 **** Writing property output information *****
 
Total number of property files to be written is     1   for box 1
 Maximum number of properties per file is    5
 Writing the name of the property files and the corresponding property output
 
 Property file    1   is  npt.out.box1.prp1
 Properties output in these files are
 
 Energy_Total
 Pressure
 Volume
 Density
 
 ***** Finished writing property information ******
 
 *********** Average Information ***************
 
 Instantaneous values will be output
 
 *********** Ending Average Section ************
 
MC low cutoff distance is   0.850    Angstrom
 
 
 ****** Reading Run_Type Information ******
 
 The input run type is Production
 Update frequency is          900
 
 Update frequency for adjusting maximum volume displacement is
          10
 
 ******* Finished reading run type information ******
 
 Reading configuration for box           1
 Reading           90  molecules of species            1
 Configurations read successfully
 ***************** Charge Neutrality Check *****************
 Species           1    has charge                0.00000000
 
 Box               1    has charge                0.00000000
 ***************** Charge Neutrality Check *****************
 ***********************************************************
   Starting energy components for box   1
  Atomic units-Extensive
 -----------------------------------------------------------
 Total system energy is               -342123.903
 Intra molecular energy is                  0.000
 Bond energy is                             0.000
 Bond angle energy is                       0.000
 Dihedral angle energy is                   0.000
 Improper angle energy is                   0.000
 Intra molecule vdw is                      0.000
 Intra molecule q is                        0.000
 Inter molecule vdw is                  63319.784
 Long range correction is               -7241.666
 Inter molecule q is                  4212862.349
 Reciprocal ewald is                    98557.478
 Self ewald is                       -4709621.849
 Number of vectors is                        2518
 ***********************************************************
 
 
Success ratio, translation of species   1 in box 1 :  0.02222
 
Success ratio, rotation of species   1 in box 1 :  0.39333
 
Success ratio, volume changes for box 1 :  0.10000
 
Success ratio, volume changes for box 1 :  0.15000
 
Success ratio, translation of species   1 in box 1 :  0.02111
 
Success ratio, rotation of species   1 in box 1 :  0.39778
 
Success ratio, volume changes for box 1 :  0.23333
 
Success ratio, translation of species   1 in box 1 :  0.02296
 
Success ratio, rotation of species   1 in box 1 :  0.38630
 
Success ratio, volume changes for box 1 :  0.17500
 
Success ratio, translation of species   1 in box 1 :  0.02194
 
Success ratio, volume changes for box 1 :  0.20000
 
Success ratio, rotation of species   1 in box 1 :  0.38667
 
Success ratio, translation of species   1 in box 1 :  0.02067
 
Success ratio, volume changes for box 1 :  0.20000
 
Success ratio, rotation of species   1 in box 1 :  0.38356
 
Success ratio, volume changes for box 1 :  0.20000
 
Success ratio, rotation of species   1 in box 1 :  0.38185
 
Success ratio, translation of species   1 in box 1 :  0.02222
 
Success ratio, volume changes for box 1 :  0.17500
 
Success ratio, rotation of species   1 in box 1 :  0.38016
 
Success ratio, translation of species   1 in box 1 :  0.02381
 
Success ratio, volume changes for box 1 :  0.17778
 
Success ratio, rotation of species   1 in box 1 :  0.38042
 
Success ratio, translation of species   1 in box 1 :  0.02278
 
Success ratio, volume changes for box 1 :  0.18000
 
Success ratio, volume changes for box 1 :  0.20000
 
Success ratio, rotation of species   1 in box 1 :  0.38185
 
Success ratio, translation of species   1 in box 1 :  0.02272
 
Success ratio, volume changes for box 1 :  0.19167
 
Success ratio, rotation of species   1 in box 1 :  0.38244
******************** END OF SIMULATION ********************
 
 
 ***********************************************************
 Ending energy components for box   1
  Atomic units-Extensive
 -----------------------------------------------------------
 Total system energy is               -361659.838
 Intra molecular energy is                  0.000
 Bond energy is                             0.000
 Angle energy is                            0.000
 Dihedral energy is                         0.000
 Improper angle energy is                   0.000
 Intra molecule vdw is                      0.000
 Intra molecule q is                        0.000
 Inter molecule vdw is                  74420.304
 Long range correction is               -7193.412
 Inter molecule q is                  4185718.942
 Reciprocal ewald is                    95016.177
 Self ewald is                       -4709621.849
 ***********************************************************
 
 
 ***********************************************************
 Energy components from total energy call for box   1
  Atomic units-Extensive
 -----------------------------------------------------------
 Total system energy is               -361659.838
 Intra molecular energy is                  0.000
 Bond energy is                             0.000
 Angle energy is                            0.000
 Dihedral energy is                         0.000
 Improper angle energy is                   0.000
 Intra molecule vdw is                      0.000
 Intra molecule q is                        0.000
 Inter molecule vdw is                  74420.304
 Long range correction is               -7193.412
 Inter molecule q is                  4185718.942
 Reciprocal ewald is                    95016.177
 Self ewald is                       -4709621.849
 ***********************************************************
 
 
 Writing information for box  1
 ***********************************************************
                Move      Trials     Success   % Success
              Volume         122          23       18.85
 
   ---------------------------------------------------------
   Writing information for species  1
 
                Move      Trials     Success   % Success
           Translate        8911         200        2.24
              Rotate        9067        3466       38.23
   ---------------------------------------------------------
 
 ***********************************************************
 
 Writing information about subroutine times
 
 ***********************************************************
 
 Translation time =            7.919246 secs.
 Rotation time =               8.348623 secs.
 Volume change time =          9.932250 secs.
 ***********************************************************
 
 
 Program execution time
         0      Years
         0     Months
         0       Days
         0      Hours
         0    Minutes
        27    Seconds
       520         ms
