*** Beginning Cassandra simulation ***

Version Cassandra 1.0                                                                                                           

inputfile npt.inp                                                                                                                 

name of run: water_spce_298

  Month      Day      Year
     12       20      2013
 
 Time:  14:15:30
 
machine: maginnfe.crc.nd.edu


Simulation type NPT_MC              

 
 **** Copying Inputfile ****** 
 
 
 # Run_Name
 water_spce_298
 
 # Sim_Type
 NPT_MC
 
 # Nbr_Species
 1
 
 # VDW_Style
 LJ cut_tail 10.0
 
 # Rcutoff_Low
 1.0
 
 # Mixing_Rule
 LB
 
 # Charge_Style
 coul Ewald 10.0 0.000001
 
 # Intra_Scaling
 0.0 0.0 0.0 1.0
 0.0 0.0 0.0 1.0
 0.0 0.0 0.0 1.0
 0.0 0.0 0.0 1.0
 
 # Molecule_Files
 spce.mcf  800
 
 
 # Pair_Energy
 TRUE
 
 # Box_Info
 1
 CUBIC
 28.0 28.0 28.0
 
 # Temperature_Info
 298.0
 
 # Pressure_Info
 1.0
 
 # Seed_Info
 12082012 12082012
 
 # Move_Probability_Info
 
 # Prob_Translation
 0.55
 1.0
 
 # Prob_Rotation
 0.20
 60.0
 
 # Prob_Regrowth
 0.20
 1.0
 
 # Prob_Volume
 0.05
 500.0
 
 # Done_Probability_Info
 # Bond_Prob_Cutoff
 1.0E-10
 
 # CBMC_Info
 kappa_ins 12
 kappa_rot 12
 kappa_dih 12
 rcut_cbmc 6.5  6.5
 
 # Start_Type
 make_config
 800
 
 
 # Run_Type
 Equilibration   200  100
 
 # Average_Info ( 0 == yes, 1 = No)
 1
 
 # Frequency_Info
 freq_type    none
 Nthermofreq  100
 Ncoordfreq   100
 MCsteps      5000
 # Done_Frequency_Info
 
 # Property_Info 1
 Energy_Total
 Density
 Volume
 Nmols
 Pressure
 
 # Fragment_Files
 species1/frag1/frag1.dat 1
 
 
 END
 
 **** Finished writing input file *******
 Number of species simulated:      1

 *** Simulation box data ***
number of simulation boxes     1
 
Box number      1       Box Shape:      Cubic 
Each Side Of :        28.0000     Angstrom
 
Cell basis vector lengths in A,     28.0000      28.0000      28.0000
Cosine of angles alpha, beta, gamma     0.0000       0.0000       0.0000
Distance between box faces    28.0000      28.0000      28.0000
Box volume, A^3         21952.0000
 *** Finished loading box information ***
 
   VWD style used is:   LJ             in box:  1
   VDW sum style is:   cut_tail       in box:  1
    rcut =    10.000   Angstrom
 VDW style properly input
 
   Charge style used is:   coul           in box:  1
    Charge sum style is   Ewald          in box:  1
    Ewald real space cutoff is  10.000 Angstroms.
  Ewald real space parameter is   0.372 inverse Angstroms
    Ewald reciprocal cutoff is  2.7631 inverse Angstroms
 Charge style properly input
 
 
 Pair interaction energy array storage enabled
 
Lorentz-Berthelot mixing rule specified
 
 Reading molecular connectivity information
 Species:            1
 Molecular connectivity file: 
 spce.mcf                                                                       
                                          
   3 atom(s) specified.
   2 bond(s) specified.
   1 angle(s) specified.
   0 dihedral(s) specified.
   1 fragments specified.
   0 improper(s) specified.
   0  fragment bonds specified.
 
Species  Nbr molecules
-------  -------------
     1            800
 
L_Coul_CBMC not given for species    1
 Defaulting to true
 default  T
 
Species type given for species    1  SORBATE             
Insertion style given for species    1  COM                 
Species and atom number   1   1
 atom name:             O1    
 element:               O 
 mass:                     16.0000
 charge:                   -0.8476
 vdw type:              LJ                  
 Epsilon / kB in K:        78.2000
 Sigma in A:                3.1656
 
Species and atom number   1   2
 atom name:             H2    
 element:               H 
 mass:                      1.0000
 charge:                    0.4238
 vdw type:              LJ                  
 Epsilon / kB in K:         0.0000
 Sigma in A:                0.0000
 
Species and atom number   1   3
 atom name:             H3    
 element:               H 
 mass:                      1.0000
 charge:                    0.4238
 vdw type:              LJ                  
 Epsilon / kB in K:         0.0000
 Sigma in A:                0.0000
 
Total number of ring atoms in species     1    0
Total number of exo atoms in species      1    3
 Atom ids for ring atoms
 Atom ids for exo atoms           1           2           3
 *** Completed assigning atom info ***
 
Species and bond number   1   1
 atom1:                   1
 atom2:                   2
 bond type:             fixed               
Bond fixed between atoms:      1      2in species   1
Fixed bond length, in A:    1.0000
 
Species and bond number   1   2
 atom1:                   1
 atom2:                   3
 bond type:             fixed               
Bond fixed between atoms:      1      3in species   1
Fixed bond length, in A:    1.0000
 
 *** Completed assigning bond info ***
 
Species and angle number  1   1
 atom1:                   2
 atom2:                   1
 atom3:                   3
 angle type:            fixed               
Angle fixed between atoms:      2      1      3in species   1
 fixed bond angle in deg  109.4700
 
 
Molecule    1  is NOT defined to be linear
 
 *** Completed assigning angle info ***
 
 No dihedrals in species            1
 *** Completed assigning dihedral info ***
 
 No impropers in species            1
 *** Completed assigning improper info ***
 
 
 Total number of atoms in the fragment            1  is            3
 Identity of these atoms are           1           2           3
 
 ******* Finished loading fragment info ********
 
 ******* Generating anchor info ****************
 
 Number of anchors for fragment            1   is           1
 Anchor ids are           1
 Fragment file for fragment 1 is
 species1/frag1/frag1.dat                                                       
                                          
 Fragment type           1
 
 Maximum configurations stored           1
 
 
 Finished loading fragment coordinates from
 species1/frag1/frag1.dat                                                       
                                          
 
 
 Insertable species:           1
 
 intramolecular scaling factors explicitly set
Intra molecule scaling factors for species             1
VDW 1-2 scaling factor         0.000
VDW 1-3 scaling factor         0.000
VDW 1-4 scaling factor         0.000
VDW 1-N scaling factor         1.000
Coulomb 1-2 scaling factor     0.000
Coulomb 1-3 scaling factor     0.000
Coulomb 1-4 scaling factor     0.000
Coulomb 1-N scaling factor     1.000
 
 
 *** Completed assigning intramolecular scaling factors ***
 
  There are 3 different atom types in the system 
     1  O1    
     2  H2    
     3  H3    
 
 
species number and name:  1   spce.mcf                                                                                                                
 Name      number
 ------    ------
O1          1
H2          2
H3          3
 
 
 *** Creating VDW interaction table ***
Mixing rule used is:    LB             
 
Atom 1     Atom 2  epsilon (amu A^2/ps^2)        sigma (A)
O1         O1         65.0192                        3.1656
O1         H2          0.0000                        0.0000
O1         H3          0.0000                        0.0000
H2         O1          0.0000                        0.0000
H2         H2          0.0000                        0.0000
H2         H3          0.0000                        0.0000
H3         O1          0.0000                        0.0000
H3         H2          0.0000                        0.0000
H3         H3          0.0000                        0.0000
 
 *** Completed construction of VDW interaction table ***
 
 
 *** Creating exclusion table ***
 
     species   atom1      atom2  vdw scale q-q scale
         1         1         1     0.000     0.000
         1         1         2     0.000     0.000
         1         1         3     0.000     0.000
         1         2         1     0.000     0.000
         1         2         2     0.000     0.000
         1         2         3     0.000     0.000
         1         3         1     0.000     0.000
         1         3         2     0.000     0.000
         1         3         3     0.000     0.000
 
 *** Completed construction of exclusion table ***
 
 
 ***** Reading seed info *********
 
The starting seed s1 is         153587801
 
 ****** Finished loading the seed ********
 
 **** Simulation temperature information ****
 Temperature assigned to box           1 is   298.000000000000       K
 
 *** Finished loading information for temperature ****
 
 
 ************* Reading pressure Info ***********
 
 Pressure of box           1  is   6.022137376997844E-003  amu / (A ps^2). 
 
 ********* Finished reading pressure info ********
 
 *********Move Probability Info******
Translation probability is                 0.5500
 
Maximum displacement width for species   1in box   1  is       1.0000
 
Rotation probability is                    0.2000
 
The rotational width for the species     1in box   1   is      1.0472 radians
 
 
  Probability for regrowth is  0.200000000000000     
 
 Cumulative probability for regrowth of species            1 is 
   1.00000000000000     
 
Probability for volume move is             0.0500
 
 Writing maximum volume displacement elements for box           1
 
                 500.000   A^3
 
 Volume moves will be performed in actual volumes
 ***** Finished reading the move probability info *****
 Number of moves is :           4
 
 
 ***** reading CBMC info *********
 
 Writing out CBMC_Info
kappa for first bead insertion              12
kappa for rotational bias                   12
kappa for dihedral selection                12
 
Smaller cutoff for CBMC for box          1        6.50
 ****** finished loading CBMC_Info ********
 
Thermodynamic quantities will written at every        100 MC steps.
 
Coordinates will be written at every                  100 MC steps.
movie header file for box      1 is              water_spce_298_H.box1
movie_XYZ file for box         1 is              water_spce_298_box1.xyz
 
The simulation will be run for                         5000 MC steps.
 
 *** Finished reading output info ******* 
 
 **** Writing property output information *****
 
 Total number of property files to be written is  for box            1
           1
 Maximumu number of properties per file is            5
 Writing the name of the property files and the corresponding property output
 
 Property file            1  is water_spce_298.instnt_prp1.box1
 Properties output in these files are
 
 Energy_Total
 Density
 Volume
 Nmols
 Pressure
 
 ***** Finished writing property information ******
 
 *********** Average Information ***************
 
 Instantaneous values will be output
 
 *********** Ending Average Section ************
 
 MC cutoff distance is    1.00000000000000       A
 *** Computed bond participation information ***
 species, atom, local bond nbr, global bond nbr, atom bonded            1
           1           1           1           2
 species, atom, local bond nbr, global bond nbr, atom bonded            1
           1           2           2           3
 
 species, atom, local bond nbr, global bond nbr, atom bonded            1
           2           1           1           1
 
 species, atom, local bond nbr, global bond nbr, atom bonded            1
           3           1           2           1
 
 
 
 For species           1
  Number of atoms that can be displaced           2
             Atom ID     Reference Atom ID
                   2                     1
                   3                     1
 
 Number of atoms in question           1
 Total number of angles           1
 Angles for this atom
           1
 Position of the atom in these dihedrals
           2
 Number of atoms in question           2
 Total number of angles           1
 Angles for this atom
           1
 Position of the atom in these dihedrals
           1
 Number of atoms in question           3
 Total number of angles           1
 Angles for this atom
           1
 Position of the atom in these dihedrals
           3
 Number of atoms in question           1
 Total number of dihedrals           0
 Dihedral angles for this atom
 
 Position of the atom in angles
 
 Number of atoms in question           2
 Total number of dihedrals           0
 Dihedral angles for this atom
 
 Position of the atom in angles
 
 Number of atoms in question           3
 Total number of dihedrals           0
 Dihedral angles for this atom
 
 Position of the atom in angles
 
 information about angle           1
 the atom that is moved is           2
 atoms that change their position due to this move
           2
 the atoms is moved is           3
 atoms that change their position due to this move
           3
 
 checking for dihedral_atoms_to_place
 
 ******Initial Coordinate Info **********
 
 Initial configuration will be generated
 Starting number of molecules of species           1  in box            1 is
         800
 
Total number of molecules of species               1 persent initially is
         800
 
 *****Finished reading initial coordinate info *****
 
 ****** Reading Run_Type Infomraiton ******
 
 The input run type is Equilibration
 Update frequency is          200
 
 Update frequency for adjusting maximum volume displacement is
         100
 
 ******* Finished reading run type information ******
starting type make_config                                                                                                             

 #********Charge Neutrality Check*********#
Species            1    has charge                0.0000
Box                1    has charge                0.00000000
 #********Charge Neutrality Check*********#
 *****************************************
  Starting energy components for box           1
 *****************************************
Total system energy is                 406732.276
Intra molecular energy is                   0.000
Bond energy is                              0.000
Bond angle energy is                        0.000
Dihedral angle energy is                    0.000
Improper angle energy is                    0.000
Intra nonbond vdw is                        0.000
Intra nonbond elec is                24560920.098
Inter molecule vdw is                 1716078.515
Long range correction is               -15975.573
Inter molecule q is                  -1115051.499
Reciprocal ewald is                    378743.928
Self ewald is                       -25117983.193
Number of vectors is             4144
 *******************************************
 
Translation ratio for species     1  for box 1  is:    0.14000
Maximum width for translation of species 1  updated in box 1
new width is   0.28000
 
 
Translation ratio for species     1  for box 1  is:    0.46000
Maximum width for translation of species 1  updated in box 1
new width is   0.25760
 
 
Success ratio for rotation of species   1  for box   1  is:   0.52000
 
Translation ratio for species     1  for box 1  is:    0.49000
Maximum width for translation of species 1  updated in box 1
new width is   0.25245
 
