************** Beginning Cassandra simulation **************
Version Cassandra 1.0                                                                                                           

inputfile gemc_diethylether.inp                                                                                                   

name of run: gemc_diethylether

  Month      Day      Year
     09       11      2015
 
 Time:  10:15:30
 
machine: d6copt128.crc.nd.edu


Simulation type: GEMC                

 
 **** Copying Inputfile ****** 
 # Run_Name
 gemc_diethylether
 
 # Sim_Type
 GEMC
 
 # Nbr_Species
 1
 
 # VDW_Style
 LJ cut_tail 12.0
 LJ cut_tail 60.0
 
 # Rcutoff_Low
 1.0
 
 # Mixing_Rule
 LB
 
 # Charge_Style
 coul Ewald 12.0 0.000001
 coul Ewald 60.0 0.000001
 
 # Intra_Scaling
 0.0 0.0 0.0 1.0
 0.0 0.0 0.0 1.0
 
 # Molecule_Files
 diethylether.mcf   300
 
 # Box_Info
 2
 CUBIC
 35.00
 
 CUBIC
 142.0
 
 
 # Temperature_Info
 343.15 343.15
 
 
 # Seed_Info
 200  24000
 
 
 # Move_Probability_Info
 
 # Prob_Translation
 0.30
 0.5
 14.0
 
 # Prob_Rotation
 0.30
 30.0
 180.0
 
 # Prob_Regrowth
 0.30
 1.0
 
 # Prob_Volume
 0.005
 100.0
 100.0
 
 # Prob_Swap
 0.095
 insertion method
 reservoir
 
 # Done_Probability_Info
 
 
 # CBMC_Info
 kappa_ins 12
 kappa_rot 0
 kappa_dih 12
 rcut_cbmc 6.5  6.5
 
 
 # Start_Type
 read_old
 Init_Config/liq.initial
 Init_Config/vap.initial
 
 
 
 # Run_Type
 Equilibration 100 50
 
 
 
 # Average_Info ( 0 == yes, 1 = No)
 1
 
 
 # Simulation_Length_Info
 Units       Steps
 Prop_Freq   100
 Coord_Freq  2200
 MCsteps     2200
 # Done_Simulation_Length_Info
 
 # Property_Info 1
 Energy_Total
 Density
 Nmols
 Volume
 Pressure
 
 
 # Property_Info 2
 Energy_Total
 Density
 Nmols
 Volume
 Pressure
 
 
 # Fragment_Files
 species1/frag1/frag1.dat  1
 species1/frag2/frag2.dat  2
 species1/frag3/frag3.dat  3
 
 
 # Pair_Energy
 TRUE
 
 END
 
 **** Finished writing input file *******
 Number of species simulated:      1

 *** Simulation box data ***
number of simulation boxes     2
 
Box number      1       Box Shape:      Cubic 
Each Side Of :        35.0000     Angstrom
 
Cell basis vector lengths in A,     35.0000      35.0000      35.0000
Cosine of angles alpha, beta, gamma     0.0000       0.0000       0.0000
Distance between box faces    35.0000      35.0000      35.0000
Box volume, A^3         42875.0000
 
Box number      2       Box Shape:      Cubic 
Each Side Of :       142.0000     Angstrom
 
Cell basis vector lengths in A,    142.0000     142.0000     142.0000
Cosine of angles alpha, beta, gamma     0.0000       0.0000       0.0000
Distance between box faces   142.0000     142.0000     142.0000
Box volume, A^3       2863288.0000
 
 *** Finished loading box information ***
 
   VDW style used is:   LJ             in box:  1
   VDW sum style is:   cut_tail       in box:  1
    rcut =    12.000   Angstrom
 VDW style properly input
 
   VDW style used is:   LJ             in box:  2
   VDW sum style is:   cut_tail       in box:  2
    rcut =    60.000   Angstrom
 VDW style properly input
 
   Charge style used is:   coul           in box:  1
    Charge sum style is   Ewald          in box:  1
    Ewald real space cutoff is  12.000 Angstroms.
  Ewald real space parameter is   0.310 inverse Angstroms
    Ewald reciprocal cutoff is  2.3026 inverse Angstroms
 Charge style properly input
 
   Charge style used is:   coul           in box:  2
    Charge sum style is   Ewald          in box:  2
    Ewald real space cutoff is  60.000 Angstroms.
  Ewald real space parameter is   0.062 inverse Angstroms
    Ewald reciprocal cutoff is  0.4605 inverse Angstroms
 Charge style properly input
 
 
 Pair interaction energy array storage enabled
 
Lorentz-Berthelot mixing rule specified
 
 Reading molecular connectivity information
 Species:            1
 Molecular connectivity file: 
 diethylether.mcf                                                               
                                          
   5 atom(s) specified.
   4 bond(s) specified.
   3 angle(s) specified.
   2 dihedral(s) specified.
   0 improper(s) specified.
   3 fragments specified.
   2  fragment bonds specified.
 
Species  Nbr molecules
-------  -------------
     1            300
 
L_Coul_CBMC not given for species    1
 Defaulting to true
 default  T
 
1st_Fragment_Ins_Style not specified for species    1
using default of "COM" for this species.
Species and atom number   1     1
 atom name:             UA_CH3
 element:               C 
 mass:                     15.0000
 charge:                    0.0000
 vdw type:              LJ                  
 Epsilon / kB in K:        98.0000
 Sigma in A:                3.7500
 
Species and atom number   1     2
 atom name:             UA_CH2
 element:               C 
 mass:                     14.0000
 charge:                    0.2500
 vdw type:              LJ                  
 Epsilon / kB in K:        46.0000
 Sigma in A:                3.9500
 
Species and atom number   1     3
 atom name:             UA_O_s
 element:               O 
 mass:                     16.0000
 charge:                   -0.5000
 vdw type:              LJ                  
 Epsilon / kB in K:        55.0000
 Sigma in A:                2.8000
 
Species and atom number   1     4
 atom name:             UA_CH2
 element:               C 
 mass:                     14.0000
 charge:                    0.2500
 vdw type:              LJ                  
 Epsilon / kB in K:        46.0000
 Sigma in A:                3.9500
 
Species and atom number   1     5
 atom name:             UA_CH3
 element:               C 
 mass:                     15.0000
 charge:                    0.0000
 vdw type:              LJ                  
 Epsilon / kB in K:        98.0000
 Sigma in A:                3.7500
 
Total number of ring atoms in species     1    0
Total number of exo atoms in species      1    5
 Atom ids for ring atoms
 Atom ids for exo atoms           1           2           3           4
           5
 *** Completed assigning atom info ***
 
Species and bond number   1   1
 atom1:                   1
 atom2:                   2
 bond type:             fixed               
Bond fixed between atoms:      1      2 in species   1
Fixed bond length, in A:    1.5400
 
Species and bond number   1   2
 atom1:                   2
 atom2:                   3
 bond type:             fixed               
Bond fixed between atoms:      2      3 in species   1
Fixed bond length, in A:    1.4100
 
Species and bond number   1   3
 atom1:                   3
 atom2:                   4
 bond type:             fixed               
Bond fixed between atoms:      3      4 in species   1
Fixed bond length, in A:    1.4100
 
Species and bond number   1   4
 atom1:                   4
 atom2:                   5
 bond type:             fixed               
Bond fixed between atoms:      4      5 in species   1
Fixed bond length, in A:    1.5400
 
 *** Completed assigning bond info ***
 
Species and angle number  1   1
 atom1:                   1
 atom2:                   2
 atom3:                   3
 angle type:            harmonic            
 K_angle in K/rad^2:    25150.0000
 theta0 in degrees:       112.0000
 
Species and angle number  1   2
 atom1:                   2
 atom2:                   3
 atom3:                   4
 angle type:            harmonic            
 K_angle in K/rad^2:    30200.0000
 theta0 in degrees:       112.0000
 
Species and angle number  1   3
 atom1:                   3
 atom2:                   4
 atom3:                   5
 angle type:            harmonic            
 K_angle in K/rad^2:    25150.0000
 theta0 in degrees:       112.0000
 
 
Molecule    1  is NOT defined to be linear
 
 *** Completed assigning angle info ***
 
Species and dihedral num  1   1
 atom1:                   1
 atom2:                   2
 atom3:                   3
 atom4:                   4
 dihedral type:         OPLS                
 a0, kJ/mol:                0.0000
 a1, kJ/mol:                6.0306
 a2, kJ/mol:               -1.3581
 a3, kJ/mol:                4.6409
 
Species and dihedral num  1   2
 atom1:                   2
 atom2:                   3
 atom3:                   4
 atom4:                   5
 dihedral type:         OPLS                
 a0, kJ/mol:                0.0000
 a1, kJ/mol:                6.0306
 a2, kJ/mol:               -1.3581
 a3, kJ/mol:                4.6409
 
 *** Completed assigning dihedral info ***
 
 No impropers in species            1
 *** Completed assigning improper info ***
 
 
Total number of atoms in the fragment     1  is   3
Identity of these atoms are
           2           1           3
 
Total number of atoms in the fragment     2  is   3
Identity of these atoms are
           3           4           2
 
Total number of atoms in the fragment     3  is   3
Identity of these atoms are
           4           3           5
 
 ******* Finished loading fragment info ********
 
 ******* Generating anchor info ****************
 
 Number of anchors for fragment     1  is   1
Anchor id is:    2
 
 Number of anchors for fragment     2  is   1
Anchor id is:    3
 
 Number of anchors for fragment     3  is   1
Anchor id is:    4
 Fragment file for fragment 1 is
 species1/frag1/frag1.dat                                                       
                                          
 Fragment type           1
 Fragment file for fragment 2 is
 species1/frag2/frag2.dat                                                       
                                          
 Fragment type           2
 Fragment file for fragment 3 is
 species1/frag3/frag3.dat                                                       
                                          
 Fragment type           3
Species and fragment bond number   1   1
 fragment 1:              1
 fragment 2:              2
Species and fragment bond number   1   2
 fragment 1:              2
 fragment 2:              3
 
 Number of connections of fragment    1  is   1
 These fragments are:
           2
 
 Number of connections of fragment    2  is   2
 These fragments are:
           1           3
 
 Number of connections of fragment    3  is   1
 These fragments are:
           2
 
 library_coords array successfully allocated
 
 
 Finished loading fragment coordinates from
 species1/frag1/frag1.dat                                                       
                                          
 
 
 Finished loading fragment coordinates from
 species1/frag2/frag2.dat                                                       
                                          
 
 
 Finished loading fragment coordinates from
 species1/frag3/frag3.dat                                                       
                                          
 
 intramolecular scaling factors explicitly set
Intra molecule scaling factors for species             1
VDW 1-2 scaling factor         0.000
VDW 1-3 scaling factor         0.000
VDW 1-4 scaling factor         0.000
VDW 1-N scaling factor         1.000
Coulomb 1-2 scaling factor     0.000
Coulomb 1-3 scaling factor     0.000
Coulomb 1-4 scaling factor     0.000
Coulomb 1-N scaling factor     1.000
 
 
 *** Completed assigning intramolecular scaling factors ***
 
  There are 3 different atom types in the system 
     1  UA_CH3
     2  UA_CH2
     3  UA_O_s
 
 
species number and name:  1   diethylether.mcf                                                                                                        
 Name      number
 ------    ------
UA_CH3      1
UA_CH2      2
UA_O_s      3
UA_CH2      2
UA_CH3      1
 
 
 *** Creating VDW interaction table ***
Mixing rule used is:    LB             
 
Atom 1     Atom 2  epsilon (amu A^2/ps^2)        sigma (A)
UA_CH3     UA_CH3     81.4818                        3.7500
UA_CH3     UA_CH2     55.8247                        3.8500
UA_CH3     UA_O_s     61.0420                        3.2750
UA_CH2     UA_CH3     55.8247                        3.8500
UA_CH2     UA_CH2     38.2466                        3.9500
UA_CH2     UA_O_s     41.8211                        3.3750
UA_O_s     UA_CH3     61.0420                        3.2750
UA_O_s     UA_CH2     41.8211                        3.3750
UA_O_s     UA_O_s     45.7296                        2.8000
 
 *** Completed construction of VDW interaction table ***
 
 
 *** Creating exclusion table ***
 
     species   atom1      atom2  vdw scale q-q scale
         1         1         1     0.000     0.000
         1         1         2     0.000     0.000
         1         1         3     0.000     0.000
         1         1         4     0.000     0.000
         1         1         5     1.000     1.000
         1         2         1     0.000     0.000
         1         2         2     0.000     0.000
         1         2         3     0.000     0.000
         1         2         4     0.000     0.000
         1         2         5     0.000     0.000
         1         3         1     0.000     0.000
         1         3         2     0.000     0.000
         1         3         3     0.000     0.000
         1         3         4     0.000     0.000
         1         3         5     0.000     0.000
         1         4         1     0.000     0.000
         1         4         2     0.000     0.000
         1         4         3     0.000     0.000
         1         4         4     0.000     0.000
         1         4         5     0.000     0.000
         1         5         1     1.000     1.000
         1         5         2     0.000     0.000
         1         5         3     0.000     0.000
         1         5         4     0.000     0.000
         1         5         5     0.000     0.000
 
 *** Completed construction of exclusion table ***
 
 
 ***** Reading seed info *********
 
 The starting seed s1 is:    153587801
 
 ****** Finished loading the seed ********
 
 **** Simulation temperature information ****
  Temperature assigned to box     1  is  343.150    K
 
  Temperature assigned to box     2  is  343.150    K
 
 *** Finished loading information for temperature ****
 
 
 ********* Move Probability Info******
    Translation probability is   0.300000
 
Maximum displacement width for species   1 in box  1  is      0.50000
 
Maximum displacement width for species   1 in box  2  is     14.00000
 
       Rotation probability is   0.300000
 
The rotational width for the species     1 in box  1   is      0.5236 radians
 
The rotational width for the species     1 in box  2   is      3.1416 radians
 
 
   Probability for regrowth is   0.300000
 
   Cumulative probability for regrowth of species     1  is   1.000000
 
         Probability for volume move is    0.005000
 
 Maximum volume displacement for box in GEMC_NVT simulation is
   100.000
 
 Volume moves will be performed in actual volumes
 
        Probability for particle swap is   0.095000
 
Insertion will be carried out for species   1
 using the reservoir sampling
 
Total number of exchangeable species is    1
 
 
 Probabilties of swap for individual boxes not specified
 Defaulting to uniform probabilities
 
 ******** Box pair selection probabilities *********
 
  1    1    0.000000
  1    2    1.000000
  2    1    1.000000
  2    2    1.000000
 ***** Finished reading the move probability info *****
Number of moves is :   5
 
 
 ***** reading CBMC info *********
 
 Writing out CBMC_Info
kappa for first bead insertion              12
kappa for rotational bias                    0
kappa for dihedral selection                12
 
Smaller cutoff for CBMC for box          1        6.50
Smaller cutoff for CBMC for box          2        6.50
 ****** finished loading CBMC_Info ********
 
Thermodynamic quantities will written at every        100 MC steps.
 
Coordinates will be written at every                 2200 MC steps.
 
movie header file for box    1 is      gemc_diethylether.box1.H
movie_XYZ file for box       1 is      gemc_diethylether.box1.xyz
movie header file for box    2 is      gemc_diethylether.box2.H
movie_XYZ file for box       2 is      gemc_diethylether.box2.xyz
 
The simulation will be run for                         2200 MC steps.
 
 *** Finished Reading Simulation Length Info ******* 
 
 *********** Average Information ***************
 
 Instantaneous values will be output
 
 *********** Ending Average Section ************
 
 **** Writing property output information *****
 
Total number of property files to be written is     1   for box 1
 Maximum number of properties per file is    5
 Writing the name of the property files and the corresponding property output
 
 Property file    1   is  gemc_diethylether.box1.prp1
 Properties output in these files are
 
 Energy_Total
 Density
 Nmols
 Volume
 Pressure
 
 ***** Finished writing property information ******
 
 **** Writing property output information *****
 
Total number of property files to be written is     1   for box 2
 Maximum number of properties per file is    5
 Writing the name of the property files and the corresponding property output
 
 Property file    1   is  gemc_diethylether.box2.prp1
 Properties output in these files are
 
 Energy_Total
 Density
 Nmols
 Volume
 Pressure
 
 ***** Finished writing property information ******
 
 *********** Average Information ***************
 
 Instantaneous values will be output
 
 *********** Ending Average Section ************
 
MC low cutoff distance is   1.000    Angstrom
 
 *** Computed bond participation information ***
 species, atom, local bond nbr, global bond nbr, atom bonded 
    1         1       1            1                 2
 
 species, atom, local bond nbr, global bond nbr, atom bonded 
    1         2       1            1                 1
 species, atom, local bond nbr, global bond nbr, atom bonded 
    1         2       2            2                 3
 
 species, atom, local bond nbr, global bond nbr, atom bonded 
    1         3       1            2                 2
 species, atom, local bond nbr, global bond nbr, atom bonded 
    1         3       2            3                 4
 
 species, atom, local bond nbr, global bond nbr, atom bonded 
    1         4       1            3                 3
 species, atom, local bond nbr, global bond nbr, atom bonded 
    1         4       2            4                 5
 
 species, atom, local bond nbr, global bond nbr, atom bonded 
    1         5       1            4                 4
 
 
 
 For species           1
  Number of atoms that can be displaced           2
             Atom ID     Reference Atom ID
                   1                     2
                   5                     4
 
 Number of atom in question           1
 Total number of angles           1
 Angles for this atom
           1
 Position of the atom in angles
           1
 Number of atom in question           2
 Total number of angles           2
 Angles for this atom
           1           2
 Position of the atom in angles
           2           1
 Number of atom in question           3
 Total number of angles           3
 Angles for this atom
           1           2           3
 Position of the atom in angles
           3           2           1
 Number of atom in question           4
 Total number of angles           2
 Angles for this atom
           2           3
 Position of the atom in angles
           3           2
 Number of atom in question           5
 Total number of angles           1
 Angles for this atom
           3
 Position of the atom in angles
           3
 Number of atom in question           1
 Total number of dihedrals           1
 Dihedral angles for this atom
           1
 Position of the atom in dihedrals
           1
 Number of atom in question           2
 Total number of dihedrals           2
 Dihedral angles for this atom
           1           2
 Position of the atom in dihedrals
           2           1
 Number of atom in question           3
 Total number of dihedrals           2
 Dihedral angles for this atom
           1           2
 Position of the atom in dihedrals
           3           2
 Number of atom in question           4
 Total number of dihedrals           2
 Dihedral angles for this atom
           1           2
 Position of the atom in dihedrals
           4           3
 Number of atom in question           5
 Total number of dihedrals           1
 Dihedral angles for this atom
           2
 Position of the atom in dihedrals
           4
 information about angle           1
 the atom that is moved is           1
 atoms that change their position due to this move
           1
 the atoms is moved is           3
 atoms that change their position due to this move
           3           4           5
 information about angle           2
 the atom that is moved is           2
 atoms that change their position due to this move
           2           1
 the atoms is moved is           4
 atoms that change their position due to this move
           4           5
 information about angle           3
 the atom that is moved is           3
 atoms that change their position due to this move
           3           2           1
 the atoms is moved is           5
 atoms that change their position due to this move
           5
 
 checking for dihedral_atoms_to_place
 dihedral, atom1, atom2, atom3, atom4
           1           1           2           3           4
 
 natoms to place if atom 1 moves and the moving atom numbers
           1           1           0           0           0           0
 natoms to place if atom 4 moves and the moving atom numbers
           2           4           5           0           0           0
 
 dihedral, atom1, atom2, atom3, atom4
           2           2           3           4           5
 
 natoms to place if atom 1 moves and the moving atom numbers
           2           2           1           0           0           0
 natoms to place if atom 4 moves and the moving atom numbers
           1           5           0           0           0           0
 
 
 ******Initial Coordinate Info **********
 
 Configurations will be read from old files
 
Starting configuration for box           1 is
 Init_Config/liq.initial                                                        
                                          
 
Starting configuration for box           2 is
 Init_Config/vap.initial                                                        
                                          
 
 *****Finished reading initial coordinate info *****
 
 ****** Reading Run_Type Information ******
 
 The input run type is Equilibration
 Update frequency is          100
 
 Update frequency for adjusting maximum volume displacement is
          50
 
 ******* Finished reading run type information ******
starting type read_old                                                                                                                

 Configurations read successfully
 ***************** Charge Neutrality Check *****************
 Species           1    has charge                0.00000000
 Box               1    has charge                0.00000000
 
 Box               2    has charge                0.00000000
 
 ***************** Charge Neutrality Check *****************
 ***********************************************************
   Starting energy components for box   1
  Atomic units-Extensive
 
 Total system energy is               -236531.571
 Intra molecular energy is             221285.383
 Bond energy is                             0.000
 Bond angle energy is                   98864.577
 Dihedral angle energy is              122420.806
 Improper angle energy is                   0.000
 Intra nonbond vdw is                  -13152.518
 Intra nonbond elec is                1942147.162
 Inter molecule vdw is                -384896.783
 Long range correction is              -19216.605
 Inter molecule q is                   -19754.771
 Reciprocal ewald is                    40118.256
 Self ewald is                       -2003061.695
 Number of vectors is                        4672
 ***********************************************************
 
 ***********************************************************
   Starting energy components for box   2
  Atomic units-Extensive
 
 Total system energy is                 74076.654
 Intra molecular energy is              80440.276
 Bond energy is                             0.000
 Bond angle energy is                   38750.549
 Dihedral angle energy is               41689.728
 Improper angle energy is                   0.000
 Intra nonbond vdw is                   -4720.173
 Intra nonbond elec is                 145521.551
 Inter molecule vdw is                  -1497.084
 Long range correction is                  -0.304
 Inter molecule q is                     -127.522
 Reciprocal ewald is                      137.124
 Self ewald is                        -145677.214
 Number of vectors is                        2534
 ***********************************************************
 
 
Success ratio, translation of species   1 in box 1 :  0.45000
Maximum width, translation of species   1 in box 1 :  0.45000
 
Success ratio, rotation of species   1 in box 1 :  0.54000
Maximum width, rotation of species   1 in box 1 :  0.54978
 
Success ratio, rotation of species   1 in box 1 :  0.50000
Maximum width, rotation of species   1 in box 1 :  0.57727
 
Success ratio, translation of species   1 in box 1 :  0.49000
Maximum width, translation of species   1 in box 1 :  0.44100
 
Success ratio, rotation of species   1 in box 2 :  0.96000
Maximum width, rotation of species   1 in box 2 :  3.14159
 
Success ratio, translation of species   1 in box 2 :  0.89000
Maximum width, translation of species   1 in box 2 : 24.92000
 
Success ratio, translation of species   1 in box 1 :  0.49000
Maximum width, translation of species   1 in box 1 :  0.43218
 
Success ratio, rotation of species   1 in box 1 :  0.49000
Maximum width, rotation of species   1 in box 1 :  0.54840
 
Success ratio, translation of species   1 in box 1 :  0.50000
Maximum width, translation of species   1 in box 1 :  0.43218
 
Success ratio, rotation of species   1 in box 1 :  0.48000
Maximum width, rotation of species   1 in box 1 :  0.52098
******************** END OF SIMULATION ********************
 
 
 ***********************************************************
 Ending energy components for box   1
  Atomic units-Extensive
 -----------------------------------------------------------
 Total system energy is               -234801.047
 Intra molecular energy is             216862.727
 Bond energy is                             0.000
 Angle energy is                        91619.510
 Dihedral energy is                    125243.217
 Improper angle energy is                   0.000
 Intra nonbond vdw is                  -12174.347
 Intra nonbond elec is                1933720.906
 Inter molecule vdw is                -378688.964
 Long range correction is              -18948.571
 Inter molecule q is                   -21653.522
 Reciprocal ewald is                    40037.594
 Self ewald is                       -1993956.869
 ***********************************************************
 
 
 ***********************************************************
 Energy components from total energy call for box   1
  Atomic units-Extensive
 -----------------------------------------------------------
 Total system energy is               -234801.047
 Intra molecular energy is             216862.727
 Bond energy is                             0.000
 Angle energy is                        91619.510
 Dihedral energy is                    125243.217
 Improper angle energy is                   0.000
 Intra nonbond vdw is                  -12174.347
 Intra nonbond elec is                1933720.906
 Inter molecule vdw is                -378688.964
 Long range correction is              -18948.571
 Inter molecule q is                   -21653.522
 Reciprocal ewald is                    40037.594
 Self ewald is                       -1993956.869
 ***********************************************************
******************** END OF SIMULATION ********************
 
 
 ***********************************************************
 Ending energy components for box   2
  Atomic units-Extensive
 -----------------------------------------------------------
 Total system energy is                 73403.191
 Intra molecular energy is              79664.460
 Bond energy is                             0.000
 Angle energy is                        34798.250
 Dihedral energy is                     44866.210
 Improper angle energy is                   0.000
 Intra nonbond vdw is                   -5088.998
 Intra nonbond elec is                 147340.337
 Inter molecule vdw is                  -1179.412
 Long range correction is                  -0.312
 Inter molecule q is                       14.351
 Reciprocal ewald is                      150.945
 Self ewald is                        -147498.179
 ***********************************************************
 
 
 ***********************************************************
 Energy components from total energy call for box   2
  Atomic units-Extensive
 -----------------------------------------------------------
 Total system energy is                 73403.191
 Intra molecular energy is              79664.460
 Bond energy is                             0.000
 Angle energy is                        34798.250
 Dihedral energy is                     44866.210
 Improper angle energy is                   0.000
 Intra nonbond vdw is                   -5088.998
 Intra nonbond elec is                 147340.337
 Inter molecule vdw is                  -1179.412
 Long range correction is                  -0.312
 Inter molecule q is                       14.351
 Reciprocal ewald is                      150.945
 Self ewald is                        -147498.179
 ***********************************************************
 
 
 Writing information for box  1
 ***********************************************************
 
                Move      Trials     Success
              Volume          10           9
 
 ***********************************************************
 Writing information for species  1
 
                Move      Trials     Success   % Success
           Translate         483         232       48.03
              Rotate         468         235       50.21
           Insertion          90           2        2.22
            Deletion         112           3        2.68
 ***********************************************************
 
 Writing information for box  2
 ***********************************************************
 
                Move      Trials     Success
              Volume          10           9
 
 ***********************************************************
 Writing information for species  1
 
                Move      Trials     Success   % Success
           Translate         192         172       89.58
              Rotate         171         163       95.32
           Insertion         112           3        2.68
            Deletion          90           2        2.22
 ***********************************************************
 
 Writing information about fragments
 
 ***********************************************************
 Writing information for species  1
         # Fragments      Trials     Success   % Success
                   1         316         291       92.09
                   2         358         260       72.63
 ***********************************************************
 
 Writing information about subroutine times
 
 ***********************************************************
 
 Translation time =            1.534713 secs.
 Rotation time =               1.365383 secs.
 Volume change time =          2.761257 secs.
 Swap time =                   1.114284 secs.
 Regrowth time =               2.474777 secs.
 ***********************************************************
 
 
 Program execution time
         0      Years
         0     Months
         0       Days
         0      Hours
         0    Minutes
        42    Seconds
       688         ms
