Run info
********************************************************************************
version: Cassandra Development Version
inputfile: /afs/crc.nd.edu/user/e/emarinri/Git/Cassandra/Examples/GEMC/Diethylether/gemc_diethylether.inp
name of run: gemc_diethylether.out
date (mm/dd/yyyy): 06/22/2016
time: 17:58:35
machine: maginnfe.crc.nd.edu
********************************************************************************

Verbose log
********************************************************************************
Normal output to logfile
********************************************************************************

Simulation type
********************************************************************************
GEMC                
********************************************************************************

Copy input file
********************************************************************************
 # Run_Name
 gemc_diethylether.out
 
 # Sim_Type
 GEMC
 
 # Nbr_Species
 1
 
 # VDW_Style
 lj cut_tail 12.0
 lj cut_tail 60.0
 
 # Rcutoff_Low
 1.0
 
 # Charge_Style
 coul ewald 12.0 0.000001
 coul ewald 60.0 0.000001
 
 # Molecule_Files
 diethylether.mcf   300
 
 # Box_Info
 2
 cubic
 35.00
 
 cubic
 142.0
 
 # Temperature_Info
 343.15
 343.15
 
 # Seed_Info
 200  24000
 
 # Move_Probability_Info
 
 # Prob_Translation
 0.30
 0.5
 14.0
 
 # Prob_Rotation
 0.30
 30.0
 180.0
 
 # Prob_Regrowth
 0.30
 1.0
 
 # Prob_Volume
 0.005
 100.0
 100.0
 
 # Prob_Swap
 0.095
 cbmc
 
 # Done_Probability_Info
 
 
 # CBMC_Info
 kappa_ins 12
 kappa_dih 12
 rcut_cbmc 6.5  6.5
 
 # Start_Type
 read_config 220 Init_Config/liq.initial
 read_config  80 Init_Config/vap.initial
 
 
 # Run_Type
 equilibration 100 50
 
 
 # Average_Info ( 0 == yes, 1 = No)
 1
 
 
 # Simulation_Length_Info
 units       steps
 prop_freq   100
 coord_freq  2200
 run         2200
 
 # Property_Info 1
 energy_total
 density
 nmols
 volume
 pressure
 
 # Property_Info 2
 energy_total
 density
 nmols
 volume
 pressure
 
 # Fragment_Files
 species1/frag1/frag1.dat  1
 species1/frag2/frag2.dat  2
 species1/frag3/frag3.dat  3
 
 # Pair_Energy
 true
 
 END
********************************************************************************

Number of species
********************************************************************************
1
********************************************************************************

Box info
********************************************************************************
Number of simulation boxes     2
Box 1 is cubic               
 Each Side Of :       35.0000     Angstrom
 Cell basis vector lengths in A,     35.0000      35.0000      35.0000
 Cosine of angles alpha, beta, gamma     0.0000       0.0000       0.0000
 Distance between box faces    35.0000      35.0000      35.0000
 Box volume, A^3         42875.0000
Box 2 is cubic               
 Each Side Of :      142.0000     Angstrom
 Cell basis vector lengths in A,    142.0000     142.0000     142.0000
 Cosine of angles alpha, beta, gamma     0.0000       0.0000       0.0000
 Distance between box faces   142.0000     142.0000     142.0000
 Box volume, A^3       2863288.0000
********************************************************************************

Pair style
********************************************************************************
VDW style used is:   LJ             in box:  1
 VDW sum style is:   cut_tail       in box:  1
 rcut =    12.000   Angstrom
VDW style used is:   LJ             in box:  2
 VDW sum style is:   cut_tail       in box:  2
 rcut =    60.000   Angstrom
Charge style in box 1 is coul
 Charge sum style is   ewald          in box:  1
 Ewald real space cutoff is  12.000 Angstroms.
 Ewald real space parameter is   0.310 inverse Angstroms
 Ewald reciprocal cutoff is  2.3026 inverse Angstroms
Charge style in box 2 is coul
 Charge sum style is   ewald          in box:  2
 Ewald real space cutoff is  60.000 Angstroms.
 Ewald real space parameter is   0.062 inverse Angstroms
 Ewald reciprocal cutoff is  0.4605 inverse Angstroms
Pair interaction energy array storage enabled
Section "# Mixing_Rule" is missing from the input file
 By default, using Lorentz-Berthelot
********************************************************************************

Molecule info
********************************************************************************
 Reading molecular connectivity information
 Species:            1
 Molecular connectivity file: diethylether.mcf                                                                                                        
   5 atom(s) specified.
   4 bond(s) specified.
   3 angle(s) specified.
   2 dihedral(s) specified.
   0 improper(s) specified.
   3 fragment(s) specified.
   2 fragment bond(s) specified.

 Species  Max molecules
 -------  -------------
      1            300

 Species     1
 -------------------------------------------------------------------------------
 Atom parameters read
 Bond parameters read
 Angle parameters read
 Dihedral parameters read
 Improper parameters read
 Intra molecule scaling factors for species            1
  VDW 1-2 scaling factor       0.000
  VDW 1-3 scaling factor       0.000
  VDW 1-4 scaling factor       0.000
  VDW 1-N scaling factor       1.000
  Coulomb 1-2 scaling factor   0.000
  Coulomb 1-3 scaling factor   0.000
  Coulomb 1-4 scaling factor   0.000
  Coulomb 1-N scaling factor   1.000
 Total number of atoms in fragment     1  is   3
 Total number of atoms in fragment     2  is   3
 Total number of atoms in fragment     3  is   3
 Fragment info read
 Fragment file for fragment 1 is species1/frag1/frag1.dat
 Fragment file for fragment 2 is species1/frag2/frag2.dat
 Fragment file for fragment 3 is species1/frag3/frag3.dat
 -------------------------------------------------------------------------------

 Fragment coord info
 -------------------------------------------------------------------------------
 library_coords array successfully allocated
 Finished loading fragment coordinates from
 species1/frag1/frag1.dat
 species1/frag2/frag2.dat
 species1/frag3/frag3.dat
 -------------------------------------------------------------------------------
********************************************************************************

Nonbond tables
********************************************************************************
 ********************************************************************************

Start type
********************************************************************************
Initial configuration for box 1 will be read from file
 Will read     220  molecules of species   1
 Will read configuration from file Init_Config/liq.initial
Initial configuration for box 2 will be read from file
 Will read      80  molecules of species   1
 Will read configuration from file Init_Config/vap.initial
********************************************************************************

Seed info
********************************************************************************
The starting seeds are:          200        24000
********************************************************************************

Temperature
********************************************************************************
Temperature of box 1 is 343.150 K
Temperature of box 2 is 343.150 K
********************************************************************************

Move probabilities
********************************************************************************
Probability for translation                0.300000
 Maximum displacement width for species  1 in box  1  is      0.50000
 Maximum displacement width for species  1 in box  2  is     14.00000
Probability for rotation                   0.300000
 The rotational width for the species    1 in box  1   is      0.5236 radians
 The rotational width for the species    1 in box  2   is      3.1416 radians
Probability for regrowth                   0.300000
 Cumulative probability for regrowth of species     1  is   1.000000
Probability for volume move                0.005000
 Maximum volume displacement is    100.000
 Volume moves will be performed in actual volumes
Probability for particle swap              0.095000
 Species 1 will be inserted using CBMC
 Number of insertable species is    1
  By default, box_out will be selected according to its mole fraction
  By default, box_in will be selected with uniform probability
  By default, species will be selected according to its mole fraction in box_out
Number of moves is :   5
********************************************************************************

CBMC info
********************************************************************************
Kappa for first fragment insertion          12
Kappa for dihedral selection                12
 Cutoff for CBMC for box 1 is         6.50
 Cutoff for CBMC for box 2 is         6.50
********************************************************************************

Simulation length info
********************************************************************************
Thermodynamic quantities will be computed every       100 Steps     
Coordinates will be written every                    2200 Steps     
 movie header file for box   1 is      gemc_diethylether.out.box1.H
 movie_XYZ file for box      1 is      gemc_diethylether.out.box1.xyz
 movie header file for box   2 is      gemc_diethylether.out.box2.H
 movie_XYZ file for box      2 is      gemc_diethylether.out.box2.xyz
The simulation will be run for                       2200 Steps     
Instantaneous values will be written every            100 Steps     
********************************************************************************

Property info
********************************************************************************
Total number of property files to be written is     1   for box 1
 Maximum number of properties per file is    5
 Writing the name of the property files and the corresponding property output
 Property file    1   is  gemc_diethylether.out.box1.prp
 Properties output in these files are
 Energy_Total
 Density
 Nmols
 Volume
 Pressure
Total number of property files to be written is     1   for box 2
 Maximum number of properties per file is    5
 Writing the name of the property files and the corresponding property output
 Property file    1   is  gemc_diethylether.out.box2.prp
 Properties output in these files are
 Energy_Total
 Density
 Nmols
 Volume
 Pressure
********************************************************************************

Minimum distance cutoff
********************************************************************************
MC low cutoff distance is   1.000    Angstrom
********************************************************************************

Run type
********************************************************************************
 The input run type is equilibration
 Update frequency is          100
 Update frequency for adjusting maximum volume displacement is
          50
********************************************************************************

********************************************************************************
************************ Begin Cassandra simulation ****************************
********************************************************************************

Initial configuration
********************************************************************************
 Reading configuration for box           1
 Reading          220  molecules of species            1
 Configurations read successfully
 Reading configuration for box           2
 Reading           80  molecules of species            1
 Configurations read successfully
********************************************************************************

Charge neutrality check
********************************************************************************
 Species 1 has charge:                  0.00000000

 Box     1 has charge:                  0.00000000
 Box     2 has charge:                  0.00000000
********************************************************************************

Compute total energy
********************************************************************************
 Starting energy components for box   1
  Atomic units-Extensive
 -----------------------------------------------------------
 Total system energy is               -236578.208
 Intra molecular energy is             221238.746
 Bond energy is                             0.000
 Bond angle energy is                   98864.577
 Dihedral angle energy is              122374.169
 Improper angle energy is                   0.000
 Intra molecule vdw is                 -13152.518
 Intra molecule q is                        0.000
 Inter molecule vdw is                -384896.783
 Long range correction is              -19216.605
 Inter molecule q is                  1922392.391
 Number of vectors is                        4672
 Reciprocal ewald is                    40118.256
 Self ewald is                       -2003061.695
 -----------------------------------------------------------

 Starting energy components for box   2
  Atomic units-Extensive
 -----------------------------------------------------------
 Total system energy is                 74060.720
 Intra molecular energy is              80424.342
 Bond energy is                             0.000
 Bond angle energy is                   38750.549
 Dihedral angle energy is               41673.793
 Improper angle energy is                   0.000
 Intra molecule vdw is                  -4720.173
 Intra molecule q is                        0.000
 Inter molecule vdw is                  -1497.084
 Long range correction is                  -0.304
 Inter molecule q is                   145394.029
 Number of vectors is                        2534
 Reciprocal ewald is                      137.124
 Self ewald is                        -145677.214
 -----------------------------------------------------------

********************************************************************************

Run simulation
********************************************************************************
      Step       Move   Mol Spc Box  Success  MaxWidth
       377  translate         1   1  0.44000   0.44000
       464     rotate         1   1  0.43000   0.49742
       826  translate         1   1  0.50000   0.44000
      1021     rotate         1   2  0.94000   3.14159
      1032     rotate         1   1  0.51000   0.52229
      1235  translate         1   1  0.51000   0.44880
      1363  translate         1   2  0.94000  26.32000
      1588     rotate         1   1  0.53000   0.54840
      1732  translate         1   1  0.44000   0.39494
      2088     rotate         1   2  0.93000   3.14159
      2103     rotate         1   1  0.49000   0.52098
********************************************************************************

Report ending energy & then re-compute from scratch
********************************************************************************


 Ending energy components for box   1
  Atomic units-Extensive
 -----------------------------------------------------------
 Total system energy is               -235378.106
 Intra molecular energy is             214872.714
 Bond energy is                             0.000
 Angle energy is                        93473.594
 Dihedral energy is                    121399.119
 Improper angle energy is                   0.000
 Intra molecule vdw is                 -13547.007
 Intra molecule q is                        0.000
 Inter molecule vdw is                -377431.016
 Long range correction is              -18783.000
 Inter molecule q is                  1894835.966
 Reciprocal ewald is                    40421.454
 Self ewald is                       -1975747.217
 -----------------------------------------------------------


 Energy components from total energy call for box   1
  Atomic units-Extensive
 -----------------------------------------------------------
 Total system energy is               -235378.106
 Intra molecular energy is             214872.714
 Bond energy is                             0.000
 Angle energy is                        93473.594
 Dihedral energy is                    121399.119
 Improper angle energy is                   0.000
 Intra molecule vdw is                 -13547.007
 Intra molecule q is                        0.000
 Inter molecule vdw is                -377431.016
 Long range correction is              -18783.000
 Inter molecule q is                  1894835.966
 Reciprocal ewald is                    40421.454
 Self ewald is                       -1975747.217
 -----------------------------------------------------------


 Ending energy components for box   2
  Atomic units-Extensive
 -----------------------------------------------------------
 Total system energy is                 66680.678
 Intra molecular energy is              72798.000
 Bond energy is                             0.000
 Angle energy is                        35414.392
 Dihedral energy is                     37383.608
 Improper angle energy is                   0.000
 Intra molecule vdw is                  -4890.135
 Intra molecule q is                        0.000
 Inter molecule vdw is                  -1084.673
 Long range correction is                  -0.328
 Inter molecule q is                   150839.780
 Reciprocal ewald is                      158.144
 Self ewald is                        -151140.110
 -----------------------------------------------------------


 Energy components from total energy call for box   2
  Atomic units-Extensive
 -----------------------------------------------------------
 Total system energy is                 66680.678
 Intra molecular energy is              72798.000
 Bond energy is                             0.000
 Angle energy is                        35414.392
 Dihedral energy is                     37383.608
 Improper angle energy is                   0.000
 Intra molecule vdw is                  -4890.135
 Intra molecule q is                        0.000
 Inter molecule vdw is                  -1084.673
 Long range correction is                  -0.328
 Inter molecule q is                   150839.780
 Reciprocal ewald is                      158.144
 Self ewald is                        -151140.110
 -----------------------------------------------------------
********************************************************************************


Writing information for box  1
********************************************************************************
                Move      Trials     Success   % Success
              Volume          16          15       93.75

   ---------------------------------------------------------
   Writing information for species  1

                Move      Trials     Success   % Success
           Translate         495         232       46.87
              Rotate         424         210       49.53
              Insert          64           5        7.81
              Delete         168           8        4.76
   ---------------------------------------------------------

********************************************************************************
Writing information for box  2
********************************************************************************
                Move      Trials     Success   % Success
              Volume          16          15       93.75

   ---------------------------------------------------------
   Writing information for species  1

                Move      Trials     Success   % Success
           Translate         173         163       94.22
              Rotate         206         193       93.69
              Insert         168           8        4.76
              Delete          64           5        7.81
   ---------------------------------------------------------

********************************************************************************

Writing information about fragments
********************************************************************************

   ---------------------------------------------------------
   Writing information for species  1
     #_Frags_Regrown      Trials     Success   % Success
                   1         435         402       92.41
                   2         219         160       73.06
   ---------------------------------------------------------
********************************************************************************

 Writing information about subroutine times
********************************************************************************
 Translation time =            5.734140 secs.
 Rotation time =               5.199204 secs.
 Volume change time =         38.408164 secs.
 Swap time =                   2.189667 secs.
 Regrowth time =               7.349875 secs.
********************************************************************************

********************************************************************************
************************ Cassandra simulation complete *************************
********************************************************************************

 Program execution time
********************************************************************************
         0      Years
         0     Months
         0       Days
         0      Hours
         2    Minutes
         9    Seconds
       811         ms
********************************************************************************
