********************************************************************************
                ______                                __                        
               / ____/___ _______________ _____  ____/ /________ _              
              / /   / __ `/ ___/ ___/ __ `/ __ \/ __  / ___/ __ `/              
             / /___/ /_/ (__  |__  ) /_/ / / / / /_/ / /  / /_/ /               
             \____/\__,_/____/____/\__,_/_/ /_/\__,_/_/   \__,_/                
                                                                                
********************************************************************************
**********************************Log File**************************************
********************************************************************************

Run info
********************************************************************************
version: Cassandra Development Version
inputfile: species1_mcf_gen.inp
name of run: species1_mcf_gen
date (mm/dd/yyyy): 03/03/2018
time: 20:40:02
machine: Matthews-MacBook-Pro.local
********************************************************************************

Verbose log
********************************************************************************
Normal output to logfile
********************************************************************************

Simulation type
********************************************************************************
MCF_Gen             
********************************************************************************

Copy input file
********************************************************************************
# Run_Name                                                                      
species1_mcf_gen                                                                
                                                                                
# Sim_Type                                                                      
MCF_Gen                                                                         
                                                                                
# Nbr_Species                                                                   
1                                                                               
                                                                                
# VDW_Style                                                                     
LJ minimum_image                                                                
                                                                                
# Rcutoff_Low                                                                   
1.0                                                                             
                                                                                
# Mixing_Rule                                                                   
LB                                                                              
                                                                                
                                                                                
# Molecule_Files                                                                
../../isobutane.mcf 50                                                          
                                                                                
# Box_Info                                                                      
1                                                                               
CUBIC                                                                           
30.0 30.0 30.0                                                                  
                                                                                
END                                                                             
********************************************************************************

Number of species
********************************************************************************
1
********************************************************************************

Box info
********************************************************************************
Number of simulation boxes     1
Box 1 is CUBIC               
 Each Side Of :       30.0000     Angstrom
 Cell basis vector lengths in A,     30.0000      30.0000      30.0000
 Cosine of angles alpha, beta, gamma     0.0000       0.0000       0.0000
 Distance between box faces    30.0000      30.0000      30.0000
 Box volume, A^3         27000.0000
********************************************************************************

Pair style
********************************************************************************
VDW style used is:   LJ             in box:  1
 VDW sum style is:   minimum_image  in box:  1
 Minimum image convention used for VDW
Section "# Charge_Style" is missing from the input file
 By default, charge style for box 1 is NONE
Section "# Pair_Energy" is missing from the input file
 By default, pair interaction energy arrays will not be stored
Lorentz-Berthelot mixing rule specified
********************************************************************************

Molecule info
********************************************************************************
 Reading molecular connectivity information
 Species:            1
 Molecular connectivity file: ../../isobutane.mcf                                                                                                     
   4 atom(s) specified.
   3 bond(s) specified.
   3 angle(s) specified.
   0 dihedral(s) specified.
   0 improper(s) specified.
   1 fragment(s) specified.
   0 fragment bond(s) specified.

 Species  Max molecules
 -------  -------------
      1             50

 Species     1
 -------------------------------------------------------------------------------
 Atom parameters read
 Bond parameters read
 Angle parameters read
 Dihedral parameters read
 Improper parameters read
 Intra molecule scaling factors for species            1
  VDW 1-2 scaling factor       0.000
  VDW 1-3 scaling factor       0.000
  VDW 1-4 scaling factor       0.000
  VDW 1-N scaling factor       1.000
 Total number of atoms in fragment     1  is   4
 Fragment info read
 -------------------------------------------------------------------------------
********************************************************************************

 Finished generating fragments
 Exiting
