************** Beginning Cassandra simulation **************
Version Cassandra 1.0                                                                                                           

inputfile species3_mcf_gen.inp                                                                                                    

name of run: species3_mcf_gen

  Month      Day      Year
     09       10      2015
 
 Time:  19:24:20
 
machine: maginnfe.crc.nd.edu


Simulation type: MCF_Gen             

 
 **** Copying Inputfile ****** 
 # Run_Name
 species3_mcf_gen
 
 # Sim_Type
 MCF_Gen
 
 # Nbr_Species
 1
 
 # VDW_Style
 LJ cut_tail 12.0
 
 # Rcutoff_Low
 1.0
 
 # Mixing_Rule
 LB
 
 # Charge_Style
 coul Ewald 12.0 0.000001
 
 # Intra_Scaling
 0.0 0.0 0.0 1.0
 0.0 0.0 0.0 1.0
 
 # Molecule_Files
 ../../C4H10.mcf 50
 
 # Box_Info
 1
 CUBIC
 30.0 30.0 30.0
 
 END
 
 **** Finished writing input file *******
 Number of species simulated:      1

 *** Simulation box data ***
number of simulation boxes     1
 
Box number      1       Box Shape:      Cubic 
Each Side Of :        30.0000     Angstrom
 
Cell basis vector lengths in A,     30.0000      30.0000      30.0000
Cosine of angles alpha, beta, gamma     0.0000       0.0000       0.0000
Distance between box faces    30.0000      30.0000      30.0000
Box volume, A^3         27000.0000
 
 *** Finished loading box information ***
 
   VDW style used is:   LJ             in box:  1
   VDW sum style is:   cut_tail       in box:  1
    rcut =    12.000   Angstrom
 VDW style properly input
 
   Charge style used is:   coul           in box:  1
    Charge sum style is   Ewald          in box:  1
    Ewald real space cutoff is  12.000 Angstroms.
  Ewald real space parameter is   0.310 inverse Angstroms
    Ewald reciprocal cutoff is  2.3026 inverse Angstroms
 Charge style properly input
 
Lorentz-Berthelot mixing rule specified
 
 Pair interaction energy arrays will not be stored
 Energy calculations will be done in a standard way
 
 
 Reading molecular connectivity information
 Species:            1
 Molecular connectivity file: 
 ../../C4H10.mcf                                                                
                                          
   4 atom(s) specified.
   3 bond(s) specified.
   2 angle(s) specified.
   1 dihedral(s) specified.
   0 improper(s) specified.
   2 fragments specified.
   1  fragment bonds specified.
 
Species  Nbr molecules
-------  -------------
     1             50
 
L_Coul_CBMC not given for species    1
 Defaulting to true
 default  T
 
1st_Fragment_Ins_Style not specified for species    1
using default of "COM" for this species.
Species and atom number   1     1
 atom name:             CH4_s1
 element:               CH
 mass:                     15.0110
 charge:                    0.0000
 vdw type:              LJ                  
 Epsilon / kB in K:        98.0000
 Sigma in A:                3.7500
 
Species and atom number   1     2
 atom name:             CH4_s1
 element:               CH
 mass:                     12.0110
 charge:                    0.0000
 vdw type:              LJ                  
 Epsilon / kB in K:        46.0000
 Sigma in A:                3.9500
 
Species and atom number   1     3
 atom name:             CH4_s1
 element:               CH
 mass:                     12.0110
 charge:                    0.0000
 vdw type:              LJ                  
 Epsilon / kB in K:        46.0000
 Sigma in A:                3.9500
 
Species and atom number   1     4
 atom name:             CH4_s1
 element:               CH
 mass:                     15.0110
 charge:                    0.0000
 vdw type:              LJ                  
 Epsilon / kB in K:        98.0000
 Sigma in A:                3.7500
 
Total number of ring atoms in species     1    0
Total number of exo atoms in species      1    4
 Atom ids for ring atoms
 Atom ids for exo atoms           1           2           3           4
 *** Completed assigning atom info ***
 
Species and bond number   1   1
 atom1:                   1
 atom2:                   2
 bond type:             fixed               
Bond fixed between atoms:      1      2 in species   1
Fixed bond length, in A:    1.5400
 
Species and bond number   1   2
 atom1:                   2
 atom2:                   3
 bond type:             fixed               
Bond fixed between atoms:      2      3 in species   1
Fixed bond length, in A:    1.5400
 
Species and bond number   1   3
 atom1:                   3
 atom2:                   4
 bond type:             fixed               
Bond fixed between atoms:      3      4 in species   1
Fixed bond length, in A:    1.5400
 
 *** Completed assigning bond info ***
 
Species and angle number  1   1
 atom1:                   1
 atom2:                   2
 atom3:                   3
 angle type:            harmonic            
 K_angle in K/rad^2:    31250.0000
 theta0 in degrees:       114.0000
 
Species and angle number  1   2
 atom1:                   2
 atom2:                   3
 atom3:                   4
 angle type:            harmonic            
 K_angle in K/rad^2:    31250.0000
 theta0 in degrees:       114.0000
 
 
Molecule    1  is NOT defined to be linear
 
 *** Completed assigning angle info ***
 
Species and dihedral num  1   1
 atom1:                   1
 atom2:                   2
 atom3:                   3
 atom4:                   4
 dihedral type:         OPLS                
 a0, kJ/mol:                0.0000
 a1, kJ/mol:                2.9520
 a2, kJ/mol:               -0.5660
 a3, kJ/mol:                6.5790
 
 *** Completed assigning dihedral info ***
 
 No impropers in species            1
 *** Completed assigning improper info ***
 
 
Total number of atoms in the fragment     1  is   3
Identity of these atoms are
           2           1           3
 
Total number of atoms in the fragment     2  is   3
Identity of these atoms are
           3           2           4
 
 ******* Finished loading fragment info ********
 
 ******* Generating anchor info ****************
 
 Number of anchors for fragment     1  is   1
Anchor id is:    2
 
 Number of anchors for fragment     2  is   1
Anchor id is:    3
 *** Computed bond participation information ***
 species, atom, local bond nbr, global bond nbr, atom bonded 
    1         1       1            1                 2
 
 species, atom, local bond nbr, global bond nbr, atom bonded 
    1         2       1            1                 1
 species, atom, local bond nbr, global bond nbr, atom bonded 
    1         2       2            2                 3
 
 species, atom, local bond nbr, global bond nbr, atom bonded 
    1         3       1            2                 2
 species, atom, local bond nbr, global bond nbr, atom bonded 
    1         3       2            3                 4
 
 species, atom, local bond nbr, global bond nbr, atom bonded 
    1         4       1            3                 3
 
 
 
 For species           1
  Number of atoms that can be displaced           2
             Atom ID     Reference Atom ID
                   1                     2
                   4                     3
 
 Number of atom in question           1
 Total number of angles           1
 Angles for this atom
           1
 Position of the atom in angles
           1
 Number of atom in question           2
 Total number of angles           2
 Angles for this atom
           1           2
 Position of the atom in angles
           2           1
 Number of atom in question           3
 Total number of angles           2
 Angles for this atom
           1           2
 Position of the atom in angles
           3           2
 Number of atom in question           4
 Total number of angles           1
 Angles for this atom
           2
 Position of the atom in angles
           3
 Number of atom in question           1
 Total number of dihedrals           1
 Dihedral angles for this atom
           1
 Position of the atom in dihedrals
           1
 Number of atom in question           2
 Total number of dihedrals           1
 Dihedral angles for this atom
           1
 Position of the atom in dihedrals
           2
 Number of atom in question           3
 Total number of dihedrals           1
 Dihedral angles for this atom
           1
 Position of the atom in dihedrals
           3
 Number of atom in question           4
 Total number of dihedrals           1
 Dihedral angles for this atom
           1
 Position of the atom in dihedrals
           4
 
 Finished generating fragments
 Exiting
