********************************************************************************
                ______                                __                        
               / ____/___ _______________ _____  ____/ /________ _              
              / /   / __ `/ ___/ ___/ __ `/ __ \/ __  / ___/ __ `/              
             / /___/ /_/ (__  |__  ) /_/ / / / / /_/ / /  / /_/ /               
             \____/\__,_/____/____/\__,_/_/ /_/\__,_/_/   \__,_/                
                                                                                
********************************************************************************

For any published work that uses Cassandra, cite the following reference:
    Shah JK, Marin‐Rimoldi E, Mullen RG, Keene BP, Khan S,
    Paluch AS, Rai N, Romanielo LL, Rosch TW, Yoo B, Maginn EJ.
    Cassandra: An open source Monte Carlo package for molecular simulation.
    Journal of Computational Chemistry. 2017, 38, 1727–1739.
    http://dx.doi.org/10.1002/jcc.24807

Run info
********************************************************************************
version: Cassandra Version 1.2 20170927
inputfile: methane_noncubic.inp
name of run: methane_noncubic.out
date (mm/dd/yyyy): 11/07/2017
time: 16:55:30
machine: himalaya.attlocal.net
********************************************************************************

Verbose log
********************************************************************************
Normal output to logfile
********************************************************************************

Simulation type
********************************************************************************
Potential_Map       
********************************************************************************

Copy input file
********************************************************************************
 # Run_Name
 methane_noncubic.out
 
 # Sim_Type
 potential_map
 
 # Nbr_Species
 1
 
 # VDW_Style
 LJ   cut_tail   14.00
 
 # Rcutoff_Low
 1.0
 
 # Mixing_Rule
 LB
 
 # Molecule_Files
 methane.mcf 500
 
 # Box_Info
 1
 CELL_MATRIX
 22.6274     -23.1404     0.0
 22.6274      27.5776     0.0
  0.0000       0.0000    40.0
 
 # Grid_Spacing
 0.2
 
 # Temperature_Info
 175.0
 
 # Move_Probability_Info
 
 # Prob_Translation
 0.85
 0.15
 1.0
 
 # Prob_Volume
 0.03
 200.0
 
 # Prob_Swap
 0.12
 cbmc
 
 # Done_Probability_Info
 
 # Start_Type
 make_config 400
 
 # Run_Type
 Equilibration 100 100
 
 # Simulation_Length_Info
 Units       Steps
 Prop_Freq   100
 Coord_Freq  2200
 Run         2200
 
 # Seed
 1211131639 1211131640
 
 # Property_Info 1
 Density
 Nmols
 Volume
 Pressure
 
 
 
 # Fragment_Files
 species1/frag1/frag1.dat  1
 
 # CBMC_Info
 kappa_ins 12
 rcut_cbmc 6.5 6.5
 
 # Average_Info
 1
 
 # Pair_Energy
 TRUE
 
 END
********************************************************************************

Number of species
********************************************************************************
1
********************************************************************************

Box info
********************************************************************************
Number of simulation boxes     1
Box 1 is TRICLINIC           
       22.6274       -23.1404    0.0000
       22.6274        27.5776    0.0000
        0.0000         0.0000   40.0000
 Cell basis vector lengths in A,     32.0000      36.0000      40.0000
 Cosine of angles alpha, beta, gamma     0.0000       0.0000       0.0872
 Distance between box faces    31.8782      35.8630      40.0000
 Box volume, A^3         45904.6589
********************************************************************************

Pair style
********************************************************************************
VDW style used is:   LJ             in box:  1
 VDW sum style is:   cut_tail       in box:  1
 rcut =    14.000 Angstrom
Section "# Charge_Style" is missing from the input file
 By default, charge style for box 1 is NONE
Pair interaction energy array storage enabled
Lorentz-Berthelot mixing rule specified
********************************************************************************

 Section on grid spacing found

 The grid spacing specified in the input file is
0.2000  Angstrom.


             Actual grid spacing in a direction is0.19875761
            Actual grid spacing in b  direction is0.19889519
             Actual grid spacing in c direction is0.19900498

 Finished generation of the grid points

 Number of grid points in a direction 161

 Number of grid points in b direction 181

 Number of grid points in c direction 201

 Replication in the a, b and c directions achieved
