Run info
********************************************************************************
version: Cassandra Development Version
inputfile: gemc_dimethylhexane.inp
name of run: gemc_dimethylhexane.out
date (mm/dd/yyyy): 06/15/2016
time: 15:52:47
machine: maginnfe.crc.nd.edu
********************************************************************************
 
Verbose log
********************************************************************************
Normal output to logfile
********************************************************************************
 
Simulation type
********************************************************************************
GEMC                
********************************************************************************
 
Copy input file
********************************************************************************
 # Run_Name
 gemc_dimethylhexane.out
 
 # Sim_Type
 gemc
 
 # Nbr_Species
 1
 
 # VDW_Style
 lj   cut_tail   14.00
 lj   cut_tail   14.00
 
 # Rcutoff_Low
 1.0
 
 # Mixing_Rule
 lb
 
 # Molecule_Files
 dimethylhexane.mcf 300
 
 # Box_Info
 2
 cubic
 38.7600
 
 cubic
 194.06
 
 # Temperature_Info
 354.00
 354.00
 
 # Move_Probability_Info
 
 # Prob_Translation
 0.30
 0.36
 14.0
 
 # Prob_Rotation
 0.30
 30.0
 180.0
 
 # Prob_Regrowth
 0.30
 1.0
 
 # Prob_Volume
 0.005
 200.0
 
 # Prob_Swap
 0.095
 cbmc
 
 # Done_Probability_Info
 
 # Start_Type
 make_config 200
 make_config 100
 
 # Run_Type
 equilibration 100 100
 
 # Simulation_Length_Info
 units       steps
 prop_freq   100
 coord_freq  2200
 run         2200
 
 # Seed
 1216131116 1216131117
 
 # Property_Info 1
 energy_total
 density
 nmols
 volume
 mass_density
 
 # Property_Info 2
 energy_total
 density
 nmols
 volume
 mass_density
 
 # CBMC_Info
 kappa_ins 12
 kappa_dih 12
 rcut_cbmc 6.5  6.5
 
 # Pair_Energy
 true
 
 # Fragment_Files
 species1/frag1/frag1.dat  1
 species1/frag2/frag2.dat  2
 species1/frag3/frag3.dat  3
 species1/frag4/frag4.dat  4
 
 END
********************************************************************************
 
Number of species
********************************************************************************
1
********************************************************************************
 
Box info
********************************************************************************
Number of simulation boxes     2
Box 1 is cubic               
 Each Side Of :       38.7600     Angstrom
 Cell basis vector lengths in A,     38.7600      38.7600      38.7600
 Cosine of angles alpha, beta, gamma     0.0000       0.0000       0.0000
 Distance between box faces    38.7600      38.7600      38.7600
 Box volume, A^3         58230.6054
Box 2 is cubic               
 Each Side Of :      194.0600     Angstrom
 Cell basis vector lengths in A,    194.0600     194.0600     194.0600
 Cosine of angles alpha, beta, gamma     0.0000       0.0000       0.0000
 Distance between box faces   194.0600     194.0600     194.0600
 Box volume, A^3       7308160.5754
********************************************************************************
 
Pair style
********************************************************************************
VDW style used is:   LJ             in box:  1
 VDW sum style is:   cut_tail       in box:  1
 rcut =    14.000   Angstrom
VDW style used is:   LJ             in box:  2
 VDW sum style is:   cut_tail       in box:  2
 rcut =    14.000   Angstrom
Section "# Charge_Style" is missing from the input file
 By default, charge style for box 1 is NONE
 By default, charge style for box 2 is NONE
Pair interaction energy array storage enabled
Lorentz-Berthelot mixing rule specified
********************************************************************************
 
Molecule info
********************************************************************************
 Reading molecular connectivity information
 Species:            1
 Molecular connectivity file: 
 dimethylhexane.mcf                                                             
                                          
   8 atom(s) specified.
   7 bond(s) specified.
   9 angle(s) specified.
   5 dihedral(s) specified.
   0 improper(s) specified.
   4 fragment(s) specified.
   3 fragment bond(s) specified.
 
 Species  Max molecules
 -------  -------------
      1            300
 
 Species     1
 -------------------------------------------------------------------------------
 Atom parameters read
 Bond parameters read
 Angle parameters read
 Dihedral parameters read
 Improper parameters read
 Intra molecule scaling factors for species            1
  VDW 1-2 scaling factor       0.000
  VDW 1-3 scaling factor       0.000
  VDW 1-4 scaling factor       0.000
  VDW 1-N scaling factor       1.000
 Total number of atoms in fragment     1  is   5
 Total number of atoms in fragment     2  is   3
 Total number of atoms in fragment     3  is   3
 Total number of atoms in fragment     4  is   3
 Fragment info read
 Fragment file for fragment 1 is species1/frag1/frag1.dat
 Fragment file for fragment 2 is species1/frag2/frag2.dat
 Fragment file for fragment 3 is species1/frag3/frag3.dat
 Fragment file for fragment 4 is species1/frag4/frag4.dat
 -------------------------------------------------------------------------------
 
 Fragment coord info
 -------------------------------------------------------------------------------
 library_coords array successfully allocated
 Finished loading fragment coordinates from
 species1/frag1/frag1.dat
 species1/frag2/frag2.dat
 species1/frag3/frag3.dat
 species1/frag4/frag4.dat
 -------------------------------------------------------------------------------
********************************************************************************
 
Nonbond tables
********************************************************************************
 ********************************************************************************
 
Start type
********************************************************************************
Initial configuration for box 1 will be made
 Will insert     200  molecules of species   1
Initial configuration for box 2 will be made
 Will insert     100  molecules of species   1
********************************************************************************
 
Seed info
********************************************************************************
The starting seeds are:   1216131116   1216131117
********************************************************************************
 
Temperature
********************************************************************************
Temperature of box 1 is 354.000 K
Temperature of box 2 is 354.000 K
********************************************************************************
 
Move probabilities
********************************************************************************
Probability for translation                0.300000
 Maximum displacement width for species  1 in box  1  is      0.36000
 Maximum displacement width for species  1 in box  2  is     14.00000
Probability for rotation                   0.300000
 The rotational width for the species    1 in box  1   is      0.5236 radians
 The rotational width for the species    1 in box  2   is      3.1416 radians
Probability for regrowth                   0.300000
 Cumulative probability for regrowth of species     1  is   1.000000
Probability for volume move                0.005000
 Maximum volume displacement is    200.000
 Volume moves will be performed in actual volumes
Probability for particle swap              0.095000
 Species 1 will be inserted using CBMC
 Number of insertable species is    1
 Keyword prob_swap_to_box is missing from input file
  By default, box_out will be selected according to its mole fraction
  By default, box_in will be selected with uniform probability
 Keyword prob_swap_species is missing from input file
  By default, species will be selected according to its mole fraction
Number of moves is :   5
********************************************************************************
 
CBMC info
********************************************************************************
Kappa for first fragment insertion          12
Kappa for dihedral selection                12
 Cutoff for CBMC for box 1 is         6.50
 Cutoff for CBMC for box 2 is         6.50
********************************************************************************
 
Simulation length info
********************************************************************************
Thermodynamic quantities will be written every        100 Steps     
Coordinates will be written every                    2200 Steps     
 movie header file for box   1 is      gemc_dimethylhexane.out.box1.H
 movie_XYZ file for box      1 is      gemc_dimethylhexane.out.box1.xyz
 movie header file for box   2 is      gemc_dimethylhexane.out.box2.H
 movie_XYZ file for box      2 is      gemc_dimethylhexane.out.box2.xyz
The simulation will be run for                       2200 Steps     
********************************************************************************
 
Property info
********************************************************************************
Total number of property files to be written is     1   for box 1
 Maximum number of properties per file is    5
 Writing the name of the property files and the corresponding property output
 Property file    1   is  gemc_dimethylhexane.out.box1.prp
 Properties output in these files are
 Energy_Total
 Density
 Nmols
 Volume
 Mass_Density
Total number of property files to be written is     1   for box 2
 Maximum number of properties per file is    5
 Writing the name of the property files and the corresponding property output
 Property file    1   is  gemc_dimethylhexane.out.box2.prp
 Properties output in these files are
 Energy_Total
 Density
 Nmols
 Volume
 Mass_Density
********************************************************************************
 
Average info
********************************************************************************
Section "# Average_Info" is missing from the input file
 By default, instantaneous values will be output
********************************************************************************
 
Minimum distance cutoff
********************************************************************************
MC low cutoff distance is   1.000    Angstrom
********************************************************************************
 
Run type
********************************************************************************
 The input run type is equilibration
 Update frequency is          100
 Update frequency for adjusting maximum volume displacement is
         100
********************************************************************************
 
********************************************************************************
************************ Begin Cassandra simulation ****************************
********************************************************************************
 
Initial configuration
********************************************************************************
 Inserting          200 molecules of species            1
 Inserting          100 molecules of species            1
********************************************************************************
 
Compute total energy
********************************************************************************
 Starting energy components for box   1
  Atomic units-Extensive
 -----------------------------------------------------------
 Total system energy is               1660712.298
 Intra molecular energy is             482339.448
 Bond energy is                             0.000
 Bond angle energy is                  233969.334
 Dihedral angle energy is              248370.114
 Improper angle energy is                   0.000
 Intra molecule vdw is                 290163.073
 Intra molecule q is                        0.000
 Inter molecule vdw is                 910392.706
 Long range correction is              -22182.929
 Inter molecule q is                        0.000
 -----------------------------------------------------------
 
 Starting energy components for box   2
  Atomic units-Extensive
 -----------------------------------------------------------
 Total system energy is                266615.487
 Intra molecular energy is             195091.881
 Bond energy is                             0.000
 Bond angle energy is                  113412.185
 Dihedral angle energy is               81679.696
 Improper angle energy is                   0.000
 Intra molecule vdw is                  72055.940
 Intra molecule q is                        0.000
 Inter molecule vdw is                   -488.147
 Long range correction is                 -44.188
 Inter molecule q is                        0.000
 -----------------------------------------------------------
 
********************************************************************************
 
Run simulation
********************************************************************************
      Step       Move   Mol Spc Box  Success  MaxWidth
       450  translate         1   1  0.50000   0.36000
       595     rotate         1   1  0.44000   0.49742
       737  translate         1   2  0.99000  14.00000
       904     rotate         1   2  0.98000   3.14159
      1082  translate         1   1  0.44000   0.31680
      1222     rotate         1   1  0.36000   0.47255
      1389  translate         1   2  0.94000  14.00000
      1538     rotate         1   2  0.99000   3.14159
      1797  translate         1   1  0.51000   0.32314
      1975     rotate         1   1  0.47000   0.44892
      2082  translate         1   2  0.94000  14.00000
********************************************************************************
 
Report ending energy & then re-compute from scratch
********************************************************************************
 
 
 Ending energy components for box   1
  Atomic units-Extensive
 -----------------------------------------------------------
 Total system energy is                112589.950
 Intra molecular energy is             366062.459
 Bond energy is                             0.000
 Angle energy is                       189909.408
 Dihedral energy is                    176153.052
 Improper angle energy is                   0.000
 Intra molecule vdw is                  18967.858
 Intra molecule q is                        0.000
 Inter molecule vdw is                -258300.715
 Long range correction is              -14139.653
 Inter molecule q is                        0.000
 -----------------------------------------------------------
 
 
 Energy components from total energy call for box   1
  Atomic units-Extensive
 -----------------------------------------------------------
 Total system energy is                112589.950
 Intra molecular energy is             366062.459
 Bond energy is                             0.000
 Angle energy is                       189909.408
 Dihedral energy is                    176153.052
 Improper angle energy is                   0.000
 Intra molecule vdw is                  18967.858
 Intra molecule q is                        0.000
 Inter molecule vdw is                -258300.715
 Long range correction is              -14139.653
 Inter molecule q is                        0.000
 -----------------------------------------------------------
 
 
 Ending energy components for box   2
  Atomic units-Extensive
 -----------------------------------------------------------
 Total system energy is                267284.013
 Intra molecular energy is             261774.417
 Bond energy is                             0.000
 Angle energy is                       159620.975
 Dihedral energy is                    102153.442
 Improper angle energy is                   0.000
 Intra molecule vdw is                   7050.920
 Intra molecule q is                        0.000
 Inter molecule vdw is                  -1454.714
 Long range correction is                 -86.611
 Inter molecule q is                        0.000
 -----------------------------------------------------------
 
 
 Energy components from total energy call for box   2
  Atomic units-Extensive
 -----------------------------------------------------------
 Total system energy is                267284.013
 Intra molecular energy is             261774.417
 Bond energy is                             0.000
 Angle energy is                       159620.975
 Dihedral energy is                    102153.442
 Improper angle energy is                   0.000
 Intra molecule vdw is                   7050.920
 Intra molecule q is                        0.000
 Inter molecule vdw is                  -1454.714
 Long range correction is                 -86.611
 Inter molecule q is                        0.000
 -----------------------------------------------------------
********************************************************************************
 
 
Writing information for box  1
********************************************************************************
                Move      Trials     Success   % Success
              Volume           6           3       50.00
 
   ---------------------------------------------------------
   Writing information for species  1
 
                Move      Trials     Success   % Success
           Translate         363         180       49.59
              Rotate         341         146       42.82
              Insert         114          15       13.16
              Delete         130          55       42.31
   ---------------------------------------------------------
 
********************************************************************************
Writing information for box  2
********************************************************************************
                Move      Trials     Success   % Success
              Volume           6           3       50.00
 
   ---------------------------------------------------------
   Writing information for species  1
 
                Move      Trials     Success   % Success
           Translate         311         297       95.50
              Rotate         279         273       97.85
              Insert         130          55       42.31
              Delete         114          15       13.16
   ---------------------------------------------------------
 
********************************************************************************
 
Writing information about fragments
********************************************************************************
 
   ---------------------------------------------------------
   Writing information for species  1
     #_Frags_Regrown      Trials     Success   % Success
                   1         291         250       85.91
                   2         222         172       77.48
                   3         143          90       62.94
   ---------------------------------------------------------
********************************************************************************
 
 Writing information about subroutine times
********************************************************************************
 Translation time =            0.242089 secs.
 Rotation time =               0.214552 secs.
 Volume change time =          0.298899 secs.
 Swap time =                   0.604950 secs.
 Regrowth time =               1.103077 secs.
********************************************************************************
 
********************************************************************************
************************ Cassandra simulation complete *************************
********************************************************************************
 
 Program execution time
********************************************************************************
         0      Years
         0     Months
         0       Days
         0      Hours
         0    Minutes
         3    Seconds
       348         ms
********************************************************************************
