************** Beginning Cassandra simulation **************
Version Cassandra 1.0                                                                                                           

inputfile /scratch365/emarinri/Verbose_v1.1/Examples/GEMC/2,2-dimethylhexane/gemc_dimethylhexane.inp                              

name of run: gemc_dimethylhexane

  Month      Day      Year
     09       18      2015
 
 Time:  13:59:15
 
machine: maginnfe.crc.nd.edu


Simulation type: GEMC                

 Verbosity output to logfile set to  F
 
 **** Copying Inputfile ****** 
 # Run_Name
 gemc_dimethylhexane
 
 # Sim_Type
 GEMC
 
 # Nbr_Species
 1
 
 # VDW_Style
 LJ   cut_tail   14.00
 LJ   cut_tail   14.00
 
 # Rcutoff_Low
 1.0
 
 # Mixing_Rule
 LB
 
 # Charge_Style
 NONE
 NONE
 
 # Intra_Scaling
 0.0    0.0    0.0     1.0
 0.0    0.0    0.0     1.0
 
 # Molecule_Files
 dimethylhexane.mcf 300
 
 # Box_Info
 2
 CUBIC
 38.7600 38.7600 38.7600
 
 CUBIC
 194.06 194.06 194.06
 
 
 # Temperature_Info
 354.00 354.00
 
 # Move_Probability_Info
 
 # Prob_Translation
 0.30
 0.36
 14.0
 
 # Prob_Rotation
 0.30
 30.0
 180.0
 
 # Prob_Regrowth
 0.30
 1.0
 
 # Prob_Volume
 0.005
 200.0
 200.0
 
 # Prob_Swap
 0.095
 insertion method
 reservoir
 
 # Done_Probability_Info
 
 
 # Start_Type
 make_config
 20 10
 
 read_old
 Init_Config/nvt_liq.xyz
 Init_Config/nvt_vap.xyz
 
 
 # Run_Type
 Equilibration 100 100
 
 
 # Simulation_Length_Info
 Units       Steps
 Prop_Freq   100
 Coord_Freq  2200
 MCsteps     2200
 # Done_Simulation_Length_Info
 
 
 # Seed
 1216131116 1216131117
 
 
 # Average_Info
 1
 
 
 # Property_Info 1
 Energy_Total
 Density
 Nmols
 Volume
 
 
 # Property_Info 2
 Energy_Total
 Density
 Nmols
 Volume
 
 
 # CBMC_Info
 kappa_ins 12
 kappa_rot 0
 kappa_dih 12
 rcut_cbmc 6.5  6.5
 
 
 # Pair_Energy
 TRUE
 
 
 # Fragment_Files
 species1/frag1/frag1.dat  1
 species1/frag2/frag2.dat  2
 species1/frag3/frag3.dat  3
 species1/frag4/frag4.dat  4
 
 END
 
 **** Finished writing input file *******
 Number of species simulated:      1

 *** Simulation box data ***
number of simulation boxes     2
 
Box number      1       Box Shape:      Cubic 
Each Side Of :        38.7600     Angstrom
 
Cell basis vector lengths in A,     38.7600      38.7600      38.7600
Cosine of angles alpha, beta, gamma     0.0000       0.0000       0.0000
Distance between box faces    38.7600      38.7600      38.7600
Box volume, A^3         58230.6054
 
Box number      2       Box Shape:      Cubic 
Each Side Of :       194.0600     Angstrom
 
Cell basis vector lengths in A,    194.0600     194.0600     194.0600
Cosine of angles alpha, beta, gamma     0.0000       0.0000       0.0000
Distance between box faces   194.0600     194.0600     194.0600
Box volume, A^3       7308160.5754
 
 *** Finished loading box information ***
 
   VDW style used is:   LJ             in box:  1
   VDW sum style is:   cut_tail       in box:  1
    rcut =    14.000   Angstrom
 
   VDW style used is:   LJ             in box:  2
   VDW sum style is:   cut_tail       in box:  2
    rcut =    14.000   Angstrom
 
   Charge style used is:   NONE           in box:  1
 Charge style properly input
 
   Charge style used is:   NONE           in box:  2
 Charge style properly input
 
 
 Pair interaction energy array storage enabled
 
Lorentz-Berthelot mixing rule specified
 
 Reading molecular connectivity information
 Species:            1
 Molecular connectivity file: 
 dimethylhexane.mcf                                                             
                                          
   8 atom(s) specified.
   7 bond(s) specified.
   9 angle(s) specified.
   5 dihedral(s) specified.
   0 improper(s) specified.
   4 fragments specified.
   3  fragment bonds specified.
 
Species  Nbr molecules
-------  -------------
     1            300
 
L_Coul_CBMC not given for species    1
 Defaulting to  T
 
1st_Fragment_Ins_Style not specified for species    1
using default of "COM" for this species.
 *** Completed assigning atom info ***
 
 *** Completed assigning bond info ***
 
 
 *** Completed assigning angle info ***
 
 *** Completed assigning dihedral info ***
 
 *** Completed assigning improper info ***
 
 
Total number of atoms in the fragment     1  is   5
 
Total number of atoms in the fragment     2  is   3
 
Total number of atoms in the fragment     3  is   3
 
Total number of atoms in the fragment     4  is   3
 
 ******* Finished loading fragment info ********
 
 Fragment file for fragment 1 is
 species1/frag1/frag1.dat                                                       
                                          
 Fragment file for fragment 2 is
 species1/frag2/frag2.dat                                                       
                                          
 Fragment file for fragment 3 is
 species1/frag3/frag3.dat                                                       
                                          
 Fragment file for fragment 4 is
 species1/frag4/frag4.dat                                                       
                                          
 
 library_coords array successfully allocated
 
 
 Finished loading fragment coordinates from
 species1/frag1/frag1.dat                                                       
                                          
 
 
 Finished loading fragment coordinates from
 species1/frag2/frag2.dat                                                       
                                          
 
 
 Finished loading fragment coordinates from
 species1/frag3/frag3.dat                                                       
                                          
 
 
 Finished loading fragment coordinates from
 species1/frag4/frag4.dat                                                       
                                          
 
 intramolecular scaling factors explicitly set
Intra molecule scaling factors for species             1
VDW 1-2 scaling factor         0.000
VDW 1-3 scaling factor         0.000
VDW 1-4 scaling factor         0.000
VDW 1-N scaling factor         1.000
Coulomb 1-2 scaling factor     0.000
Coulomb 1-3 scaling factor     0.000
Coulomb 1-4 scaling factor     0.000
Coulomb 1-N scaling factor     0.000
 
 
 *** Completed assigning intramolecular scaling factors ***
 
 
 ***** Reading seed info *********
 
 The starting seed s1 is:    153587801
 
 ****** Finished loading the seed ********
 
 **** Simulation temperature information ****
  Temperature assigned to box     1  is  354.000    K
 
  Temperature assigned to box     2  is  354.000    K
 
 *** Finished loading information for temperature ****
 
 
 ********* Move Probability Info******
    Translation probability is   0.300000
 
Maximum displacement width for species   1 in box  1  is      0.36000
 
Maximum displacement width for species   1 in box  2  is     14.00000
 
       Rotation probability is   0.300000
 
The rotational width for the species     1 in box  1   is      0.5236 radians
 
The rotational width for the species     1 in box  2   is      3.1416 radians
 
 
   Probability for regrowth is   0.300000
 
   Cumulative probability for regrowth of species     1  is   1.000000
 
         Probability for volume move is    0.005000
 
 Maximum volume displacement for box in GEMC_NVT simulation is
   200.000
 
 Volume moves will be performed in actual volumes
 
        Probability for particle swap is   0.095000
 
Insertion will be carried out for species   1
 using the reservoir sampling
 
Total number of exchangeable species is    1
 
 
 Probabilties of swap for individual boxes not specified
 Defaulting to uniform probabilities
 
 ******** Box pair selection probabilities *********
 
  1    1    0.000000
  1    2    1.000000
  2    1    1.000000
  2    2    1.000000
 ***** Finished reading the move probability info *****
Number of moves is :   5
 
 
 ***** reading CBMC info *********
 
 Writing out CBMC_Info
kappa for first bead insertion              12
kappa for rotational bias                    0
kappa for dihedral selection                12
 
Smaller cutoff for CBMC for box          1        6.50
Smaller cutoff for CBMC for box          2        6.50
 ****** finished loading CBMC_Info ********
 
Thermodynamic quantities will written at every        100 MC steps.
 
Coordinates will be written at every                 2200 MC steps.
 
movie header file for box    1 is      gemc_dimethylhexane.box1.H
movie_XYZ file for box       1 is      gemc_dimethylhexane.box1.xyz
movie header file for box    2 is      gemc_dimethylhexane.box2.H
movie_XYZ file for box       2 is      gemc_dimethylhexane.box2.xyz
 
The simulation will be run for                         2200 MC steps.
 
 *** Finished Reading Simulation Length Info ******* 
 
 *********** Average Information ***************
 
 Instantaneous values will be output
 
 *********** Ending Average Section ************
 
 **** Writing property output information *****
 
Total number of property files to be written is     1   for box 1
 Maximum number of properties per file is    4
 Writing the name of the property files and the corresponding property output
 
 Property file    1   is  gemc_dimethylhexane.box1.prp1
 Properties output in these files are
 
 Energy_Total
 Density
 Nmols
 Volume
 
 ***** Finished writing property information ******
 
 **** Writing property output information *****
 
Total number of property files to be written is     1   for box 2
 Maximum number of properties per file is    4
 Writing the name of the property files and the corresponding property output
 
 Property file    1   is  gemc_dimethylhexane.box2.prp1
 Properties output in these files are
 
 Energy_Total
 Density
 Nmols
 Volume
 
 ***** Finished writing property information ******
 
 *********** Average Information ***************
 
 Instantaneous values will be output
 
 *********** Ending Average Section ************
 
MC low cutoff distance is   1.000    Angstrom
 
 
 ******Initial Coordinate Info **********
 
 Initial configuration will be generated
  Starting number of molecules of species   1   in box   1  is      20
  Starting number of molecules of species   1   in box   2  is      10
 
Total number of molecules of species   1   present initially is      30
 
 *****Finished reading initial coordinate info *****
 
 ****** Reading Run_Type Information ******
 
 The input run type is Equilibration
 Update frequency is          100
 
 Update frequency for adjusting maximum volume displacement is
         100
 
 ******* Finished reading run type information ******
starting type make_config                                                                                                             

 ***************** Charge Neutrality Check *****************
 Species           1    has charge                0.00000000
 Box               1    has charge                0.00000000
 
 Box               2    has charge                0.00000000
 
 ***************** Charge Neutrality Check *****************
 ***********************************************************
   Starting energy components for box   1
  Atomic units-Extensive
 
 Total system energy is                 53320.787
 Intra molecular energy is              47129.694
 Bond energy is                             0.000
 Bond angle energy is                   22922.985
 Dihedral angle energy is               24206.710
 Improper angle energy is                   0.000
 Intra nonbond vdw is                   12514.433
 Intra nonbond elec is                      0.000
 Inter molecule vdw is                  -6101.511
 Long range correction is                -221.829
 Inter molecule q is                        0.000
 Reciprocal ewald is                        0.000
 Self ewald is                              0.000
 ***********************************************************
 
 ***********************************************************
   Starting energy components for box   2
  Atomic units-Extensive
 
 Total system energy is                 20996.357
 Intra molecular energy is              20480.412
 Bond energy is                             0.000
 Bond angle energy is                   10897.468
 Dihedral angle energy is                9582.944
 Improper angle energy is                   0.000
 Intra nonbond vdw is                     516.387
 Intra nonbond elec is                      0.000
 Inter molecule vdw is                      0.000
 Long range correction is                  -0.442
 Inter molecule q is                        0.000
 Reciprocal ewald is                        0.000
 Self ewald is                              0.000
 ***********************************************************
 
 
Success ratio, translation of species   1 in box 2 :  1.00000
Maximum width, translation of species   1 in box 2 : 14.00000
 
Success ratio, rotation of species   1 in box 2 :  0.99000
Maximum width, rotation of species   1 in box 2 :  3.14159
 
Success ratio, translation of species   1 in box 2 :  0.98000
Maximum width, translation of species   1 in box 2 : 14.00000
 
Success ratio, rotation of species   1 in box 2 :  0.99000
Maximum width, rotation of species   1 in box 2 :  3.14159
 
Success ratio, translation of species   1 in box 2 :  1.00000
Maximum width, translation of species   1 in box 2 : 14.00000
 
Success ratio, rotation of species   1 in box 2 :  1.00000
Maximum width, rotation of species   1 in box 2 :  3.14159
 
Success ratio, translation of species   1 in box 2 :  0.95000
Maximum width, translation of species   1 in box 2 : 14.00000
 
Success ratio, rotation of species   1 in box 2 :  0.99000
Maximum width, rotation of species   1 in box 2 :  3.14159
 
Success ratio, translation of species   1 in box 2 :  0.97000
Maximum width, translation of species   1 in box 2 : 14.00000
 
Success ratio, rotation of species   1 in box 2 :  1.00000
Maximum width, rotation of species   1 in box 2 :  3.14159
******************** END OF SIMULATION ********************
 
 
 ***********************************************************
 Ending energy components for box   1
  Atomic units-Extensive
 -----------------------------------------------------------
 Total system energy is                    -0.000
 Intra molecular energy is                 -0.000
 Bond energy is                             0.000
 Angle energy is                           -0.000
 Dihedral energy is                         0.000
 Improper angle energy is                   0.000
 Intra nonbond vdw is                       0.000
 Intra nonbond elec is                      0.000
 Inter molecule vdw is                      0.000
 Long range correction is                   0.000
 Inter molecule q is                        0.000
 Reciprocal ewald is                        0.000
 Self ewald is                              0.000
 ***********************************************************
 
 
 ***********************************************************
 Energy components from total energy call for box   1
  Atomic units-Extensive
 -----------------------------------------------------------
 Total system energy is                     0.000
 Intra molecular energy is                  0.000
 Bond energy is                             0.000
 Angle energy is                            0.000
 Dihedral energy is                         0.000
 Improper angle energy is                   0.000
 Intra nonbond vdw is                       0.000
 Intra nonbond elec is                      0.000
 Inter molecule vdw is                      0.000
 Long range correction is                   0.000
 Inter molecule q is                        0.000
 Reciprocal ewald is                        0.000
 Self ewald is                              0.000
 ***********************************************************
******************** END OF SIMULATION ********************
 
 
 ***********************************************************
 Ending energy components for box   2
  Atomic units-Extensive
 -----------------------------------------------------------
 Total system energy is                 52656.436
 Intra molecular energy is              59091.751
 Bond energy is                             0.000
 Angle energy is                        33091.556
 Dihedral energy is                     26000.195
 Improper angle energy is                   0.000
 Intra nonbond vdw is                   -6417.850
 Intra nonbond elec is                      0.000
 Inter molecule vdw is                    -13.488
 Long range correction is                  -3.977
 Inter molecule q is                        0.000
 Reciprocal ewald is                        0.000
 Self ewald is                              0.000
 ***********************************************************
 
 
 ***********************************************************
 Energy components from total energy call for box   2
  Atomic units-Extensive
 -----------------------------------------------------------
 Total system energy is                 52656.436
 Intra molecular energy is              59091.751
 Bond energy is                             0.000
 Angle energy is                        33091.556
 Dihedral energy is                     26000.195
 Improper angle energy is                   0.000
 Intra nonbond vdw is                   -6417.850
 Intra nonbond elec is                      0.000
 Inter molecule vdw is                    -13.488
 Long range correction is                  -3.977
 Inter molecule q is                        0.000
 Reciprocal ewald is                        0.000
 Self ewald is                              0.000
 ***********************************************************
 
 
 Writing information for box  1
 ***********************************************************
 
                Move      Trials     Success
              Volume          15          15
 
 ***********************************************************
 Writing information for species  1
 
                Move      Trials     Success   % Success
           Translate          46          42       91.30
              Rotate          47          40       85.11
           Insertion         111          17       15.32
            Deletion          48          37       77.08
 ***********************************************************
 
 Writing information for box  2
 ***********************************************************
 
                Move      Trials     Success
              Volume          15          15
 
 ***********************************************************
 Writing information for species  1
 
                Move      Trials     Success   % Success
           Translate         591         579       97.97
              Rotate         568         565       99.47
           Insertion          48          37       77.08
            Deletion         111          17       15.32
 ***********************************************************
 
 Writing information about fragments
 
 ***********************************************************
 Writing information for species  1
         # Fragments      Trials     Success   % Success
                   1         237         218       91.98
                   2         222         179       80.63
                   3         259         196       75.68
 ***********************************************************
 
 Writing information about subroutine times
 
 ***********************************************************
 
 Translation time =            0.013998 secs.
 Rotation time =               0.013999 secs.
 Volume change time =          0.036995 secs.
 Swap time =                   0.172971 secs.
 Regrowth time =               0.506924 secs.
 ***********************************************************
 
 
 Program execution time
         0      Years
         0     Months
         0       Days
         0      Hours
         0    Minutes
         9    Seconds
       176         ms
