Run info
********************************************************************************
version: Cassandra Development Version
inputfile: npt.inp
name of run: npt.out
date (mm/dd/yyyy): 06/15/2016
time: 14:17:59
machine: maginnfe.crc.nd.edu
********************************************************************************
 
Verbose log
********************************************************************************
Normal output to logfile
********************************************************************************
 
Simulation type
********************************************************************************
NPT_MC              
********************************************************************************
 
Copy input file
********************************************************************************
 
 # Run_Name
 npt.out
 
 # Sim_Type
 npt_mc
 
 # Nbr_Species
 1
 
 # VDW_Style
 lj cut_tail 7.0
 
 # Charge_Style
 coul ewald 7.0 0.000001
 
 # Intra_Scaling
 0.0 0.0 0.0 1.0
 0.0 0.0 0.0 1.0
 
 # Mixing_Rule
 LB
 
 # Seed_Info
 82638601 2497026012
 
 # Rcutoff_Low
 2.0
 
 # Molecule_Files
 dee.mcf 30
 
 # Box_Info
 1
 cubic
 17.5
 
 # Temperature_Info
 343.0
 
 # Pressure_Info
 4.01
 
 
 # Move_Probability_Info
 
 # Prob_Translation
 30
 0.38134
 
 # Prob_Rotation
 30
 29.807
 
 # Prob_Regrowth
 30
 1.0
 
 # Prob_Volume
 1
 949.18
 
 # Done_Probability_Info
 
 # Start_Type
 checkpoint npt.inp.chk
 
 # Run_Type
 production   300 10
 
 # Simulation_Length_Info
 units        sweeps
 prop_freq    10
 coord_freq   10
 run          100
 
 # Property_Info 1
 energy_total
 pressure
 volume
 density
 
 # Fragment_Files
 species1/frag1/frag1.dat  1
 species1/frag2/frag2.dat  2
 species1/frag3/frag3.dat  3
 
 # CBMC_Info
 kappa_ins 12
 kappa_dih 10
 rcut_cbmc 6.5
 
 END
********************************************************************************
 
Number of species
********************************************************************************
1
********************************************************************************
 
Box info
********************************************************************************
Number of simulation boxes     1
Box 1 is cubic               
 Each Side Of :       17.5000     Angstrom
 Cell basis vector lengths in A,     17.5000      17.5000      17.5000
 Cosine of angles alpha, beta, gamma     0.0000       0.0000       0.0000
 Distance between box faces    17.5000      17.5000      17.5000
 Box volume, A^3          5359.3750
********************************************************************************
 
Pair style
********************************************************************************
VDW style used is:   LJ             in box:  1
 VDW sum style is:   cut_tail       in box:  1
 rcut =     7.000   Angstrom
Charge style in box 1 is coul
 Charge sum style is   ewald          in box:  1
 Ewald real space cutoff is   7.000 Angstroms.
 Ewald real space parameter is   0.531 inverse Angstroms
 Ewald reciprocal cutoff is  3.9473 inverse Angstroms
Section "# Pair_Energy" is missing from the input file
 By default, pair interaction energy arrays will not be stored
Lorentz-Berthelot mixing rule specified
********************************************************************************
 
Molecule info
********************************************************************************
 Reading molecular connectivity information
 Species:            1
 Molecular connectivity file: 
 dee.mcf                                                                        
                                          
   5 atom(s) specified.
   4 bond(s) specified.
   3 angle(s) specified.
   2 dihedral(s) specified.
   0 improper(s) specified.
   3 fragment(s) specified.
   2 fragment bond(s) specified.
 
 Species  Max molecules
 -------  -------------
      1             30
 
 Species     1
 -------------------------------------------------------------------------------
 Atom parameters read
 Bond parameters read
 Angle parameters read
 Dihedral parameters read
 Improper parameters read
 Intra molecule scaling factors for species            1
  VDW 1-2 scaling factor       0.000
  VDW 1-3 scaling factor       0.000
  VDW 1-4 scaling factor       0.000
  VDW 1-N scaling factor       1.000
  Coulomb 1-2 scaling factor   0.000
  Coulomb 1-3 scaling factor   0.000
  Coulomb 1-4 scaling factor   0.000
  Coulomb 1-N scaling factor   1.000
 Total number of atoms in fragment     1  is   3
 Total number of atoms in fragment     2  is   3
 Total number of atoms in fragment     3  is   3
 Fragment info read
 Fragment file for fragment 1 is species1/frag1/frag1.dat
 Fragment file for fragment 2 is species1/frag2/frag2.dat
 Fragment file for fragment 3 is species1/frag3/frag3.dat
 -------------------------------------------------------------------------------
 
 Fragment coord info
 -------------------------------------------------------------------------------
 library_coords array successfully allocated
 Finished loading fragment coordinates from
 species1/frag1/frag1.dat
 species1/frag2/frag2.dat
 species1/frag3/frag3.dat
 -------------------------------------------------------------------------------
********************************************************************************
 
Start type
********************************************************************************
Starting configuration will be read from checkpoint file
 npt.inp.chk
********************************************************************************
 
Seed info
********************************************************************************
 Seed will be read from a checkpoint file
********************************************************************************
 
Temperature
********************************************************************************
Temperature of box 1 is 343.000 K
********************************************************************************
 
Pressure
********************************************************************************
Pressure of box 1 is     4.010 bar =  0.241488E-01 amu / (A ps^2)
********************************************************************************
 
Move probabilities
********************************************************************************
Probability for translation               30.000000
 Maximum displacement width for species  1 in box  1  is      0.38134
Probability for rotation                  30.000000
 The rotational width for the species    1 in box  1   is      0.5202 radians
Probability for regrowth                  30.000000
 Cumulative probability for regrowth of species     1  is   1.000000
Probability for volume move                1.000000
 Maximum volume displacement for box  1 is    949.180  A^3
 Volume moves will be performed in actual volumes
Number of moves is :   4
 Move probabilities do not sum to 1.0
 Dividing each probability by    91.000000
********************************************************************************
 
CBMC info
********************************************************************************
Kappa for first fragment insertion          12
Kappa for dihedral selection                10
 Cutoff for CBMC for box 1 is         6.50
********************************************************************************
 
Simulation length info
********************************************************************************
Thermodynamic quantities will be written every         10 Sweeps    
Coordinates will be written every                      10 Sweeps    
 movie header file is                  npt.out.H
 movie_XYZ file is                     npt.out.xyz
The simulation will be run for                        100 Sweeps    
A sweep is defined as                                  91 steps
********************************************************************************
 
Property info
********************************************************************************
Total number of property files to be written is     1   for box 1
 Maximum number of properties per file is    4
 Writing the name of the property files and the corresponding property output
 Property file    1   is  npt.out.prp
 Properties output in these files are
 Energy_Total
 Pressure
 Volume
 Density
********************************************************************************
 
Average info
********************************************************************************
Section "# Average_Info" is missing from the input file
 By default, instantaneous values will be output
********************************************************************************
 
Minimum distance cutoff
********************************************************************************
MC low cutoff distance is   2.000    Angstrom
********************************************************************************
 
Run type
********************************************************************************
 The input run type is production
 Update frequency is          300
 Update frequency for adjusting maximum volume displacement is
          10
********************************************************************************
 
********************************************************************************
************************ Begin Cassandra simulation ****************************
********************************************************************************
 
Initial configuration
********************************************************************************
 Reading move parameters for box 1
 Reading move parameters for species 1
  max displacement   0.38134
  max rotation       0.52023
 Move info read successfully
 Number of mc steps read successfully
 Reading info for box 1
  max volume change     949.
 Box info read successfully
 Seed info read successfully
 Number of molecules read successfully
 Configuration read successfully
********************************************************************************
 
Charge neutrality check
********************************************************************************
 Species 1 has charge:                  0.00000000
 
 Box     1 has charge:                  0.00000000
********************************************************************************
 
Compute total energy
********************************************************************************
 Starting energy components for box   1
  Atomic units-Extensive
 -----------------------------------------------------------
 Total system energy is                -33848.274
 Intra molecular energy is              30573.344
 Bond energy is                             0.000
 Bond angle energy is                   15113.199
 Dihedral angle energy is               15460.145
 Improper angle energy is                   0.000
 Intra molecule vdw is                  -1708.968
 Intra molecule q is                        0.000
 Inter molecule vdw is                 -43050.631
 Long range correction is              -13082.013
 Inter molecule q is                   421441.608
 Number of vectors is                        3223
 Reciprocal ewald is                    40226.573
 Self ewald is                        -468248.188
 -----------------------------------------------------------
 
********************************************************************************
 
Run simulation
********************************************************************************
      Step       Move   Mol Spc Box  Success  MaxWidth
       871     rotate         1   1  0.55333
      1019  translate         1   1  0.57333
      1090     volume             1  0.40000
      1593     volume             1  0.25000
      1764     rotate         1   1  0.52000
      1956  translate         1   1  0.51500
      2080     volume             1  0.26667
      2615     rotate         1   1  0.54333
      2741     volume             1  0.25000
      2884  translate         1   1  0.52111
      3528     rotate         1   1  0.53417
      3803  translate         1   1  0.50750
      4366     volume             1  0.26000
      4406     rotate         1   1  0.53733
      4716  translate         1   1  0.52133
      5325     rotate         1   1  0.54056
      5389     volume             1  0.23333
      5683  translate         1   1  0.52556
      6098     volume             1  0.22857
      6173     rotate         1   1  0.52952
      6606  translate         1   1  0.53048
      6922     volume             1  0.20000
      7089     rotate         1   1  0.53458
      7503  translate         1   1  0.52958
      7971     rotate         1   1  0.52963
      7987     volume             1  0.18889
      8420  translate         1   1  0.52889
      8864     volume             1  0.17000
      8923     rotate         1   1  0.53133
********************************************************************************
 
Report ending energy & then re-compute from scratch
********************************************************************************
 
 
 Ending energy components for box   1
  Atomic units-Extensive
 -----------------------------------------------------------
 Total system energy is                -27619.144
 Intra molecular energy is              37495.983
 Bond energy is                             0.000
 Angle energy is                        17455.744
 Dihedral energy is                     20040.239
 Improper angle energy is                   0.000
 Intra molecule vdw is                  -1854.972
 Intra molecule q is                        0.000
 Inter molecule vdw is                 -41957.985
 Long range correction is              -13506.041
 Inter molecule q is                   421303.225
 Reciprocal ewald is                    39148.834
 Self ewald is                        -468248.188
 -----------------------------------------------------------
 
 
 Energy components from total energy call for box   1
  Atomic units-Extensive
 -----------------------------------------------------------
 Total system energy is                -27619.144
 Intra molecular energy is              37495.983
 Bond energy is                             0.000
 Angle energy is                        17455.744
 Dihedral energy is                     20040.239
 Improper angle energy is                   0.000
 Intra molecule vdw is                  -1854.972
 Intra molecule q is                        0.000
 Inter molecule vdw is                 -41957.985
 Long range correction is              -13506.041
 Inter molecule q is                   421303.225
 Reciprocal ewald is                    39148.834
 Self ewald is                        -468248.188
 -----------------------------------------------------------
********************************************************************************
 
 
Writing information for box  1
********************************************************************************
                Move      Trials     Success   % Success
              Volume         104          18       17.31
 
   ---------------------------------------------------------
   Writing information for species  1
 
                Move      Trials     Success   % Success
           Translate        2932        1546       52.73
              Rotate        3059        1621       52.99
   ---------------------------------------------------------
 
********************************************************************************
 
Writing information about fragments
********************************************************************************
 
   ---------------------------------------------------------
   Writing information for species  1
     #_Frags_Regrown      Trials     Success   % Success
                   1        2027        1741       85.89
                   2         978         609       62.27
   ---------------------------------------------------------
********************************************************************************
 
 Writing information about subroutine times
********************************************************************************
 Translation time =            3.733113 secs.
 Rotation time =               3.899422 secs.
 Volume change time =          3.482197 secs.
 Regrowth time =               5.675931 secs.
********************************************************************************
 
********************************************************************************
************************ Cassandra simulation complete *************************
********************************************************************************
 
 Program execution time
********************************************************************************
         0      Years
         0     Months
         0       Days
         0      Hours
         0    Minutes
        17    Seconds
       250         ms
********************************************************************************
