************** Beginning Cassandra simulation **************
Version Cassandra 1.1 Development Version                                                                                       

inputfile species1_mcf_gen.inp                                                                                                    

name of run: species1_mcf_gen

  Month      Day      Year
     08       20      2015
 
 Time:  13:10:47
 
machine: maginnfe.crc.nd.edu


Simulation type: MCF_Gen             

 
 **** Copying Inputfile ****** 
 # Run_Name
 species1_mcf_gen
 
 # Sim_Type
 MCF_Gen
 
 # Nbr_Species
 1
 
 # VDW_Style
 LJ cut_tail 12.0
 
 # Rcutoff_Low
 1.0
 
 # Mixing_Rule
 LB
 
 # Charge_Style
 coul Ewald 12.0 0.000001
 
 # Intra_Scaling
 0.0 0.0 0.0 1.0
 0.0 0.0 0.0 1.0
 
 # Molecule_Files
 ../../dmh.mcf 50
 
 # Box_Info
 1
 CUBIC
 30.0 30.0 30.0
 
 END
 
 **** Finished writing input file *******
 Number of species simulated:      1

 *** Simulation box data ***
number of simulation boxes     1
 
Box number      1       Box Shape:      Cubic 
Each Side Of :        30.0000     Angstrom
 
Cell basis vector lengths in A,     30.0000      30.0000      30.0000
Cosine of angles alpha, beta, gamma     0.0000       0.0000       0.0000
Distance between box faces    30.0000      30.0000      30.0000
Box volume, A^3         27000.0000
 
 *** Finished loading box information ***
 
   VDW style used is:   LJ             in box:  1
   VDW sum style is:   cut_tail       in box:  1
    rcut =    12.000   Angstrom
 VDW style properly input
 
   Charge style used is:   coul           in box:  1
    Charge sum style is   Ewald          in box:  1
    Ewald real space cutoff is  12.000 Angstroms.
  Ewald real space parameter is   0.310 inverse Angstroms
    Ewald reciprocal cutoff is  2.3026 inverse Angstroms
 Charge style properly input
 
Lorentz-Berthelot mixing rule specified
 
 Pair interaction energy arrays will not be stored
 Energy calculations will be done in a standard way
 
 
 Reading molecular connectivity information
 Species:            1
 Molecular connectivity file: 
 ../../dmh.mcf                                                                  
                                          
   8 atom(s) specified.
   7 bond(s) specified.
   9 angle(s) specified.
   5 dihedral(s) specified.
   0 improper(s) specified.
   4 fragments specified.
   3  fragment bonds specified.
 
Species  Nbr molecules
-------  -------------
     1             50
 
L_Coul_CBMC not given for species    1
 Defaulting to true
 default  T
 
1st_Fragment_Ins_Style not specified for species    1
using default of "COM" for this species.
Species and atom number   1   1
 atom name:             CH3_s1
 element:               C3
 mass:                     15.0340
 charge:                    0.0000
 vdw type:              LJ                  
 Epsilon / kB in K:        98.0000
 Sigma in A:                3.7500
 
Species and atom number   1   2
 atom name:             C_s1  
 element:               C 
 mass:                     12.0110
 charge:                    0.0000
 vdw type:              LJ                  
 Epsilon / kB in K:         0.5000
 Sigma in A:                6.4000
 
Species and atom number   1   3
 atom name:             CH2_s1
 element:               C2
 mass:                     14.0270
 charge:                    0.0000
 vdw type:              LJ                  
 Epsilon / kB in K:        46.0000
 Sigma in A:                3.9500
 
Species and atom number   1   4
 atom name:             CH2_s1
 element:               C2
 mass:                     14.0270
 charge:                    0.0000
 vdw type:              LJ                  
 Epsilon / kB in K:        46.0000
 Sigma in A:                3.9500
 
Species and atom number   1   5
 atom name:             CH2_s1
 element:               C2
 mass:                     14.0270
 charge:                    0.0000
 vdw type:              LJ                  
 Epsilon / kB in K:        46.0000
 Sigma in A:                3.9500
 
Species and atom number   1   6
 atom name:             CH3_s1
 element:               C3
 mass:                     15.0340
 charge:                    0.0000
 vdw type:              LJ                  
 Epsilon / kB in K:        98.0000
 Sigma in A:                3.7500
 
Species and atom number   1   7
 atom name:             CH3_s1
 element:               C3
 mass:                     15.0340
 charge:                    0.0000
 vdw type:              LJ                  
 Epsilon / kB in K:        98.0000
 Sigma in A:                3.7500
 
Species and atom number   1   8
 atom name:             CH3_s1
 element:               C3
 mass:                     15.0340
 charge:                    0.0000
 vdw type:              LJ                  
 Epsilon / kB in K:        98.0000
 Sigma in A:                3.7500
 
Total number of ring atoms in species     1    0
Total number of exo atoms in species      1    8
 Atom ids for ring atoms
 Atom ids for exo atoms           1           2           3           4
           5           6           7           8
 *** Completed assigning atom info ***
 
Species and bond number   1   1
 atom1:                   1
 atom2:                   2
 bond type:             fixed               
Bond fixed between atoms:      1      2 in species   1
Fixed bond length, in A:    1.5400
 
Species and bond number   1   2
 atom1:                   2
 atom2:                   3
 bond type:             fixed               
Bond fixed between atoms:      2      3 in species   1
Fixed bond length, in A:    1.5400
 
Species and bond number   1   3
 atom1:                   2
 atom2:                   7
 bond type:             fixed               
Bond fixed between atoms:      2      7 in species   1
Fixed bond length, in A:    1.5400
 
Species and bond number   1   4
 atom1:                   2
 atom2:                   8
 bond type:             fixed               
Bond fixed between atoms:      2      8 in species   1
Fixed bond length, in A:    1.5400
 
Species and bond number   1   5
 atom1:                   3
 atom2:                   4
 bond type:             fixed               
Bond fixed between atoms:      3      4 in species   1
Fixed bond length, in A:    1.5400
 
Species and bond number   1   6
 atom1:                   4
 atom2:                   5
 bond type:             fixed               
Bond fixed between atoms:      4      5 in species   1
Fixed bond length, in A:    1.5400
 
Species and bond number   1   7
 atom1:                   5
 atom2:                   6
 bond type:             fixed               
Bond fixed between atoms:      5      6 in species   1
Fixed bond length, in A:    1.5400
 
 *** Completed assigning bond info ***
 
Species and angle number  1   1
 atom1:                   1
 atom2:                   2
 atom3:                   3
 angle type:            harmonic            
 K_angle in K/rad^2:    31250.0000
 theta0 in degrees:       109.5000
 
Species and angle number  1   2
 atom1:                   1
 atom2:                   2
 atom3:                   7
 angle type:            harmonic            
 K_angle in K/rad^2:    31250.0000
 theta0 in degrees:       109.5000
 
Species and angle number  1   3
 atom1:                   1
 atom2:                   2
 atom3:                   8
 angle type:            harmonic            
 K_angle in K/rad^2:    31250.0000
 theta0 in degrees:       109.5000
 
Species and angle number  1   4
 atom1:                   3
 atom2:                   2
 atom3:                   7
 angle type:            harmonic            
 K_angle in K/rad^2:    31250.0000
 theta0 in degrees:       109.5000
 
Species and angle number  1   5
 atom1:                   3
 atom2:                   2
 atom3:                   8
 angle type:            harmonic            
 K_angle in K/rad^2:    31250.0000
 theta0 in degrees:       109.5000
 
Species and angle number  1   6
 atom1:                   7
 atom2:                   2
 atom3:                   8
 angle type:            harmonic            
 K_angle in K/rad^2:    31250.0000
 theta0 in degrees:       109.5000
 
Species and angle number  1   7
 atom1:                   2
 atom2:                   3
 atom3:                   4
 angle type:            harmonic            
 K_angle in K/rad^2:    31250.0000
 theta0 in degrees:       114.0000
 
Species and angle number  1   8
 atom1:                   3
 atom2:                   4
 atom3:                   5
 angle type:            harmonic            
 K_angle in K/rad^2:    31250.0000
 theta0 in degrees:       114.0000
 
Species and angle number  1   9
 atom1:                   4
 atom2:                   5
 atom3:                   6
 angle type:            harmonic            
 K_angle in K/rad^2:    31250.0000
 theta0 in degrees:       114.0000
 
 
Molecule    1  is NOT defined to be linear
 
 *** Completed assigning angle info ***
 
Species and dihedral num  1   1
 atom1:                   1
 atom2:                   2
 atom3:                   3
 atom4:                   4
 dihedral type:         OPLS                
 a0, kJ/mol:                0.0000
 a1, kJ/mol:                0.0000
 a2, kJ/mol:                0.0000
 a3, kJ/mol:                3.8350
 
Species and dihedral num  1   2
 atom1:                   2
 atom2:                   3
 atom3:                   4
 atom4:                   5
 dihedral type:         OPLS                
 a0, kJ/mol:                0.0000
 a1, kJ/mol:                2.9520
 a2, kJ/mol:               -0.5670
 a3, kJ/mol:                6.5790
 
Species and dihedral num  1   3
 atom1:                   3
 atom2:                   4
 atom3:                   5
 atom4:                   6
 dihedral type:         OPLS                
 a0, kJ/mol:                0.0000
 a1, kJ/mol:                2.9520
 a2, kJ/mol:               -0.5670
 a3, kJ/mol:                6.5790
 
Species and dihedral num  1   4
 atom1:                   4
 atom2:                   3
 atom3:                   2
 atom4:                   7
 dihedral type:         OPLS                
 a0, kJ/mol:                0.0000
 a1, kJ/mol:                0.0000
 a2, kJ/mol:                0.0000
 a3, kJ/mol:                3.8350
 
Species and dihedral num  1   5
 atom1:                   4
 atom2:                   3
 atom3:                   2
 atom4:                   8
 dihedral type:         OPLS                
 a0, kJ/mol:                0.0000
 a1, kJ/mol:                0.0000
 a2, kJ/mol:                0.0000
 a3, kJ/mol:                3.8350
 
 *** Completed assigning dihedral info ***
 
 No impropers in species            1
 *** Completed assigning improper info ***
 
 
Total number of atoms in the fragment     1  is   5
Identity of these atoms are
           2           1           3           7           8
 
Total number of atoms in the fragment     2  is   3
Identity of these atoms are
           3           2           4
 
Total number of atoms in the fragment     3  is   3
Identity of these atoms are
           4           3           5
 
Total number of atoms in the fragment     4  is   3
Identity of these atoms are
           5           4           6
 
 ******* Finished loading fragment info ********
 
 ******* Generating anchor info ****************
 
 Number of anchors for fragment     1  is   1
Anchor id is:    2
 
 Number of anchors for fragment     2  is   1
Anchor id is:    3
 
 Number of anchors for fragment     3  is   1
Anchor id is:    4
 
 Number of anchors for fragment     4  is   1
Anchor id is:    5
 *** Computed bond participation information ***
 species, atom, local bond nbr, global bond nbr, atom bonded 
    1         1       1            1                 2
 
 species, atom, local bond nbr, global bond nbr, atom bonded 
    1         2       1            1                 1
 species, atom, local bond nbr, global bond nbr, atom bonded 
    1         2       2            2                 3
 species, atom, local bond nbr, global bond nbr, atom bonded 
    1         2       3            3                 7
 species, atom, local bond nbr, global bond nbr, atom bonded 
    1         2       4            4                 8
 
 species, atom, local bond nbr, global bond nbr, atom bonded 
    1         3       1            2                 2
 species, atom, local bond nbr, global bond nbr, atom bonded 
    1         3       2            5                 4
 
 species, atom, local bond nbr, global bond nbr, atom bonded 
    1         4       1            5                 3
 species, atom, local bond nbr, global bond nbr, atom bonded 
    1         4       2            6                 5
 
 species, atom, local bond nbr, global bond nbr, atom bonded 
    1         5       1            6                 4
 species, atom, local bond nbr, global bond nbr, atom bonded 
    1         5       2            7                 6
 
 species, atom, local bond nbr, global bond nbr, atom bonded 
    1         6       1            7                 5
 
 species, atom, local bond nbr, global bond nbr, atom bonded 
    1         7       1            3                 2
 
 species, atom, local bond nbr, global bond nbr, atom bonded 
    1         8       1            4                 2
 
 
 
 For species           1
  Number of atoms that can be displaced           4
             Atom ID     Reference Atom ID
                   1                     2
                   6                     5
                   7                     2
                   8                     2
 
 Number of atom in question           1
 Total number of angles           3
 Angles for this atom
           1           2           3
 Position of the atom in angles
           1           1           1
 Number of atom in question           2
 Total number of angles           7
 Angles for this atom
           1           2           3           4           5           6
           7
 Position of the atom in angles
           2           2           2           2           2           2
           1
 Number of atom in question           3
 Total number of angles           5
 Angles for this atom
           1           4           5           7           8
 Position of the atom in angles
           3           1           1           2           1
 Number of atom in question           4
 Total number of angles           3
 Angles for this atom
           7           8           9
 Position of the atom in angles
           3           2           1
 Number of atom in question           5
 Total number of angles           2
 Angles for this atom
           8           9
 Position of the atom in angles
           3           2
 Number of atom in question           6
 Total number of angles           1
 Angles for this atom
           9
 Position of the atom in angles
           3
 Number of atom in question           7
 Total number of angles           3
 Angles for this atom
           2           4           6
 Position of the atom in angles
           3           3           1
 Number of atom in question           8
 Total number of angles           3
 Angles for this atom
           3           5           6
 Position of the atom in angles
           3           3           3
 Number of atom in question           1
 Total number of dihedrals           1
 Dihedral angles for this atom
           1
 Position of the atom in dihedrals
           1
 Number of atom in question           2
 Total number of dihedrals           4
 Dihedral angles for this atom
           1           2           4           5
 Position of the atom in dihedrals
           2           1           3           3
 Number of atom in question           3
 Total number of dihedrals           5
 Dihedral angles for this atom
           1           2           3           4           5
 Position of the atom in dihedrals
           3           2           1           2           2
 Number of atom in question           4
 Total number of dihedrals           5
 Dihedral angles for this atom
           1           2           3           4           5
 Position of the atom in dihedrals
           4           3           2           1           1
 Number of atom in question           5
 Total number of dihedrals           2
 Dihedral angles for this atom
           2           3
 Position of the atom in dihedrals
           4           3
 Number of atom in question           6
 Total number of dihedrals           1
 Dihedral angles for this atom
           3
 Position of the atom in dihedrals
           4
 Number of atom in question           7
 Total number of dihedrals           1
 Dihedral angles for this atom
           4
 Position of the atom in dihedrals
           4
 Number of atom in question           8
 Total number of dihedrals           1
 Dihedral angles for this atom
           5
 Position of the atom in dihedrals
           4
 
 Finished generating fragments
 Exiting
