************** Beginning Cassandra simulation **************
Version Cassandra 1.1                                                                                                           

inputfile methane_butane_Si.inp                                                                                                   

name of run: methane_butane_Si

  Month      Day      Year
     09       29      2015
 
 Time:  11:00:34
 
machine: maginnfe.crc.nd.edu


Simulation type: GCMC                

 Verbosity output to logfile set to  F
 
 **** Copying Inputfile ****** 
 
 # Run_Name
 methane_butane_Si
 
 # Sim_Type
 GCMC
 
 # Nbr_Species
 3
 
 # VDW_Style
 LJ cut_tail 13.0
 
 # Charge_Style
 NONE
 
 
 # Intra_Scaling
 0.0  0.0  0.0  0.0
 0.0  0.0  0.0  0.0
 0.0  0.0  0.0  0.0
 0.0  0.0  0.0  0.0
 0.0  0.0  0.0  1.0
 0.0  0.0  0.0  1.0
 
 # Mixing_Rule
 custom
 SI SI      0.00   0.0
 SI O       0.00   0.0
 SI CH4     0.00   0.0
 SI CH3     0.00   0.0
 SI CH2     0.00   0.0
 SI CH2     0.00   0.0
 SI CH3     0.00   0.0
 O   SI     0.00   0.0
 O  O       0.00   0.0
 O  CH4    96.50   3.6
 O  CH3    80.00   3.6
 O  CH2    58.00   3.6
 O  CH2    58.00   3.6
 O  CH3    80.00   3.6
 CH4 SI     0.00   0.0
 CH4 O     96.50   3.6
 CH4 CH4  148.00   3.73
 CH4 CH3  120.49   3.75
 CH4 CH2   83.40   3.83
 CH4 CH2   83.40   3.83
 CH4 CH3  120.49   3.75
 CH3 SI     0.00   0.0
 CH3 O     80.00   3.6
 CH3 CH4  120.49   3.75
 CH3 CH3   98.10   3.77
 CH3 CH2   67.90   3.85
 CH3 CH2   67.90   3.85
 CH3 CH3   98.10   3.77
 CH2 SI     0.00   0.0
 CH2 O     58.00   3.6
 CH2 CH4   83.40   3.83
 CH2 CH3   67.90   3.85
 CH2 CH2   47.0    3.93
 CH2 CH2   47.0    3.93
 CH2 CH3   67.90   3.85
 CH2 SI     0.00   0.0
 CH2 O     58.00   3.6
 CH2 CH4   83.40   3.83
 CH2 CH3   67.90   3.85
 CH2 CH2   47.0    3.93
 CH2 CH2   47.0    3.93
 CH2 CH3   67.90   3.85
 CH3 SI     0.00   0.0
 CH3 O     58.00   3.6
 CH3 CH4   83.40   3.83
 CH3 CH3   67.90   3.85
 CH3 CH2   47.0    3.93
 CH3 CH2   47.0    3.93
 CH3 CH3   67.90   3.85
 
 
 
 # Seed_Info
 23854675077543  9309223567521
 
 
 # Rcutoff_Low
 1.0
 
 # Pair_Energy
 TRUE
 
 # Molecule_Files
 Si27uc.mcf 1
 CH4.mcf 500
 C4H10.mcf 500
 
 # Box_Info
 1
 ORTHOGONAL
 60.21  59.76 40.26
 
 # Temperature_Info
 300.0
 
 # Chemical_Potential_Info
 -35.41  -37.0
 
 
 # Move_Probability_Info
 
 # Prob_Translation
 0.2
 0.0  2.0  2.0
 
 # Prob_Rotation
 0.2
 0.0  0.0 180.0
 
 # Prob_Regrowth
 0.2
 0.0  0.0  1
 
 # Prob_Insertion
 0.2
 insertion method
 none
 insertion method
 reservoir
 insertion method
 reservoir
 
 
 # Prob_Deletion
 0.2
 
 # Done_Probability_Info
 
 # Start_Type
 read_old
 Si27uc.xyz
 
 # Run_Type
 Equilibration   600
 
 # Average_Info
 1
 
 # Simulation_Length_Info
 Units      Steps
 Prop_Freq    400
 Coord_Freq   10000
 MCsteps      10000
 # Done_Simulation_Length_Info
 
 # Property_Info 1
 Energy_Total
 Nmols
 Volume
 Pressure
 
 
 # Fragment_Files
 species1/frag1/frag1.dat  1
 species2/frag1/frag1.dat  2
 species3/frag1/frag1.dat  3
 species3/frag2/frag2.dat  4
 
 # CBMC_Info
 kappa_ins 12
 kappa_rot 0
 kappa_dih 10
 rcut_cbmc 6.5
 
 
 END
 
 **** Finished writing input file *******
 Number of species simulated:      3

 *** Simulation box data ***
number of simulation boxes     1
 
Box number      1       Box Shape:      Orthorhombic 
X dimension :         60.2100     Angstrom
Y dimension :         59.7600     Angstrom
Z dimension :         40.2600     Angstrom
 
Cell basis vector lengths in A,     60.2100      59.7600      40.2600
Cosine of angles alpha, beta, gamma     0.0000       0.0000       0.0000
Distance between box faces    60.2100      59.7600      40.2600
Box volume, A^3        144861.5029
 
 *** Finished loading box information ***
 
   VDW style used is:   LJ             in box:  1
   VDW sum style is:   cut_tail       in box:  1
    rcut =    13.000   Angstrom
 
   Charge style used is:   NONE           in box:  1
 Charge style properly input
 
 
 Pair interaction energy array storage enabled
 
Custom mixing rule specified
 
 Reading molecular connectivity information
 Species:            1
 Molecular connectivity file: 
 Si27uc.mcf                                                                     
                                          
   7776 atom(s) specified.
   0 bond(s) specified.
   0 angle(s) specified.
   0 dihedral(s) specified.
   0 improper(s) specified.
   1 fragments specified.
   0  fragment bonds specified.
 
 Reading molecular connectivity information
 Species:            2
 Molecular connectivity file: 
 CH4.mcf                                                                        
                                          
   1 atom(s) specified.
   0 bond(s) specified.
   0 angle(s) specified.
   0 dihedral(s) specified.
   0 improper(s) specified.
   1 fragments specified.
   0  fragment bonds specified.
 
 Reading molecular connectivity information
 Species:            3
 Molecular connectivity file: 
 C4H10.mcf                                                                      
                                          
   4 atom(s) specified.
   3 bond(s) specified.
   2 angle(s) specified.
   1 dihedral(s) specified.
   0 improper(s) specified.
   2 fragments specified.
   1  fragment bonds specified.
 
Species  Nbr molecules
-------  -------------
     1              1
     2            500
     3            500
 
L_Coul_CBMC not given for species    1
 Defaulting to  T
 
1st_Fragment_Ins_Style not specified for species    1
using default of "COM" for this species.
 *** Completed assigning atom info ***
 
 *** Completed assigning bond info ***
 
 
 *** Completed assigning angle info ***
 
 *** Completed assigning dihedral info ***
 
 *** Completed assigning improper info ***
 
 
Total number of atoms in the fragment     1  is7776
 
 ******* Finished loading fragment info ********
 
 Fragment file for fragment 1 is
 species1/frag1/frag1.dat                                                       
                                          
L_Coul_CBMC not given for species    2
 Defaulting to  T
 
1st_Fragment_Ins_Style not specified for species    2
using default of "COM" for this species.
 *** Completed assigning atom info ***
 
 *** Completed assigning bond info ***
 
 
 *** Completed assigning angle info ***
 
 *** Completed assigning dihedral info ***
 
 *** Completed assigning improper info ***
 
 
Total number of atoms in the fragment     1  is   1
 
 ******* Finished loading fragment info ********
 
 Fragment file for fragment 1 is
 species2/frag1/frag1.dat                                                       
                                          
L_Coul_CBMC not given for species    3
 Defaulting to  T
 
1st_Fragment_Ins_Style not specified for species    3
using default of "COM" for this species.
 *** Completed assigning atom info ***
 
 *** Completed assigning bond info ***
 
 
 *** Completed assigning angle info ***
 
 *** Completed assigning dihedral info ***
 
 *** Completed assigning improper info ***
 
 
Total number of atoms in the fragment     1  is   3
 
Total number of atoms in the fragment     2  is   3
 
 ******* Finished loading fragment info ********
 
 Fragment file for fragment 1 is
 species3/frag1/frag1.dat                                                       
                                          
 Fragment file for fragment 2 is
 species3/frag2/frag2.dat                                                       
                                          
 
 library_coords array successfully allocated
 
 
 Finished loading fragment coordinates from
 species1/frag1/frag1.dat                                                       
                                          
 
 
 Finished loading fragment coordinates from
 species2/frag1/frag1.dat                                                       
                                          
 
 
 Finished loading fragment coordinates from
 species3/frag1/frag1.dat                                                       
                                          
 
 
 Finished loading fragment coordinates from
 species3/frag2/frag2.dat                                                       
                                          
 
 intramolecular scaling factors explicitly set
Intra molecule scaling factors for species             1
VDW 1-2 scaling factor         0.000
VDW 1-3 scaling factor         0.000
VDW 1-4 scaling factor         0.000
VDW 1-N scaling factor         0.000
Coulomb 1-2 scaling factor     0.000
Coulomb 1-3 scaling factor     0.000
Coulomb 1-4 scaling factor     0.000
Coulomb 1-N scaling factor     0.000
 
Intra molecule scaling factors for species             2
VDW 1-2 scaling factor         0.000
VDW 1-3 scaling factor         0.000
VDW 1-4 scaling factor         0.000
VDW 1-N scaling factor         0.000
Coulomb 1-2 scaling factor     0.000
Coulomb 1-3 scaling factor     0.000
Coulomb 1-4 scaling factor     0.000
Coulomb 1-N scaling factor     0.000
 
Intra molecule scaling factors for species             3
VDW 1-2 scaling factor         0.000
VDW 1-3 scaling factor         0.000
VDW 1-4 scaling factor         0.000
VDW 1-N scaling factor         0.000
Coulomb 1-2 scaling factor     0.000
Coulomb 1-3 scaling factor     0.000
Coulomb 1-4 scaling factor     0.000
Coulomb 1-N scaling factor     0.000
 
 
 *** Completed assigning intramolecular scaling factors ***
 
 
 ***** Reading seed info *********
 
 The starting seed s1 is:    153587801
 
 ****** Finished loading the seed ********
 
 **** Simulation temperature information ****
  Temperature assigned to box     1  is  300.000    K
 
 *** Finished loading information for temperature ****
 
 
 ********* Move Probability Info******
    Translation probability is   0.200000
 
Maximum displacement width for species   1 in box  1  is      0.00000
 
Maximum displacement width for species   2 in box  1  is      2.00000
 
Maximum displacement width for species   3 in box  1  is      2.00000
 
       Rotation probability is   0.200000
 
The rotational width for the species     1 in box  1   is      0.0000 radians
 
The rotational width for the species     2 in box  1   is      0.0000 radians
 
The rotational width for the species     3 in box  1   is      3.1416 radians
 
 
   Probability for regrowth is   0.200000
 
   Cumulative probability for regrowth of species     1  is   0.000000
 
   Cumulative probability for regrowth of species     2  is   0.000000
 
   Cumulative probability for regrowth of species     3  is   1.000000
 
Probability for insertion move is          0.2000
 No insertion/swap will be carried out for species    1
 
Insertion will be carried out for species   2
 using the reservoir sampling
 
Insertion will be carried out for species   3
 using the reservoir sampling
 
Total number of exchangeable species is    2
 
 
Probability for deletion move is           0.2000
 ***** Finished reading the move probability info *****
Number of moves is :   5
 
 
 *********** Chemical potential Info ***************
 
Chemical Potential of sp  1 is     0.000000000E+00in atomic units
de Broglie wavelength of species    1  in box      1   is
  0.0025541460   Angstrom
 
Chemical Potential of sp  2 is    -0.354100000E+04in atomic units
de Broglie wavelength of species    2  in box      1   is
  0.2519875236   Angstrom
 
Chemical Potential of sp  3 is    -0.370000000E+04in atomic units
de Broglie wavelength of species    3  in box      1   is
  0.1454184297   Angstrom
 
 ******* Finished reading chemical potential info ***********
 
Thermodynamic quantities will written at every        400 MC steps.
 
Coordinates will be written at every                10000 MC steps.
 
movie header file for box    1 is      methane_butane_Si.box1.H
movie_XYZ file for box       1 is      methane_butane_Si.box1.xyz
 
The simulation will be run for                        10000 MC steps.
 
 *** Finished Reading Simulation Length Info ******* 
 
 *********** Average Information ***************
 
 Instantaneous values will be output
 
 *********** Ending Average Section ************
 
 **** Writing property output information *****
 
Total number of property files to be written is     1   for box 1
 Maximum number of properties per file is    6
 Writing the name of the property files and the corresponding property output
 
 Property file    1   is  methane_butane_Si.box1.prp1
 Properties output in these files are
 
 Energy_Total
 Nmols
 Nmols
 Nmols
 Volume
 Pressure
 
 ***** Finished writing property information ******
 
MC low cutoff distance is   1.000    Angstrom
 
 
 ***** reading CBMC info *********
 
 Writing out CBMC_Info
kappa for first bead insertion              12
Orientational bias not supported.            0tations is set to 
kappa for dihedral selection                10
 
Smaller cutoff for CBMC for box          1        6.50
 ****** finished loading CBMC_Info ********
 
 ******Initial Coordinate Info **********
 
 Configurations will be read from old files
 
Starting configuration for box           1 is
 Si27uc.xyz                                                                     
                                          
 
 *****Finished reading initial coordinate info *****
 
 ****** Reading Run_Type Information ******
 
 The input run type is Equilibration
 Update frequency is          600
 
 ******* Finished reading run type information ******
starting type read_old                                                                                                                

 Configurations read successfully
 ***************** Charge Neutrality Check *****************
 Species           1    has charge                0.00000000
 Species           2    has charge                0.00000000
 Species           3    has charge                0.00000000
 Box               1    has charge                0.00000000
 
 ***************** Charge Neutrality Check *****************
 ***********************************************************
   Starting energy components for box   1
  Atomic units-Extensive
 
 Total system energy is                     0.000
 Intra molecular energy is                  0.000
 Bond energy is                             0.000
 Bond angle energy is                       0.000
 Dihedral angle energy is                   0.000
 Improper angle energy is                   0.000
 Intra nonbond vdw is                       0.000
 Intra nonbond elec is                      0.000
 Inter molecule vdw is                      0.000
 Long range correction is                   0.000
 Inter molecule q is                        0.000
 Reciprocal ewald is                        0.000
 Self ewald is                              0.000
 ***********************************************************
 
 
Success ratio, rotation of species   3 in box 1 :  0.19000
Maximum width, rotation of species   3 in box 1 :  2.98451
 
Success ratio, translation of species   2 in box 1 :  0.13167
Maximum width, translation of species   2 in box 1 :  0.52667
 
Success ratio, rotation of species   3 in box 1 :  0.14667
Maximum width, rotation of species   3 in box 1 :  2.83529
 
Success ratio, translation of species   3 in box 1 :  0.03167
Maximum width, translation of species   3 in box 1 :  0.12667
 
Success ratio, rotation of species   3 in box 1 :  0.15500
Maximum width, rotation of species   3 in box 1 :  2.69352
 
Success ratio, translation of species   2 in box 1 :  0.59667
Maximum width, translation of species   2 in box 1 :  0.62849
******************** END OF SIMULATION ********************
 
 
 ***********************************************************
 Ending energy components for box   1
  Atomic units-Extensive
 -----------------------------------------------------------
 Total system energy is               -368689.380
 Intra molecular energy is              25908.973
 Bond energy is                             0.000
 Angle energy is                        11735.145
 Dihedral energy is                     14173.828
 Improper angle energy is                   0.000
 Intra nonbond vdw is                       0.000
 Intra nonbond elec is                      0.000
 Inter molecule vdw is                -382201.055
 Long range correction is              -12397.299
 Inter molecule q is                        0.000
 Reciprocal ewald is                        0.000
 Self ewald is                              0.000
 ***********************************************************
 
 
 ***********************************************************
 Energy components from total energy call for box   1
  Atomic units-Extensive
 -----------------------------------------------------------
 Total system energy is               -388214.076
 Intra molecular energy is              25908.973
 Bond energy is                             0.000
 Angle energy is                        11735.145
 Dihedral energy is                     14173.828
 Improper angle energy is                   0.000
 Intra nonbond vdw is                       0.000
 Intra nonbond elec is                      0.000
 Inter molecule vdw is                -401725.750
 Long range correction is              -12397.299
 Inter molecule q is                        0.000
 Reciprocal ewald is                        0.000
 Self ewald is                              0.000
 ***********************************************************
 
 
 Writing information for box  1
 ***********************************************************
 
 
 ***********************************************************
 Writing information for species  1
 
                Move      Trials     Success   % Success
 ***********************************************************
 
 
 ***********************************************************
 Writing information for species  2
 
                Move      Trials     Success   % Success
           Translate        1274         471       36.97
           Insertion         990         271       27.37
            Deletion        1040         174       16.73
 ***********************************************************
 
 
 ***********************************************************
 Writing information for species  3
 
                Move      Trials     Success   % Success
           Translate         744         128       17.20
              Rotate        1936         312       16.12
           Insertion        1028          63        6.13
            Deletion        1034           8        0.77
 ***********************************************************
 
 Writing information about fragments
 
 ***********************************************************
 Writing information for species  1
         # Fragments      Trials     Success   % Success
 ***********************************************************
 
 ***********************************************************
 Writing information for species  2
         # Fragments      Trials     Success   % Success
 ***********************************************************
 
 ***********************************************************
 Writing information for species  3
         # Fragments      Trials     Success   % Success
                   1        1945        1556       80.00
 ***********************************************************
 
 Writing information about subroutine times
 
 ***********************************************************
 
 Translation time =            3.503505 secs.
 Rotation time =               5.763124 secs.
 Insertion time =             23.274437 secs.
 Deletion time =              27.929726 secs.
 Regrowth time =              27.037906 secs.
 ***********************************************************
 
 
 Program execution time
         0      Years
         0     Months
         0       Days
         0      Hours
         1    Minutes
        39    Seconds
       805         ms
