********************************************************************************
                ______                                __                        
               / ____/___ _______________ _____  ____/ /________ _              
              / /   / __ `/ ___/ ___/ __ `/ __ \/ __  / ___/ __ `/              
             / /___/ /_/ (__  |__  ) /_/ / / / / /_/ / /  / /_/ /               
             \____/\__,_/____/____/\__,_/_/ /_/\__,_/_/   \__,_/                
                                                                                
********************************************************************************
**********************************Log File**************************************
********************************************************************************

Run info
********************************************************************************
version: Cassandra Development Version
inputfile: ../Test cases/v2twoLJTest/twoargon.inp
name of run: twoargon.out
date (mm/dd/yyyy): 11/03/2017
time: 21:37:20
machine: Jacobs-Air
********************************************************************************

Verbose log
********************************************************************************
Normal output to logfile
********************************************************************************

Simulation type
********************************************************************************
NVT_MC              
********************************************************************************

Copy input file
********************************************************************************
# Run_Name                                                                      
twoargon.out                                                                    
                                                                                
# Sim_Type                                                                      
nvt_mc                                                                          
                                                                                
# Nbr_Species                                                                   
2                                                                               
                                                                                
# VDW_Style                                                                     
LJ   cut   14.00                                                                
                                                                                
# Rcutoff_Low!!!!                                                               
1.0                                                                             
                                                                                
# Mixing_Rule                                                                   
geometric                                                                       
                                                                                
# Molecule_Files                                                                
argon.mcf 50                                                                    
ergon.mcf 50                                                                    
                                                                                
# Box_Info                                                                      
1                                                                               
cubic                                                                           
100.00                                                                          
                                                                                
# Temperature_Info                                                              
175.0                                                                           
                                                                                
# Move_Probability_Info                                                         
                                                                                
# Prob_Translation                                                              
0.85                                                                            
0.15 0.15                                                                       
                                                                                
# Prob_Identity_Switch                                                          
0.05 1                                                                          
1 2                                                                             
                                                                                
# Done_Probability_Info                                                         
                                                                                
# Start_Type                                                                    
read_config 50 50 mix.xyz                                                       
                                                                                
# Run_Type                                                                      
Equilibration 100                                                               
                                                                                
# Simulation_Length_Info                                                        
Units       Steps                                                               
Prop_Freq   1                                                                   
Coord_Freq  1                                                                   
Run         3000                                                                
                                                                                
# Seed                                                                          
1217132639 1218132640                                                           
                                                                                
# Property_Info 1                                                               
energy_total                                                                    
                                                                                
# Fragment_Files                                                                
species1/frag1/frag1.dat  1                                                     
species2/frag1/frag1.dat  2                                                     
                                                                                
# CBMC_Info                                                                     
kappa_ins 12                                                                    
kappa_dih 10                                                                    
rcut_cbmc 6.5                                                                   
                                                                                
# Pair_Energy                                                                   
false                                                                           
                                                                                
END                                                                             
********************************************************************************

Number of species
********************************************************************************
2
********************************************************************************

Box info
********************************************************************************
Number of simulation boxes     1
Box 1 is CUBIC               
 Each Side Of :      100.0000     Angstrom
 Cell basis vector lengths in A,    100.0000     100.0000     100.0000
 Cosine of angles alpha, beta, gamma     0.0000       0.0000       0.0000
 Distance between box faces   100.0000     100.0000     100.0000
 Box volume, A^3       1000000.0000
********************************************************************************

Pair style
********************************************************************************
VDW style used is:   LJ             in box:  1
 VDW sum style is:   cut            in box:  1
 rcut =    14.000 Angstrom
Section "# Charge_Style" is missing from the input file
 By default, charge style for box 1 is NONE
Pair interaction energy arrays will not be stored
Geometric mixing rule specified
********************************************************************************

Molecule info
********************************************************************************
 Reading molecular connectivity information
 Species:            1
 Molecular connectivity file: argon.mcf                                                                                                               

************ERROR************
Unable to open molecular connectivity file.
This error occurred in subroutine Get_Molecule_Info on step 0.
Fatal Error. Stopping program.
