 Beginning Cassandra Simulation
 
 successfully inserted molecule           1
 successfully inserted molecule           2
 successfully inserted molecule           3
 successfully inserted molecule           4
 successfully inserted molecule           5
 successfully inserted molecule           6
 successfully inserted molecule           7
 successfully inserted molecule           8
 successfully inserted molecule           9
 successfully inserted molecule          10
 successfully inserted molecule          11
 successfully inserted molecule          12
 successfully inserted molecule          13
 successfully inserted molecule          14
 successfully inserted molecule          15
 successfully inserted molecule          16
 successfully inserted molecule          17
 successfully inserted molecule          18
 successfully inserted molecule          19
 successfully inserted molecule          20
 successfully inserted molecule          21
 successfully inserted molecule          22
 successfully inserted molecule          23
 successfully inserted molecule          24
 successfully inserted molecule          25
 successfully inserted molecule          26
 successfully inserted molecule          27
 successfully inserted molecule          28
 successfully inserted molecule          29
 successfully inserted molecule          30
 successfully inserted molecule          31
 successfully inserted molecule          32
 successfully inserted molecule          33
 successfully inserted molecule          34
 successfully inserted molecule          35
 successfully inserted molecule          36
 successfully inserted molecule          37
 successfully inserted molecule          38
 successfully inserted molecule          39
 successfully inserted molecule          40
 successfully inserted molecule          41
 successfully inserted molecule          42
 successfully inserted molecule          43
 successfully inserted molecule          44
 successfully inserted molecule          45
 successfully inserted molecule          46
 successfully inserted molecule          47
 successfully inserted molecule          48
 successfully inserted molecule          49
 successfully inserted molecule          50
 successfully inserted molecule          51
 successfully inserted molecule          52
 successfully inserted molecule          53
 successfully inserted molecule          54
 successfully inserted molecule          55
 successfully inserted molecule          56
 successfully inserted molecule          57
 successfully inserted molecule          58
 successfully inserted molecule          59
 successfully inserted molecule          60
 successfully inserted molecule          61
 successfully inserted molecule          62
 successfully inserted molecule          63
 successfully inserted molecule          64
 successfully inserted molecule          65
 successfully inserted molecule          66
 successfully inserted molecule          67
 successfully inserted molecule          68
 successfully inserted molecule          69
 successfully inserted molecule          70
 successfully inserted molecule          71
 successfully inserted molecule          72
 successfully inserted molecule          73
 successfully inserted molecule          74
 successfully inserted molecule          75
 successfully inserted molecule          76
 successfully inserted molecule          77
 successfully inserted molecule          78
 successfully inserted molecule          79
 successfully inserted molecule          80
 successfully inserted molecule          81
 successfully inserted molecule          82
 successfully inserted molecule          83
 successfully inserted molecule          84
 successfully inserted molecule          85
 successfully inserted molecule          86
 successfully inserted molecule          87
 successfully inserted molecule          88
 successfully inserted molecule          89
 successfully inserted molecule          90
 successfully inserted molecule          91
 successfully inserted molecule          92
 successfully inserted molecule          93
 successfully inserted molecule          94
 successfully inserted molecule          95
 successfully inserted molecule          96
 successfully inserted molecule          97
 successfully inserted molecule          98
 successfully inserted molecule          99
 successfully inserted molecule         100
 successfully inserted molecule         101
 successfully inserted molecule         102
 successfully inserted molecule         103
 successfully inserted molecule         104
 successfully inserted molecule         105
 successfully inserted molecule         106
 successfully inserted molecule         107
 successfully inserted molecule         108
 successfully inserted molecule         109
 successfully inserted molecule         110
 successfully inserted molecule         111
 successfully inserted molecule         112
 successfully inserted molecule         113
 successfully inserted molecule         114
 successfully inserted molecule         115
 successfully inserted molecule         116
 successfully inserted molecule         117
 successfully inserted molecule         118
 successfully inserted molecule         119
 successfully inserted molecule         120
 successfully inserted molecule         121
 successfully inserted molecule         122
 successfully inserted molecule         123
 successfully inserted molecule         124
 successfully inserted molecule         125
 successfully inserted molecule         126
 successfully inserted molecule         127
 successfully inserted molecule         128
 successfully inserted molecule         129
 successfully inserted molecule         130
 successfully inserted molecule         131
 successfully inserted molecule         132
 successfully inserted molecule         133
 successfully inserted molecule         134
 successfully inserted molecule         135
 successfully inserted molecule         136
 successfully inserted molecule         137
 successfully inserted molecule         138
 successfully inserted molecule         139
 successfully inserted molecule         140
 successfully inserted molecule         141
 successfully inserted molecule         142
 successfully inserted molecule         143
 successfully inserted molecule         144
 successfully inserted molecule         145
 successfully inserted molecule         146
 successfully inserted molecule         147
 successfully inserted molecule         148
 successfully inserted molecule         149
 successfully inserted molecule         150
 successfully inserted molecule         151
 successfully inserted molecule         152
 successfully inserted molecule         153
 successfully inserted molecule         154
 successfully inserted molecule         155
 successfully inserted molecule         156
 successfully inserted molecule         157
 successfully inserted molecule         158
 successfully inserted molecule         159
 successfully inserted molecule         160
 successfully inserted molecule         161
 successfully inserted molecule         162
 successfully inserted molecule         163
 successfully inserted molecule         164
 successfully inserted molecule         165
 successfully inserted molecule         166
 successfully inserted molecule         167
 successfully inserted molecule         168
 successfully inserted molecule         169
 successfully inserted molecule         170
 successfully inserted molecule         171
 successfully inserted molecule         172
 successfully inserted molecule         173
 successfully inserted molecule         174
 successfully inserted molecule         175
 successfully inserted molecule         176
 successfully inserted molecule         177
 successfully inserted molecule         178
 successfully inserted molecule         179
 successfully inserted molecule         180
 successfully inserted molecule         181
 successfully inserted molecule         182
 successfully inserted molecule         183
 successfully inserted molecule         184
 successfully inserted molecule         185
 successfully inserted molecule         186
 successfully inserted molecule         187
 successfully inserted molecule         188
 successfully inserted molecule         189
 successfully inserted molecule         190
 successfully inserted molecule         191
 successfully inserted molecule         192
 successfully inserted molecule         193
 successfully inserted molecule         194
 successfully inserted molecule         195
 successfully inserted molecule         196
 successfully inserted molecule         197
 successfully inserted molecule         198
 successfully inserted molecule         199
 successfully inserted molecule         200
 openmp_flag =  F
 
 Ending Energy
 Energy(1) =       172901.753040113312
 
 Final Energy
 Energy(1) =       172901.753040113254
 
 Cassandra simulation complete

