Run info
********************************************************************************
version: Cassandra Development Version
inputfile: frag1.inp
name of run: frag1
date (mm/dd/yyyy): 05/23/2016
time: 23:17:59
machine: maginnfe.crc.nd.edu
********************************************************************************

Simulation type
********************************************************************************
NVT_MC_Ring_Fragment
********************************************************************************

Verbose log file
********************************************************************************
Verbose output to logfile: F
********************************************************************************

Copy input file
********************************************************************************
 # Run_Name
 frag1
 
 # Sim_Type
 NVT_MC_Ring_Fragment
 
 # Nbr_Species
 1
 
 # VDW_Style
 LJ cut 14.0
 
 # Mixing_Rule
 LB
 
 # Rcutoff_Low
 1.0
 
 # Charge_Style
 NONE
 
 # Intra_Scaling
 0.0 0.0 0.0 1.0
 0.0 0.0 0.0 1.0
 
 # Box_Info
 1
 CUBIC
 50.0 50.0 50.0
 
 # Temperature_Info
 403.0
 
 # Seed_Info
 706111630 70611631
 
 # Molecule_Files
 ../fragments/frag_1_1.mcf 1
 
 # Start_Type
 read_config 1 ../fragments/frag_1_1.xyz 1
 
 # Move_Probability_Info
 # Prob_Ring
 1.0 35.0
 # Done_Probability_Info
 
 # Run_Type
 Production 1000 10
 
 # Simulation_Length_Info
 Units    Steps
 Prop_Freq  100
 Coord_Freq   5000
 Run          10000000
 
 # Property_Info 1
 Energy_Total
 
 # File_Info
 frag1.dat
 
 END
********************************************************************************

Number of species
********************************************************************************
    1
********************************************************************************

Box info
********************************************************************************
number of simulation boxes     1
Box number      1       Box Shape:      Cubic 
Each Side Of :        50.0000     Angstrom
Cell basis vector lengths in A,     50.0000      50.0000      50.0000
Cosine of angles alpha, beta, gamma     0.0000       0.0000       0.0000
Distance between box faces    50.0000      50.0000      50.0000
Box volume, A^3        125000.0000
********************************************************************************

Pair style
********************************************************************************
 VDW style used is:   LJ             in box:  1
 LJ VDW sum style is:   cut            in box:  1
 rcut =    14.000   Angstrom
 Charge style used is:   NONE           in box:  1
 Charge style properly input
 Lorentz-Berthelot mixing rule specified
 Pair interaction energy arrays will not be stored
********************************************************************************

Molecule info
********************************************************************************
 Reading molecular connectivity information
 Species:            1
 Molecular connectivity file: ../fragments/frag_1_1.mcf                                                                                               
   6 atom(s) specified.
   6 bond(s) specified.
   6 angle(s) specified.
   6 dihedral(s) specified.
   0 improper(s) specified.

 Species  Max molecules
 -------  -------------
      1              1

 Species     1
 -------------------------------------------------------------------------------
 L_Coul_CBMC not given, using default T
 Atom parameters read
 Bond parameters read
 Angle parameters read
 Dihedral parameters read
 Improper parameters read
 -------------------------------------------------------------------------------
********************************************************************************

Intramolecular nonbonded scaling
********************************************************************************
intramolecular scaling factors explicitly set
Intra molecule scaling factors for species             1
 VDW 1-2 scaling factor        0.000
 VDW 1-3 scaling factor        0.000
 VDW 1-4 scaling factor        0.000
 VDW 1-N scaling factor        1.000
********************************************************************************

Start type
********************************************************************************
 Initial configuration for box 1 will be read from file
 Will read       1  molecules of species   1
 Will read configuration from file ../fragments/frag_1_1.xyz
********************************************************************************

Seed info
********************************************************************************
  The starting seeds are:    706111630     70611631
********************************************************************************

Temperature
********************************************************************************
  Temperature assigned to box     1  is  403.000    K
********************************************************************************

Move probabilities
********************************************************************************
Probability for ring moves                 1.000000
 Maximum flip angle in radians  0.61086523820000005     
Number of moves is :   1
********************************************************************************

Simulation length info
********************************************************************************
Thermodynamic quantities will be written every        100 Steps     
Coordinates will be written every                    5000 Steps     
 movie header file is                  frag1.H
 movie_XYZ file is                     frag1.xyz
The simulation will be run for                   10000000 Steps     
********************************************************************************

File info
********************************************************************************
     Configuration file for species    1   is
                          frag1.dat
********************************************************************************

Run type
********************************************************************************
 The input run type is Production
 Update frequency is         1000
********************************************************************************

********************************************************************************
************************ Begin Cassandra simulation ****************************
********************************************************************************

Initial configuration
********************************************************************************

 Reading configuration for box           1
 Reading            1  molecules of species            1
 Configurations read successfully
********************************************************************************

Charge neutrality check
********************************************************************************
 Species           1    has charge                0.00000000

 Box               1    has charge                0.00000000
********************************************************************************

Compute total energy
********************************************************************************
 Starting energy components for box   1
  Atomic units-Extensive
 -----------------------------------------------------------
 Total system energy is                102848.974
 Intra molecular energy is             102848.974
 Bond energy is                             0.000
 Bond angle energy is                     346.511
 Dihedral angle energy is              102502.464
 Improper angle energy is                   0.000
 Intra molecule vdw is                      0.000
 Intra molecule q is                        0.000
 Inter molecule vdw is                      0.000
 Inter molecule q is                        0.000
 -----------------------------------------------------------

********************************************************************************

Run simulation
********************************************************************************
      Step       Move   Mol Spc Box  Success  MaxWidth
********************************************************************************

Report ending energy & then re-compute from scratch
********************************************************************************


 Ending energy components for box   1
  Atomic units-Extensive
 -----------------------------------------------------------
 Total system energy is                 97685.119
 Intra molecular energy is              97685.119
 Bond energy is                             0.000
 Angle energy is                         2473.542
 Dihedral energy is                     95211.577
 Improper angle energy is                   0.000
 Intra molecule vdw is                      0.000
 Intra molecule q is                        0.000
 Inter molecule vdw is                      0.000
 Inter molecule q is                        0.000
 -----------------------------------------------------------


 Energy components from total energy call for box   1
  Atomic units-Extensive
 -----------------------------------------------------------
 Total system energy is                 97685.119
 Intra molecular energy is              97685.119
 Bond energy is                             0.000
 Angle energy is                         2473.542
 Dihedral energy is                     95211.577
 Improper angle energy is                   0.000
 Intra molecule vdw is                      0.000
 Intra molecule q is                        0.000
 Inter molecule vdw is                      0.000
 Inter molecule q is                        0.000
 -----------------------------------------------------------
********************************************************************************


Writing information for box  1
********************************************************************************

   ---------------------------------------------------------
   Writing information for species  1

                Move      Trials     Success   % Success
   ---------------------------------------------------------

********************************************************************************

 Writing information about subroutine times
********************************************************************************
********************************************************************************

********************************************************************************
************************ Cassandra simulation complete *************************
********************************************************************************

 Program execution time
********************************************************************************
         0      Years
         0     Months
         0       Days
         0      Hours
         3    Minutes
         1    Seconds
       902         ms
********************************************************************************
