********************************************************************************
                ______                                __                        
               / ____/___ _______________ _____  ____/ /________ _              
              / /   / __ `/ ___/ ___/ __ `/ __ \/ __  / ___/ __ `/              
             / /___/ /_/ (__  |__  ) /_/ / / / / /_/ / /  / /_/ /               
             \____/\__,_/____/____/\__,_/_/ /_/\__,_/_/   \__,_/                
                                                                                
********************************************************************************
**********************************Log File**************************************
********************************************************************************

Run info
********************************************************************************
version: Cassandra Development Version
inputfile: nitrogen.inp
name of run: nitrogen.out
date (mm/dd/yyyy): 09/03/2018
time: 15:04:40
machine: jacobs-air.dhcp.nd.edu
********************************************************************************

Verbose log
********************************************************************************
Normal output to logfile
********************************************************************************

Simulation type
********************************************************************************
GCMC                
********************************************************************************

Copy input file
********************************************************************************
                                                                                
# Run_Name                                                                      
nitrogen.out                                                                    
                                                                                
# Sim_Type                                                                      
gcmc                                                                            
                                                                                
# Nbr_Species                                                                   
1                                                                               
                                                                                
# VDW_Style                                                                     
lj cut_tail 50.0                                                                
                                                                                
# Charge_Style                                                                  
coul ewald 50.0 1E-5                                                            
                                                                                
# Seed_Info                                                                     
5735292573 42175410622                                                          
                                                                                
# Rcutoff_Low                                                                   
1.0                                                                             
                                                                                
# Pair_Energy                                                                   
TRUE                                                                            
                                                                                
# Molecule_Files                                                                
N23S.mcf 1000                                                                   
N23S.mcf 1000                                                                   
                                                                                
# Box_Info                                                                      
1                                                                               
cubic                                                                           
200.0                                                                           
                                                                                
# Temperature_Info                                                              
77.0                                                                            
                                                                                
# Chemical_Potential_Info                                                       
#-7.0                                                                           
#!------------------------                                                      
                                                                                
                                                                                
# Move_Probability_Info                                                         
                                                                                
# Prob_Translation                                                              
0.75                                                                            
10.0                                                                            
                                                                                
# Prob_Identity_Switch                                                          
0.25                                                                            
                                                                                
                                                                                
                                                                                
# Prob_Deletion                                                                 
#0.25                                                                           
                                                                                
# Done_Probability_Info                                                         
                                                                                
# Start_Type                                                                    
make_config 50                                                                  
                                                                                
# Run_Type                                                                      
equilibration   600                                                             
                                                                                
# Average_Info                                                                  
1                                                                               
                                                                                
# Simulation_Length_Info                                                        
units      steps                                                                
prop_freq    400                                                                
coord_freq   4000                                                               
run          4000                                                               
                                                                                
# Property_Info 1                                                               
energy_total                                                                    
nmols                                                                           
density                                                                         
pressure                                                                        
mass_density                                                                    
                                                                                
# Fragment_Files                                                                
species1/frag1/frag1.dat  1                                                     
                                                                                
# CBMC_Info                                                                     
kappa_ins 12                                                                    
rcut_cbmc 6.5                                                                   
                                                                                
                                                                                
END                                                                             
********************************************************************************

Number of species
********************************************************************************
1
********************************************************************************

Box info
********************************************************************************
Number of simulation boxes     1
Box 1 is CUBIC               
 Each Side Of :      200.0000     Angstrom
 Cell basis vector lengths in A,    200.0000     200.0000     200.0000
 Cosine of angles alpha, beta, gamma     0.0000       0.0000       0.0000
 Distance between box faces   200.0000     200.0000     200.0000
 Box volume, A^3       8000000.0000
********************************************************************************

Pair style
********************************************************************************
VDW style used is:   LJ             in box:  1
 VDW sum style is:   cut_tail       in box:  1
 rcut =    50.000 Angstrom
Charge style in box 1 is coul
 Charge sum style is   ewald          in box:  1
 Ewald real space cutoff is  50.000 Angstroms.
 Ewald real space parameter is   0.068 inverse Angstroms
 Ewald reciprocal cutoff is  0.4605 inverse Angstroms
Pair interaction energy array storage enabled
Section "# Mixing_Rule" is missing from the input file
 By default, using Lorentz-Berthelot
********************************************************************************

Molecule info
********************************************************************************
 Reading molecular connectivity information
 Species:            1
 Molecular connectivity file: N23S.mcf                                                                                                                
   3 atom(s) specified.
   2 bond(s) specified.
   1 angle(s) specified.
   0 dihedral(s) specified.
   0 improper(s) specified.
   1 fragment(s) specified.
   0 fragment bond(s) specified.

 Species  Max molecules
 -------  -------------
      1           1000

 Species     1
 -------------------------------------------------------------------------------
 Atom parameters read
 Bond parameters read
 Angle parameters read
 Dihedral parameters read
 Improper parameters read
 Intra molecule scaling factors for species            1
  VDW 1-2 scaling factor       0.000
  VDW 1-3 scaling factor       0.000
  VDW 1-4 scaling factor       0.000
  VDW 1-N scaling factor       1.000
  Coulomb 1-2 scaling factor   0.000
  Coulomb 1-3 scaling factor   0.000
  Coulomb 1-4 scaling factor   0.000
  Coulomb 1-N scaling factor   1.000
 Total number of atoms in fragment     1  is   3
 Fragment info read
 Fragment file for fragment 1 is species1/frag1/frag1.dat
 -------------------------------------------------------------------------------

 Fragment coord info
 -------------------------------------------------------------------------------
 library_coords array successfully allocated
 Finished loading fragment coordinates from
 species1/frag1/frag1.dat
 -------------------------------------------------------------------------------
********************************************************************************

Start type
********************************************************************************
Initial configuration for box 1 will be made
 Will insert      50  molecules of species   1
********************************************************************************

Seed info
********************************************************************************
The starting seeds are:   1440325277   -774262338
********************************************************************************

Temperature
********************************************************************************
Temperature of box 1 is  77.000 K
********************************************************************************

Move probabilities
********************************************************************************
Probability for translation                0.750000
 Maximum displacement width for species  1 in box  1  is     10.00000
Probability for deletion                -129.750000

************ERROR************
Prob_Insertion and Prob_Deletion cannot be zero in a GCMC simulation
This error occurred in subroutine Get_Move_Probabilities on step 0.
Fatal Error. Stopping program.
