************** Beginning Cassandra simulation **************
Version Cassandra 1.1 Development Version                                                                                       

inputfile species1_mcf_gen.inp                                                                                                    

name of run: species1_mcf_gen

  Month      Day      Year
     08       19      2015
 
 Time:  18:26:37
 
machine: cannon


Simulation type: MCF_Gen             

 
 **** Copying Inputfile ****** 
 # Run_Name
 species1_mcf_gen
 
 # Sim_Type
 MCF_Gen
 
 # Nbr_Species
 1
 
 # VDW_Style
 LJ cut_tail 12.0
 
 # Rcutoff_Low
 1.0
 
 # Mixing_Rule
 LB
 
 # Charge_Style
 coul Ewald 12.0 0.000001
 
 # Intra_Scaling
 0.0 0.0 0.0 1.0
 0.0 0.0 0.0 1.0
 
 # Molecule_Files
 ../../dme.mcf 50
 
 # Box_Info
 1
 CUBIC
 30.0 30.0 30.0
 
 END
 
 **** Finished writing input file *******
 Number of species simulated:      1

 *** Simulation box data ***
number of simulation boxes     1
 
Box number      1       Box Shape:      Cubic 
Each Side Of :        30.0000     Angstrom
 
Cell basis vector lengths in A,     30.0000      30.0000      30.0000
Cosine of angles alpha, beta, gamma     0.0000       0.0000       0.0000
Distance between box faces    30.0000      30.0000      30.0000
Box volume, A^3         27000.0000
 
 *** Finished loading box information ***
 
   VDW style used is:   LJ             in box:  1
   VDW sum style is:   cut_tail       in box:  1
    rcut =    12.000   Angstrom
 VDW style properly input
 
   Charge style used is:   coul           in box:  1
    Charge sum style is   Ewald          in box:  1
    Ewald real space cutoff is  12.000 Angstroms.
  Ewald real space parameter is   0.310 inverse Angstroms
    Ewald reciprocal cutoff is  2.3026 inverse Angstroms
 Charge style properly input
 
Lorentz-Berthelot mixing rule specified
 
 Pair interaction energy arrays will not be stored
 Energy calculations will be done in a standard way
 
 
 Reading molecular connectivity information
 Species:            1
 Molecular connectivity file: 
 ../../dme.mcf                                                                  
                                          
   3 atom(s) specified.
   2 bond(s) specified.
   1 angle(s) specified.
   0 dihedral(s) specified.
   0 improper(s) specified.
   1 fragments specified.
   0  fragment bonds specified.
 
Species  Nbr molecules
-------  -------------
     1             50
 
L_Coul_CBMC not given for species    1
 Defaulting to true
 default  T
 
1st_Fragment_Ins_Style not specified for species    1
using default of "COM" for this species.
Species and atom number   1   1
 atom name:             CH3_s1
 element:               C3
 mass:                     15.0340
 charge:                    0.2500
 vdw type:              LJ                  
 Epsilon / kB in K:        98.0000
 Sigma in A:                3.7500
 
Species and atom number   1   2
 atom name:             O_s1  
 element:               O 
 mass:                     15.9990
 charge:                   -0.5000
 vdw type:              LJ                  
 Epsilon / kB in K:        55.0000
 Sigma in A:                2.8000
 
Species and atom number   1   3
 atom name:             CH3_s1
 element:               C3
 mass:                     15.0340
 charge:                    0.2500
 vdw type:              LJ                  
 Epsilon / kB in K:        98.0000
 Sigma in A:                3.7500
 
Total number of ring atoms in species     1    0
Total number of exo atoms in species      1    3
 Atom ids for ring atoms
 Atom ids for exo atoms           1           2           3
 *** Completed assigning atom info ***
 
Species and bond number   1   1
 atom1:                   1
 atom2:                   2
 bond type:             fixed               
Bond fixed between atoms:      1      2 in species   1
Fixed bond length, in A:    1.4100
 
Species and bond number   1   2
 atom1:                   2
 atom2:                   3
 bond type:             fixed               
Bond fixed between atoms:      2      3 in species   1
Fixed bond length, in A:    1.4100
 
 *** Completed assigning bond info ***
 
Species and angle number  1   1
 atom1:                   1
 atom2:                   2
 atom3:                   3
 angle type:            harmonic            
 K_angle in K/rad^2:    30200.0000
 theta0 in degrees:       112.0000
 
 
Molecule    1  is NOT defined to be linear
 
 *** Completed assigning angle info ***
 
 No dihedrals in species            1
 *** Completed assigning dihedral info ***
 
 No impropers in species            1
 *** Completed assigning improper info ***
 
 
Total number of atoms in the fragment     1  is   3
Identity of these atoms are
           2           1           3
 
 ******* Finished loading fragment info ********
 
 ******* Generating anchor info ****************
 
 Number of anchors for fragment     1  is   1
Anchor id is:    2
 *** Computed bond participation information ***
 species, atom, local bond nbr, global bond nbr, atom bonded 
    1         1       1            1                 2
 
 species, atom, local bond nbr, global bond nbr, atom bonded 
    1         2       1            1                 1
 species, atom, local bond nbr, global bond nbr, atom bonded 
    1         2       2            2                 3
 
 species, atom, local bond nbr, global bond nbr, atom bonded 
    1         3       1            2                 2
 
 
 
 For species           1
  Number of atoms that can be displaced           2
             Atom ID     Reference Atom ID
                   1                     2
                   3                     2
 
 Number of atom in question           1
 Total number of angles           1
 Angles for this atom
           1
 Position of the atom in angles
           1
 Number of atom in question           2
 Total number of angles           1
 Angles for this atom
           1
 Position of the atom in angles
           2
 Number of atom in question           3
 Total number of angles           1
 Angles for this atom
           1
 Position of the atom in angles
           3
 Number of atom in question           1
 Total number of dihedrals           0
 Dihedral angles for this atom
 
 Position of the atom in dihedrals
 
 Number of atom in question           2
 Total number of dihedrals           0
 Dihedral angles for this atom
 
 Position of the atom in dihedrals
 
 Number of atom in question           3
 Total number of dihedrals           0
 Dihedral angles for this atom
 
 Position of the atom in dihedrals
 
 
 Finished generating fragments
 Exiting
