\BOOKMARK [0][-]{chapter.1}{Introduction}{}
\BOOKMARK [1][-]{section.1.1}{Distribution}{chapter.1}
\BOOKMARK [0][-]{chapter.2}{Force Field}{}
\BOOKMARK [1][-]{section.2.1}{Bonds}{chapter.2}
\BOOKMARK [1][-]{section.2.2}{Angles}{chapter.2}
\BOOKMARK [1][-]{section.2.3}{Dihedrals}{chapter.2}
\BOOKMARK [1][-]{section.2.4}{Impropers}{chapter.2}
\BOOKMARK [1][-]{section.2.5}{Nonbonded}{chapter.2}
\BOOKMARK [2][-]{subsection.2.5.1}{Repulsion-Dispersion Interactions}{section.2.5}
\BOOKMARK [2][-]{subsection.2.5.2}{Electrostatics}{section.2.5}
\BOOKMARK [1][-]{section.2.6}{Cassandra Units}{chapter.2}
\BOOKMARK [0][-]{chapter.3}{Cassandra Basics}{}
\BOOKMARK [1][-]{section.3.1}{Flow Diagram}{chapter.3}
\BOOKMARK [1][-]{section.3.2}{Cassandra Simulation Setup}{chapter.3}
\BOOKMARK [1][-]{section.3.3}{Cassandra File Preparation}{chapter.3}
\BOOKMARK [2][-]{subsection.3.3.1}{MCF File}{section.3.3}
\BOOKMARK [2][-]{subsection.3.3.2}{Input File}{section.3.3}
\BOOKMARK [2][-]{subsection.3.3.3}{Fragment Library Generation}{section.3.3}
\BOOKMARK [1][-]{section.3.4}{Running a Simulation}{chapter.3}
\BOOKMARK [1][-]{section.3.5}{Restarting a Simulation}{chapter.3}
\BOOKMARK [1][-]{section.3.6}{Cassandra Output Files}{chapter.3}
\BOOKMARK [0][-]{chapter.4}{Files Required to Run Cassandra}{}
\BOOKMARK [1][-]{section.4.1}{Simulation Input File}{chapter.4}
\BOOKMARK [2][-]{subsection.4.1.1}{Run Name}{section.4.1}
\BOOKMARK [2][-]{subsection.4.1.2}{Simulation Type}{section.4.1}
\BOOKMARK [2][-]{subsection.4.1.3}{Number of species}{section.4.1}
\BOOKMARK [2][-]{subsection.4.1.4}{VDW Style}{section.4.1}
\BOOKMARK [2][-]{subsection.4.1.5}{Charge Style}{section.4.1}
\BOOKMARK [2][-]{subsection.4.1.6}{Intramolecular Scaling}{section.4.1}
\BOOKMARK [2][-]{subsection.4.1.7}{Mixing Rule}{section.4.1}
\BOOKMARK [2][-]{subsection.4.1.8}{Starting Seed}{section.4.1}
\BOOKMARK [2][-]{subsection.4.1.9}{Minimum Cutoff}{section.4.1}
\BOOKMARK [2][-]{subsection.4.1.10}{Pair Energy Storage}{section.4.1}
\BOOKMARK [2][-]{subsection.4.1.11}{Molecule Files}{section.4.1}
\BOOKMARK [2][-]{subsection.4.1.12}{Simulation Box}{section.4.1}
\BOOKMARK [2][-]{subsection.4.1.13}{Temperature}{section.4.1}
\BOOKMARK [2][-]{subsection.4.1.14}{Pressure}{section.4.1}
\BOOKMARK [2][-]{subsection.4.1.15}{Fugacity}{section.4.1}
\BOOKMARK [2][-]{subsection.4.1.16}{Chemical Potential}{section.4.1}
\BOOKMARK [2][-]{subsection.4.1.17}{Move Probabilities}{section.4.1}
\BOOKMARK [2][-]{subsection.4.1.18}{Start Type}{section.4.1}
\BOOKMARK [2][-]{subsection.4.1.19}{Run Type}{section.4.1}
\BOOKMARK [2][-]{subsection.4.1.20}{Frequency}{section.4.1}
\BOOKMARK [2][-]{subsection.4.1.21}{Average}{section.4.1}
\BOOKMARK [2][-]{subsection.4.1.22}{Property Output}{section.4.1}
\BOOKMARK [2][-]{subsection.4.1.23}{Fragment Files}{section.4.1}
\BOOKMARK [2][-]{subsection.4.1.24}{File Info}{section.4.1}
\BOOKMARK [2][-]{subsection.4.1.25}{CBMC parameters}{section.4.1}
\BOOKMARK [1][-]{section.4.2}{MCF File}{chapter.4}
\BOOKMARK [2][-]{subsection.4.2.1}{Atom Info}{section.4.2}
\BOOKMARK [2][-]{subsection.4.2.2}{Bond Info}{section.4.2}
\BOOKMARK [2][-]{subsection.4.2.3}{Angle Info}{section.4.2}
\BOOKMARK [2][-]{subsection.4.2.4}{Dihedral Info}{section.4.2}
\BOOKMARK [2][-]{subsection.4.2.5}{Fragment Info}{section.4.2}
\BOOKMARK [2][-]{subsection.4.2.6}{Fragment Connectivity}{section.4.2}
